
=INFO REPORT==== 8-Feb-2016::17:32:27 ===
    ts_config_server:(5:<0.69.0>) Config server started, logdir is "/Library/WebServer/Documents/tsungui-mdm/templates/apirt.synapsys.us-weather/log/20160208-1732"
 
=INFO REPORT==== 8-Feb-2016::17:32:27 ===
              ts_mon:(5:<0.50.0>) starting monitor, global 

=INFO REPORT==== 8-Feb-2016::17:32:27 ===
           ts_config:(5:<0.69.0>) Reading config file: config.xml

=INFO REPORT==== 8-Feb-2016::17:32:27 ===
      ts_config_http:(4:<0.69.0>) Get user agent: 80 "Mozilla/5.0 (X11; U; Linux i686; en-US; rv:1.7.8) Gecko/20050513 Galeon/1.3.21" 

=INFO REPORT==== 8-Feb-2016::17:32:27 ===
      ts_config_http:(4:<0.69.0>) Get user agent: 20 "Mozilla/5.0 (Windows; U; Windows NT 5.2; fr-FR; rv:1.7.8) Gecko/20050511 Firefox/1.0.4" 

=INFO REPORT==== 8-Feb-2016::17:32:27 ===
           ts_config:(5:<0.69.0>) Session name for id 1 is "http-example"

=INFO REPORT==== 8-Feb-2016::17:32:27 ===
    ts_config_server:(4:<0.69.0>) SYSINFO:Tsung version: 1.6.0

=INFO REPORT==== 8-Feb-2016::17:32:27 ===
    ts_config_server:(4:<0.69.0>) SYSINFO:Erlang version: Erlang/OTP 18 [erts-7.1] [source] [64-bit] [smp:4:4] [async-threads:8] [hipe] [kernel-poll:true] [dtrace]


=INFO REPORT==== 8-Feb-2016::17:32:27 ===
    ts_config_server:(4:<0.69.0>) SYSINFO:System architecture x86_64-apple-darwin15.0.0

=INFO REPORT==== 8-Feb-2016::17:32:27 ===
    ts_config_server:(4:<0.69.0>) SYSINFO:Current path: /usr/local/Cellar/tsung/1.6.0/lib/erlang/lib/tsung-1.6.0/ebin/tsung.beam

=INFO REPORT==== 8-Feb-2016::17:32:27 ===
       ts_job_notify:(6:<0.81.0>) No listen port defined, can't open listening socket (don't worry: it's normal if you don't use job notifications) 

=INFO REPORT==== 8-Feb-2016::17:32:27 ===
    ts_os_mon_erlang:(6:<0.90.0>) Running os_mon on the same host as the controller, use the same beam

=INFO REPORT==== 8-Feb-2016::17:32:27 ===
              ts_mon:(5:<0.70.0>) Activate clients with text backend

=INFO REPORT==== 8-Feb-2016::17:32:27 ===
              ts_mon:(5:<0.70.0>) Starting tsung clients on hosts: [localhost]

=INFO REPORT==== 8-Feb-2016::17:32:27 ===
    ts_config_server:(5:<0.69.0>) Start a launcher on the controller beam localhost

=INFO REPORT==== 8-Feb-2016::17:32:27 ===
              ts_sup:(6:<0.118.0>) starting supervisor ...

=INFO REPORT==== 8-Feb-2016::17:32:27 ===
              ts_sup:(6:<0.119.0>) starting
=INFO REPORT==== 8-Feb-2016::17:32:27 ===
          ts_ip_scan:(6:<0.120.0>) Starting 

=INFO REPORT==== 8-Feb-2016::17:32:27 ===
     ts_launcher_mgr:(6:<0.121.0>) starting
=INFO REPORT==== 8-Feb-2016::17:32:27 ===
    ts_session_cache:(6:<0.119.0>) Starting

=INFO REPORT==== 8-Feb-2016::17:32:27 ===
        ts_mon_cache:(6:<0.119.0>) Starting

=INFO REPORT==== 8-Feb-2016::17:32:27 ===
        ts_local_mon:(6:<0.119.0>) Starting

=INFO REPORT==== 8-Feb-2016::17:32:27 ===
       ts_client_sup:(6:<0.125.0>) Starting 

=INFO REPORT==== 8-Feb-2016::17:32:27 ===
  ts_launcher_static:(6:<0.119.0>) starting 

=INFO REPORT==== 8-Feb-2016::17:32:27 ===
         ts_launcher:(6:<0.119.0>) starting 

=INFO REPORT==== 8-Feb-2016::17:32:27 ===
    ts_config_server:(6:<0.69.0>) Application started, activate launcher, 

=INFO REPORT==== 8-Feb-2016::17:32:27 ===
  ts_launcher_static:(6:<0.69.0>) starting on node ['tsung_controller_74@Wonko-the-Sane']

=INFO REPORT==== 8-Feb-2016::17:32:27 ===
         ts_launcher:(6:<0.69.0>) starting on node ['tsung_controller_74@Wonko-the-Sane']

=INFO REPORT==== 8-Feb-2016::17:32:27 ===
  ts_launcher_static:(5:<0.126.0>) Launch msg receive ("localhost")

=INFO REPORT==== 8-Feb-2016::17:32:27 ===
         ts_launcher:(5:<0.127.0>) Launch msg receive ("localhost")

=INFO REPORT==== 8-Feb-2016::17:32:27 ===
     ts_launcher_mgr:(6:<0.121.0>) syncing already done, skip

=INFO REPORT==== 8-Feb-2016::17:32:27 ===
              ts_mon:(6:<0.70.0>) A launcher has started

=INFO REPORT==== 8-Feb-2016::17:32:27 ===
    ts_config_server:(5:<0.69.0>) All remote beams started, syncing 

=INFO REPORT==== 8-Feb-2016::17:32:27 ===
    ts_config_server:(5:<0.69.0>) Undefined ports_range config 

=INFO REPORT==== 8-Feb-2016::17:32:27 ===
    ts_config_server:(5:<0.69.0>) New arrival phase 1 for client "localhost" (last ? true): will start 15 users

=INFO REPORT==== 8-Feb-2016::17:32:27 ===
    ts_config_server:(5:<0.69.0>) New arrival phase 2 for client "localhost" (last ? true): will start 100 users

=INFO REPORT==== 8-Feb-2016::17:32:27 ===
    ts_config_server:(5:<0.69.0>) New arrival phase 3 for client "localhost" (last ? true): will start 100 users

=INFO REPORT==== 8-Feb-2016::17:32:27 ===
  ts_launcher_static:(6:<0.126.0>) No static users, stop
=INFO REPORT==== 8-Feb-2016::17:32:27 ===
  ts_launcher_static:(6:<0.126.0>) launcher terminating for reason normal

=INFO REPORT==== 8-Feb-2016::17:32:27 ===
         ts_launcher:(5:<0.127.0>) Expected duration of first phase: 60.0 sec (15 users) 

=INFO REPORT==== 8-Feb-2016::17:32:27 ===
    alarm_handler: {set,{system_memory_high_watermark,[]}}

=WARNING REPORT==== 8-Feb-2016::17:32:27 ===
OS_MON (cpu_sup), util/1 unavailable for this OS

=INFO REPORT==== 8-Feb-2016::17:32:27 ===
         ts_launcher:(5:<0.127.0>) Can't get file descriptors limit from system, you should verify that 'maxusers' has a good value 
=INFO REPORT==== 8-Feb-2016::17:32:27 ===
         ts_launcher:(5:<0.127.0>) Activate launcher (15 users) in 2989 msec 

=INFO REPORT==== 8-Feb-2016::17:32:30 ===
    ts_config_server:(6:<0.69.0>) Session 1 chosen

=INFO REPORT==== 8-Feb-2016::17:32:33 ===
    ts_config_server:(6:<0.69.0>) Session 1 chosen

=INFO REPORT==== 8-Feb-2016::17:32:34 ===
    ts_config_server:(6:<0.69.0>) Session 1 chosen

=INFO REPORT==== 8-Feb-2016::17:32:35 ===
    ts_config_server:(6:<0.69.0>) Session 1 chosen

=INFO REPORT==== 8-Feb-2016::17:32:37 ===
    ts_config_server:(6:<0.69.0>) Session 1 chosen

=INFO REPORT==== 8-Feb-2016::17:32:37 ===
           ts_client:(6:<0.133.0>) Session ending 

=WARNING REPORT==== 8-Feb-2016::17:32:37 ===
OS_MON (cpu_sup), util/1 unavailable for this OS

=INFO REPORT==== 8-Feb-2016::17:32:40 ===
           ts_client:(6:<0.136.0>) Session ending 

=INFO REPORT==== 8-Feb-2016::17:32:42 ===
    ts_config_server:(6:<0.69.0>) Session 1 chosen

=INFO REPORT==== 8-Feb-2016::17:32:44 ===
           ts_client:(6:<0.139.0>) Session ending 

=INFO REPORT==== 8-Feb-2016::17:32:45 ===
    ts_config_server:(6:<0.69.0>) Session 1 chosen

=WARNING REPORT==== 8-Feb-2016::17:32:47 ===
OS_MON (cpu_sup), util/1 unavailable for this OS

=INFO REPORT==== 8-Feb-2016::17:32:50 ===
           ts_client:(6:<0.144.0>) Session ending 

=INFO REPORT==== 8-Feb-2016::17:32:53 ===
           ts_client:(6:<0.145.0>) Session ending 

=WARNING REPORT==== 8-Feb-2016::17:32:58 ===
OS_MON (cpu_sup), util/1 unavailable for this OS

=INFO REPORT==== 8-Feb-2016::17:33:03 ===
    ts_config_server:(6:<0.69.0>) Session 1 chosen

=WARNING REPORT==== 8-Feb-2016::17:33:08 ===
OS_MON (cpu_sup), util/1 unavailable for this OS

=INFO REPORT==== 8-Feb-2016::17:33:10 ===
    ts_config_server:(6:<0.69.0>) Session 1 chosen

=INFO REPORT==== 8-Feb-2016::17:33:10 ===
           ts_client:(6:<0.154.0>) Session ending 

=INFO REPORT==== 8-Feb-2016::17:33:11 ===
    ts_config_server:(6:<0.69.0>) Session 1 chosen

=INFO REPORT==== 8-Feb-2016::17:33:11 ===
    ts_config_server:(6:<0.69.0>) Session 1 chosen

=INFO REPORT==== 8-Feb-2016::17:33:13 ===
    ts_config_server:(6:<0.69.0>) Session 1 chosen

=WARNING REPORT==== 8-Feb-2016::17:33:18 ===
OS_MON (cpu_sup), util/1 unavailable for this OS

=INFO REPORT==== 8-Feb-2016::17:33:18 ===
    ts_config_server:(6:<0.69.0>) Session 1 chosen

=INFO REPORT==== 8-Feb-2016::17:33:18 ===
    ts_config_server:(6:<0.69.0>) Session 1 chosen

=INFO REPORT==== 8-Feb-2016::17:33:19 ===
           ts_client:(6:<0.161.0>) Session ending 

=INFO REPORT==== 8-Feb-2016::17:33:22 ===
    ts_config_server:(6:<0.69.0>) Session 1 chosen

=INFO REPORT==== 8-Feb-2016::17:33:22 ===
         ts_launcher:(4:<0.127.0>) Need to wait 7.058 sec before changing phase, going to sleep

=INFO REPORT==== 8-Feb-2016::17:33:25 ===
           ts_client:(6:<0.167.0>) Session ending 

=INFO REPORT==== 8-Feb-2016::17:33:25 ===
           ts_client:(6:<0.168.0>) Session ending 

=WARNING REPORT==== 8-Feb-2016::17:33:28 ===
OS_MON (cpu_sup), util/1 unavailable for this OS

=INFO REPORT==== 8-Feb-2016::17:33:29 ===
         ts_launcher:(5:<0.127.0>) Waking up

=INFO REPORT==== 8-Feb-2016::17:33:29 ===
         ts_launcher:(5:<0.127.0>) Start a new arrival phase (100 users, 0.001); expected duration=120.0 sec

=INFO REPORT==== 8-Feb-2016::17:33:29 ===
           ts_client:(6:<0.169.0>) Session ending 

=INFO REPORT==== 8-Feb-2016::17:33:34 ===
    ts_config_server:(6:<0.69.0>) Session 1 chosen

=INFO REPORT==== 8-Feb-2016::17:33:35 ===
    ts_config_server:(6:<0.69.0>) Session 1 chosen

=INFO REPORT==== 8-Feb-2016::17:33:36 ===
    ts_config_server:(6:<0.69.0>) Session 1 chosen

=INFO REPORT==== 8-Feb-2016::17:33:37 ===
    ts_config_server:(6:<0.69.0>) Session 1 chosen

=WARNING REPORT==== 8-Feb-2016::17:33:38 ===
OS_MON (cpu_sup), util/1 unavailable for this OS

=INFO REPORT==== 8-Feb-2016::17:33:38 ===
    ts_config_server:(6:<0.69.0>) Session 1 chosen

=INFO REPORT==== 8-Feb-2016::17:33:39 ===
    ts_config_server:(6:<0.69.0>) Session 1 chosen

=INFO REPORT==== 8-Feb-2016::17:33:41 ===
    ts_config_server:(6:<0.69.0>) Session 1 chosen

=INFO REPORT==== 8-Feb-2016::17:33:42 ===
           ts_client:(6:<0.176.0>) Session ending 

=INFO REPORT==== 8-Feb-2016::17:33:42 ===
           ts_client:(6:<0.177.0>) Session ending 

=INFO REPORT==== 8-Feb-2016::17:33:42 ===
    ts_config_server:(6:<0.69.0>) Session 1 chosen

=INFO REPORT==== 8-Feb-2016::17:33:42 ===
    ts_config_server:(6:<0.69.0>) Session 1 chosen

=INFO REPORT==== 8-Feb-2016::17:33:42 ===
    ts_config_server:(6:<0.69.0>) Session 1 chosen

=INFO REPORT==== 8-Feb-2016::17:33:43 ===
    ts_config_server:(6:<0.69.0>) Session 1 chosen

=INFO REPORT==== 8-Feb-2016::17:33:44 ===
           ts_client:(6:<0.179.0>) Session ending 

=INFO REPORT==== 8-Feb-2016::17:33:46 ===
           ts_client:(6:<0.184.0>) Session ending 

=INFO REPORT==== 8-Feb-2016::17:33:46 ===
    ts_config_server:(6:<0.69.0>) Session 1 chosen

=INFO REPORT==== 8-Feb-2016::17:33:47 ===
           ts_client:(6:<0.185.0>) Session ending 

=WARNING REPORT==== 8-Feb-2016::17:33:48 ===
OS_MON (cpu_sup), util/1 unavailable for this OS

=INFO REPORT==== 8-Feb-2016::17:33:48 ===
           ts_client:(6:<0.186.0>) Session ending 

=INFO REPORT==== 8-Feb-2016::17:33:50 ===
           ts_client:(6:<0.138.0>) Session ending 

=INFO REPORT==== 8-Feb-2016::17:33:50 ===
    ts_config_server:(6:<0.69.0>) Session 1 chosen

=INFO REPORT==== 8-Feb-2016::17:33:50 ===
    ts_config_server:(6:<0.69.0>) Session 1 chosen

=INFO REPORT==== 8-Feb-2016::17:33:51 ===
    ts_config_server:(6:<0.69.0>) Session 1 chosen

=INFO REPORT==== 8-Feb-2016::17:33:52 ===
           ts_client:(6:<0.189.0>) Session ending 

=INFO REPORT==== 8-Feb-2016::17:33:52 ===
    ts_config_server:(6:<0.69.0>) Session 1 chosen

=INFO REPORT==== 8-Feb-2016::17:33:53 ===
    ts_config_server:(6:<0.69.0>) Session 1 chosen

=INFO REPORT==== 8-Feb-2016::17:33:53 ===
    ts_config_server:(6:<0.69.0>) Session 1 chosen

=INFO REPORT==== 8-Feb-2016::17:33:53 ===
           ts_client:(6:<0.191.0>) Session ending 

=INFO REPORT==== 8-Feb-2016::17:33:54 ===
    ts_config_server:(6:<0.69.0>) Session 1 chosen

=INFO REPORT==== 8-Feb-2016::17:33:56 ===
    ts_config_server:(6:<0.69.0>) Session 1 chosen

=INFO REPORT==== 8-Feb-2016::17:33:57 ===
    ts_config_server:(6:<0.69.0>) Session 1 chosen

=INFO REPORT==== 8-Feb-2016::17:33:58 ===
    ts_config_server:(6:<0.69.0>) Session 1 chosen

=WARNING REPORT==== 8-Feb-2016::17:33:58 ===
OS_MON (cpu_sup), util/1 unavailable for this OS

=INFO REPORT==== 8-Feb-2016::17:33:58 ===
           ts_client:(6:<0.198.0>) Session ending 

=INFO REPORT==== 8-Feb-2016::17:33:58 ===
    ts_config_server:(6:<0.69.0>) Session 1 chosen

=INFO REPORT==== 8-Feb-2016::17:33:59 ===
    ts_config_server:(6:<0.69.0>) Session 1 chosen

=INFO REPORT==== 8-Feb-2016::17:33:59 ===
    ts_config_server:(6:<0.69.0>) Session 1 chosen

=INFO REPORT==== 8-Feb-2016::17:33:59 ===
    ts_config_server:(6:<0.69.0>) Session 1 chosen

=INFO REPORT==== 8-Feb-2016::17:33:59 ===
           ts_client:(6:<0.196.0>) Session ending 

=INFO REPORT==== 8-Feb-2016::17:33:59 ===
    ts_config_server:(6:<0.69.0>) Session 1 chosen

=INFO REPORT==== 8-Feb-2016::17:34:00 ===
    ts_config_server:(6:<0.69.0>) Session 1 chosen

=INFO REPORT==== 8-Feb-2016::17:34:01 ===
    ts_config_server:(6:<0.69.0>) Session 1 chosen

=INFO REPORT==== 8-Feb-2016::17:34:02 ===
    ts_config_server:(6:<0.69.0>) Session 1 chosen

=INFO REPORT==== 8-Feb-2016::17:34:02 ===
    ts_config_server:(6:<0.69.0>) Session 1 chosen

=INFO REPORT==== 8-Feb-2016::17:34:03 ===
    ts_config_server:(6:<0.69.0>) Session 1 chosen

=INFO REPORT==== 8-Feb-2016::17:34:03 ===
    ts_config_server:(6:<0.69.0>) Session 1 chosen

=INFO REPORT==== 8-Feb-2016::17:34:03 ===
           ts_client:(6:<0.203.0>) Session ending 

=INFO REPORT==== 8-Feb-2016::17:34:06 ===
    ts_config_server:(6:<0.69.0>) Session 1 chosen

=INFO REPORT==== 8-Feb-2016::17:34:06 ===
           ts_client:(6:<0.213.0>) Session ending 

=INFO REPORT==== 8-Feb-2016::17:34:07 ===
    ts_config_server:(6:<0.69.0>) Session 1 chosen

=INFO REPORT==== 8-Feb-2016::17:34:07 ===
    ts_config_server:(6:<0.69.0>) Session 1 chosen

=INFO REPORT==== 8-Feb-2016::17:34:07 ===
           ts_client:(6:<0.212.0>) Session ending 

=INFO REPORT==== 8-Feb-2016::17:34:07 ===
    ts_config_server:(6:<0.69.0>) Session 1 chosen

=WARNING REPORT==== 8-Feb-2016::17:34:08 ===
OS_MON (cpu_sup), util/1 unavailable for this OS

=INFO REPORT==== 8-Feb-2016::17:34:08 ===
           ts_client:(6:<0.216.0>) Session ending 

=INFO REPORT==== 8-Feb-2016::17:34:09 ===
    ts_config_server:(6:<0.69.0>) Session 1 chosen

=INFO REPORT==== 8-Feb-2016::17:34:09 ===
    ts_config_server:(6:<0.69.0>) Session 1 chosen

=INFO REPORT==== 8-Feb-2016::17:34:10 ===
    ts_config_server:(6:<0.69.0>) Session 1 chosen

=INFO REPORT==== 8-Feb-2016::17:34:11 ===
    ts_config_server:(6:<0.69.0>) Session 1 chosen

=INFO REPORT==== 8-Feb-2016::17:34:11 ===
    ts_config_server:(6:<0.69.0>) Session 1 chosen

=INFO REPORT==== 8-Feb-2016::17:34:12 ===
    ts_config_server:(6:<0.69.0>) Session 1 chosen

=INFO REPORT==== 8-Feb-2016::17:34:12 ===
    ts_config_server:(6:<0.69.0>) Session 1 chosen

=INFO REPORT==== 8-Feb-2016::17:34:13 ===
    ts_config_server:(6:<0.69.0>) Session 1 chosen

=INFO REPORT==== 8-Feb-2016::17:34:13 ===
    ts_config_server:(6:<0.69.0>) Session 1 chosen

=INFO REPORT==== 8-Feb-2016::17:34:13 ===
    ts_config_server:(6:<0.69.0>) Session 1 chosen

=INFO REPORT==== 8-Feb-2016::17:34:14 ===
           ts_client:(6:<0.222.0>) Session ending 

=INFO REPORT==== 8-Feb-2016::17:34:16 ===
           ts_client:(6:<0.229.0>) Session ending 

=INFO REPORT==== 8-Feb-2016::17:34:16 ===
           ts_client:(6:<0.230.0>) Session ending 

=INFO REPORT==== 8-Feb-2016::17:34:17 ===
    ts_config_server:(6:<0.69.0>) Session 1 chosen

=INFO REPORT==== 8-Feb-2016::17:34:18 ===
    ts_config_server:(6:<0.69.0>) Session 1 chosen

=WARNING REPORT==== 8-Feb-2016::17:34:18 ===
OS_MON (cpu_sup), util/1 unavailable for this OS

=INFO REPORT==== 8-Feb-2016::17:34:18 ===
    ts_config_server:(6:<0.69.0>) Session 1 chosen

=INFO REPORT==== 8-Feb-2016::17:34:19 ===
           ts_client:(6:<0.234.0>) Session ending 

=INFO REPORT==== 8-Feb-2016::17:34:19 ===
    ts_config_server:(6:<0.69.0>) Session 1 chosen

=INFO REPORT==== 8-Feb-2016::17:34:19 ===
           ts_client:(6:<0.235.0>) Session ending 

=INFO REPORT==== 8-Feb-2016::17:34:19 ===
           ts_client:(6:<0.233.0>) Session ending 

=INFO REPORT==== 8-Feb-2016::17:34:19 ===
           ts_client:(6:<0.232.0>) Session ending 

=INFO REPORT==== 8-Feb-2016::17:34:20 ===
    ts_config_server:(6:<0.69.0>) Session 1 chosen

=INFO REPORT==== 8-Feb-2016::17:34:20 ===
           ts_client:(6:<0.238.0>) Session ending 

=INFO REPORT==== 8-Feb-2016::17:34:20 ===
           ts_client:(6:<0.236.0>) Session ending 

=INFO REPORT==== 8-Feb-2016::17:34:22 ===
    ts_config_server:(6:<0.69.0>) Session 1 chosen

=INFO REPORT==== 8-Feb-2016::17:34:22 ===
    ts_config_server:(6:<0.69.0>) Session 1 chosen

=INFO REPORT==== 8-Feb-2016::17:34:24 ===
    ts_config_server:(6:<0.69.0>) Session 1 chosen

=INFO REPORT==== 8-Feb-2016::17:34:24 ===
           ts_client:(6:<0.159.0>) Session ending 

=INFO REPORT==== 8-Feb-2016::17:34:25 ===
           ts_client:(6:<0.240.0>) Session ending 

=INFO REPORT==== 8-Feb-2016::17:34:25 ===
    ts_config_server:(6:<0.69.0>) Session 1 chosen

=INFO REPORT==== 8-Feb-2016::17:34:26 ===
           ts_client:(6:<0.242.0>) Session ending 

=INFO REPORT==== 8-Feb-2016::17:34:26 ===
           ts_client:(6:<0.245.0>) Session ending 

=INFO REPORT==== 8-Feb-2016::17:34:27 ===
    ts_config_server:(6:<0.69.0>) Session 1 chosen

=INFO REPORT==== 8-Feb-2016::17:34:27 ===
    ts_config_server:(6:<0.69.0>) Session 1 chosen

=INFO REPORT==== 8-Feb-2016::17:34:28 ===
    ts_config_server:(6:<0.69.0>) Session 1 chosen

=INFO REPORT==== 8-Feb-2016::17:34:28 ===
    ts_config_server:(6:<0.69.0>) Session 1 chosen

=WARNING REPORT==== 8-Feb-2016::17:34:28 ===
OS_MON (cpu_sup), util/1 unavailable for this OS

=INFO REPORT==== 8-Feb-2016::17:34:30 ===
           ts_client:(6:<0.249.0>) Session ending 

=INFO REPORT==== 8-Feb-2016::17:34:32 ===
           ts_client:(6:<0.250.0>) Session ending 

=INFO REPORT==== 8-Feb-2016::17:34:33 ===
    ts_config_server:(6:<0.69.0>) Session 1 chosen

=INFO REPORT==== 8-Feb-2016::17:34:33 ===
    ts_config_server:(6:<0.69.0>) Session 1 chosen

=INFO REPORT==== 8-Feb-2016::17:34:33 ===
           ts_client:(6:<0.251.0>) Session ending 

=INFO REPORT==== 8-Feb-2016::17:34:34 ===
    ts_config_server:(6:<0.69.0>) Session 1 chosen

=INFO REPORT==== 8-Feb-2016::17:34:35 ===
    ts_config_server:(6:<0.69.0>) Session 1 chosen

=INFO REPORT==== 8-Feb-2016::17:34:35 ===
           ts_client:(6:<0.252.0>) Session ending 

=INFO REPORT==== 8-Feb-2016::17:34:35 ===
           ts_client:(6:<0.253.0>) Session ending 

=INFO REPORT==== 8-Feb-2016::17:34:35 ===
    ts_config_server:(6:<0.69.0>) Session 1 chosen

=INFO REPORT==== 8-Feb-2016::17:34:36 ===
    ts_config_server:(6:<0.69.0>) Session 1 chosen

=INFO REPORT==== 8-Feb-2016::17:34:36 ===
    ts_config_server:(6:<0.69.0>) Session 1 chosen

=INFO REPORT==== 8-Feb-2016::17:34:36 ===
    ts_config_server:(6:<0.69.0>) Session 1 chosen

=INFO REPORT==== 8-Feb-2016::17:34:37 ===
    ts_config_server:(6:<0.69.0>) Session 1 chosen

=WARNING REPORT==== 8-Feb-2016::17:34:38 ===
OS_MON (cpu_sup), util/1 unavailable for this OS

=INFO REPORT==== 8-Feb-2016::17:34:39 ===
    ts_config_server:(6:<0.69.0>) Session 1 chosen

=INFO REPORT==== 8-Feb-2016::17:34:40 ===
           ts_client:(6:<0.264.0>) Session ending 

=INFO REPORT==== 8-Feb-2016::17:34:41 ===
    ts_config_server:(6:<0.69.0>) Session 1 chosen

=INFO REPORT==== 8-Feb-2016::17:34:41 ===
           ts_client:(6:<0.263.0>) Session ending 

=INFO REPORT==== 8-Feb-2016::17:34:41 ===
           ts_client:(6:<0.265.0>) Session ending 

=INFO REPORT==== 8-Feb-2016::17:34:42 ===
    ts_config_server:(6:<0.69.0>) Session 1 chosen

=INFO REPORT==== 8-Feb-2016::17:34:43 ===
    ts_config_server:(6:<0.69.0>) Session 1 chosen

=INFO REPORT==== 8-Feb-2016::17:34:43 ===
    ts_config_server:(6:<0.69.0>) Session 1 chosen

=INFO REPORT==== 8-Feb-2016::17:34:43 ===
    ts_config_server:(6:<0.69.0>) Session 1 chosen

=INFO REPORT==== 8-Feb-2016::17:34:44 ===
    ts_config_server:(6:<0.69.0>) Session 1 chosen

=INFO REPORT==== 8-Feb-2016::17:34:45 ===
           ts_client:(6:<0.271.0>) Session ending 

=INFO REPORT==== 8-Feb-2016::17:34:45 ===
    ts_config_server:(6:<0.69.0>) Session 1 chosen

=INFO REPORT==== 8-Feb-2016::17:34:46 ===
    ts_config_server:(6:<0.69.0>) Session 1 chosen

=WARNING REPORT==== 8-Feb-2016::17:34:48 ===
OS_MON (cpu_sup), util/1 unavailable for this OS

=INFO REPORT==== 8-Feb-2016::17:34:49 ===
           ts_client:(6:<0.277.0>) Session ending 

=INFO REPORT==== 8-Feb-2016::17:34:49 ===
           ts_client:(6:<0.278.0>) Session ending 

=INFO REPORT==== 8-Feb-2016::17:34:50 ===
           ts_client:(6:<0.281.0>) Session ending 

=INFO REPORT==== 8-Feb-2016::17:34:50 ===
           ts_client:(6:<0.280.0>) Session ending 

=INFO REPORT==== 8-Feb-2016::17:34:51 ===
           ts_client:(6:<0.279.0>) Session ending 

=INFO REPORT==== 8-Feb-2016::17:34:51 ===
    ts_config_server:(6:<0.69.0>) Session 1 chosen

=INFO REPORT==== 8-Feb-2016::17:34:51 ===
    ts_config_server:(6:<0.69.0>) Session 1 chosen

=INFO REPORT==== 8-Feb-2016::17:34:52 ===
           ts_client:(6:<0.283.0>) Session ending 

=INFO REPORT==== 8-Feb-2016::17:34:53 ===
    ts_config_server:(6:<0.69.0>) Session 1 chosen

=INFO REPORT==== 8-Feb-2016::17:34:57 ===
    ts_config_server:(6:<0.69.0>) Session 1 chosen

=INFO REPORT==== 8-Feb-2016::17:34:57 ===
    ts_config_server:(6:<0.69.0>) Session 1 chosen

=INFO REPORT==== 8-Feb-2016::17:34:58 ===
           ts_client:(6:<0.190.0>) Session ending 

=INFO REPORT==== 8-Feb-2016::17:34:58 ===
    ts_config_server:(6:<0.69.0>) Session 1 chosen

=INFO REPORT==== 8-Feb-2016::17:34:58 ===
           ts_client:(6:<0.289.0>) Session ending 

=WARNING REPORT==== 8-Feb-2016::17:34:58 ===
OS_MON (cpu_sup), util/1 unavailable for this OS

=INFO REPORT==== 8-Feb-2016::17:35:00 ===
    ts_config_server:(6:<0.69.0>) Session 1 chosen

=INFO REPORT==== 8-Feb-2016::17:35:00 ===
    ts_config_server:(6:<0.69.0>) Session 1 chosen

=INFO REPORT==== 8-Feb-2016::17:35:00 ===
    ts_config_server:(6:<0.69.0>) Session 1 chosen

=INFO REPORT==== 8-Feb-2016::17:35:02 ===
    ts_config_server:(6:<0.69.0>) Session 1 chosen

=INFO REPORT==== 8-Feb-2016::17:35:03 ===
           ts_client:(6:<0.291.0>) Session ending 

=INFO REPORT==== 8-Feb-2016::17:35:03 ===
    ts_config_server:(6:<0.69.0>) Session 1 chosen

=INFO REPORT==== 8-Feb-2016::17:35:04 ===
    ts_config_server:(6:<0.69.0>) Session 1 chosen

=INFO REPORT==== 8-Feb-2016::17:35:04 ===
           ts_client:(6:<0.187.0>) Session ending 

=INFO REPORT==== 8-Feb-2016::17:35:04 ===
           ts_client:(6:<0.293.0>) Session ending 

=INFO REPORT==== 8-Feb-2016::17:35:04 ===
           ts_client:(6:<0.188.0>) Session ending 

=INFO REPORT==== 8-Feb-2016::17:35:04 ===
    ts_config_server:(6:<0.69.0>) Session 1 chosen

=INFO REPORT==== 8-Feb-2016::17:35:05 ===
           ts_client:(6:<0.137.0>) (Re)connect from 0.0.0.0:0 to apirt.synapsys.us:80, Error: etimedout

=INFO REPORT==== 8-Feb-2016::17:35:05 ===
    ts_config_server:(6:<0.69.0>) Session 1 chosen

=INFO REPORT==== 8-Feb-2016::17:35:07 ===
           ts_client:(6:<0.300.0>) Session ending 

=INFO REPORT==== 8-Feb-2016::17:35:07 ===
           ts_client:(6:<0.199.0>) Session ending 

=INFO REPORT==== 8-Feb-2016::17:35:07 ===
           ts_client:(6:<0.301.0>) Session ending 

=INFO REPORT==== 8-Feb-2016::17:35:07 ===
    ts_config_server:(6:<0.69.0>) Session 1 chosen

=INFO REPORT==== 8-Feb-2016::17:35:07 ===
    ts_config_server:(6:<0.69.0>) Session 1 chosen

=INFO REPORT==== 8-Feb-2016::17:35:08 ===
           ts_client:(6:<0.201.0>) Session ending 

=INFO REPORT==== 8-Feb-2016::17:35:08 ===
    ts_config_server:(6:<0.69.0>) Session 1 chosen

=WARNING REPORT==== 8-Feb-2016::17:35:08 ===
OS_MON (cpu_sup), util/1 unavailable for this OS

=INFO REPORT==== 8-Feb-2016::17:35:08 ===
    ts_config_server:(6:<0.69.0>) Session 1 chosen

=INFO REPORT==== 8-Feb-2016::17:35:10 ===
    ts_config_server:(6:<0.69.0>) Session 1 chosen

=INFO REPORT==== 8-Feb-2016::17:35:10 ===
    ts_config_server:(6:<0.69.0>) Session 1 chosen

=INFO REPORT==== 8-Feb-2016::17:35:11 ===
    ts_config_server:(6:<0.69.0>) Session 1 chosen

=INFO REPORT==== 8-Feb-2016::17:35:12 ===
           ts_client:(6:<0.306.0>) Session ending 

=INFO REPORT==== 8-Feb-2016::17:35:12 ===
           ts_client:(6:<0.210.0>) Session ending 

=INFO REPORT==== 8-Feb-2016::17:35:13 ===
           ts_client:(6:<0.197.0>) Session ending 

=INFO REPORT==== 8-Feb-2016::17:35:13 ===
           ts_client:(6:<0.211.0>) Session ending 

=INFO REPORT==== 8-Feb-2016::17:35:13 ===
    ts_config_server:(6:<0.69.0>) Session 1 chosen

=INFO REPORT==== 8-Feb-2016::17:35:13 ===
         ts_launcher:(4:<0.127.0>) Need to wait 16.297 sec before changing phase, going to sleep

=INFO REPORT==== 8-Feb-2016::17:35:13 ===
           ts_client:(6:<0.214.0>) Session ending 

=INFO REPORT==== 8-Feb-2016::17:35:16 ===
           ts_client:(6:<0.202.0>) Session ending 

=INFO REPORT==== 8-Feb-2016::17:35:17 ===
           ts_client:(6:<0.160.0>) connection closed while waiting for ack
=INFO REPORT==== 8-Feb-2016::17:35:17 ===
           ts_client:(6:<0.160.0>) Session ending 

=INFO REPORT==== 8-Feb-2016::17:35:18 ===
           ts_client:(6:<0.310.0>) Session ending 

=WARNING REPORT==== 8-Feb-2016::17:35:18 ===
OS_MON (cpu_sup), util/1 unavailable for this OS

=INFO REPORT==== 8-Feb-2016::17:35:19 ===
           ts_client:(6:<0.317.0>) Session ending 

=INFO REPORT==== 8-Feb-2016::17:35:19 ===
           ts_client:(6:<0.204.0>) Session ending 

=INFO REPORT==== 8-Feb-2016::17:35:20 ===
           ts_client:(6:<0.206.0>) Session ending 

=INFO REPORT==== 8-Feb-2016::17:35:23 ===
           ts_client:(6:<0.215.0>) Session ending 

=INFO REPORT==== 8-Feb-2016::17:35:25 ===
           ts_client:(6:<0.217.0>) Session ending 

=INFO REPORT==== 8-Feb-2016::17:35:25 ===
           ts_client:(6:<0.218.0>) Session ending 

=WARNING REPORT==== 8-Feb-2016::17:35:29 ===
OS_MON (cpu_sup), util/1 unavailable for this OS

=INFO REPORT==== 8-Feb-2016::17:35:29 ===
           ts_client:(6:<0.225.0>) Session ending 

=INFO REPORT==== 8-Feb-2016::17:35:29 ===
         ts_launcher:(5:<0.127.0>) Waking up

=INFO REPORT==== 8-Feb-2016::17:35:29 ===
         ts_launcher:(5:<0.127.0>) Start a new arrival phase (100 users, 0.01); expected duration=120.0 sec

=INFO REPORT==== 8-Feb-2016::17:35:30 ===
    ts_config_server:(6:<0.69.0>) Session 1 chosen

=INFO REPORT==== 8-Feb-2016::17:35:30 ===
    ts_config_server:(6:<0.69.0>) Session 1 chosen

=INFO REPORT==== 8-Feb-2016::17:35:30 ===
    ts_config_server:(6:<0.69.0>) Session 1 chosen

=INFO REPORT==== 8-Feb-2016::17:35:30 ===
    ts_config_server:(6:<0.69.0>) Session 1 chosen

=INFO REPORT==== 8-Feb-2016::17:35:31 ===
    ts_config_server:(6:<0.69.0>) Session 1 chosen

=INFO REPORT==== 8-Feb-2016::17:35:31 ===
    ts_config_server:(6:<0.69.0>) Session 1 chosen

=INFO REPORT==== 8-Feb-2016::17:35:31 ===
    ts_config_server:(6:<0.69.0>) Session 1 chosen

=INFO REPORT==== 8-Feb-2016::17:35:31 ===
    ts_config_server:(6:<0.69.0>) Session 1 chosen

=INFO REPORT==== 8-Feb-2016::17:35:31 ===
    ts_config_server:(6:<0.69.0>) Session 1 chosen

=INFO REPORT==== 8-Feb-2016::17:35:32 ===
    ts_config_server:(6:<0.69.0>) Session 1 chosen

=INFO REPORT==== 8-Feb-2016::17:35:32 ===
    ts_config_server:(6:<0.69.0>) Session 1 chosen

=INFO REPORT==== 8-Feb-2016::17:35:32 ===
    ts_config_server:(6:<0.69.0>) Session 1 chosen

=INFO REPORT==== 8-Feb-2016::17:35:32 ===
    ts_config_server:(6:<0.69.0>) Session 1 chosen

=INFO REPORT==== 8-Feb-2016::17:35:32 ===
    ts_config_server:(6:<0.69.0>) Session 1 chosen

=INFO REPORT==== 8-Feb-2016::17:35:32 ===
    ts_config_server:(6:<0.69.0>) Session 1 chosen

=INFO REPORT==== 8-Feb-2016::17:35:32 ===
    ts_config_server:(6:<0.69.0>) Session 1 chosen

=INFO REPORT==== 8-Feb-2016::17:35:32 ===
    ts_config_server:(6:<0.69.0>) Session 1 chosen

=INFO REPORT==== 8-Feb-2016::17:35:32 ===
    ts_config_server:(6:<0.69.0>) Session 1 chosen

=INFO REPORT==== 8-Feb-2016::17:35:33 ===
    ts_config_server:(6:<0.69.0>) Session 1 chosen

=INFO REPORT==== 8-Feb-2016::17:35:33 ===
    ts_config_server:(6:<0.69.0>) Session 1 chosen

=INFO REPORT==== 8-Feb-2016::17:35:33 ===
    ts_config_server:(6:<0.69.0>) Session 1 chosen

=INFO REPORT==== 8-Feb-2016::17:35:33 ===
    ts_config_server:(6:<0.69.0>) Session 1 chosen

=INFO REPORT==== 8-Feb-2016::17:35:33 ===
    ts_config_server:(6:<0.69.0>) Session 1 chosen

=INFO REPORT==== 8-Feb-2016::17:35:33 ===
    ts_config_server:(6:<0.69.0>) Session 1 chosen

=INFO REPORT==== 8-Feb-2016::17:35:33 ===
           ts_client:(6:<0.246.0>) Session ending 

=INFO REPORT==== 8-Feb-2016::17:35:33 ===
    ts_config_server:(6:<0.69.0>) Session 1 chosen

=INFO REPORT==== 8-Feb-2016::17:35:33 ===
    ts_config_server:(6:<0.69.0>) Session 1 chosen

=INFO REPORT==== 8-Feb-2016::17:35:34 ===
    ts_config_server:(6:<0.69.0>) Session 1 chosen

=INFO REPORT==== 8-Feb-2016::17:35:34 ===
    ts_config_server:(6:<0.69.0>) Session 1 chosen

=INFO REPORT==== 8-Feb-2016::17:35:34 ===
    ts_config_server:(6:<0.69.0>) Session 1 chosen

=INFO REPORT==== 8-Feb-2016::17:35:34 ===
    ts_config_server:(6:<0.69.0>) Session 1 chosen

=INFO REPORT==== 8-Feb-2016::17:35:34 ===
    ts_config_server:(6:<0.69.0>) Session 1 chosen

=INFO REPORT==== 8-Feb-2016::17:35:34 ===
    ts_config_server:(6:<0.69.0>) Session 1 chosen

=INFO REPORT==== 8-Feb-2016::17:35:34 ===
    ts_config_server:(6:<0.69.0>) Session 1 chosen

=INFO REPORT==== 8-Feb-2016::17:35:34 ===
    ts_config_server:(6:<0.69.0>) Session 1 chosen

=INFO REPORT==== 8-Feb-2016::17:35:34 ===
    ts_config_server:(6:<0.69.0>) Session 1 chosen

=INFO REPORT==== 8-Feb-2016::17:35:34 ===
    ts_config_server:(6:<0.69.0>) Session 1 chosen

=INFO REPORT==== 8-Feb-2016::17:35:34 ===
    ts_config_server:(6:<0.69.0>) Session 1 chosen

=INFO REPORT==== 8-Feb-2016::17:35:34 ===
    ts_config_server:(6:<0.69.0>) Session 1 chosen

=INFO REPORT==== 8-Feb-2016::17:35:35 ===
    ts_config_server:(6:<0.69.0>) Session 1 chosen

=INFO REPORT==== 8-Feb-2016::17:35:35 ===
    ts_config_server:(6:<0.69.0>) Session 1 chosen

=INFO REPORT==== 8-Feb-2016::17:35:35 ===
    ts_config_server:(6:<0.69.0>) Session 1 chosen

=INFO REPORT==== 8-Feb-2016::17:35:35 ===
    ts_config_server:(6:<0.69.0>) Session 1 chosen

=INFO REPORT==== 8-Feb-2016::17:35:35 ===
    ts_config_server:(6:<0.69.0>) Session 1 chosen

=INFO REPORT==== 8-Feb-2016::17:35:35 ===
    ts_config_server:(6:<0.69.0>) Session 1 chosen

=INFO REPORT==== 8-Feb-2016::17:35:35 ===
    ts_config_server:(6:<0.69.0>) Session 1 chosen

=INFO REPORT==== 8-Feb-2016::17:35:35 ===
    ts_config_server:(6:<0.69.0>) Session 1 chosen

=INFO REPORT==== 8-Feb-2016::17:35:35 ===
    ts_config_server:(6:<0.69.0>) Session 1 chosen

=INFO REPORT==== 8-Feb-2016::17:35:35 ===
    ts_config_server:(6:<0.69.0>) Session 1 chosen

=INFO REPORT==== 8-Feb-2016::17:35:35 ===
    ts_config_server:(6:<0.69.0>) Session 1 chosen

=INFO REPORT==== 8-Feb-2016::17:35:35 ===
    ts_config_server:(6:<0.69.0>) Session 1 chosen

=INFO REPORT==== 8-Feb-2016::17:35:35 ===
    ts_config_server:(6:<0.69.0>) Session 1 chosen

=INFO REPORT==== 8-Feb-2016::17:35:36 ===
    ts_config_server:(6:<0.69.0>) Session 1 chosen

=INFO REPORT==== 8-Feb-2016::17:35:36 ===
    ts_config_server:(6:<0.69.0>) Session 1 chosen

=INFO REPORT==== 8-Feb-2016::17:35:36 ===
    ts_config_server:(6:<0.69.0>) Session 1 chosen

=INFO REPORT==== 8-Feb-2016::17:35:36 ===
    ts_config_server:(6:<0.69.0>) Session 1 chosen

=INFO REPORT==== 8-Feb-2016::17:35:36 ===
    ts_config_server:(6:<0.69.0>) Session 1 chosen

=INFO REPORT==== 8-Feb-2016::17:35:36 ===
    ts_config_server:(6:<0.69.0>) Session 1 chosen

=INFO REPORT==== 8-Feb-2016::17:35:36 ===
    ts_config_server:(6:<0.69.0>) Session 1 chosen

=INFO REPORT==== 8-Feb-2016::17:35:36 ===
           ts_client:(6:<0.237.0>) Session ending 

=INFO REPORT==== 8-Feb-2016::17:35:36 ===
    ts_config_server:(6:<0.69.0>) Session 1 chosen

=INFO REPORT==== 8-Feb-2016::17:35:36 ===
    ts_config_server:(6:<0.69.0>) Session 1 chosen

=INFO REPORT==== 8-Feb-2016::17:35:36 ===
    ts_config_server:(6:<0.69.0>) Session 1 chosen

=INFO REPORT==== 8-Feb-2016::17:35:36 ===
    ts_config_server:(6:<0.69.0>) Session 1 chosen

=INFO REPORT==== 8-Feb-2016::17:35:36 ===
    ts_config_server:(6:<0.69.0>) Session 1 chosen

=INFO REPORT==== 8-Feb-2016::17:35:37 ===
    ts_config_server:(6:<0.69.0>) Session 1 chosen

=INFO REPORT==== 8-Feb-2016::17:35:37 ===
    ts_config_server:(6:<0.69.0>) Session 1 chosen

=INFO REPORT==== 8-Feb-2016::17:35:37 ===
    ts_config_server:(6:<0.69.0>) Session 1 chosen

=INFO REPORT==== 8-Feb-2016::17:35:37 ===
    ts_config_server:(6:<0.69.0>) Session 1 chosen

=INFO REPORT==== 8-Feb-2016::17:35:37 ===
    ts_config_server:(6:<0.69.0>) Session 1 chosen

=INFO REPORT==== 8-Feb-2016::17:35:37 ===
    ts_config_server:(6:<0.69.0>) Session 1 chosen

=INFO REPORT==== 8-Feb-2016::17:35:38 ===
    ts_config_server:(6:<0.69.0>) Session 1 chosen

=INFO REPORT==== 8-Feb-2016::17:35:38 ===
           ts_client:(6:<0.333.0>) Session ending 

=INFO REPORT==== 8-Feb-2016::17:35:38 ===
    ts_config_server:(6:<0.69.0>) Session 1 chosen

=INFO REPORT==== 8-Feb-2016::17:35:38 ===
    ts_config_server:(6:<0.69.0>) Session 1 chosen

=INFO REPORT==== 8-Feb-2016::17:35:38 ===
    ts_config_server:(6:<0.69.0>) Session 1 chosen

=INFO REPORT==== 8-Feb-2016::17:35:38 ===
           ts_client:(6:<0.334.0>) connection closed while waiting for ack
=INFO REPORT==== 8-Feb-2016::17:35:38 ===
           ts_client:(6:<0.334.0>) Session ending 

=WARNING REPORT==== 8-Feb-2016::17:35:39 ===
OS_MON (cpu_sup), util/1 unavailable for this OS

=INFO REPORT==== 8-Feb-2016::17:35:39 ===
    ts_config_server:(6:<0.69.0>) Session 1 chosen

=INFO REPORT==== 8-Feb-2016::17:35:39 ===
    ts_config_server:(6:<0.69.0>) Session 1 chosen

=INFO REPORT==== 8-Feb-2016::17:35:39 ===
    ts_config_server:(6:<0.69.0>) Session 1 chosen

=INFO REPORT==== 8-Feb-2016::17:35:39 ===
    ts_config_server:(6:<0.69.0>) Session 1 chosen

=INFO REPORT==== 8-Feb-2016::17:35:39 ===
    ts_config_server:(6:<0.69.0>) Session 1 chosen

=INFO REPORT==== 8-Feb-2016::17:35:39 ===
    ts_config_server:(6:<0.69.0>) Session 1 chosen

=INFO REPORT==== 8-Feb-2016::17:35:39 ===
    ts_config_server:(6:<0.69.0>) Session 1 chosen

=INFO REPORT==== 8-Feb-2016::17:35:39 ===
           ts_client:(6:<0.336.0>) Session ending 

=INFO REPORT==== 8-Feb-2016::17:35:39 ===
    ts_config_server:(6:<0.69.0>) Session 1 chosen

=INFO REPORT==== 8-Feb-2016::17:35:39 ===
    ts_config_server:(6:<0.69.0>) Session 1 chosen

=INFO REPORT==== 8-Feb-2016::17:35:39 ===
    ts_config_server:(6:<0.69.0>) Session 1 chosen

=INFO REPORT==== 8-Feb-2016::17:35:39 ===
    ts_config_server:(6:<0.69.0>) Session 1 chosen

=INFO REPORT==== 8-Feb-2016::17:35:39 ===
    ts_config_server:(6:<0.69.0>) Session 1 chosen

=INFO REPORT==== 8-Feb-2016::17:35:39 ===
    ts_config_server:(6:<0.69.0>) Session 1 chosen

=INFO REPORT==== 8-Feb-2016::17:35:39 ===
    ts_config_server:(6:<0.69.0>) Session 1 chosen

=INFO REPORT==== 8-Feb-2016::17:35:39 ===
    ts_config_server:(6:<0.69.0>) Session 1 chosen

=INFO REPORT==== 8-Feb-2016::17:35:39 ===
           ts_client:(6:<0.342.0>) Session ending 

=INFO REPORT==== 8-Feb-2016::17:35:40 ===
    ts_config_server:(6:<0.69.0>) Session 1 chosen

=INFO REPORT==== 8-Feb-2016::17:35:40 ===
    ts_config_server:(6:<0.69.0>) Session 1 chosen

=INFO REPORT==== 8-Feb-2016::17:35:40 ===
    ts_config_server:(6:<0.69.0>) Session 1 chosen

=INFO REPORT==== 8-Feb-2016::17:35:40 ===
           ts_client:(6:<0.337.0>) Session ending 

=INFO REPORT==== 8-Feb-2016::17:35:40 ===
    ts_config_server:(6:<0.69.0>) Session 1 chosen

=INFO REPORT==== 8-Feb-2016::17:35:40 ===
           ts_client:(6:<0.329.0>) Session ending 

=INFO REPORT==== 8-Feb-2016::17:35:40 ===
    ts_config_server:(6:<0.69.0>) Session 1 chosen

=INFO REPORT==== 8-Feb-2016::17:35:40 ===
    ts_config_server:(6:<0.69.0>) Session 1 chosen

=INFO REPORT==== 8-Feb-2016::17:35:40 ===
    ts_config_server:(6:<0.69.0>) Session 1 chosen

=INFO REPORT==== 8-Feb-2016::17:35:40 ===
    ts_config_server:(6:<0.69.0>) Session 1 chosen

=INFO REPORT==== 8-Feb-2016::17:35:40 ===
    ts_config_server:(6:<0.69.0>) Session 1 chosen

=INFO REPORT==== 8-Feb-2016::17:35:40 ===
           ts_client:(6:<0.348.0>) Session ending 

=INFO REPORT==== 8-Feb-2016::17:35:40 ===
    ts_config_server:(6:<0.69.0>) Session 1 chosen

=INFO REPORT==== 8-Feb-2016::17:35:40 ===
    ts_config_server:(6:<0.69.0>) Session 1 chosen

=INFO REPORT==== 8-Feb-2016::17:35:40 ===
    ts_config_server:(6:<0.69.0>) Session 1 chosen

=INFO REPORT==== 8-Feb-2016::17:35:40 ===
         ts_launcher:(5:<0.127.0>) This was the last phase, wait for connected users to finish their session

=INFO REPORT==== 8-Feb-2016::17:35:40 ===
         ts_launcher:(6:<0.127.0>) launcher terminating for reason normal

=INFO REPORT==== 8-Feb-2016::17:35:40 ===
     ts_launcher_mgr:(6:<0.121.0>) All launchers are done on node 'tsung_controller_74@Wonko-the-Sane', wait for active clients to finish

=INFO REPORT==== 8-Feb-2016::17:35:41 ===
           ts_client:(6:<0.339.0>) Session ending 

=INFO REPORT==== 8-Feb-2016::17:35:41 ===
           ts_client:(6:<0.351.0>) Session ending 

=INFO REPORT==== 8-Feb-2016::17:35:41 ===
           ts_client:(6:<0.357.0>) Session ending 

=INFO REPORT==== 8-Feb-2016::17:35:41 ===
           ts_client:(6:<0.349.0>) Session ending 

=INFO REPORT==== 8-Feb-2016::17:35:42 ===
           ts_client:(6:<0.360.0>) Session ending 

=INFO REPORT==== 8-Feb-2016::17:35:42 ===
           ts_client:(6:<0.361.0>) Session ending 

=INFO REPORT==== 8-Feb-2016::17:35:42 ===
           ts_client:(6:<0.350.0>) Session ending 

=INFO REPORT==== 8-Feb-2016::17:35:42 ===
           ts_client:(6:<0.353.0>) Session ending 

=INFO REPORT==== 8-Feb-2016::17:35:42 ===
           ts_client:(6:<0.369.0>) Session ending 

=INFO REPORT==== 8-Feb-2016::17:35:42 ===
           ts_client:(6:<0.362.0>) Session ending 

=INFO REPORT==== 8-Feb-2016::17:35:42 ===
           ts_client:(6:<0.335.0>) Session ending 

=INFO REPORT==== 8-Feb-2016::17:35:42 ===
           ts_client:(6:<0.258.0>) Session ending 

=INFO REPORT==== 8-Feb-2016::17:35:42 ===
           ts_client:(6:<0.373.0>) Session ending 

=INFO REPORT==== 8-Feb-2016::17:35:43 ===
           ts_client:(6:<0.375.0>) Session ending 

=INFO REPORT==== 8-Feb-2016::17:35:43 ===
           ts_client:(6:<0.368.0>) Session ending 

=INFO REPORT==== 8-Feb-2016::17:35:43 ===
           ts_client:(6:<0.378.0>) Session ending 

=INFO REPORT==== 8-Feb-2016::17:35:43 ===
           ts_client:(6:<0.367.0>) Session ending 

=INFO REPORT==== 8-Feb-2016::17:35:43 ===
           ts_client:(6:<0.383.0>) Session ending 

=INFO REPORT==== 8-Feb-2016::17:35:43 ===
           ts_client:(6:<0.162.0>) Session ending 

=INFO REPORT==== 8-Feb-2016::17:35:43 ===
           ts_client:(6:<0.384.0>) Session ending 

=INFO REPORT==== 8-Feb-2016::17:35:44 ===
           ts_client:(6:<0.389.0>) Session ending 

=INFO REPORT==== 8-Feb-2016::17:35:44 ===
           ts_client:(6:<0.393.0>) Session ending 

=INFO REPORT==== 8-Feb-2016::17:35:44 ===
           ts_client:(6:<0.396.0>) Session ending 

=INFO REPORT==== 8-Feb-2016::17:35:44 ===
           ts_client:(6:<0.397.0>) Session ending 

=INFO REPORT==== 8-Feb-2016::17:35:45 ===
           ts_client:(6:<0.394.0>) Session ending 

=INFO REPORT==== 8-Feb-2016::17:35:45 ===
           ts_client:(6:<0.402.0>) Session ending 

=INFO REPORT==== 8-Feb-2016::17:35:46 ===
           ts_client:(6:<0.401.0>) Session ending 

=INFO REPORT==== 8-Feb-2016::17:35:46 ===
           ts_client:(6:<0.408.0>) Session ending 

=INFO REPORT==== 8-Feb-2016::17:35:47 ===
           ts_client:(6:<0.410.0>) Session ending 

=INFO REPORT==== 8-Feb-2016::17:35:47 ===
           ts_client:(6:<0.419.0>) Session ending 

=INFO REPORT==== 8-Feb-2016::17:35:47 ===
           ts_client:(6:<0.395.0>) Session ending 

=INFO REPORT==== 8-Feb-2016::17:35:47 ===
           ts_client:(6:<0.430.0>) Session ending 

=INFO REPORT==== 8-Feb-2016::17:35:48 ===
           ts_client:(6:<0.414.0>) Session ending 

=INFO REPORT==== 8-Feb-2016::17:35:48 ===
           ts_client:(6:<0.432.0>) Session ending 

=INFO REPORT==== 8-Feb-2016::17:35:48 ===
           ts_client:(6:<0.424.0>) Session ending 

=WARNING REPORT==== 8-Feb-2016::17:35:49 ===
OS_MON (cpu_sup), util/1 unavailable for this OS

=INFO REPORT==== 8-Feb-2016::17:35:49 ===
           ts_client:(6:<0.427.0>) Session ending 

=INFO REPORT==== 8-Feb-2016::17:35:49 ===
           ts_client:(6:<0.431.0>) Session ending 

=INFO REPORT==== 8-Feb-2016::17:35:49 ===
           ts_client:(6:<0.422.0>) Session ending 

=INFO REPORT==== 8-Feb-2016::17:35:50 ===
           ts_client:(6:<0.267.0>) Session ending 

=INFO REPORT==== 8-Feb-2016::17:35:51 ===
           ts_client:(6:<0.269.0>) Session ending 

=INFO REPORT==== 8-Feb-2016::17:35:57 ===
           ts_client:(6:<0.266.0>) Session ending 

=WARNING REPORT==== 8-Feb-2016::17:35:59 ===
OS_MON (cpu_sup), util/1 unavailable for this OS

=INFO REPORT==== 8-Feb-2016::17:36:07 ===
           ts_client:(6:<0.282.0>) Session ending 

=WARNING REPORT==== 8-Feb-2016::17:36:09 ===
OS_MON (cpu_sup), util/1 unavailable for this OS

=INFO REPORT==== 8-Feb-2016::17:36:09 ===
           ts_client:(6:<0.220.0>) connection closed while waiting for ack
=INFO REPORT==== 8-Feb-2016::17:36:09 ===
           ts_client:(6:<0.220.0>) Session ending 

=INFO REPORT==== 8-Feb-2016::17:36:14 ===
           ts_client:(6:<0.290.0>) Session ending 

=INFO REPORT==== 8-Feb-2016::17:36:15 ===
           ts_client:(6:<0.219.0>) connection closed while waiting for ack
=INFO REPORT==== 8-Feb-2016::17:36:15 ===
           ts_client:(6:<0.219.0>) Session ending 

=INFO REPORT==== 8-Feb-2016::17:36:15 ===
           ts_client:(6:<0.223.0>) connection closed while waiting for ack
=INFO REPORT==== 8-Feb-2016::17:36:15 ===
           ts_client:(6:<0.223.0>) Session ending 

=INFO REPORT==== 8-Feb-2016::17:36:18 ===
           ts_client:(6:<0.231.0>) connection closed while waiting for ack
=INFO REPORT==== 8-Feb-2016::17:36:18 ===
           ts_client:(6:<0.231.0>) Session ending 

=WARNING REPORT==== 8-Feb-2016::17:36:19 ===
OS_MON (cpu_sup), util/1 unavailable for this OS

=INFO REPORT==== 8-Feb-2016::17:36:20 ===
           ts_client:(6:<0.137.0>) Session ending 

=INFO REPORT==== 8-Feb-2016::17:36:23 ===
           ts_client:(6:<0.309.0>) Session ending 

=INFO REPORT==== 8-Feb-2016::17:36:23 ===
           ts_client:(6:<0.299.0>) Session ending 

=INFO REPORT==== 8-Feb-2016::17:36:24 ===
           ts_client:(6:<0.200.0>) (Re)connect from 0.0.0.0:0 to apirt.synapsys.us:80, Error: etimedout

=INFO REPORT==== 8-Feb-2016::17:36:24 ===
           ts_client:(6:<0.315.0>) Session ending 

=WARNING REPORT==== 8-Feb-2016::17:36:29 ===
OS_MON (cpu_sup), util/1 unavailable for this OS

=INFO REPORT==== 8-Feb-2016::17:36:32 ===
           ts_client:(6:<0.247.0>) connection closed while waiting for ack
=INFO REPORT==== 8-Feb-2016::17:36:32 ===
           ts_client:(6:<0.247.0>) Session ending 

=INFO REPORT==== 8-Feb-2016::17:36:33 ===
           ts_client:(6:<0.316.0>) Session ending 

=INFO REPORT==== 8-Feb-2016::17:36:34 ===
           ts_client:(6:<0.248.0>) connection closed while waiting for ack
=INFO REPORT==== 8-Feb-2016::17:36:34 ===
           ts_client:(6:<0.248.0>) Session ending 

=INFO REPORT==== 8-Feb-2016::17:36:37 ===
           ts_client:(6:<0.221.0>) (Re)connect from 0.0.0.0:0 to apirt.synapsys.us:80, Error: etimedout

=WARNING REPORT==== 8-Feb-2016::17:36:39 ===
OS_MON (cpu_sup), util/1 unavailable for this OS

=INFO REPORT==== 8-Feb-2016::17:36:44 ===
           ts_client:(6:<0.221.0>) Session ending 

=INFO REPORT==== 8-Feb-2016::17:36:47 ===
           ts_client:(6:<0.276.0>) connection closed while waiting for ack
=INFO REPORT==== 8-Feb-2016::17:36:47 ===
           ts_client:(6:<0.276.0>) Session ending 

=INFO REPORT==== 8-Feb-2016::17:36:49 ===
           ts_client:(6:<0.359.0>) Session ending 

=WARNING REPORT==== 8-Feb-2016::17:36:49 ===
OS_MON (cpu_sup), util/1 unavailable for this OS

=INFO REPORT==== 8-Feb-2016::17:36:50 ===
           ts_client:(6:<0.370.0>) Session ending 

=INFO REPORT==== 8-Feb-2016::17:36:50 ===
           ts_client:(6:<0.374.0>) Session ending 

=INFO REPORT==== 8-Feb-2016::17:36:50 ===
           ts_client:(6:<0.377.0>) Session ending 

=INFO REPORT==== 8-Feb-2016::17:36:50 ===
           ts_client:(6:<0.379.0>) Session ending 

=INFO REPORT==== 8-Feb-2016::17:36:51 ===
           ts_client:(6:<0.388.0>) Session ending 

=INFO REPORT==== 8-Feb-2016::17:36:51 ===
           ts_client:(6:<0.387.0>) Session ending 

=INFO REPORT==== 8-Feb-2016::17:36:53 ===
           ts_client:(6:<0.330.0>) Session ending 

=INFO REPORT==== 8-Feb-2016::17:36:53 ===
           ts_client:(6:<0.407.0>) Session ending 

=INFO REPORT==== 8-Feb-2016::17:36:54 ===
           ts_client:(6:<0.332.0>) Session ending 

=INFO REPORT==== 8-Feb-2016::17:36:54 ===
           ts_client:(6:<0.412.0>) Session ending 

=INFO REPORT==== 8-Feb-2016::17:36:54 ===
           ts_client:(6:<0.413.0>) Session ending 

=INFO REPORT==== 8-Feb-2016::17:36:54 ===
           ts_client:(6:<0.425.0>) Session ending 

=INFO REPORT==== 8-Feb-2016::17:36:55 ===
           ts_client:(6:<0.344.0>) Session ending 

=INFO REPORT==== 8-Feb-2016::17:36:56 ===
           ts_client:(6:<0.347.0>) Session ending 

=INFO REPORT==== 8-Feb-2016::17:36:57 ===
           ts_client:(6:<0.354.0>) Session ending 

=INFO REPORT==== 8-Feb-2016::17:36:57 ===
           ts_client:(6:<0.358.0>) Session ending 

=INFO REPORT==== 8-Feb-2016::17:36:57 ===
           ts_client:(6:<0.355.0>) Session ending 

=INFO REPORT==== 8-Feb-2016::17:36:58 ===
           ts_client:(6:<0.372.0>) Session ending 

=INFO REPORT==== 8-Feb-2016::17:36:58 ===
           ts_client:(6:<0.284.0>) connection closed while waiting for ack
=INFO REPORT==== 8-Feb-2016::17:36:58 ===
           ts_client:(6:<0.284.0>) Session ending 

=WARNING REPORT==== 8-Feb-2016::17:36:59 ===
OS_MON (cpu_sup), util/1 unavailable for this OS

=INFO REPORT==== 8-Feb-2016::17:36:59 ===
           ts_client:(6:<0.259.0>) (Re)connect from 0.0.0.0:0 to apirt.synapsys.us:80, Error: etimedout

=INFO REPORT==== 8-Feb-2016::17:37:00 ===
           ts_client:(6:<0.178.0>) connection closed while waiting for ack
=INFO REPORT==== 8-Feb-2016::17:37:00 ===
           ts_client:(6:<0.178.0>) Session ending 

=INFO REPORT==== 8-Feb-2016::17:37:02 ===
           ts_client:(6:<0.411.0>) Session ending 

=INFO REPORT==== 8-Feb-2016::17:37:03 ===
           ts_client:(6:<0.417.0>) Session ending 

=INFO REPORT==== 8-Feb-2016::17:37:03 ===
           ts_client:(6:<0.426.0>) Session ending 

=INFO REPORT==== 8-Feb-2016::17:37:06 ===
           ts_client:(6:<0.268.0>) Session ending 

=INFO REPORT==== 8-Feb-2016::17:37:08 ===
           ts_client:(6:<0.270.0>) (Re)connect from 0.0.0.0:0 to apirt.synapsys.us:80, Error: etimedout

=WARNING REPORT==== 8-Feb-2016::17:37:09 ===
OS_MON (cpu_sup), util/1 unavailable for this OS

=INFO REPORT==== 8-Feb-2016::17:37:10 ===
           ts_client:(6:<0.304.0>) connection closed while waiting for ack
=INFO REPORT==== 8-Feb-2016::17:37:10 ===
           ts_client:(6:<0.304.0>) Session ending 

=INFO REPORT==== 8-Feb-2016::17:37:11 ===
           ts_client:(6:<0.305.0>) connection closed while waiting for ack
=INFO REPORT==== 8-Feb-2016::17:37:11 ===
           ts_client:(6:<0.305.0>) Session ending 

=INFO REPORT==== 8-Feb-2016::17:37:14 ===
           ts_client:(6:<0.314.0>) connection closed while waiting for ack
=INFO REPORT==== 8-Feb-2016::17:37:14 ===
           ts_client:(6:<0.314.0>) Session ending 

=INFO REPORT==== 8-Feb-2016::17:37:15 ===
           ts_client:(6:<0.270.0>) Session ending 

=WARNING REPORT==== 8-Feb-2016::17:37:19 ===
OS_MON (cpu_sup), util/1 unavailable for this OS

=INFO REPORT==== 8-Feb-2016::17:37:27 ===
           ts_client:(6:<0.292.0>) Session ending 

=INFO REPORT==== 8-Feb-2016::17:37:29 ===
           ts_client:(6:<0.295.0>) (Re)connect from 0.0.0.0:0 to apirt.synapsys.us:80, Error: etimedout

=WARNING REPORT==== 8-Feb-2016::17:37:29 ===
OS_MON (cpu_sup), util/1 unavailable for this OS

=INFO REPORT==== 8-Feb-2016::17:37:34 ===
           ts_client:(6:<0.303.0>) (Re)connect from 0.0.0.0:0 to apirt.synapsys.us:80, Error: etimedout

=INFO REPORT==== 8-Feb-2016::17:37:38 ===
           ts_client:(6:<0.308.0>) Session ending 

=INFO REPORT==== 8-Feb-2016::17:37:39 ===
           ts_client:(6:<0.346.0>) connection closed while waiting for ack
=INFO REPORT==== 8-Feb-2016::17:37:39 ===
           ts_client:(6:<0.346.0>) Session ending 

=INFO REPORT==== 8-Feb-2016::17:37:39 ===
           ts_client:(6:<0.200.0>) Session ending 

=WARNING REPORT==== 8-Feb-2016::17:37:40 ===
OS_MON (cpu_sup), util/1 unavailable for this OS

=INFO REPORT==== 8-Feb-2016::17:37:40 ===
           ts_client:(6:<0.341.0>) connection closed while waiting for ack
=INFO REPORT==== 8-Feb-2016::17:37:40 ===
           ts_client:(6:<0.341.0>) Session ending 

=INFO REPORT==== 8-Feb-2016::17:37:40 ===
           ts_client:(6:<0.340.0>) connection closed while waiting for ack
=INFO REPORT==== 8-Feb-2016::17:37:40 ===
           ts_client:(6:<0.340.0>) Session ending 

=INFO REPORT==== 8-Feb-2016::17:37:42 ===
           ts_client:(6:<0.385.0>) connection closed while waiting for ack
=INFO REPORT==== 8-Feb-2016::17:37:42 ===
           ts_client:(6:<0.385.0>) Session ending 

=INFO REPORT==== 8-Feb-2016::17:37:44 ===
           ts_client:(6:<0.400.0>) connection closed while waiting for ack
=INFO REPORT==== 8-Feb-2016::17:37:44 ===
           ts_client:(6:<0.400.0>) Session ending 

=INFO REPORT==== 8-Feb-2016::17:37:44 ===
           ts_client:(6:<0.318.0>) Session ending 

=INFO REPORT==== 8-Feb-2016::17:37:45 ===
           ts_client:(6:<0.415.0>) connection closed while waiting for ack
=INFO REPORT==== 8-Feb-2016::17:37:45 ===
           ts_client:(6:<0.415.0>) Session ending 

=INFO REPORT==== 8-Feb-2016::17:37:47 ===
           ts_client:(6:<0.409.0>) connection closed while waiting for ack
=INFO REPORT==== 8-Feb-2016::17:37:47 ===
           ts_client:(6:<0.409.0>) Session ending 

=INFO REPORT==== 8-Feb-2016::17:37:47 ===
           ts_client:(6:<0.363.0>) connection closed while waiting for ack
=INFO REPORT==== 8-Feb-2016::17:37:47 ===
           ts_client:(6:<0.363.0>) Session ending 

=INFO REPORT==== 8-Feb-2016::17:37:47 ===
           ts_client:(6:<0.365.0>) connection closed while waiting for ack
=INFO REPORT==== 8-Feb-2016::17:37:47 ===
           ts_client:(6:<0.365.0>) Session ending 

=INFO REPORT==== 8-Feb-2016::17:37:47 ===
           ts_client:(6:<0.364.0>) connection closed while waiting for ack
=INFO REPORT==== 8-Feb-2016::17:37:47 ===
           ts_client:(6:<0.364.0>) Session ending 

=INFO REPORT==== 8-Feb-2016::17:37:47 ===
           ts_client:(6:<0.366.0>) connection closed while waiting for ack
=INFO REPORT==== 8-Feb-2016::17:37:47 ===
           ts_client:(6:<0.366.0>) Session ending 

=INFO REPORT==== 8-Feb-2016::17:37:47 ===
           ts_client:(6:<0.371.0>) connection closed while waiting for ack
=INFO REPORT==== 8-Feb-2016::17:37:47 ===
           ts_client:(6:<0.371.0>) Session ending 

=INFO REPORT==== 8-Feb-2016::17:37:48 ===
           ts_client:(6:<0.382.0>) connection closed while waiting for ack
=INFO REPORT==== 8-Feb-2016::17:37:48 ===
           ts_client:(6:<0.382.0>) Session ending 

=WARNING REPORT==== 8-Feb-2016::17:37:50 ===
OS_MON (cpu_sup), util/1 unavailable for this OS

=WARNING REPORT==== 8-Feb-2016::17:38:00 ===
OS_MON (cpu_sup), util/1 unavailable for this OS

=INFO REPORT==== 8-Feb-2016::17:38:02 ===
           ts_client:(6:<0.331.0>) (Re)connect from 0.0.0.0:0 to apirt.synapsys.us:80, Error: etimedout

=INFO REPORT==== 8-Feb-2016::17:38:02 ===
           ts_client:(6:<0.338.0>) Session ending 

=INFO REPORT==== 8-Feb-2016::17:38:02 ===
           ts_client:(6:<0.343.0>) Session ending 

=INFO REPORT==== 8-Feb-2016::17:38:04 ===
           ts_client:(6:<0.345.0>) (Re)connect from 0.0.0.0:0 to apirt.synapsys.us:80, Error: etimedout

=INFO REPORT==== 8-Feb-2016::17:38:05 ===
           ts_client:(6:<0.352.0>) (Re)connect from 0.0.0.0:0 to apirt.synapsys.us:80, Error: etimedout

=INFO REPORT==== 8-Feb-2016::17:38:06 ===
           ts_client:(6:<0.381.0>) Session ending 

=INFO REPORT==== 8-Feb-2016::17:38:06 ===
           ts_client:(6:<0.376.0>) (Re)connect from 0.0.0.0:0 to apirt.synapsys.us:80, Error: etimedout

=INFO REPORT==== 8-Feb-2016::17:38:06 ===
           ts_client:(6:<0.386.0>) Session ending 

=INFO REPORT==== 8-Feb-2016::17:38:07 ===
           ts_client:(6:<0.380.0>) (Re)connect from 0.0.0.0:0 to apirt.synapsys.us:80, Error: etimedout

=INFO REPORT==== 8-Feb-2016::17:38:07 ===
           ts_client:(6:<0.390.0>) Session ending 

=INFO REPORT==== 8-Feb-2016::17:38:08 ===
           ts_client:(6:<0.391.0>) (Re)connect from 0.0.0.0:0 to apirt.synapsys.us:80, Error: etimedout

=INFO REPORT==== 8-Feb-2016::17:38:09 ===
           ts_client:(6:<0.399.0>) (Re)connect from 0.0.0.0:0 to apirt.synapsys.us:80, Error: etimedout

=INFO REPORT==== 8-Feb-2016::17:38:10 ===
           ts_client:(6:<0.423.0>) Session ending 

=WARNING REPORT==== 8-Feb-2016::17:38:10 ===
OS_MON (cpu_sup), util/1 unavailable for this OS

=INFO REPORT==== 8-Feb-2016::17:38:10 ===
           ts_client:(6:<0.416.0>) (Re)connect from 0.0.0.0:0 to apirt.synapsys.us:80, Error: etimedout

=INFO REPORT==== 8-Feb-2016::17:38:11 ===
           ts_client:(6:<0.418.0>) (Re)connect from 0.0.0.0:0 to apirt.synapsys.us:80, Error: etimedout

=INFO REPORT==== 8-Feb-2016::17:38:11 ===
           ts_client:(6:<0.420.0>) (Re)connect from 0.0.0.0:0 to apirt.synapsys.us:80, Error: etimedout

=INFO REPORT==== 8-Feb-2016::17:38:11 ===
           ts_client:(6:<0.421.0>) (Re)connect from 0.0.0.0:0 to apirt.synapsys.us:80, Error: etimedout

=INFO REPORT==== 8-Feb-2016::17:38:11 ===
           ts_client:(6:<0.345.0>) Session ending 

=INFO REPORT==== 8-Feb-2016::17:38:12 ===
           ts_client:(6:<0.352.0>) Session ending 

=INFO REPORT==== 8-Feb-2016::17:38:15 ===
           ts_client:(6:<0.376.0>) Session ending 

=INFO REPORT==== 8-Feb-2016::17:38:16 ===
           ts_client:(6:<0.399.0>) Session ending 

=INFO REPORT==== 8-Feb-2016::17:38:18 ===
           ts_client:(6:<0.418.0>) Session ending 

=INFO REPORT==== 8-Feb-2016::17:38:18 ===
           ts_client:(6:<0.420.0>) Session ending 

=INFO REPORT==== 8-Feb-2016::17:38:18 ===
           ts_client:(6:<0.421.0>) Session ending 

=WARNING REPORT==== 8-Feb-2016::17:38:20 ===
OS_MON (cpu_sup), util/1 unavailable for this OS

=INFO REPORT==== 8-Feb-2016::17:38:30 ===
           ts_client:(6:<0.302.0>) connection closed while waiting for ack
=INFO REPORT==== 8-Feb-2016::17:38:30 ===
           ts_client:(6:<0.302.0>) Session ending 

=WARNING REPORT==== 8-Feb-2016::17:38:30 ===
OS_MON (cpu_sup), util/1 unavailable for this OS

=WARNING REPORT==== 8-Feb-2016::17:38:40 ===
OS_MON (cpu_sup), util/1 unavailable for this OS

=WARNING REPORT==== 8-Feb-2016::17:38:50 ===
OS_MON (cpu_sup), util/1 unavailable for this OS

=INFO REPORT==== 8-Feb-2016::17:38:52 ===
           ts_client:(6:<0.295.0>) Session ending 

=INFO REPORT==== 8-Feb-2016::17:39:00 ===
           ts_client:(6:<0.406.0>) connection closed while waiting for ack
=INFO REPORT==== 8-Feb-2016::17:39:00 ===
           ts_client:(6:<0.406.0>) Session ending 

=WARNING REPORT==== 8-Feb-2016::17:39:00 ===
OS_MON (cpu_sup), util/1 unavailable for this OS

=INFO REPORT==== 8-Feb-2016::17:39:01 ===
           ts_client:(6:<0.356.0>) connection closed while waiting for ack
=INFO REPORT==== 8-Feb-2016::17:39:01 ===
           ts_client:(6:<0.356.0>) Session ending 

=INFO REPORT==== 8-Feb-2016::17:39:03 ===
           ts_client:(6:<0.428.0>) connection closed while waiting for ack
=INFO REPORT==== 8-Feb-2016::17:39:03 ===
           ts_client:(6:<0.428.0>) Session ending 

=INFO REPORT==== 8-Feb-2016::17:39:04 ===
           ts_client:(6:<0.392.0>) connection closed while waiting for ack
=INFO REPORT==== 8-Feb-2016::17:39:04 ===
           ts_client:(6:<0.392.0>) Session ending 

=INFO REPORT==== 8-Feb-2016::17:39:08 ===
           ts_client:(6:<0.429.0>) connection closed while waiting for ack
=INFO REPORT==== 8-Feb-2016::17:39:08 ===
           ts_client:(6:<0.429.0>) Session ending 

=WARNING REPORT==== 8-Feb-2016::17:39:10 ===
OS_MON (cpu_sup), util/1 unavailable for this OS

=WARNING REPORT==== 8-Feb-2016::17:39:20 ===
OS_MON (cpu_sup), util/1 unavailable for this OS

=INFO REPORT==== 8-Feb-2016::17:39:22 ===
           ts_client:(6:<0.380.0>) Session ending 

=INFO REPORT==== 8-Feb-2016::17:39:25 ===
           ts_client:(6:<0.331.0>) Session ending 

=INFO REPORT==== 8-Feb-2016::17:39:25 ===
           ts_client:(6:<0.416.0>) Session ending 

=INFO REPORT==== 8-Feb-2016::17:39:30 ===
           ts_client:(6:<0.391.0>) Session ending 

=INFO REPORT==== 8-Feb-2016::17:39:30 ===
           ts_client:(6:<0.259.0>) (Re)connect from 0.0.0.0:0 to apirt.synapsys.us:80, Error: etimedout

=WARNING REPORT==== 8-Feb-2016::17:39:30 ===
OS_MON (cpu_sup), util/1 unavailable for this OS

=INFO REPORT==== 8-Feb-2016::17:39:37 ===
           ts_client:(6:<0.259.0>) Session ending 

=WARNING REPORT==== 8-Feb-2016::17:39:40 ===
OS_MON (cpu_sup), util/1 unavailable for this OS

=WARNING REPORT==== 8-Feb-2016::17:39:50 ===
OS_MON (cpu_sup), util/1 unavailable for this OS

=WARNING REPORT==== 8-Feb-2016::17:40:01 ===
OS_MON (cpu_sup), util/1 unavailable for this OS

=INFO REPORT==== 8-Feb-2016::17:40:05 ===
           ts_client:(6:<0.303.0>) (Re)connect from 0.0.0.0:0 to apirt.synapsys.us:80, Error: etimedout

=WARNING REPORT==== 8-Feb-2016::17:40:11 ===
OS_MON (cpu_sup), util/1 unavailable for this OS

=WARNING REPORT==== 8-Feb-2016::17:40:21 ===
OS_MON (cpu_sup), util/1 unavailable for this OS

=WARNING REPORT==== 8-Feb-2016::17:40:31 ===
OS_MON (cpu_sup), util/1 unavailable for this OS

=WARNING REPORT==== 8-Feb-2016::17:40:41 ===
OS_MON (cpu_sup), util/1 unavailable for this OS

=WARNING REPORT==== 8-Feb-2016::17:40:51 ===
OS_MON (cpu_sup), util/1 unavailable for this OS

=WARNING REPORT==== 8-Feb-2016::17:41:01 ===
OS_MON (cpu_sup), util/1 unavailable for this OS

=WARNING REPORT==== 8-Feb-2016::17:41:11 ===
OS_MON (cpu_sup), util/1 unavailable for this OS

=INFO REPORT==== 8-Feb-2016::17:41:19 ===
           ts_client:(6:<0.303.0>) Session ending 

=INFO REPORT==== 8-Feb-2016::17:41:21 ===
     ts_launcher_mgr:(5:<0.121.0>) No more active users 'tsung_controller_74@Wonko-the-Sane' "64748"

=INFO REPORT==== 8-Feb-2016::17:41:21 ===
              ts_mon:(6:<0.70.0>) Stop asked, no more users, last launcher stopped, OK to stop

=INFO REPORT==== 8-Feb-2016::17:41:21 ===
              ts_mon:(5:<0.70.0>) stopping monitor (normal)
