# stats: dump at 1454974357
stats: users 4 5
stats: {load,"tsung_controller_74@Wonko-the-Sane"} 1 3.07421875 0 3.07421875 3.07421875 0 0
stats: {freemem,"tsung_controller_74@Wonko-the-Sane"} 1 27.83984375 0 27.83984375 27.83984375 0 0
stats: {cpu,"tsung_controller_74@Wonko-the-Sane"} 1 0 0 0 0 0 0
stats: session 1 6914.0859375 0 6914.0859375 6914.0859375 0 0
stats: users_count 5 5
stats: finish_users_count 1 1
stats: connect 3 93.94832356770833 31.759058735319673 138.85205078125 70.660888671875 0 0
stats: size_sent 432 432
stats: connected 3 3
# stats: dump at 1454974367
stats: users 4 5
stats: {load,"tsung_controller_74@Wonko-the-Sane"} 1 2.828125 0.0 3.07421875 2.828125 3.07421875 1
stats: {freemem,"tsung_controller_74@Wonko-the-Sane"} 1 20.08203125 0.0 27.83984375 20.08203125 27.83984375 1
stats: {cpu,"tsung_controller_74@Wonko-the-Sane"} 1 0.0 0.0 0 0 0.0 1
stats: session 2 7039.7540283203125 82.2191162109375 7121.97314453125 6914.0859375 6914.0859375 1
stats: users_count 2 7
stats: finish_users_count 2 3
stats: request 3 6989.825032552083 95.2400232236272 7119.869873046875 6894.43408203125 0 0
stats: connect 2 71.1124267578125 0.0814208984375 138.85205078125 70.660888671875 93.94832356770833 3
stats: page 3 6989.825032552083 95.2400232236272 7119.869873046875 6894.43408203125 0 0
stats: 200 3 3
stats: size_rcv 3 3
stats: size_sent 288 720
stats: connected -1 2
# stats: dump at 1454974377
stats: users 2 5
stats: {load,"tsung_controller_74@Wonko-the-Sane"} 1 2.62890625 0.0 3.07421875 2.62890625 2.951171875 2
stats: {freemem,"tsung_controller_74@Wonko-the-Sane"} 1 17.43359375 0.0 27.83984375 17.43359375 23.9609375 2
stats: {cpu,"tsung_controller_74@Wonko-the-Sane"} 1 0.0 0.0 0 0 0.0 2
stats: session 2 7177.030029296875 2.48193359375 7179.511962890625 6914.0859375 6997.864664713542 3
stats: users_count 0 7
stats: finish_users_count 2 5
stats: request 2 7174.986572265625 2.42041015625 7177.406982421875 6894.43408203125 6989.825032552083 3
stats: connect 0 0 0 138.85205078125 70.660888671875 84.81396484375 5
stats: page 2 7174.986572265625 2.42041015625 7177.406982421875 6894.43408203125 6989.825032552083 3
stats: 200 2 5
stats: size_rcv 2 5
stats: size_sent 0 720
stats: connected -2 0
# stats: dump at 1454974387
stats: users 3 5
stats: {load,"tsung_controller_74@Wonko-the-Sane"} 1 2.77734375 0.0 3.07421875 2.62890625 2.84375 3
stats: {freemem,"tsung_controller_74@Wonko-the-Sane"} 1 19.85546875 0.0 27.83984375 17.43359375 21.78515625 3
stats: {cpu,"tsung_controller_74@Wonko-the-Sane"} 1 0.0 0.0 0 0 0.0 3
stats: session 0 0 0 7179.511962890625 6914.0859375 7069.530810546875 5
stats: users_count 1 8
stats: finish_users_count 0 5
stats: request 0 0 0 7177.406982421875 6894.43408203125 7063.8896484375 5
stats: connect 1 73.682861328125 0.0 138.85205078125 70.660888671875 84.81396484375 5
stats: page 0 0 0 7177.406982421875 6894.43408203125 7063.8896484375 5
stats: 200 0 5
stats: size_rcv 0 5
stats: size_sent 144 864
stats: connected 1 1
# stats: dump at 1454974397
stats: users 6 6
stats: {load,"tsung_controller_74@Wonko-the-Sane"} 1 2.50390625 0.0 3.07421875 2.50390625 2.8271484375 4
stats: {freemem,"tsung_controller_74@Wonko-the-Sane"} 1 17.046875 0.0 27.83984375 17.046875 21.302734375 4
stats: {cpu,"tsung_controller_74@Wonko-the-Sane"} 1 0.0 0.0 0 0 0.0 4
stats: session 1 6982.60205078125 0.0 7179.511962890625 6914.0859375 7069.530810546875 5
stats: users_count 4 12
stats: finish_users_count 1 6
stats: request 1 6981.095947265625 0.0 7177.406982421875 6894.43408203125 7063.8896484375 5
stats: connect 1 70.861083984375 0.0 138.85205078125 70.660888671875 82.95878092447917 6
stats: page 1 6981.095947265625 0.0 7177.406982421875 6894.43408203125 7063.8896484375 5
stats: 200 1 6
stats: size_rcv 1 6
stats: size_sent 152 1016
stats: connected 0 1
# stats: dump at 1454974407
stats: users 6 8
stats: {load,"tsung_controller_74@Wonko-the-Sane"} 1 2.41796875 0.0 3.07421875 2.41796875 2.7625 5
stats: {freemem,"tsung_controller_74@Wonko-the-Sane"} 1 25.61328125 0.0 27.83984375 17.046875 20.4515625 5
stats: {cpu,"tsung_controller_74@Wonko-the-Sane"} 1 0.0 0.0 0 0 0.0 5
stats: session 3 6981.770914713542 183.53681783214165 7206.963134765625 6757.393798828125 7055.0426839192705 6
stats: users_count 3 15
stats: finish_users_count 3 9
stats: request 3 6979.864908854167 183.56128441746503 7205.177001953125 6755.548828125 7050.0906982421875 6
stats: connect 3 82.518310546875 16.644216006138425 138.85205078125 69.216064453125 81.23053850446429 7
stats: page 3 6979.864908854167 183.56128441746503 7205.177001953125 6755.548828125 7050.0906982421875 6
stats: 200 3 9
stats: size_rcv 3 9
stats: size_sent 440 1456
stats: connected 0 1
# stats: dump at 1454974417
stats: users 9 9
stats: {load,"tsung_controller_74@Wonko-the-Sane"} 1 2.43359375 0.0 3.07421875 2.41796875 2.705078125 6
stats: {freemem,"tsung_controller_74@Wonko-the-Sane"} 1 32.73828125 0.0 32.73828125 17.046875 21.311848958333332 6
stats: {cpu,"tsung_controller_74@Wonko-the-Sane"} 1 0.0 0.0 0 0 0.0 6
stats: session 1 7175.534912109375 0.0 7206.963134765625 6757.393798828125 7030.618760850694 9
stats: users_count 4 19
stats: finish_users_count 1 10
stats: request 1 7173.3359375 0.0 7205.177001953125 6755.548828125 7026.682101779514 9
stats: connect 3 70.35270182291667 0.10588262536478679 138.85205078125 69.216064453125 81.6168701171875 10
stats: page 1 7173.3359375 0.0 7205.177001953125 6755.548828125 7026.682101779514 9
stats: 200 1 10
stats: size_rcv 1 10
stats: newphase 1 1
stats: size_sent 440 1896
stats: connected 2 3
# stats: dump at 1454974427
stats: users 13 14
stats: {load,"tsung_controller_74@Wonko-the-Sane"} 1 2.6875 0.0 3.07421875 2.41796875 2.666294642857143 7
stats: {freemem,"tsung_controller_74@Wonko-the-Sane"} 1 15.4140625 0.0 32.73828125 15.4140625 22.944196428571427 7
stats: {cpu,"tsung_controller_74@Wonko-the-Sane"} 1 0.0 0.0 0 0 0.0 7
stats: session 4 7365.9317626953125 396.89014678880983 7994.739990234375 6757.393798828125 7045.110375976563 10
stats: users_count 8 27
stats: finish_users_count 4 14
stats: request 4 7364.098083496094 396.73336401726306 7992.68017578125 6755.548828125 7041.347485351563 10
stats: connect 6 11434.682535807291 24961.636200598725 67244.52416992188 68.991943359375 79.01744666466347 13
stats: page 4 7364.098083496094 396.73336401726306 7992.68017578125 6755.548828125 7041.347485351563 10
stats: 200 4 14
stats: size_rcv 4 14
stats: newphase 0 1
stats: size_sent 864 2760
stats: connected 2 5
# stats: dump at 1454974437
stats: users 17 17
stats: {load,"tsung_controller_74@Wonko-the-Sane"} 1 2.875 0.0 3.07421875 2.41796875 2.6689453125 8
stats: {freemem,"tsung_controller_74@Wonko-the-Sane"} 1 27.74609375 0.0 32.73828125 15.4140625 22.0029296875 8
stats: {cpu,"tsung_controller_74@Wonko-the-Sane"} 1 0.0 0.0 0 0 0.0 8
stats: session 5 21254.325048828126 26491.642942602768 74218.31176757813 6757.393798828125 7136.773629324777 14
stats: users_count 9 36
stats: finish_users_count 5 19
stats: request 5 21252.04599609375 26491.504253727082 74215.74389648438 6755.548828125 7133.561941964285 14
stats: connect 3 71.10432942708333 1.0570404618726381 67244.52416992188 68.991943359375 3665.0169484991775 19
stats: page 5 21252.04599609375 26491.504253727082 74215.74389648438 6755.548828125 7133.561941964285 14
stats: 200 5 19
stats: size_rcv 5 19
stats: newphase 0 1
stats: size_sent 448 3208
stats: connected -2 3
# stats: dump at 1454974447
stats: users 27 28
stats: {load,"tsung_controller_74@Wonko-the-Sane"} 1 2.7265625 0.0 3.07421875 2.41796875 2.6918402777777777 9
stats: {freemem,"tsung_controller_74@Wonko-the-Sane"} 1 19.51953125 0.0 32.73828125 15.4140625 22.64105902777778 9
stats: {cpu,"tsung_controller_74@Wonko-the-Sane"} 1 0.0 0.0 0 0 0.0 9
stats: session 5 7982.0203125 850.0238570400151 74218.31176757813 6757.393798828125 10851.918739720395 19
stats: users_count 15 51
stats: finish_users_count 5 24
stats: request 4 7875.181457519531 920.8518636970692 74215.74389648438 6755.548828125 10848.952482524672 19
stats: connect 4 70.84552001953125 0.5013218743682318 67244.52416992188 68.991943359375 3174.9379549893465 22
stats: page 4 7875.181457519531 920.8518636970692 74215.74389648438 6755.548828125 10848.952482524672 19
stats: 200 4 23
stats: size_rcv 4 23
stats: newphase 0 1
stats: size_sent 584 3792
stats: connected 0 3
# stats: dump at 1454974457
stats: users 34 37
stats: {load,"tsung_controller_74@Wonko-the-Sane"} 1 2.5390625 0.0 3.07421875 2.41796875 2.6953125 10
stats: {freemem,"tsung_controller_74@Wonko-the-Sane"} 1 23.328125 0.0 32.73828125 15.4140625 22.32890625 10
stats: {cpu,"tsung_controller_74@Wonko-the-Sane"} 1 0.0 0.0 0 0 0.0 10
stats: session 4 7222.690979003906 499.4247967570799 74218.31176757813 6676.39990234375 10254.023234049479 24
stats: users_count 11 62
stats: finish_users_count 4 28
stats: request 5 7456.422802734375 649.2173527881888 74215.74389648438 6674.453125 10331.774912958559 23
stats: connect 8 75.14761352539063 6.124463327817773 67244.52416992188 68.991943359375 2697.385272686298 26
stats: page 5 7456.422802734375 649.2173527881888 74215.74389648438 6674.453125 10331.774912958559 23
stats: 200 5 28
stats: size_rcv 5 28
stats: newphase 0 1
stats: size_sent 1176 4968
stats: connected 3 6
# stats: dump at 1454974467
stats: users 35 37
stats: {load,"tsung_controller_74@Wonko-the-Sane"} 1 2.45703125 0.0 3.07421875 2.41796875 2.6811079545454546 11
stats: {freemem,"tsung_controller_74@Wonko-the-Sane"} 1 32.03515625 0.0 32.73828125 15.4140625 22.419744318181817 11
stats: {cpu,"tsung_controller_74@Wonko-the-Sane"} 1 0.0 0.0 0 0 0.0 11
stats: session 10 13980.410473632812 20081.27665856641 74218.31176757813 6644.126953125 9820.975769042969 28
stats: users_count 11 73
stats: finish_users_count 10 38
stats: request 10 13978.400708007812 20081.03182506051 74215.74389648438 6641.6611328125 9818.319178989956 28
stats: connect 10 13551.882250976563 26955.955697061356 67469.24487304688 68.991943359375 2080.3881764131434 34
stats: page 10 13978.400708007812 20081.03182506051 74215.74389648438 6641.6611328125 9818.319178989956 28
stats: 200 10 38
stats: size_rcv 10 38
stats: newphase 0 1
stats: size_sent 1440 6408
stats: connected 0 6
# stats: dump at 1454974477
stats: users 41 41
stats: {load,"tsung_controller_74@Wonko-the-Sane"} 1 2.69140625 0.0 3.07421875 2.41796875 2.6624348958333335 12
stats: {freemem,"tsung_controller_74@Wonko-the-Sane"} 1 25.10546875 0.0 32.73828125 15.4140625 23.221028645833332 12
stats: {cpu,"tsung_controller_74@Wonko-the-Sane"} 1 0.0 0.0 0 0 0.0 12
stats: session 5 7719.262646484375 289.38865589445527 74218.31176757813 6644.126953125 10915.56384919819 38
stats: users_count 11 84
stats: finish_users_count 5 43
stats: request 5 7717.108642578125 289.67608604244856 74215.74389648438 6641.6611328125 10913.077476099917 38
stats: connect 3 70.94441731770833 1.0737326953851933 67469.24487304688 68.991943359375 4687.545920632102 44
stats: page 5 7717.108642578125 289.67608604244856 74215.74389648438 6641.6611328125 10913.077476099917 38
stats: 200 5 43
stats: size_rcv 5 43
stats: newphase 0 1
stats: size_sent 432 6840
stats: connected -2 4
# stats: dump at 1454974487
stats: users 46 46
stats: {load,"tsung_controller_74@Wonko-the-Sane"} 1 2.51171875 0.0 3.07421875 2.41796875 2.6646634615384617 13
stats: {freemem,"tsung_controller_74@Wonko-the-Sane"} 1 17.63671875 0.0 32.73828125 15.4140625 23.365985576923077 13
stats: {cpu,"tsung_controller_74@Wonko-the-Sane"} 1 0.0 0.0 0 0 0.0 13
stats: session 4 7373.785217285156 555.2824242114111 74218.31176757813 6644.126953125 10543.900918650072 43
stats: users_count 9 93
stats: finish_users_count 4 47
stats: request 4 7371.4912109375 555.3051251575133 74215.74389648438 6641.6611328125 10541.453193132267 43
stats: connect 7 75.14254324776786 4.078622278064012 67469.24487304688 68.991943359375 4392.869228931184 47
stats: page 4 7371.4912109375 555.3051251575133 74215.74389648438 6641.6611328125 10541.453193132267 43
stats: 200 4 47
stats: size_rcv 4 47
stats: newphase 0 1
stats: size_sent 1016 7856
stats: connected 3 7
# stats: dump at 1454974497
stats: users 45 46
stats: {load,"tsung_controller_74@Wonko-the-Sane"} 1 2.3515625 0.0 3.07421875 2.3515625 2.6537388392857144 14
stats: {freemem,"tsung_controller_74@Wonko-the-Sane"} 1 17.234375 0.0 32.73828125 15.4140625 22.956752232142858 14
stats: {cpu,"tsung_controller_74@Wonko-the-Sane"} 1 0.0 0.0 0 0 0.0 14
stats: session 6 7323.0376383463545 480.8562112780367 74218.31176757813 6644.126953125 10274.103837682844 47
stats: users_count 5 98
stats: finish_users_count 6 53
stats: request 6 7320.737711588542 480.6143163513568 74215.74389648438 6641.6611328125 10271.669194647606 47
stats: connect 4 16942.539489746094 29207.502171284475 67531.41381835938 68.991943359375 3833.163917824075 54
stats: page 6 7320.737711588542 480.6143163513568 74215.74389648438 6641.6611328125 10271.669194647606 47
stats: 200 6 53
stats: size_rcv 6 53
stats: newphase 0 1
stats: size_sent 584 8440
stats: connected -2 5
# stats: dump at 1454974507
stats: users 45 49
stats: {load,"tsung_controller_74@Wonko-the-Sane"} 1 2.3046875 0.0 3.07421875 2.3046875 2.63359375 15
stats: {freemem,"tsung_controller_74@Wonko-the-Sane"} 1 29.31640625 0.0 32.73828125 15.4140625 22.575260416666666 15
stats: {cpu,"tsung_controller_74@Wonko-the-Sane"} 1 0.0 0.0 0 0 0.0 15
stats: session 9 38974.806179470484 35228.70814652586 81926.576171875 6644.126953125 9940.020871720222 53
stats: users_count 9 107
stats: finish_users_count 9 62
stats: request 9 38972.6533203125 35228.50689054061 81924.208984375 6641.6611328125 9937.601479584317 53
stats: connect 11 51306.1728737571 31551.211529564975 75568.0830078125 68.991943359375 4737.258784853178 58
stats: page 9 38972.6533203125 35228.50689054061 81924.208984375 6641.6611328125 9937.601479584317 53
stats: 200 9 62
stats: size_rcv 9 62
stats: newphase 0 1
stats: size_sent 1616 10056
stats: connected 2 7
stats: error_connect_etimedout 1 1
# stats: dump at 1454974517
stats: users 45 51
stats: {load,"tsung_controller_74@Wonko-the-Sane"} 1 2.02734375 0.0 3.07421875 2.02734375 2.613037109375 16
stats: {freemem,"tsung_controller_74@Wonko-the-Sane"} 1 22.69921875 0.0 32.73828125 15.4140625 22.99658203125 16
stats: {cpu,"tsung_controller_74@Wonko-the-Sane"} 1 0.0 0.0 0 0 0.0 16
stats: session 8 74257.45336914063 30216.077084706165 125631.34106445313 6644.126953125 14154.747771232356 62
stats: users_count 8 115
stats: finish_users_count 8 70
stats: request 7 66916.11303710938 24749.44665620469 82414.92407226563 6641.6611328125 14152.36706936744 62
stats: connect 9 56088.790418836805 30121.48239959223 75573.65087890625 68.991943359375 12161.28856714221 69
stats: page 7 66916.11303710938 24749.44665620469 82414.92407226563 6641.6611328125 14152.36706936744 62
stats: 200 7 69
stats: size_rcv 7 69
stats: newphase 0 1
stats: size_sent 1304 11360
stats: connected 2 9
stats: error_connect_etimedout 0 1
# stats: dump at 1454974527
stats: users 38 51
stats: {load,"tsung_controller_74@Wonko-the-Sane"} 1 1.94921875 0.0 3.07421875 1.94921875 2.5785845588235294 17
stats: {freemem,"tsung_controller_74@Wonko-the-Sane"} 1 16.9140625 0.0 32.73828125 15.4140625 22.979090073529413 17
stats: {cpu,"tsung_controller_74@Wonko-the-Sane"} 1 0.0 0.0 0 0 0.0 17
stats: session 7 61466.74215262277 33524.92398782267 125631.34106445313 6644.126953125 21023.628410993304 70
stats: users_count 0 115
stats: finish_users_count 7 77
stats: request 8 69485.26077270508 37864.6969826175 125629.02783203125 6641.6611328125 19505.21086319633 69
stats: connect 5 72296.93759765624 3944.495589789249 75573.65087890625 68.991943359375 17229.846473106973 78
stats: page 8 69485.26077270508 37864.6969826175 125629.02783203125 6641.6611328125 19505.21086319633 69
stats: 408 1 1
stats: 200 7 76
stats: size_rcv 219 288
stats: newphase 0 1
stats: size_sent 720 12080
stats: connected -3 6
stats: error_connect_etimedout 0 1
# stats: dump at 1454974537
stats: users 104 104
stats: {load,"tsung_controller_74@Wonko-the-Sane"} 1 1.8828125 0.0 3.07421875 1.8828125 2.5436197916666665 18
stats: {freemem,"tsung_controller_74@Wonko-the-Sane"} 1 18.69921875 0.0 32.73828125 15.4140625 22.64214409722222 18
stats: {cpu,"tsung_controller_74@Wonko-the-Sane"} 1 0.0 0.0 0 0 0.0 18
stats: session 3 79888.6993001302 3599.25665231398 125631.34106445313 6644.126953125 24700.2751147778 77
stats: users_count 69 184
stats: finish_users_count 3 80
stats: request 3 79886.41259765625 3599.367564475041 125629.02783203125 6641.6611328125 24697.94332132711 77
stats: connect 33 12820.050085819128 32278.032496754313 142990.49096679688 68.820068359375 20547.141119164156 83
stats: page 3 79886.41259765625 3599.367564475041 125629.02783203125 6641.6611328125 24697.94332132711 77
stats: 408 0 1
stats: 200 3 79
stats: size_rcv 3 291
stats: newphase 1 2
stats: size_sent 4816 16896
stats: connected 30 36
stats: error_connect_etimedout 0 1
# stats: dump at 1454974547
stats: users 97 128
stats: {load,"tsung_controller_74@Wonko-the-Sane"} 1 1.8203125 0.0 3.07421875 1.8203125 2.508840460526316 19
stats: {freemem,"tsung_controller_74@Wonko-the-Sane"} 1 17.23828125 0.0 32.73828125 15.4140625 22.434621710526315 19
stats: {cpu,"tsung_controller_74@Wonko-the-Sane"} 1 0.0 0.0 0 0 0.0 19
stats: session 38 13353.988409745065 24876.51845605676 149957.88989257813 6644.126953125 26769.841021728516 80
stats: users_count 31 215
stats: finish_users_count 38 118
stats: request 36 13599.184841579861 25533.71752580473 149956.416015625 6641.6611328125 26767.51091918945 80
stats: connect 17 8027.52676930147 21787.194806972002 142990.49096679688 68.820068359375 18348.91694588497 116
stats: page 36 13599.184841579861 25533.71752580473 149956.416015625 6641.6611328125 26767.51091918945 80
stats: 408 0 1
stats: 200 35 114
stats: size_rcv 35 326
stats: newphase 0 2
stats: size_sent 2504 19400
stats: connected -19 17
stats: error_connect_etimedout 0 1
# stats: dump at 1454974557
stats: users 87 128
stats: {load,"tsung_controller_74@Wonko-the-Sane"} 1 1.921875 0.0 3.07421875 1.8203125 2.4744140625 20
stats: {freemem,"tsung_controller_74@Wonko-the-Sane"} 1 40.1015625 0.0 40.1015625 15.4140625 22.1748046875 20
stats: {cpu,"tsung_controller_74@Wonko-the-Sane"} 1 0.0 0.0 0 0 0.0 20
stats: session 10 29201.83232421875 31828.726065674124 149957.88989257813 6644.126953125 22449.48170600503 118
stats: users_count 0 215
stats: finish_users_count 10 128
stats: request 11 20651.453879616478 25758.84785292397 149956.416015625 6641.6611328125 22680.78903303475 116
stats: connect 3 70410.30436197917 3792.770323603509 142990.49096679688 68.820068359375 17029.64150978031 133
stats: page 11 20651.453879616478 25758.84785292397 149956.416015625 6641.6611328125 22680.78903303475 116
stats: 408 0 1
stats: 200 11 125
stats: size_rcv 11 337
stats: newphase 0 2
stats: size_sent 432 19832
stats: connected -8 9
stats: error_connect_etimedout 0 1
# stats: dump at 1454974567
stats: users 86 128
stats: {load,"tsung_controller_74@Wonko-the-Sane"} 1 1.78515625 0.0 3.07421875 1.78515625 2.4481026785714284 21
stats: {freemem,"tsung_controller_74@Wonko-the-Sane"} 1 21.27734375 0.0 40.1015625 15.4140625 23.028459821428573 21
stats: {cpu,"tsung_controller_74@Wonko-the-Sane"} 1 0.0 0.0 0 0 0.0 21
stats: session 1 83069.51098632813 0.0 149957.88989257813 6644.126953125 22977.00909805298 128
stats: users_count 0 215
stats: finish_users_count 1 129
stats: request 1 82636.580078125 0.0 149956.416015625 6641.6611328125 22505.019846518207 127
stats: connect 2 109580.32397460938 33760.56005859375 143340.88403320313 68.820068359375 18207.15613151999 136
stats: page 1 82636.580078125 0.0 149956.416015625 6641.6611328125 22505.019846518207 127
stats: 408 0 1
stats: 200 1 126
stats: size_rcv 1 338
stats: newphase 0 2
stats: size_sent 288 20120
stats: connected 1 10
stats: error_connect_etimedout 0 1
# stats: dump at 1454974577
stats: users 82 128
stats: {load,"tsung_controller_74@Wonko-the-Sane"} 1 2.04296875 0.0 3.07421875 1.78515625 2.4179687499999996 22
stats: {freemem,"tsung_controller_74@Wonko-the-Sane"} 1 55.9375 0.0 55.9375 15.4140625 22.94886363636364 22
stats: {cpu,"tsung_controller_74@Wonko-the-Sane"} 1 0.0 0.0 0 0 0.0 22
stats: session 4 117373.99774169922 20029.04750923589 149957.88989257813 6644.126953125 23442.842446024104 129
stats: users_count 0 215
stats: finish_users_count 4 133
stats: request 5 110511.28037109374 22565.728273726745 149956.416015625 6641.6611328125 22974.797660827637 128
stats: connect 7 70091.32299804688 3631.7958743509034 143340.88403320313 68.820068359375 19531.404940840126 138
stats: page 5 110511.28037109374 22565.728273726745 149956.416015625 6641.6611328125 22974.797660827637 128
stats: 408 2 3
stats: 200 2 128
stats: size_rcv 426 764
stats: newphase 0 2
stats: size_sent 1008 21128
stats: connected 2 12
stats: error_connect_etimedout 0 1
# stats: dump at 1454974587
stats: users 77 128
stats: {load,"tsung_controller_74@Wonko-the-Sane"} 1 2.03125 0.0 3.07421875 1.78515625 2.4016644021739126 23
stats: {freemem,"tsung_controller_74@Wonko-the-Sane"} 1 16.21875 0.0 55.9375 15.4140625 24.38315217391305 23
stats: {cpu,"tsung_controller_74@Wonko-the-Sane"} 1 0.0 0.0 0 0 0.0 23
stats: session 5 117448.16025390624 57601.42893106869 225592.29907226563 6644.126953125 26267.83959777373 133
stats: users_count 0 215
stats: finish_users_count 5 138
stats: request 5 87301.857421875 20803.548043355284 149956.416015625 6641.6611328125 26265.642875499296 133
stats: connect 2 71821.9990234375 4027.593017578125 143340.88403320313 68.820068359375 21972.22857118804 145
stats: page 5 87301.857421875 20803.548043355284 149956.416015625 6641.6611328125 26265.642875499296 133
stats: 408 1 4
stats: 200 4 132
stats: size_rcv 216 980
stats: newphase 0 2
stats: size_sent 304 21432
stats: connected -3 9
stats: error_connect_etimedout 1 2
# stats: dump at 1454974597
stats: users 74 128
stats: {load,"tsung_controller_74@Wonko-the-Sane"} 1 1.87109375 0.0 3.07421875 1.78515625 2.3862304687499996 24
stats: {freemem,"tsung_controller_74@Wonko-the-Sane"} 1 24.37890625 0.0 55.9375 15.4140625 24.042968750000004 24
stats: {cpu,"tsung_controller_74@Wonko-the-Sane"} 1 0.0 0.0 0 0 0.0 24
stats: session 3 115814.89762369792 23223.836719402487 225592.29907226563 6644.126953125 29571.474404155346 138
stats: users_count 0 215
stats: finish_users_count 3 141
stats: request 3 115813.05541992188 23223.768563855854 149956.416015625 6641.6611328125 28477.099924281025 138
stats: connect 1 70.02197265625 0.0 143340.88403320313 68.820068359375 22650.456740606398 147
stats: page 3 115813.05541992188 23223.768563855854 149956.416015625 6641.6611328125 28477.099924281025 138
stats: 408 0 4
stats: 200 1 133
stats: size_rcv 1 981
stats: newphase 0 2
stats: size_sent 144 21576
stats: connected -2 7
stats: error_connect_etimedout 1 3
# stats: dump at 1454974607
stats: users 72 128
stats: {load,"tsung_controller_74@Wonko-the-Sane"} 1 2.0234375 0.0 3.07421875 1.78515625 2.3656249999999996 25
stats: {freemem,"tsung_controller_74@Wonko-the-Sane"} 1 19.0234375 0.0 55.9375 15.4140625 24.056406250000006 25
stats: {cpu,"tsung_controller_74@Wonko-the-Sane"} 1 0.0 0.0 0 0 0.0 25
stats: session 2 142998.09509277344 15161.465942382813 225592.29907226563 6644.126953125 31406.440855634974 141
stats: users_count 0 215
stats: finish_users_count 2 143
stats: request 1 6937.85791015625 0.0 149956.416015625 6641.6611328125 30335.311743337214 141
stats: connect 23 68442.5231402853 2290.5855751774657 143340.88403320313 68.820068359375 22497.886235417547 148
stats: page 1 6937.85791015625 0.0 149956.416015625 6641.6611328125 30335.311743337214 141
stats: 408 0 4
stats: 200 1 134
stats: size_rcv 1 982
stats: newphase 0 2
stats: size_sent 3360 24936
stats: connected 22 29
stats: error_connect_etimedout 0 3
# stats: dump at 1454974617
stats: users 55 128
stats: {load,"tsung_controller_74@Wonko-the-Sane"} 1 2.66796875 0.0 3.07421875 1.78515625 2.352463942307692 26
stats: {freemem,"tsung_controller_74@Wonko-the-Sane"} 1 34.42578125 0.0 55.9375 15.4140625 23.862830528846157 26
stats: {cpu,"tsung_controller_74@Wonko-the-Sane"} 1 0.0 0.0 0 0 0.0 26
stats: session 17 77669.36758961398 4032.300167353316 225592.29907226563 6644.126953125 32967.16329251803 143
stats: users_count 0 215
stats: finish_users_count 17 160
stats: request 17 80293.40897863051 12474.563913533248 149956.416015625 6641.6611328125 30170.540941695093 142
stats: connect 12 73787.69885253906 3526.5623178151905 143340.88403320313 68.820068359375 28677.57424016584 171
stats: page 17 80293.40897863051 12474.563913533248 149956.416015625 6641.6611328125 30170.540941695093 142
stats: 408 1 5
stats: 200 16 150
stats: size_rcv 228 1210
stats: newphase 0 2
stats: size_sent 1744 26680
stats: connected -5 24
stats: error_connect_etimedout 0 3
# stats: dump at 1454974627
stats: users 47 128
stats: {load,"tsung_controller_74@Wonko-the-Sane"} 1 3.125 0.0 3.125 1.78515625 2.3641493055555554 27
stats: {freemem,"tsung_controller_74@Wonko-the-Sane"} 1 32.625 0.0 55.9375 15.4140625 24.25405092592593 27
stats: {cpu,"tsung_controller_74@Wonko-the-Sane"} 1 0.0 0.0 0 0 0.0 27
stats: session 8 112789.97039794922 42473.478694972146 225592.29907226563 6644.126953125 37716.77249908447 160
stats: users_count 0 215
stats: finish_users_count 8 168
stats: request 9 109498.80959743923 41110.87221892263 203826.72583007813 6641.6611328125 35529.58972551837 159
stats: connect 1 143331.85205078125 0.0 143340.88403320313 68.820068359375 31635.615198354248 183
stats: page 9 109498.80959743923 41110.87221892263 203826.72583007813 6641.6611328125 35529.58972551837 159
stats: 408 1 6
stats: 200 7 157
stats: size_rcv 219 1429
stats: newphase 0 2
stats: size_sent 152 26832
stats: connected -8 16
stats: error_connect_etimedout 1 4
# stats: dump at 1454974637
stats: users 43 128
stats: {load,"tsung_controller_74@Wonko-the-Sane"} 1 4.15234375 0.0 4.15234375 1.78515625 2.391322544642857 28
stats: {freemem,"tsung_controller_74@Wonko-the-Sane"} 1 20.56640625 0.0 55.9375 15.4140625 24.553013392857146 28
stats: {cpu,"tsung_controller_74@Wonko-the-Sane"} 1 0.0 0.0 0 0 0.0 28
stats: session 4 134311.36749267578 14023.032491959168 225592.29907226563 6644.126953125 41291.6866847447 168
stats: users_count 0 215
stats: finish_users_count 4 172
stats: request 4 96474.04693603516 51511.75455697811 203826.72583007813 6641.6611328125 39492.226504371276 168
stats: connect 1 69.468017578125 0.0 143340.88403320313 68.820068359375 32242.659963856568 184
stats: page 4 96474.04693603516 51511.75455697811 203826.72583007813 6641.6611328125 39492.226504371276 168
stats: 408 3 9
stats: 200 1 158
stats: size_rcv 637 2066
stats: newphase 0 2
stats: size_sent 144 26976
stats: connected -3 13
stats: error_connect_etimedout 1 5
# stats: dump at 1454974647
stats: users 42 128
stats: {load,"tsung_controller_74@Wonko-the-Sane"} 1 4.12890625 0.0 4.15234375 1.78515625 2.4520474137931036 29
stats: {freemem,"tsung_controller_74@Wonko-the-Sane"} 1 16.609375 0.0 55.9375 15.4140625 24.415544181034488 29
stats: {cpu,"tsung_controller_74@Wonko-the-Sane"} 1 0.0 0.0 0 0 0.0 29
stats: session 1 150483.38403320313 0.0 225592.29907226563 6644.126953125 43454.935075626825 172
stats: users_count 0 215
stats: finish_users_count 1 173
stats: request 0 0 0 203826.72583007813 6641.6611328125 40817.38511906113 172
stats: connect 2 143373.27001953125 0.429931640625 143373.69995117188 68.820068359375 32068.75081820101 185
stats: page 0 0 0 203826.72583007813 6641.6611328125 40817.38511906113 172
stats: 408 0 9
stats: 200 0 158
stats: size_rcv 0 2066
stats: newphase 0 2
stats: size_sent 288 27264
stats: connected 2 15
stats: error_connect_etimedout 0 5
# stats: dump at 1454974657
stats: users 42 128
stats: {load,"tsung_controller_74@Wonko-the-Sane"} 1 3.8671875 0.0 4.15234375 1.78515625 2.507942708333333 30
stats: {freemem,"tsung_controller_74@Wonko-the-Sane"} 1 18.5234375 0.0 55.9375 15.4140625 24.15533854166667 30
stats: {cpu,"tsung_controller_74@Wonko-the-Sane"} 1 0.0 0.0 0 0 0.0 30
stats: session 0 0 0 225592.29907226563 6644.126953125 44073.5966302949 173
stats: users_count 0 215
stats: finish_users_count 0 173
stats: request 1 150481.52001953125 0.0 203826.72583007813 6641.6611328125 40817.38511906113 172
stats: connect 3 118100.74536132813 35703.70893453845 143373.69995117188 68.820068359375 33259.173483455874 187
stats: page 1 150481.52001953125 0.0 203826.72583007813 6641.6611328125 40817.38511906113 172
stats: 408 0 9
stats: 200 1 159
stats: size_rcv 1 2067
stats: newphase 0 2
stats: size_sent 432 27696
stats: connected 2 17
stats: error_connect_etimedout 2 7
# stats: dump at 1454974667
stats: users 27 128
stats: {load,"tsung_controller_74@Wonko-the-Sane"} 1 3.5 0.0 4.15234375 1.78515625 2.551789314516129 31
stats: {freemem,"tsung_controller_74@Wonko-the-Sane"} 1 19.58203125 0.0 55.9375 15.4140625 23.97366431451613 31
stats: {cpu,"tsung_controller_74@Wonko-the-Sane"} 1 0.0 0.0 0 0 0.0 31
stats: session 15 138541.50592447913 24733.35158510616 226439.61499023438 6644.126953125 44073.5966302949 173
stats: users_count 0 215
stats: finish_users_count 15 188
stats: request 15 128452.8103515625 16214.500650435515 203826.72583007813 6641.6611328125 41451.28185258986 173
stats: connect 0 0 0 143373.69995117188 68.820068359375 34598.777249948595 190
stats: page 15 128452.8103515625 16214.500650435515 203826.72583007813 6641.6611328125 41451.28185258986 173
stats: 408 7 16
stats: 200 3 162
stats: size_rcv 1487 3554
stats: newphase 0 2
stats: size_sent 0 27696
stats: connected -15 2
stats: error_connect_etimedout 0 7
# stats: dump at 1454974677
stats: users 26 128
stats: {load,"tsung_controller_74@Wonko-the-Sane"} 1 3.109375 0.0 4.15234375 1.78515625 2.5814208984375 32
stats: {freemem,"tsung_controller_74@Wonko-the-Sane"} 1 20.69921875 0.0 55.9375 15.4140625 23.836425781250004 32
stats: {cpu,"tsung_controller_74@Wonko-the-Sane"} 1 0.0 0.0 0 0 0.0 32
stats: session 1 132253.59497070313 0.0 226439.61499023438 6644.126953125 51610.92981866067 188
stats: users_count 0 215
stats: finish_users_count 1 189
stats: request 1 132251.4599609375 0.0 203826.72583007813 6641.6611328125 48392.89316899726 188
stats: connect 3 143267.69303385416 13.476016913284223 143373.69995117188 68.820068359375 34598.777249948595 190
stats: page 1 132251.4599609375 0.0 203826.72583007813 6641.6611328125 48392.89316899726 188
stats: 408 0 16
stats: 200 0 162
stats: size_rcv 0 3554
stats: newphase 0 2
stats: size_sent 432 28128
stats: connected 2 4
stats: error_connect_etimedout 0 7
# stats: dump at 1454974687
stats: users 21 128
stats: {load,"tsung_controller_74@Wonko-the-Sane"} 1 2.86328125 0.0 4.15234375 1.78515625 2.597419507575758 33
stats: {freemem,"tsung_controller_74@Wonko-the-Sane"} 1 27.6484375 0.0 55.9375 15.4140625 23.741358901515156 33
stats: {cpu,"tsung_controller_74@Wonko-the-Sane"} 1 0.0 0.0 0 0 0.0 33
stats: session 5 150354.15302734374 76.25141339608918 226439.61499023438 6644.126953125 52037.61058666089 189
stats: users_count 0 215
stats: finish_users_count 5 194
stats: request 4 150355.00451660156 84.79435965494625 203826.72583007813 6641.6611328125 48836.58928958953 189
stats: connect 11 104143.67942116478 63730.084924056144 143373.69995117188 68.820068359375 36287.93138130464 193
stats: page 4 150355.00451660156 84.79435965494625 203826.72583007813 6641.6611328125 48836.58928958953 189
stats: 408 0 16
stats: 200 4 166
stats: size_rcv 4 3558
stats: newphase 0 2
stats: size_sent 1592 29720
stats: connected 7 11
stats: error_connect_etimedout 5 12
# stats: dump at 1454974697
stats: users 16 128
stats: {load,"tsung_controller_74@Wonko-the-Sane"} 1 3.578125 0.0 4.15234375 1.78515625 2.6052389705882355 34
stats: {freemem,"tsung_controller_74@Wonko-the-Sane"} 1 16.65234375 0.0 55.9375 15.4140625 23.85627297794118 34
stats: {cpu,"tsung_controller_74@Wonko-the-Sane"} 1 0.0 0.0 0 0 0.0 34
stats: session 5 157076.758984375 3558.9859769165537 226439.61499023438 6644.126953125 54571.54209286405 194
stats: users_count 0 215
stats: finish_users_count 5 199
stats: request 6 55153.87072753906 67192.16477831472 203826.72583007813 6641.6611328125 50940.59789533071 193
stats: connect 4 71.40179443359375 0.7203041641969427 143373.69995117188 68.820068359375 39946.81975600298 204
stats: page 6 55153.87072753906 67192.16477831472 203826.72583007813 6641.6611328125 50940.59789533071 193
stats: 408 0 16
stats: 200 6 172
stats: size_rcv 6 3564
stats: newphase 0 2
stats: size_sent 576 30296
stats: connected -2 9
stats: error_connect_etimedout 6 18
# stats: dump at 1454974707
stats: users 13 128
stats: {load,"tsung_controller_74@Wonko-the-Sane"} 1 3.5625 0.0 4.15234375 1.78515625 2.633035714285714 35
stats: {freemem,"tsung_controller_74@Wonko-the-Sane"} 1 17.21875 0.0 55.9375 15.4140625 23.65044642857143 35
stats: {cpu,"tsung_controller_74@Wonko-the-Sane"} 1 0.0 0.0 0 0 0.0 35
stats: session 3 158118.75732421875 21.946212676759025 226439.61499023438 6644.126953125 57147.05005496232 199
stats: users_count 0 215
stats: finish_users_count 3 202
stats: request 3 7015.644287109375 23.315110162752465 203826.72583007813 6641.6611328125 51067.63124705559 199
stats: connect 0 0 0 143373.69995117188 68.820068359375 39179.98479520356 208
stats: page 3 7015.644287109375 23.315110162752465 203826.72583007813 6641.6611328125 51067.63124705559 199
stats: 408 0 16
stats: 200 3 175
stats: size_rcv 3 3567
stats: newphase 0 2
stats: size_sent 0 30296
stats: connected -3 6
stats: error_connect_etimedout 0 18
# stats: dump at 1454974717
stats: users 12 128
stats: {load,"tsung_controller_74@Wonko-the-Sane"} 1 3.3203125 0.0 4.15234375 1.78515625 2.6588541666666665 36
stats: {freemem,"tsung_controller_74@Wonko-the-Sane"} 1 16.1796875 0.0 55.9375 15.4140625 23.471788194444446 36
stats: {cpu,"tsung_controller_74@Wonko-the-Sane"} 1 0.0 0.0 0 0 0.0 36
stats: session 1 207669.06591796875 0.0 226439.61499023438 6644.126953125 58646.629865891875 202
stats: users_count 0 215
stats: finish_users_count 1 203
stats: request 1 207667.208984375 0.0 207667.208984375 6641.6611328125 50413.39381695738 202
stats: connect 0 0 0 143373.69995117188 68.820068359375 39179.98479520356 208
stats: page 1 207667.208984375 0.0 207667.208984375 6641.6611328125 50413.39381695738 202
stats: 408 0 16
stats: 200 0 175
stats: size_rcv 0 3567
stats: newphase 0 2
stats: size_sent 0 30296
stats: connected -1 5
stats: error_connect_etimedout 0 18
# stats: dump at 1454974727
stats: users 12 128
stats: {load,"tsung_controller_74@Wonko-the-Sane"} 1 3.203125 0.0 4.15234375 1.78515625 2.676731418918919 37
stats: {freemem,"tsung_controller_74@Wonko-the-Sane"} 1 59.453125 0.0 59.453125 15.4140625 23.274704391891895 37
stats: {cpu,"tsung_controller_74@Wonko-the-Sane"} 1 0.0 0.0 0 0 0.0 37
stats: session 0 0 0 226439.61499023438 6644.126953125 59380.730536099145 203
stats: users_count 0 215
stats: finish_users_count 0 203
stats: request 0 0 0 207667.208984375 6641.6611328125 51188.04315275747 203
stats: connect 1 75308.5 0.0 143373.69995117188 68.820068359375 39179.98479520356 208
stats: page 0 0 0 207667.208984375 6641.6611328125 51188.04315275747 203
stats: 408 0 16
stats: 200 0 175
stats: size_rcv 0 3567
stats: newphase 0 2
stats: size_sent 152 30448
stats: connected 1 6
stats: error_connect_etimedout 0 18
# stats: dump at 1454974737
stats: users 11 128
stats: {load,"tsung_controller_74@Wonko-the-Sane"} 1 3.18359375 0.0 4.15234375 1.78515625 2.6905838815789473 38
stats: {freemem,"tsung_controller_74@Wonko-the-Sane"} 1 29.16015625 0.0 59.453125 15.4140625 24.226768092105267 38
stats: {cpu,"tsung_controller_74@Wonko-the-Sane"} 1 0.0 0.0 0 0 0.0 38
stats: session 1 233966.37817382813 0.0 233966.37817382813 6644.126953125 59380.730536099145 203
stats: users_count 0 215
stats: finish_users_count 1 204
stats: request 1 82611.3779296875 0.0 207667.208984375 6641.6611328125 51188.04315275747 203
stats: connect 0 0 0 143373.69995117188 68.820068359375 39352.84850431742 209
stats: page 1 82611.3779296875 0.0 207667.208984375 6641.6611328125 51188.04315275747 203
stats: 408 0 16
stats: 200 1 176
stats: size_rcv 1 3568
stats: newphase 0 2
stats: size_sent 0 30448
stats: connected -1 5
stats: error_connect_etimedout 0 18
# stats: dump at 1454974747
stats: users 7 128
stats: {load,"tsung_controller_74@Wonko-the-Sane"} 1 2.85546875 0.0 4.15234375 1.78515625 2.70322516025641 39
stats: {freemem,"tsung_controller_74@Wonko-the-Sane"} 1 25.76171875 0.0 59.453125 15.4140625 24.353265224358978 39
stats: {cpu,"tsung_controller_74@Wonko-the-Sane"} 1 0.0 0.0 0 0 0.0 39
stats: session 4 204845.8345336914 2778.9762124361278 233966.37817382813 6644.126953125 60236.54253432331 204
stats: users_count 0 215
stats: finish_users_count 4 208
stats: request 4 204843.54705810547 2778.8162977845213 207667.208984375 6641.6611328125 51342.07910754634 204
stats: connect 0 0 0 143373.69995117188 68.820068359375 39352.84850431742 209
stats: page 4 204843.54705810547 2778.8162977845213 207667.208984375 6641.6611328125 51342.07910754634 204
stats: 408 2 18
stats: 200 0 176
stats: size_rcv 424 3992
stats: newphase 0 2
stats: size_sent 0 30448
stats: connected -4 1
stats: error_connect_etimedout 0 18
# stats: dump at 1454974757
stats: users 6 128
stats: {load,"tsung_controller_74@Wonko-the-Sane"} 1 2.73046875 0.0 4.15234375 1.78515625 2.70703125 40
stats: {freemem,"tsung_controller_74@Wonko-the-Sane"} 1 59.390625 0.0 59.453125 15.4140625 24.388476562500003 40
stats: {cpu,"tsung_controller_74@Wonko-the-Sane"} 1 0.0 0.0 0 0 0.0 40
stats: session 1 207430.78393554688 0.0 233966.37817382813 6644.126953125 63017.49045738808 208
stats: users_count 0 215
stats: finish_users_count 1 209
stats: request 1 207428.828125 0.0 207667.208984375 6641.6611328125 54294.03041428786 208
stats: connect 2 71329.26098632813 4017.4169921875 143373.69995117188 68.820068359375 39352.84850431742 209
stats: page 1 207428.828125 0.0 207667.208984375 6641.6611328125 54294.03041428786 208
stats: 408 0 18
stats: 200 0 176
stats: size_rcv 0 3992
stats: newphase 0 2
stats: size_sent 288 30736
stats: connected 1 2
stats: error_connect_etimedout 0 18
# stats: dump at 1454974767
stats: users 3 128
stats: {load,"tsung_controller_74@Wonko-the-Sane"} 1 2.91015625 0.0 4.15234375 1.78515625 2.7076028963414633 41
stats: {freemem,"tsung_controller_74@Wonko-the-Sane"} 1 32.1171875 0.0 59.453125 15.4140625 25.2421875 41
stats: {cpu,"tsung_controller_74@Wonko-the-Sane"} 1 0.0 0.0 0 0 0.0 41
stats: session 3 228725.89412434897 3998.6741406540723 234379.59619140625 6644.126953125 63708.46315345583 209
stats: users_count 0 215
stats: finish_users_count 3 212
stats: request 3 77542.7412923177 3944.6493606842123 207667.208984375 6641.6611328125 55026.73279567883 209
stats: connect 2 71323.31860351563 4020.592529296875 143373.69995117188 68.820068359375 39655.94246149288 211
stats: page 3 77542.7412923177 3944.6493606842123 207667.208984375 6641.6611328125 55026.73279567883 209
stats: 408 0 18
stats: 200 3 179
stats: size_rcv 3 3995
stats: newphase 0 2
stats: size_sent 288 31024
stats: connected -1 1
stats: error_connect_etimedout 0 18
# stats: dump at 1454974777
stats: users 1 128
stats: {load,"tsung_controller_74@Wonko-the-Sane"} 1 2.9296875 0.0 4.15234375 1.78515625 2.7124255952380953 42
stats: {freemem,"tsung_controller_74@Wonko-the-Sane"} 1 77.50390625 0.0 77.50390625 15.4140625 25.405877976190474 42
stats: {cpu,"tsung_controller_74@Wonko-the-Sane"} 1 0.0 0.0 0 0 0.0 42
stats: session 2 271215.373046875 37893.901123046875 309109.2741699219 6644.126953125 66043.61547851564 212
stats: users_count 0 215
stats: finish_users_count 2 214
stats: request 2 44656.509521484375 37504.175537109375 207667.208984375 6641.6611328125 55345.35555742372 212
stats: connect 1 72.305908203125 0.0 143373.69995117188 68.820068359375 39953.288716347546 213
stats: page 2 44656.509521484375 37504.175537109375 207667.208984375 6641.6611328125 55345.35555742372 212
stats: 408 0 18
stats: 200 2 181
stats: size_rcv 2 3997
stats: newphase 0 2
stats: size_sent 144 31168
stats: connected -1 0
stats: error_connect_etimedout 1 19
# stats: dump at 1454974787
stats: users 1 128
stats: {load,"tsung_controller_74@Wonko-the-Sane"} 1 3.48046875 0.0 4.15234375 1.78515625 2.7174781976744184 43
stats: {freemem,"tsung_controller_74@Wonko-the-Sane"} 1 30.640625 0.0 77.50390625 15.4140625 26.61746002906977 43
stats: {cpu,"tsung_controller_74@Wonko-the-Sane"} 1 0.0 0.0 0 0 0.0 43
stats: session 0 0 0 309109.2741699219 6644.126953125 67961.10853990218 214
stats: users_count 0 215
stats: finish_users_count 0 214
stats: request 0 0 0 207667.208984375 6641.6611328125 55245.45980007849 214
stats: connect 0 0 0 143373.69995117188 68.820068359375 39766.92898359921 214
stats: page 0 0 0 207667.208984375 6641.6611328125 55245.45980007849 214
stats: 408 0 18
stats: 200 0 181
stats: size_rcv 0 3997
stats: newphase 0 2
stats: size_sent 0 31168
stats: connected 0 0
stats: error_connect_etimedout 0 19
# stats: dump at 1454974797
stats: users 1 128
stats: {load,"tsung_controller_74@Wonko-the-Sane"} 1 3.76171875 0.0 4.15234375 1.78515625 2.7348188920454546 44
stats: {freemem,"tsung_controller_74@Wonko-the-Sane"} 1 25.18359375 0.0 77.50390625 15.4140625 26.70889559659091 44
stats: {cpu,"tsung_controller_74@Wonko-the-Sane"} 1 0.0 0.0 0 0 0.0 44
stats: session 0 0 0 309109.2741699219 6644.126953125 67961.10853990218 214
stats: users_count 0 215
stats: finish_users_count 0 214
stats: request 0 0 0 207667.208984375 6641.6611328125 55245.45980007849 214
stats: connect 0 0 0 143373.69995117188 68.820068359375 39766.92898359921 214
stats: page 0 0 0 207667.208984375 6641.6611328125 55245.45980007849 214
stats: 408 0 18
stats: 200 0 181
stats: size_rcv 0 3997
stats: newphase 0 2
stats: size_sent 0 31168
stats: connected 0 0
stats: error_connect_etimedout 0 19
# stats: dump at 1454974807
stats: users 1 128
stats: {load,"tsung_controller_74@Wonko-the-Sane"} 1 3.41796875 0.0 4.15234375 1.78515625 2.7576388888888888 45
stats: {freemem,"tsung_controller_74@Wonko-the-Sane"} 1 19.96484375 0.0 77.50390625 15.4140625 26.675 45
stats: {cpu,"tsung_controller_74@Wonko-the-Sane"} 1 0.0 0.0 0 0 0.0 45
stats: session 0 0 0 309109.2741699219 6644.126953125 67961.10853990218 214
stats: users_count 0 215
stats: finish_users_count 0 214
stats: request 0 0 0 207667.208984375 6641.6611328125 55245.45980007849 214
stats: connect 0 0 0 143373.69995117188 68.820068359375 39766.92898359921 214
stats: page 0 0 0 207667.208984375 6641.6611328125 55245.45980007849 214
stats: 408 0 18
stats: 200 0 181
stats: size_rcv 0 3997
stats: newphase 0 2
stats: size_sent 0 31168
stats: connected 0 0
stats: error_connect_etimedout 1 20
# stats: dump at 1454974817
stats: users 1 128
stats: {load,"tsung_controller_74@Wonko-the-Sane"} 1 3.1171875 0.0 4.15234375 1.78515625 2.7719938858695654 46
stats: {freemem,"tsung_controller_74@Wonko-the-Sane"} 1 20.515625 0.0 77.50390625 15.4140625 26.529127038043477 46
stats: {cpu,"tsung_controller_74@Wonko-the-Sane"} 1 0.0 0.0 0 0 0.0 46
stats: session 0 0 0 309109.2741699219 6644.126953125 67961.10853990218 214
stats: users_count 0 215
stats: finish_users_count 0 214
stats: request 0 0 0 207667.208984375 6641.6611328125 55245.45980007849 214
stats: connect 0 0 0 143373.69995117188 68.820068359375 39766.92898359921 214
stats: page 0 0 0 207667.208984375 6641.6611328125 55245.45980007849 214
stats: 408 0 18
stats: 200 0 181
stats: size_rcv 0 3997
stats: newphase 0 2
stats: size_sent 0 31168
stats: connected 0 0
stats: error_connect_etimedout 0 20
# stats: dump at 1454974827
stats: users 1 128
stats: {load,"tsung_controller_74@Wonko-the-Sane"} 1 2.8671875 0.0 4.15234375 1.78515625 2.779338430851064 47
stats: {freemem,"tsung_controller_74@Wonko-the-Sane"} 1 17.35546875 0.0 77.50390625 15.4140625 26.401180186170212 47
stats: {cpu,"tsung_controller_74@Wonko-the-Sane"} 1 0.0 0.0 0 0 0.0 47
stats: session 0 0 0 309109.2741699219 6644.126953125 67961.10853990218 214
stats: users_count 0 215
stats: finish_users_count 0 214
stats: request 0 0 0 207667.208984375 6641.6611328125 55245.45980007849 214
stats: connect 0 0 0 143373.69995117188 68.820068359375 39766.92898359921 214
stats: page 0 0 0 207667.208984375 6641.6611328125 55245.45980007849 214
stats: 408 0 18
stats: 200 0 181
stats: size_rcv 0 3997
stats: newphase 0 2
stats: size_sent 0 31168
stats: connected 0 0
stats: error_connect_etimedout 0 20
# stats: dump at 1454974837
stats: users 1 128
stats: {load,"tsung_controller_74@Wonko-the-Sane"} 1 2.80078125 0.0 4.15234375 1.78515625 2.7811686197916665 48
stats: {freemem,"tsung_controller_74@Wonko-the-Sane"} 1 18.8828125 0.0 77.50390625 15.4140625 26.212727864583332 48
stats: {cpu,"tsung_controller_74@Wonko-the-Sane"} 1 0.0 0.0 0 0 0.0 48
stats: session 0 0 0 309109.2741699219 6644.126953125 67961.10853990218 214
stats: users_count 0 215
stats: finish_users_count 0 214
stats: request 0 0 0 207667.208984375 6641.6611328125 55245.45980007849 214
stats: connect 0 0 0 143373.69995117188 68.820068359375 39766.92898359921 214
stats: page 0 0 0 207667.208984375 6641.6611328125 55245.45980007849 214
stats: 408 0 18
stats: 200 0 181
stats: size_rcv 0 3997
stats: newphase 0 2
stats: size_sent 0 31168
stats: connected 0 0
stats: error_connect_etimedout 0 20
# stats: dump at 1454974847
stats: users 1 128
stats: {load,"tsung_controller_74@Wonko-the-Sane"} 1 2.52734375 0.0 4.15234375 1.78515625 2.7815688775510203 49
stats: {freemem,"tsung_controller_74@Wonko-the-Sane"} 1 22.1953125 0.0 77.50390625 15.4140625 26.06313775510204 49
stats: {cpu,"tsung_controller_74@Wonko-the-Sane"} 1 0.0 0.0 0 0 0.0 49
stats: session 0 0 0 309109.2741699219 6644.126953125 67961.10853990218 214
stats: users_count 0 215
stats: finish_users_count 0 214
stats: request 0 0 0 207667.208984375 6641.6611328125 55245.45980007849 214
stats: connect 0 0 0 143373.69995117188 68.820068359375 39766.92898359921 214
stats: page 0 0 0 207667.208984375 6641.6611328125 55245.45980007849 214
stats: 408 0 18
stats: 200 0 181
stats: size_rcv 0 3997
stats: newphase 0 2
stats: size_sent 0 31168
stats: connected 0 0
stats: error_connect_etimedout 0 20
# stats: dump at 1454974857
stats: users 1 128
stats: {load,"tsung_controller_74@Wonko-the-Sane"} 1 2.44140625 0.0 4.15234375 1.78515625 2.776484375 50
stats: {freemem,"tsung_controller_74@Wonko-the-Sane"} 1 17.3046875 0.0 77.50390625 15.4140625 25.98578125 50
stats: {cpu,"tsung_controller_74@Wonko-the-Sane"} 1 0.0 0.0 0 0 0.0 50
stats: session 0 0 0 309109.2741699219 6644.126953125 67961.10853990218 214
stats: users_count 0 215
stats: finish_users_count 0 214
stats: request 0 0 0 207667.208984375 6641.6611328125 55245.45980007849 214
stats: connect 0 0 0 143373.69995117188 68.820068359375 39766.92898359921 214
stats: page 0 0 0 207667.208984375 6641.6611328125 55245.45980007849 214
stats: 408 0 18
stats: 200 0 181
stats: size_rcv 0 3997
stats: newphase 0 2
stats: size_sent 0 31168
stats: connected 0 0
stats: error_connect_etimedout 0 20
# stats: dump at 1454974867
stats: users 1 128
stats: {load,"tsung_controller_74@Wonko-the-Sane"} 1 2.22265625 0.0 4.15234375 1.78515625 2.7699142156862746 51
stats: {freemem,"tsung_controller_74@Wonko-the-Sane"} 1 18.1484375 0.0 77.50390625 15.4140625 25.815563725490197 51
stats: {cpu,"tsung_controller_74@Wonko-the-Sane"} 1 0.0 0.0 0 0 0.0 51
stats: session 0 0 0 309109.2741699219 6644.126953125 67961.10853990218 214
stats: users_count 0 215
stats: finish_users_count 0 214
stats: request 0 0 0 207667.208984375 6641.6611328125 55245.45980007849 214
stats: connect 0 0 0 143373.69995117188 68.820068359375 39766.92898359921 214
stats: page 0 0 0 207667.208984375 6641.6611328125 55245.45980007849 214
stats: 408 0 18
stats: 200 0 181
stats: size_rcv 0 3997
stats: newphase 0 2
stats: size_sent 0 31168
stats: connected 0 0
stats: error_connect_etimedout 0 20
# stats: dump at 1454974877
stats: users 1 128
stats: {load,"tsung_controller_74@Wonko-the-Sane"} 1 2.4375 0.0 4.15234375 1.78515625 2.7593900240384617 52
stats: {freemem,"tsung_controller_74@Wonko-the-Sane"} 1 17.578125 0.0 77.50390625 15.4140625 25.668118990384617 52
stats: {cpu,"tsung_controller_74@Wonko-the-Sane"} 1 0.0 0.0 0 0 0.0 52
stats: session 0 0 0 309109.2741699219 6644.126953125 67961.10853990218 214
stats: users_count 0 215
stats: finish_users_count 0 214
stats: request 0 0 0 207667.208984375 6641.6611328125 55245.45980007849 214
stats: connect 1 67323.9990234375 0.0 143373.69995117188 68.820068359375 39766.92898359921 214
stats: page 0 0 0 207667.208984375 6641.6611328125 55245.45980007849 214
stats: 408 0 18
stats: 200 0 181
stats: size_rcv 0 3997
stats: newphase 0 2
stats: size_sent 144 31312
stats: connected 1 1
stats: error_connect_etimedout 0 20
# stats: dump at 1454974881
stats: users 0 128
stats: {load,"tsung_controller_74@Wonko-the-Sane"} 0 0 0 4.15234375 1.78515625 2.7533166273584904 53
stats: {freemem,"tsung_controller_74@Wonko-the-Sane"} 0 0 0 77.50390625 15.4140625 25.51547759433962 53
stats: {cpu,"tsung_controller_74@Wonko-the-Sane"} 0 0 0 0 0 0.0 53
stats: session 1 376385.10302734375 0.0 376385.10302734375 6644.126953125 67961.10853990218 214
stats: users_count 0 215
stats: finish_users_count 1 215
stats: request 1 74426.13598632813 0.0 207667.208984375 6641.6611328125 55245.45980007849 214
stats: connect 0 0 0 143373.69995117188 68.820068359375 39895.101402389155 215
stats: page 1 74426.13598632813 0.0 207667.208984375 6641.6611328125 55245.45980007849 214
stats: 408 0 18
stats: 200 1 182
stats: size_rcv 1 3998
stats: newphase 0 2
stats: size_sent 0 31312
stats: connected -1 0
stats: error_connect_etimedout 0 20
EndMonitor:{1454,974881,539761}
