
=INFO REPORT==== 19-Feb-2016::10:49:17 ===
    ts_config_server:(5:<0.69.0>) Config server started, logdir is "/Library/WebServer/Documents/tsungui/templates/apirt_synapsys_us-weather/log/20160219-1049"
 
=INFO REPORT==== 19-Feb-2016::10:49:17 ===
              ts_mon:(5:<0.50.0>) starting monitor, global 

=INFO REPORT==== 19-Feb-2016::10:49:17 ===
           ts_config:(5:<0.69.0>) Reading config file: config.xml

=INFO REPORT==== 19-Feb-2016::10:49:17 ===
      ts_config_http:(4:<0.69.0>) Get user agent: 80 "Mozilla/5.0 (X11; U; Linux i686; en-US; rv:1.7.8) Gecko/20050513 Galeon/1.3.21" 

=INFO REPORT==== 19-Feb-2016::10:49:17 ===
      ts_config_http:(4:<0.69.0>) Get user agent: 20 "Mozilla/5.0 (Windows; U; Windows NT 5.2; fr-FR; rv:1.7.8) Gecko/20050511 Firefox/1.0.4" 

=INFO REPORT==== 19-Feb-2016::10:49:17 ===
           ts_config:(5:<0.69.0>) Session name for id 1 is "http-example"

=INFO REPORT==== 19-Feb-2016::10:49:17 ===
    ts_config_server:(4:<0.69.0>) SYSINFO:Tsung version: 1.6.0

=INFO REPORT==== 19-Feb-2016::10:49:17 ===
    ts_config_server:(4:<0.69.0>) SYSINFO:Erlang version: Erlang/OTP 18 [erts-7.2.1] [source] [64-bit] [smp:4:4] [async-threads:8] [hipe] [kernel-poll:true] [dtrace]


=INFO REPORT==== 19-Feb-2016::10:49:17 ===
    ts_config_server:(4:<0.69.0>) SYSINFO:System architecture x86_64-apple-darwin15.2.0

=INFO REPORT==== 19-Feb-2016::10:49:17 ===
    ts_config_server:(4:<0.69.0>) SYSINFO:Current path: /usr/local/Cellar/tsung/1.6.0/lib/erlang/lib/tsung-1.6.0/ebin/tsung.beam

=INFO REPORT==== 19-Feb-2016::10:49:17 ===
       ts_job_notify:(6:<0.81.0>) No listen port defined, can't open listening socket (don't worry: it's normal if you don't use job notifications) 

=INFO REPORT==== 19-Feb-2016::10:49:17 ===
    ts_os_mon_erlang:(6:<0.90.0>) Running os_mon on the same host as the controller, use the same beam

=INFO REPORT==== 19-Feb-2016::10:49:17 ===
              ts_mon:(5:<0.70.0>) Activate clients with text backend

=INFO REPORT==== 19-Feb-2016::10:49:17 ===
              ts_mon:(5:<0.70.0>) Starting tsung clients on hosts: [localhost]

=INFO REPORT==== 19-Feb-2016::10:49:17 ===
    ts_config_server:(5:<0.69.0>) Start a launcher on the controller beam localhost

=INFO REPORT==== 19-Feb-2016::10:49:17 ===
              ts_sup:(6:<0.118.0>) starting supervisor ...

=INFO REPORT==== 19-Feb-2016::10:49:17 ===
              ts_sup:(6:<0.119.0>) starting
=INFO REPORT==== 19-Feb-2016::10:49:17 ===
          ts_ip_scan:(6:<0.120.0>) Starting 

=INFO REPORT==== 19-Feb-2016::10:49:17 ===
    alarm_handler: {set,{system_memory_high_watermark,[]}}

=INFO REPORT==== 19-Feb-2016::10:49:17 ===
     ts_launcher_mgr:(6:<0.121.0>) starting
=INFO REPORT==== 19-Feb-2016::10:49:17 ===
    ts_session_cache:(6:<0.119.0>) Starting

=WARNING REPORT==== 19-Feb-2016::10:49:17 ===
OS_MON (cpu_sup), util/1 unavailable for this OS

=INFO REPORT==== 19-Feb-2016::10:49:17 ===
        ts_mon_cache:(6:<0.119.0>) Starting

=INFO REPORT==== 19-Feb-2016::10:49:17 ===
        ts_local_mon:(6:<0.119.0>) Starting

=INFO REPORT==== 19-Feb-2016::10:49:17 ===
       ts_client_sup:(6:<0.127.0>) Starting 

=INFO REPORT==== 19-Feb-2016::10:49:17 ===
  ts_launcher_static:(6:<0.119.0>) starting 

=INFO REPORT==== 19-Feb-2016::10:49:17 ===
         ts_launcher:(6:<0.119.0>) starting 

=INFO REPORT==== 19-Feb-2016::10:49:17 ===
    ts_config_server:(6:<0.69.0>) Application started, activate launcher, 

=INFO REPORT==== 19-Feb-2016::10:49:17 ===
  ts_launcher_static:(6:<0.69.0>) starting on node ['tsung_controller_121@Wonko-the-Sane']

=INFO REPORT==== 19-Feb-2016::10:49:17 ===
         ts_launcher:(6:<0.69.0>) starting on node ['tsung_controller_121@Wonko-the-Sane']

=INFO REPORT==== 19-Feb-2016::10:49:17 ===
  ts_launcher_static:(5:<0.128.0>) Launch msg receive ("localhost")

=INFO REPORT==== 19-Feb-2016::10:49:17 ===
         ts_launcher:(5:<0.129.0>) Launch msg receive ("localhost")

=INFO REPORT==== 19-Feb-2016::10:49:17 ===
     ts_launcher_mgr:(6:<0.121.0>) syncing already done, skip

=INFO REPORT==== 19-Feb-2016::10:49:17 ===
              ts_mon:(6:<0.70.0>) A launcher has started

=INFO REPORT==== 19-Feb-2016::10:49:17 ===
    ts_config_server:(5:<0.69.0>) All remote beams started, syncing 

=INFO REPORT==== 19-Feb-2016::10:49:17 ===
    ts_config_server:(5:<0.69.0>) Undefined ports_range config 

=INFO REPORT==== 19-Feb-2016::10:49:17 ===
    ts_config_server:(5:<0.69.0>) New arrival phase 1 for client "localhost" (last ? true): will start 15 users

=INFO REPORT==== 19-Feb-2016::10:49:17 ===
  ts_launcher_static:(6:<0.128.0>) No static users, stop
=INFO REPORT==== 19-Feb-2016::10:49:17 ===
    ts_config_server:(5:<0.69.0>) New arrival phase 2 for client "localhost" (last ? true): will start 100 users

=INFO REPORT==== 19-Feb-2016::10:49:17 ===
  ts_launcher_static:(6:<0.128.0>) launcher terminating for reason normal

=INFO REPORT==== 19-Feb-2016::10:49:17 ===
    ts_config_server:(5:<0.69.0>) New arrival phase 3 for client "localhost" (last ? true): will start 100 users

=INFO REPORT==== 19-Feb-2016::10:49:17 ===
         ts_launcher:(5:<0.129.0>) Expected duration of first phase: 60.0 sec (15 users) 

=INFO REPORT==== 19-Feb-2016::10:49:17 ===
         ts_launcher:(5:<0.129.0>) Can't get file descriptors limit from system, you should verify that 'maxusers' has a good value 
=INFO REPORT==== 19-Feb-2016::10:49:17 ===
         ts_launcher:(5:<0.129.0>) Activate launcher (15 users) in 6207 msec 

=INFO REPORT==== 19-Feb-2016::10:49:24 ===
    ts_config_server:(6:<0.69.0>) Session 1 chosen

=INFO REPORT==== 19-Feb-2016::10:49:24 ===
           ts_client:(6:<0.133.0>) Session ending 

=WARNING REPORT==== 19-Feb-2016::10:49:28 ===
OS_MON (cpu_sup), util/1 unavailable for this OS

=INFO REPORT==== 19-Feb-2016::10:49:29 ===
    ts_config_server:(6:<0.69.0>) Session 1 chosen

=INFO REPORT==== 19-Feb-2016::10:49:29 ===
           ts_client:(6:<0.140.0>) Session ending 

=WARNING REPORT==== 19-Feb-2016::10:49:38 ===
OS_MON (cpu_sup), util/1 unavailable for this OS

=INFO REPORT==== 19-Feb-2016::10:49:40 ===
    ts_config_server:(6:<0.69.0>) Session 1 chosen

=INFO REPORT==== 19-Feb-2016::10:49:41 ===
           ts_client:(6:<0.145.0>) Session ending 

=INFO REPORT==== 19-Feb-2016::10:49:41 ===
    ts_config_server:(6:<0.69.0>) Session 1 chosen

=INFO REPORT==== 19-Feb-2016::10:49:41 ===
           ts_client:(6:<0.146.0>) Session ending 

=INFO REPORT==== 19-Feb-2016::10:49:43 ===
    ts_config_server:(6:<0.69.0>) Session 1 chosen

=INFO REPORT==== 19-Feb-2016::10:49:43 ===
           ts_client:(6:<0.147.0>) Session ending 

=WARNING REPORT==== 19-Feb-2016::10:49:48 ===
OS_MON (cpu_sup), util/1 unavailable for this OS

=INFO REPORT==== 19-Feb-2016::10:49:50 ===
    ts_config_server:(6:<0.69.0>) Session 1 chosen

=INFO REPORT==== 19-Feb-2016::10:49:51 ===
           ts_client:(6:<0.152.0>) Session ending 

=INFO REPORT==== 19-Feb-2016::10:49:51 ===
    ts_config_server:(6:<0.69.0>) Session 1 chosen

=INFO REPORT==== 19-Feb-2016::10:49:51 ===
           ts_client:(6:<0.153.0>) Session ending 

=INFO REPORT==== 19-Feb-2016::10:49:54 ===
    ts_config_server:(6:<0.69.0>) Session 1 chosen

=INFO REPORT==== 19-Feb-2016::10:49:54 ===
           ts_client:(6:<0.154.0>) Session ending 

=WARNING REPORT==== 19-Feb-2016::10:49:58 ===
OS_MON (cpu_sup), util/1 unavailable for this OS

=WARNING REPORT==== 19-Feb-2016::10:50:08 ===
OS_MON (cpu_sup), util/1 unavailable for this OS

=INFO REPORT==== 19-Feb-2016::10:50:16 ===
    ts_config_server:(6:<0.69.0>) Session 1 chosen

=INFO REPORT==== 19-Feb-2016::10:50:16 ===
           ts_client:(6:<0.163.0>) Session ending 

=INFO REPORT==== 19-Feb-2016::10:50:18 ===
    ts_config_server:(6:<0.69.0>) Session 1 chosen

=WARNING REPORT==== 19-Feb-2016::10:50:18 ===
OS_MON (cpu_sup), util/1 unavailable for this OS

=INFO REPORT==== 19-Feb-2016::10:50:18 ===
           ts_client:(6:<0.167.0>) Session ending 

=INFO REPORT==== 19-Feb-2016::10:50:25 ===
    ts_config_server:(6:<0.69.0>) Session 1 chosen

=INFO REPORT==== 19-Feb-2016::10:50:25 ===
         ts_launcher:(5:<0.129.0>) Phase duration exceeded, but not all users were launched (4 users, 26.7% of phase)

=INFO REPORT==== 19-Feb-2016::10:50:25 ===
         ts_launcher:(5:<0.129.0>) Start a new arrival phase (100 users, 0.001); expected duration=120.0 sec

=INFO REPORT==== 19-Feb-2016::10:50:25 ===
           ts_client:(6:<0.171.0>) Session ending 

=WARNING REPORT==== 19-Feb-2016::10:50:28 ===
OS_MON (cpu_sup), util/1 unavailable for this OS

=WARNING REPORT==== 19-Feb-2016::10:50:38 ===
OS_MON (cpu_sup), util/1 unavailable for this OS

=INFO REPORT==== 19-Feb-2016::10:50:47 ===
    ts_config_server:(6:<0.69.0>) Session 1 chosen

=INFO REPORT==== 19-Feb-2016::10:50:47 ===
           ts_client:(6:<0.180.0>) Session ending 

=INFO REPORT==== 19-Feb-2016::10:50:47 ===
    ts_config_server:(6:<0.69.0>) Session 1 chosen

=INFO REPORT==== 19-Feb-2016::10:50:48 ===
           ts_client:(6:<0.181.0>) Session ending 

=INFO REPORT==== 19-Feb-2016::10:50:48 ===
    ts_config_server:(6:<0.69.0>) Session 1 chosen

=INFO REPORT==== 19-Feb-2016::10:50:48 ===
           ts_client:(6:<0.183.0>) Session ending 

=WARNING REPORT==== 19-Feb-2016::10:50:48 ===
OS_MON (cpu_sup), util/1 unavailable for this OS

=INFO REPORT==== 19-Feb-2016::10:50:48 ===
    ts_config_server:(6:<0.69.0>) Session 1 chosen

=INFO REPORT==== 19-Feb-2016::10:50:48 ===
           ts_client:(6:<0.187.0>) Session ending 

=INFO REPORT==== 19-Feb-2016::10:50:49 ===
    ts_config_server:(6:<0.69.0>) Session 1 chosen

=INFO REPORT==== 19-Feb-2016::10:50:50 ===
           ts_client:(6:<0.188.0>) Session ending 

=INFO REPORT==== 19-Feb-2016::10:50:52 ===
    ts_config_server:(6:<0.69.0>) Session 1 chosen

=INFO REPORT==== 19-Feb-2016::10:50:52 ===
           ts_client:(6:<0.189.0>) Session ending 

=INFO REPORT==== 19-Feb-2016::10:50:53 ===
    ts_config_server:(6:<0.69.0>) Session 1 chosen

=INFO REPORT==== 19-Feb-2016::10:50:53 ===
           ts_client:(6:<0.190.0>) Session ending 

=INFO REPORT==== 19-Feb-2016::10:50:54 ===
    ts_config_server:(6:<0.69.0>) Session 1 chosen

=INFO REPORT==== 19-Feb-2016::10:50:54 ===
           ts_client:(6:<0.191.0>) Session ending 

=INFO REPORT==== 19-Feb-2016::10:50:55 ===
    ts_config_server:(6:<0.69.0>) Session 1 chosen

=INFO REPORT==== 19-Feb-2016::10:50:55 ===
    ts_config_server:(6:<0.69.0>) Session 1 chosen

=INFO REPORT==== 19-Feb-2016::10:50:55 ===
           ts_client:(6:<0.192.0>) Session ending 

=INFO REPORT==== 19-Feb-2016::10:50:55 ===
           ts_client:(6:<0.193.0>) Session ending 

=INFO REPORT==== 19-Feb-2016::10:50:57 ===
    ts_config_server:(6:<0.69.0>) Session 1 chosen

=INFO REPORT==== 19-Feb-2016::10:50:57 ===
           ts_client:(6:<0.194.0>) Session ending 

=INFO REPORT==== 19-Feb-2016::10:50:57 ===
    ts_config_server:(6:<0.69.0>) Session 1 chosen

=INFO REPORT==== 19-Feb-2016::10:50:57 ===
           ts_client:(6:<0.195.0>) Session ending 

=INFO REPORT==== 19-Feb-2016::10:50:58 ===
    ts_config_server:(6:<0.69.0>) Session 1 chosen

=INFO REPORT==== 19-Feb-2016::10:50:58 ===
           ts_client:(6:<0.197.0>) Session ending 

=WARNING REPORT==== 19-Feb-2016::10:50:58 ===
OS_MON (cpu_sup), util/1 unavailable for this OS

=INFO REPORT==== 19-Feb-2016::10:50:59 ===
    ts_config_server:(6:<0.69.0>) Session 1 chosen

=INFO REPORT==== 19-Feb-2016::10:50:59 ===
    ts_config_server:(6:<0.69.0>) Session 1 chosen

=INFO REPORT==== 19-Feb-2016::10:50:59 ===
    ts_config_server:(6:<0.69.0>) Session 1 chosen

=INFO REPORT==== 19-Feb-2016::10:50:59 ===
    ts_config_server:(6:<0.69.0>) Session 1 chosen

=INFO REPORT==== 19-Feb-2016::10:50:59 ===
           ts_client:(6:<0.201.0>) Session ending 

=INFO REPORT==== 19-Feb-2016::10:50:59 ===
           ts_client:(6:<0.202.0>) Session ending 

=INFO REPORT==== 19-Feb-2016::10:50:59 ===
           ts_client:(6:<0.204.0>) Session ending 

=INFO REPORT==== 19-Feb-2016::10:50:59 ===
           ts_client:(6:<0.203.0>) Session ending 

=INFO REPORT==== 19-Feb-2016::10:51:00 ===
    ts_config_server:(6:<0.69.0>) Session 1 chosen

=INFO REPORT==== 19-Feb-2016::10:51:00 ===
           ts_client:(6:<0.205.0>) Session ending 

=INFO REPORT==== 19-Feb-2016::10:51:00 ===
    ts_config_server:(6:<0.69.0>) Session 1 chosen

=INFO REPORT==== 19-Feb-2016::10:51:00 ===
           ts_client:(6:<0.206.0>) Session ending 

=INFO REPORT==== 19-Feb-2016::10:51:01 ===
    ts_config_server:(6:<0.69.0>) Session 1 chosen

=INFO REPORT==== 19-Feb-2016::10:51:01 ===
           ts_client:(6:<0.207.0>) Session ending 

=INFO REPORT==== 19-Feb-2016::10:51:05 ===
    ts_config_server:(6:<0.69.0>) Session 1 chosen

=INFO REPORT==== 19-Feb-2016::10:51:05 ===
           ts_client:(6:<0.208.0>) Session ending 

=INFO REPORT==== 19-Feb-2016::10:51:05 ===
    ts_config_server:(6:<0.69.0>) Session 1 chosen

=INFO REPORT==== 19-Feb-2016::10:51:06 ===
           ts_client:(6:<0.209.0>) Session ending 

=INFO REPORT==== 19-Feb-2016::10:51:06 ===
    ts_config_server:(6:<0.69.0>) Session 1 chosen

=INFO REPORT==== 19-Feb-2016::10:51:07 ===
           ts_client:(6:<0.210.0>) Session ending 

=INFO REPORT==== 19-Feb-2016::10:51:07 ===
    ts_config_server:(6:<0.69.0>) Session 1 chosen

=INFO REPORT==== 19-Feb-2016::10:51:07 ===
           ts_client:(6:<0.211.0>) Session ending 

=WARNING REPORT==== 19-Feb-2016::10:51:08 ===
OS_MON (cpu_sup), util/1 unavailable for this OS

=INFO REPORT==== 19-Feb-2016::10:51:11 ===
    ts_config_server:(6:<0.69.0>) Session 1 chosen

=INFO REPORT==== 19-Feb-2016::10:51:12 ===
           ts_client:(6:<0.216.0>) Session ending 

=INFO REPORT==== 19-Feb-2016::10:51:12 ===
    ts_config_server:(6:<0.69.0>) Session 1 chosen

=INFO REPORT==== 19-Feb-2016::10:51:12 ===
           ts_client:(6:<0.217.0>) Session ending 

=INFO REPORT==== 19-Feb-2016::10:51:13 ===
    ts_config_server:(6:<0.69.0>) Session 1 chosen

=INFO REPORT==== 19-Feb-2016::10:51:13 ===
           ts_client:(6:<0.218.0>) Session ending 

=INFO REPORT==== 19-Feb-2016::10:51:13 ===
    ts_config_server:(6:<0.69.0>) Session 1 chosen

=INFO REPORT==== 19-Feb-2016::10:51:13 ===
           ts_client:(6:<0.219.0>) Session ending 

=INFO REPORT==== 19-Feb-2016::10:51:13 ===
    ts_config_server:(6:<0.69.0>) Session 1 chosen

=INFO REPORT==== 19-Feb-2016::10:51:13 ===
    ts_config_server:(6:<0.69.0>) Session 1 chosen

=INFO REPORT==== 19-Feb-2016::10:51:13 ===
           ts_client:(6:<0.220.0>) Session ending 

=INFO REPORT==== 19-Feb-2016::10:51:13 ===
           ts_client:(6:<0.221.0>) Session ending 

=INFO REPORT==== 19-Feb-2016::10:51:13 ===
    ts_config_server:(6:<0.69.0>) Session 1 chosen

=INFO REPORT==== 19-Feb-2016::10:51:14 ===
           ts_client:(6:<0.222.0>) Session ending 

=INFO REPORT==== 19-Feb-2016::10:51:14 ===
    ts_config_server:(6:<0.69.0>) Session 1 chosen

=INFO REPORT==== 19-Feb-2016::10:51:14 ===
           ts_client:(6:<0.223.0>) Session ending 

=INFO REPORT==== 19-Feb-2016::10:51:14 ===
    ts_config_server:(6:<0.69.0>) Session 1 chosen

=INFO REPORT==== 19-Feb-2016::10:51:14 ===
           ts_client:(6:<0.224.0>) Session ending 

=INFO REPORT==== 19-Feb-2016::10:51:15 ===
    ts_config_server:(6:<0.69.0>) Session 1 chosen

=INFO REPORT==== 19-Feb-2016::10:51:16 ===
           ts_client:(6:<0.225.0>) Session ending 

=INFO REPORT==== 19-Feb-2016::10:51:16 ===
    ts_config_server:(6:<0.69.0>) Session 1 chosen

=INFO REPORT==== 19-Feb-2016::10:51:16 ===
           ts_client:(6:<0.226.0>) Session ending 

=INFO REPORT==== 19-Feb-2016::10:51:16 ===
    ts_config_server:(6:<0.69.0>) Session 1 chosen

=INFO REPORT==== 19-Feb-2016::10:51:17 ===
           ts_client:(6:<0.227.0>) Session ending 

=INFO REPORT==== 19-Feb-2016::10:51:17 ===
    ts_config_server:(6:<0.69.0>) Session 1 chosen

=INFO REPORT==== 19-Feb-2016::10:51:17 ===
           ts_client:(6:<0.228.0>) Session ending 

=INFO REPORT==== 19-Feb-2016::10:51:18 ===
    ts_config_server:(6:<0.69.0>) Session 1 chosen

=INFO REPORT==== 19-Feb-2016::10:51:18 ===
           ts_client:(6:<0.233.0>) Session ending 

=WARNING REPORT==== 19-Feb-2016::10:51:18 ===
OS_MON (cpu_sup), util/1 unavailable for this OS

=INFO REPORT==== 19-Feb-2016::10:51:19 ===
    ts_config_server:(6:<0.69.0>) Session 1 chosen

=INFO REPORT==== 19-Feb-2016::10:51:19 ===
           ts_client:(6:<0.237.0>) Session ending 

=INFO REPORT==== 19-Feb-2016::10:51:22 ===
    ts_config_server:(6:<0.69.0>) Session 1 chosen

=INFO REPORT==== 19-Feb-2016::10:51:22 ===
           ts_client:(6:<0.238.0>) Session ending 

=INFO REPORT==== 19-Feb-2016::10:51:23 ===
    ts_config_server:(6:<0.69.0>) Session 1 chosen

=INFO REPORT==== 19-Feb-2016::10:51:24 ===
           ts_client:(6:<0.239.0>) Session ending 

=INFO REPORT==== 19-Feb-2016::10:51:24 ===
    ts_config_server:(6:<0.69.0>) Session 1 chosen

=INFO REPORT==== 19-Feb-2016::10:51:24 ===
    ts_config_server:(6:<0.69.0>) Session 1 chosen

=INFO REPORT==== 19-Feb-2016::10:51:24 ===
           ts_client:(6:<0.240.0>) Session ending 

=INFO REPORT==== 19-Feb-2016::10:51:25 ===
           ts_client:(6:<0.241.0>) Session ending 

=INFO REPORT==== 19-Feb-2016::10:51:26 ===
    ts_config_server:(6:<0.69.0>) Session 1 chosen

=INFO REPORT==== 19-Feb-2016::10:51:26 ===
           ts_client:(6:<0.242.0>) Session ending 

=INFO REPORT==== 19-Feb-2016::10:51:27 ===
    ts_config_server:(6:<0.69.0>) Session 1 chosen

=INFO REPORT==== 19-Feb-2016::10:51:27 ===
           ts_client:(6:<0.243.0>) Session ending 

=INFO REPORT==== 19-Feb-2016::10:51:27 ===
    ts_config_server:(6:<0.69.0>) Session 1 chosen

=INFO REPORT==== 19-Feb-2016::10:51:28 ===
           ts_client:(6:<0.245.0>) Session ending 

=INFO REPORT==== 19-Feb-2016::10:51:28 ===
    ts_config_server:(6:<0.69.0>) Session 1 chosen

=WARNING REPORT==== 19-Feb-2016::10:51:28 ===
OS_MON (cpu_sup), util/1 unavailable for this OS

=INFO REPORT==== 19-Feb-2016::10:51:28 ===
           ts_client:(6:<0.247.0>) Session ending 

=INFO REPORT==== 19-Feb-2016::10:51:29 ===
    ts_config_server:(6:<0.69.0>) Session 1 chosen

=INFO REPORT==== 19-Feb-2016::10:51:29 ===
           ts_client:(6:<0.250.0>) Session ending 

=INFO REPORT==== 19-Feb-2016::10:51:29 ===
    ts_config_server:(6:<0.69.0>) Session 1 chosen

=INFO REPORT==== 19-Feb-2016::10:51:29 ===
           ts_client:(6:<0.251.0>) Session ending 

=INFO REPORT==== 19-Feb-2016::10:51:30 ===
    ts_config_server:(6:<0.69.0>) Session 1 chosen

=INFO REPORT==== 19-Feb-2016::10:51:30 ===
           ts_client:(6:<0.252.0>) Session ending 

=INFO REPORT==== 19-Feb-2016::10:51:30 ===
    ts_config_server:(6:<0.69.0>) Session 1 chosen

=INFO REPORT==== 19-Feb-2016::10:51:30 ===
    ts_config_server:(6:<0.69.0>) Session 1 chosen

=INFO REPORT==== 19-Feb-2016::10:51:30 ===
           ts_client:(6:<0.253.0>) Session ending 

=INFO REPORT==== 19-Feb-2016::10:51:30 ===
           ts_client:(6:<0.254.0>) Session ending 

=INFO REPORT==== 19-Feb-2016::10:51:31 ===
    ts_config_server:(6:<0.69.0>) Session 1 chosen

=INFO REPORT==== 19-Feb-2016::10:51:31 ===
    ts_config_server:(6:<0.69.0>) Session 1 chosen

=INFO REPORT==== 19-Feb-2016::10:51:32 ===
           ts_client:(6:<0.256.0>) Session ending 

=INFO REPORT==== 19-Feb-2016::10:51:32 ===
           ts_client:(6:<0.255.0>) Session ending 

=INFO REPORT==== 19-Feb-2016::10:51:33 ===
    ts_config_server:(6:<0.69.0>) Session 1 chosen

=INFO REPORT==== 19-Feb-2016::10:51:34 ===
           ts_client:(6:<0.257.0>) Session ending 

=INFO REPORT==== 19-Feb-2016::10:51:34 ===
    ts_config_server:(6:<0.69.0>) Session 1 chosen

=INFO REPORT==== 19-Feb-2016::10:51:35 ===
           ts_client:(6:<0.258.0>) Session ending 

=INFO REPORT==== 19-Feb-2016::10:51:35 ===
    ts_config_server:(6:<0.69.0>) Session 1 chosen

=INFO REPORT==== 19-Feb-2016::10:51:35 ===
           ts_client:(6:<0.259.0>) Session ending 

=INFO REPORT==== 19-Feb-2016::10:51:36 ===
    ts_config_server:(6:<0.69.0>) Session 1 chosen

=INFO REPORT==== 19-Feb-2016::10:51:36 ===
    ts_config_server:(6:<0.69.0>) Session 1 chosen

=INFO REPORT==== 19-Feb-2016::10:51:37 ===
           ts_client:(6:<0.260.0>) Session ending 

=INFO REPORT==== 19-Feb-2016::10:51:37 ===
           ts_client:(6:<0.261.0>) Session ending 

=WARNING REPORT==== 19-Feb-2016::10:51:38 ===
OS_MON (cpu_sup), util/1 unavailable for this OS

=INFO REPORT==== 19-Feb-2016::10:51:39 ===
    ts_config_server:(6:<0.69.0>) Session 1 chosen

=INFO REPORT==== 19-Feb-2016::10:51:39 ===
           ts_client:(6:<0.266.0>) Session ending 

=INFO REPORT==== 19-Feb-2016::10:51:39 ===
    ts_config_server:(6:<0.69.0>) Session 1 chosen

=INFO REPORT==== 19-Feb-2016::10:51:39 ===
           ts_client:(6:<0.267.0>) Session ending 

=INFO REPORT==== 19-Feb-2016::10:51:41 ===
    ts_config_server:(6:<0.69.0>) Session 1 chosen

=INFO REPORT==== 19-Feb-2016::10:51:41 ===
           ts_client:(6:<0.268.0>) Session ending 

=INFO REPORT==== 19-Feb-2016::10:51:41 ===
    ts_config_server:(6:<0.69.0>) Session 1 chosen

=INFO REPORT==== 19-Feb-2016::10:51:41 ===
           ts_client:(6:<0.269.0>) Session ending 

=INFO REPORT==== 19-Feb-2016::10:51:42 ===
    ts_config_server:(6:<0.69.0>) Session 1 chosen

=INFO REPORT==== 19-Feb-2016::10:51:43 ===
           ts_client:(6:<0.270.0>) Session ending 

=INFO REPORT==== 19-Feb-2016::10:51:46 ===
    ts_config_server:(6:<0.69.0>) Session 1 chosen

=INFO REPORT==== 19-Feb-2016::10:51:47 ===
           ts_client:(6:<0.271.0>) Session ending 

=WARNING REPORT==== 19-Feb-2016::10:51:48 ===
OS_MON (cpu_sup), util/1 unavailable for this OS

=INFO REPORT==== 19-Feb-2016::10:51:50 ===
    ts_config_server:(6:<0.69.0>) Session 1 chosen

=INFO REPORT==== 19-Feb-2016::10:51:50 ===
           ts_client:(6:<0.276.0>) Session ending 

=INFO REPORT==== 19-Feb-2016::10:51:50 ===
    ts_config_server:(6:<0.69.0>) Session 1 chosen

=INFO REPORT==== 19-Feb-2016::10:51:51 ===
           ts_client:(6:<0.277.0>) Session ending 

=INFO REPORT==== 19-Feb-2016::10:51:52 ===
    ts_config_server:(6:<0.69.0>) Session 1 chosen

=INFO REPORT==== 19-Feb-2016::10:51:52 ===
           ts_client:(6:<0.278.0>) Session ending 

=INFO REPORT==== 19-Feb-2016::10:51:53 ===
    ts_config_server:(6:<0.69.0>) Session 1 chosen

=INFO REPORT==== 19-Feb-2016::10:51:53 ===
           ts_client:(6:<0.279.0>) Session ending 

=INFO REPORT==== 19-Feb-2016::10:51:54 ===
    ts_config_server:(6:<0.69.0>) Session 1 chosen

=INFO REPORT==== 19-Feb-2016::10:51:54 ===
    ts_config_server:(6:<0.69.0>) Session 1 chosen

=INFO REPORT==== 19-Feb-2016::10:51:54 ===
    ts_config_server:(6:<0.69.0>) Session 1 chosen

=INFO REPORT==== 19-Feb-2016::10:51:54 ===
           ts_client:(6:<0.280.0>) Session ending 

=INFO REPORT==== 19-Feb-2016::10:51:54 ===
           ts_client:(6:<0.281.0>) Session ending 

=INFO REPORT==== 19-Feb-2016::10:51:54 ===
           ts_client:(6:<0.282.0>) Session ending 

=INFO REPORT==== 19-Feb-2016::10:51:54 ===
    ts_config_server:(6:<0.69.0>) Session 1 chosen

=INFO REPORT==== 19-Feb-2016::10:51:54 ===
           ts_client:(6:<0.283.0>) Session ending 

=INFO REPORT==== 19-Feb-2016::10:51:55 ===
    ts_config_server:(6:<0.69.0>) Session 1 chosen

=INFO REPORT==== 19-Feb-2016::10:51:55 ===
           ts_client:(6:<0.284.0>) Session ending 

=INFO REPORT==== 19-Feb-2016::10:51:56 ===
    ts_config_server:(6:<0.69.0>) Session 1 chosen

=INFO REPORT==== 19-Feb-2016::10:51:56 ===
           ts_client:(6:<0.285.0>) Session ending 

=INFO REPORT==== 19-Feb-2016::10:51:56 ===
    ts_config_server:(6:<0.69.0>) Session 1 chosen

=INFO REPORT==== 19-Feb-2016::10:51:56 ===
           ts_client:(6:<0.286.0>) Session ending 

=INFO REPORT==== 19-Feb-2016::10:51:57 ===
    ts_config_server:(6:<0.69.0>) Session 1 chosen

=INFO REPORT==== 19-Feb-2016::10:51:57 ===
    ts_config_server:(6:<0.69.0>) Session 1 chosen

=INFO REPORT==== 19-Feb-2016::10:51:57 ===
           ts_client:(6:<0.287.0>) Session ending 

=INFO REPORT==== 19-Feb-2016::10:51:57 ===
           ts_client:(6:<0.288.0>) Session ending 

=INFO REPORT==== 19-Feb-2016::10:51:58 ===
    ts_config_server:(6:<0.69.0>) Session 1 chosen

=INFO REPORT==== 19-Feb-2016::10:51:58 ===
           ts_client:(6:<0.290.0>) Session ending 

=INFO REPORT==== 19-Feb-2016::10:51:58 ===
    ts_config_server:(6:<0.69.0>) Session 1 chosen

=INFO REPORT==== 19-Feb-2016::10:51:58 ===
           ts_client:(6:<0.291.0>) Session ending 

=WARNING REPORT==== 19-Feb-2016::10:51:59 ===
OS_MON (cpu_sup), util/1 unavailable for this OS

=INFO REPORT==== 19-Feb-2016::10:51:59 ===
    ts_config_server:(6:<0.69.0>) Session 1 chosen

=INFO REPORT==== 19-Feb-2016::10:51:59 ===
           ts_client:(6:<0.295.0>) Session ending 

=INFO REPORT==== 19-Feb-2016::10:51:59 ===
    ts_config_server:(6:<0.69.0>) Session 1 chosen

=INFO REPORT==== 19-Feb-2016::10:51:59 ===
    ts_config_server:(6:<0.69.0>) Session 1 chosen

=INFO REPORT==== 19-Feb-2016::10:51:59 ===
           ts_client:(6:<0.296.0>) Session ending 

=INFO REPORT==== 19-Feb-2016::10:51:59 ===
           ts_client:(6:<0.297.0>) Session ending 

=INFO REPORT==== 19-Feb-2016::10:52:00 ===
    ts_config_server:(6:<0.69.0>) Session 1 chosen

=INFO REPORT==== 19-Feb-2016::10:52:00 ===
           ts_client:(6:<0.298.0>) Session ending 

=INFO REPORT==== 19-Feb-2016::10:52:00 ===
    ts_config_server:(6:<0.69.0>) Session 1 chosen

=INFO REPORT==== 19-Feb-2016::10:52:00 ===
           ts_client:(6:<0.299.0>) Session ending 

=INFO REPORT==== 19-Feb-2016::10:52:01 ===
    ts_config_server:(6:<0.69.0>) Session 1 chosen

=INFO REPORT==== 19-Feb-2016::10:52:01 ===
           ts_client:(6:<0.300.0>) Session ending 

=INFO REPORT==== 19-Feb-2016::10:52:02 ===
    ts_config_server:(6:<0.69.0>) Session 1 chosen

=INFO REPORT==== 19-Feb-2016::10:52:02 ===
           ts_client:(6:<0.301.0>) Session ending 

=INFO REPORT==== 19-Feb-2016::10:52:04 ===
    ts_config_server:(6:<0.69.0>) Session 1 chosen

=INFO REPORT==== 19-Feb-2016::10:52:04 ===
           ts_client:(6:<0.302.0>) Session ending 

=INFO REPORT==== 19-Feb-2016::10:52:04 ===
    ts_config_server:(6:<0.69.0>) Session 1 chosen

=INFO REPORT==== 19-Feb-2016::10:52:04 ===
           ts_client:(6:<0.303.0>) Session ending 

=INFO REPORT==== 19-Feb-2016::10:52:08 ===
    ts_config_server:(6:<0.69.0>) Session 1 chosen

=INFO REPORT==== 19-Feb-2016::10:52:08 ===
           ts_client:(6:<0.305.0>) Session ending 

=INFO REPORT==== 19-Feb-2016::10:52:08 ===
    ts_config_server:(6:<0.69.0>) Session 1 chosen

=INFO REPORT==== 19-Feb-2016::10:52:08 ===
    ts_config_server:(6:<0.69.0>) Session 1 chosen

=INFO REPORT==== 19-Feb-2016::10:52:08 ===
           ts_client:(6:<0.306.0>) Session ending 

=WARNING REPORT==== 19-Feb-2016::10:52:09 ===
OS_MON (cpu_sup), util/1 unavailable for this OS

=INFO REPORT==== 19-Feb-2016::10:52:09 ===
           ts_client:(6:<0.307.0>) Session ending 

=INFO REPORT==== 19-Feb-2016::10:52:09 ===
    ts_config_server:(6:<0.69.0>) Session 1 chosen

=INFO REPORT==== 19-Feb-2016::10:52:09 ===
           ts_client:(6:<0.311.0>) Session ending 

=INFO REPORT==== 19-Feb-2016::10:52:09 ===
    ts_config_server:(6:<0.69.0>) Session 1 chosen

=INFO REPORT==== 19-Feb-2016::10:52:09 ===
           ts_client:(6:<0.312.0>) Session ending 

=INFO REPORT==== 19-Feb-2016::10:52:11 ===
    ts_config_server:(6:<0.69.0>) Session 1 chosen

=INFO REPORT==== 19-Feb-2016::10:52:11 ===
           ts_client:(6:<0.313.0>) Session ending 

=INFO REPORT==== 19-Feb-2016::10:52:12 ===
    ts_config_server:(6:<0.69.0>) Session 1 chosen

=INFO REPORT==== 19-Feb-2016::10:52:12 ===
           ts_client:(6:<0.314.0>) Session ending 

=INFO REPORT==== 19-Feb-2016::10:52:14 ===
    ts_config_server:(6:<0.69.0>) Session 1 chosen

=INFO REPORT==== 19-Feb-2016::10:52:15 ===
           ts_client:(6:<0.315.0>) Session ending 

=WARNING REPORT==== 19-Feb-2016::10:52:19 ===
OS_MON (cpu_sup), util/1 unavailable for this OS

=INFO REPORT==== 19-Feb-2016::10:52:19 ===
    ts_config_server:(6:<0.69.0>) Session 1 chosen

=INFO REPORT==== 19-Feb-2016::10:52:19 ===
           ts_client:(6:<0.322.0>) Session ending 

=INFO REPORT==== 19-Feb-2016::10:52:19 ===
    ts_config_server:(6:<0.69.0>) Session 1 chosen

=INFO REPORT==== 19-Feb-2016::10:52:19 ===
           ts_client:(6:<0.323.0>) Session ending 

=INFO REPORT==== 19-Feb-2016::10:52:19 ===
    ts_config_server:(6:<0.69.0>) Session 1 chosen

=INFO REPORT==== 19-Feb-2016::10:52:19 ===
         ts_launcher:(4:<0.129.0>) Need to wait 5.309 sec before changing phase, going to sleep

=INFO REPORT==== 19-Feb-2016::10:52:19 ===
           ts_client:(6:<0.324.0>) Session ending 

=INFO REPORT==== 19-Feb-2016::10:52:25 ===
         ts_launcher:(5:<0.129.0>) Waking up

=INFO REPORT==== 19-Feb-2016::10:52:25 ===
         ts_launcher:(5:<0.129.0>) Start a new arrival phase (100 users, 0.01); expected duration=120.0 sec

=INFO REPORT==== 19-Feb-2016::10:52:25 ===
    ts_config_server:(6:<0.69.0>) Session 1 chosen

=INFO REPORT==== 19-Feb-2016::10:52:25 ===
           ts_client:(6:<0.325.0>) Session ending 

=INFO REPORT==== 19-Feb-2016::10:52:25 ===
    ts_config_server:(6:<0.69.0>) Session 1 chosen

=INFO REPORT==== 19-Feb-2016::10:52:25 ===
    ts_config_server:(6:<0.69.0>) Session 1 chosen

=INFO REPORT==== 19-Feb-2016::10:52:25 ===
           ts_client:(6:<0.326.0>) Session ending 

=INFO REPORT==== 19-Feb-2016::10:52:25 ===
    ts_config_server:(6:<0.69.0>) Session 1 chosen

=INFO REPORT==== 19-Feb-2016::10:52:25 ===
           ts_client:(6:<0.327.0>) Session ending 

=INFO REPORT==== 19-Feb-2016::10:52:25 ===
    ts_config_server:(6:<0.69.0>) Session 1 chosen

=INFO REPORT==== 19-Feb-2016::10:52:25 ===
    ts_config_server:(6:<0.69.0>) Session 1 chosen

=INFO REPORT==== 19-Feb-2016::10:52:25 ===
    ts_config_server:(6:<0.69.0>) Session 1 chosen

=INFO REPORT==== 19-Feb-2016::10:52:25 ===
    ts_config_server:(6:<0.69.0>) Session 1 chosen

=INFO REPORT==== 19-Feb-2016::10:52:25 ===
           ts_client:(6:<0.328.0>) Session ending 

=INFO REPORT==== 19-Feb-2016::10:52:25 ===
    ts_config_server:(6:<0.69.0>) Session 1 chosen

=INFO REPORT==== 19-Feb-2016::10:52:25 ===
           ts_client:(6:<0.329.0>) Session ending 

=INFO REPORT==== 19-Feb-2016::10:52:25 ===
           ts_client:(6:<0.330.0>) Session ending 

=INFO REPORT==== 19-Feb-2016::10:52:25 ===
           ts_client:(6:<0.331.0>) Session ending 

=INFO REPORT==== 19-Feb-2016::10:52:25 ===
           ts_client:(6:<0.332.0>) Session ending 

=INFO REPORT==== 19-Feb-2016::10:52:25 ===
           ts_client:(6:<0.333.0>) Session ending 

=INFO REPORT==== 19-Feb-2016::10:52:25 ===
    ts_config_server:(6:<0.69.0>) Session 1 chosen

=INFO REPORT==== 19-Feb-2016::10:52:25 ===
    ts_config_server:(6:<0.69.0>) Session 1 chosen

=INFO REPORT==== 19-Feb-2016::10:52:25 ===
    ts_config_server:(6:<0.69.0>) Session 1 chosen

=INFO REPORT==== 19-Feb-2016::10:52:25 ===
           ts_client:(6:<0.334.0>) Session ending 

=INFO REPORT==== 19-Feb-2016::10:52:25 ===
           ts_client:(6:<0.335.0>) Session ending 

=INFO REPORT==== 19-Feb-2016::10:52:26 ===
           ts_client:(6:<0.336.0>) Session ending 

=INFO REPORT==== 19-Feb-2016::10:52:26 ===
    ts_config_server:(6:<0.69.0>) Session 1 chosen

=INFO REPORT==== 19-Feb-2016::10:52:26 ===
    ts_config_server:(6:<0.69.0>) Session 1 chosen

=INFO REPORT==== 19-Feb-2016::10:52:26 ===
    ts_config_server:(6:<0.69.0>) Session 1 chosen

=INFO REPORT==== 19-Feb-2016::10:52:26 ===
           ts_client:(6:<0.338.0>) Session ending 

=INFO REPORT==== 19-Feb-2016::10:52:26 ===
           ts_client:(6:<0.337.0>) Session ending 

=INFO REPORT==== 19-Feb-2016::10:52:26 ===
           ts_client:(6:<0.339.0>) Session ending 

=INFO REPORT==== 19-Feb-2016::10:52:26 ===
    ts_config_server:(6:<0.69.0>) Session 1 chosen

=INFO REPORT==== 19-Feb-2016::10:52:26 ===
           ts_client:(6:<0.340.0>) Session ending 

=INFO REPORT==== 19-Feb-2016::10:52:26 ===
    ts_config_server:(6:<0.69.0>) Session 1 chosen

=INFO REPORT==== 19-Feb-2016::10:52:26 ===
    ts_config_server:(6:<0.69.0>) Session 1 chosen

=INFO REPORT==== 19-Feb-2016::10:52:26 ===
    ts_config_server:(6:<0.69.0>) Session 1 chosen

=INFO REPORT==== 19-Feb-2016::10:52:26 ===
    ts_config_server:(6:<0.69.0>) Session 1 chosen

=INFO REPORT==== 19-Feb-2016::10:52:27 ===
           ts_client:(6:<0.341.0>) Session ending 

=INFO REPORT==== 19-Feb-2016::10:52:27 ===
           ts_client:(6:<0.342.0>) Session ending 

=INFO REPORT==== 19-Feb-2016::10:52:27 ===
    ts_config_server:(6:<0.69.0>) Session 1 chosen

=INFO REPORT==== 19-Feb-2016::10:52:27 ===
           ts_client:(6:<0.343.0>) Session ending 

=INFO REPORT==== 19-Feb-2016::10:52:27 ===
           ts_client:(6:<0.344.0>) Session ending 

=INFO REPORT==== 19-Feb-2016::10:52:27 ===
           ts_client:(6:<0.345.0>) Session ending 

=INFO REPORT==== 19-Feb-2016::10:52:27 ===
    ts_config_server:(6:<0.69.0>) Session 1 chosen

=INFO REPORT==== 19-Feb-2016::10:52:27 ===
           ts_client:(6:<0.346.0>) Session ending 

=INFO REPORT==== 19-Feb-2016::10:52:27 ===
    ts_config_server:(6:<0.69.0>) Session 1 chosen

=INFO REPORT==== 19-Feb-2016::10:52:27 ===
    ts_config_server:(6:<0.69.0>) Session 1 chosen

=INFO REPORT==== 19-Feb-2016::10:52:27 ===
           ts_client:(6:<0.347.0>) Session ending 

=INFO REPORT==== 19-Feb-2016::10:52:27 ===
           ts_client:(6:<0.348.0>) Session ending 

=INFO REPORT==== 19-Feb-2016::10:52:27 ===
    ts_config_server:(6:<0.69.0>) Session 1 chosen

=INFO REPORT==== 19-Feb-2016::10:52:27 ===
    ts_config_server:(6:<0.69.0>) Session 1 chosen

=INFO REPORT==== 19-Feb-2016::10:52:27 ===
           ts_client:(6:<0.349.0>) Session ending 

=INFO REPORT==== 19-Feb-2016::10:52:27 ===
    ts_config_server:(6:<0.69.0>) Session 1 chosen

=INFO REPORT==== 19-Feb-2016::10:52:28 ===
           ts_client:(6:<0.350.0>) Session ending 

=INFO REPORT==== 19-Feb-2016::10:52:28 ===
    ts_config_server:(6:<0.69.0>) Session 1 chosen

=INFO REPORT==== 19-Feb-2016::10:52:28 ===
    ts_config_server:(6:<0.69.0>) Session 1 chosen

=INFO REPORT==== 19-Feb-2016::10:52:28 ===
    ts_config_server:(6:<0.69.0>) Session 1 chosen

=INFO REPORT==== 19-Feb-2016::10:52:28 ===
           ts_client:(6:<0.352.0>) Session ending 

=INFO REPORT==== 19-Feb-2016::10:52:28 ===
    ts_config_server:(6:<0.69.0>) Session 1 chosen

=INFO REPORT==== 19-Feb-2016::10:52:28 ===
           ts_client:(6:<0.353.0>) Session ending 

=INFO REPORT==== 19-Feb-2016::10:52:28 ===
           ts_client:(6:<0.354.0>) Session ending 

=INFO REPORT==== 19-Feb-2016::10:52:28 ===
           ts_client:(6:<0.355.0>) Session ending 

=INFO REPORT==== 19-Feb-2016::10:52:28 ===
           ts_client:(6:<0.356.0>) Session ending 

=INFO REPORT==== 19-Feb-2016::10:52:28 ===
    ts_config_server:(6:<0.69.0>) Session 1 chosen

=INFO REPORT==== 19-Feb-2016::10:52:28 ===
           ts_client:(6:<0.357.0>) Session ending 

=INFO REPORT==== 19-Feb-2016::10:52:28 ===
    ts_config_server:(6:<0.69.0>) Session 1 chosen

=INFO REPORT==== 19-Feb-2016::10:52:29 ===
           ts_client:(6:<0.358.0>) Session ending 

=WARNING REPORT==== 19-Feb-2016::10:52:29 ===
OS_MON (cpu_sup), util/1 unavailable for this OS

=INFO REPORT==== 19-Feb-2016::10:52:29 ===
    ts_config_server:(6:<0.69.0>) Session 1 chosen

=INFO REPORT==== 19-Feb-2016::10:52:29 ===
    ts_config_server:(6:<0.69.0>) Session 1 chosen

=INFO REPORT==== 19-Feb-2016::10:52:29 ===
    ts_config_server:(6:<0.69.0>) Session 1 chosen

=INFO REPORT==== 19-Feb-2016::10:52:29 ===
           ts_client:(6:<0.362.0>) Session ending 

=INFO REPORT==== 19-Feb-2016::10:52:29 ===
    ts_config_server:(6:<0.69.0>) Session 1 chosen

=INFO REPORT==== 19-Feb-2016::10:52:29 ===
    ts_config_server:(6:<0.69.0>) Session 1 chosen

=INFO REPORT==== 19-Feb-2016::10:52:29 ===
    ts_config_server:(6:<0.69.0>) Session 1 chosen

=INFO REPORT==== 19-Feb-2016::10:52:29 ===
           ts_client:(6:<0.363.0>) Session ending 

=INFO REPORT==== 19-Feb-2016::10:52:29 ===
    ts_config_server:(6:<0.69.0>) Session 1 chosen

=INFO REPORT==== 19-Feb-2016::10:52:29 ===
           ts_client:(6:<0.365.0>) Session ending 

=INFO REPORT==== 19-Feb-2016::10:52:29 ===
           ts_client:(6:<0.364.0>) Session ending 

=INFO REPORT==== 19-Feb-2016::10:52:29 ===
           ts_client:(6:<0.367.0>) Session ending 

=INFO REPORT==== 19-Feb-2016::10:52:29 ===
           ts_client:(6:<0.366.0>) Session ending 

=INFO REPORT==== 19-Feb-2016::10:52:29 ===
    ts_config_server:(6:<0.69.0>) Session 1 chosen

=INFO REPORT==== 19-Feb-2016::10:52:29 ===
           ts_client:(6:<0.368.0>) Session ending 

=INFO REPORT==== 19-Feb-2016::10:52:29 ===
    ts_config_server:(6:<0.69.0>) Session 1 chosen

=INFO REPORT==== 19-Feb-2016::10:52:29 ===
           ts_client:(6:<0.369.0>) Session ending 

=INFO REPORT==== 19-Feb-2016::10:52:29 ===
           ts_client:(6:<0.370.0>) Session ending 

=INFO REPORT==== 19-Feb-2016::10:52:30 ===
    ts_config_server:(6:<0.69.0>) Session 1 chosen

=INFO REPORT==== 19-Feb-2016::10:52:30 ===
    ts_config_server:(6:<0.69.0>) Session 1 chosen

=INFO REPORT==== 19-Feb-2016::10:52:30 ===
           ts_client:(6:<0.371.0>) Session ending 

=INFO REPORT==== 19-Feb-2016::10:52:30 ===
           ts_client:(6:<0.372.0>) Session ending 

=INFO REPORT==== 19-Feb-2016::10:52:30 ===
    ts_config_server:(6:<0.69.0>) Session 1 chosen

=INFO REPORT==== 19-Feb-2016::10:52:30 ===
    ts_config_server:(6:<0.69.0>) Session 1 chosen

=INFO REPORT==== 19-Feb-2016::10:52:30 ===
           ts_client:(6:<0.373.0>) Session ending 

=INFO REPORT==== 19-Feb-2016::10:52:30 ===
    ts_config_server:(6:<0.69.0>) Session 1 chosen

=INFO REPORT==== 19-Feb-2016::10:52:30 ===
    ts_config_server:(6:<0.69.0>) Session 1 chosen

=INFO REPORT==== 19-Feb-2016::10:52:30 ===
           ts_client:(6:<0.374.0>) Session ending 

=INFO REPORT==== 19-Feb-2016::10:52:30 ===
           ts_client:(6:<0.375.0>) Session ending 

=INFO REPORT==== 19-Feb-2016::10:52:30 ===
           ts_client:(6:<0.376.0>) Session ending 

=INFO REPORT==== 19-Feb-2016::10:52:30 ===
    ts_config_server:(6:<0.69.0>) Session 1 chosen

=INFO REPORT==== 19-Feb-2016::10:52:31 ===
    ts_config_server:(6:<0.69.0>) Session 1 chosen

=INFO REPORT==== 19-Feb-2016::10:52:31 ===
           ts_client:(6:<0.377.0>) Session ending 

=INFO REPORT==== 19-Feb-2016::10:52:31 ===
           ts_client:(6:<0.378.0>) Session ending 

=INFO REPORT==== 19-Feb-2016::10:52:31 ===
    ts_config_server:(6:<0.69.0>) Session 1 chosen

=INFO REPORT==== 19-Feb-2016::10:52:31 ===
    ts_config_server:(6:<0.69.0>) Session 1 chosen

=INFO REPORT==== 19-Feb-2016::10:52:31 ===
    ts_config_server:(6:<0.69.0>) Session 1 chosen

=INFO REPORT==== 19-Feb-2016::10:52:31 ===
    ts_config_server:(6:<0.69.0>) Session 1 chosen

=INFO REPORT==== 19-Feb-2016::10:52:31 ===
           ts_client:(6:<0.380.0>) Session ending 

=INFO REPORT==== 19-Feb-2016::10:52:31 ===
           ts_client:(6:<0.379.0>) Session ending 

=INFO REPORT==== 19-Feb-2016::10:52:31 ===
           ts_client:(6:<0.381.0>) Session ending 

=INFO REPORT==== 19-Feb-2016::10:52:31 ===
    ts_config_server:(6:<0.69.0>) Session 1 chosen

=INFO REPORT==== 19-Feb-2016::10:52:31 ===
    ts_config_server:(6:<0.69.0>) Session 1 chosen

=INFO REPORT==== 19-Feb-2016::10:52:31 ===
           ts_client:(6:<0.382.0>) Session ending 

=INFO REPORT==== 19-Feb-2016::10:52:31 ===
           ts_client:(6:<0.383.0>) Session ending 

=INFO REPORT==== 19-Feb-2016::10:52:31 ===
           ts_client:(6:<0.384.0>) Session ending 

=INFO REPORT==== 19-Feb-2016::10:52:31 ===
    ts_config_server:(6:<0.69.0>) Session 1 chosen

=INFO REPORT==== 19-Feb-2016::10:52:31 ===
           ts_client:(6:<0.385.0>) Session ending 

=INFO REPORT==== 19-Feb-2016::10:52:31 ===
    ts_config_server:(6:<0.69.0>) Session 1 chosen

=INFO REPORT==== 19-Feb-2016::10:52:31 ===
    ts_config_server:(6:<0.69.0>) Session 1 chosen

=INFO REPORT==== 19-Feb-2016::10:52:31 ===
    ts_config_server:(6:<0.69.0>) Session 1 chosen

=INFO REPORT==== 19-Feb-2016::10:52:32 ===
           ts_client:(6:<0.386.0>) Session ending 

=INFO REPORT==== 19-Feb-2016::10:52:32 ===
           ts_client:(6:<0.387.0>) Session ending 

=INFO REPORT==== 19-Feb-2016::10:52:32 ===
           ts_client:(6:<0.388.0>) Session ending 

=INFO REPORT==== 19-Feb-2016::10:52:32 ===
    ts_config_server:(6:<0.69.0>) Session 1 chosen

=INFO REPORT==== 19-Feb-2016::10:52:32 ===
    ts_config_server:(6:<0.69.0>) Session 1 chosen

=INFO REPORT==== 19-Feb-2016::10:52:32 ===
           ts_client:(6:<0.389.0>) Session ending 

=INFO REPORT==== 19-Feb-2016::10:52:32 ===
           ts_client:(6:<0.390.0>) Session ending 

=INFO REPORT==== 19-Feb-2016::10:52:32 ===
    ts_config_server:(6:<0.69.0>) Session 1 chosen

=INFO REPORT==== 19-Feb-2016::10:52:32 ===
    ts_config_server:(6:<0.69.0>) Session 1 chosen

=INFO REPORT==== 19-Feb-2016::10:52:32 ===
    ts_config_server:(6:<0.69.0>) Session 1 chosen

=INFO REPORT==== 19-Feb-2016::10:52:32 ===
           ts_client:(6:<0.391.0>) Session ending 

=INFO REPORT==== 19-Feb-2016::10:52:32 ===
           ts_client:(6:<0.392.0>) Session ending 

=INFO REPORT==== 19-Feb-2016::10:52:32 ===
           ts_client:(6:<0.393.0>) Session ending 

=INFO REPORT==== 19-Feb-2016::10:52:33 ===
    ts_config_server:(6:<0.69.0>) Session 1 chosen

=INFO REPORT==== 19-Feb-2016::10:52:33 ===
    ts_config_server:(6:<0.69.0>) Session 1 chosen

=INFO REPORT==== 19-Feb-2016::10:52:33 ===
           ts_client:(6:<0.394.0>) Session ending 

=INFO REPORT==== 19-Feb-2016::10:52:33 ===
           ts_client:(6:<0.395.0>) Session ending 

=INFO REPORT==== 19-Feb-2016::10:52:33 ===
    ts_config_server:(6:<0.69.0>) Session 1 chosen

=INFO REPORT==== 19-Feb-2016::10:52:33 ===
           ts_client:(6:<0.396.0>) Session ending 

=INFO REPORT==== 19-Feb-2016::10:52:33 ===
    ts_config_server:(6:<0.69.0>) Session 1 chosen

=INFO REPORT==== 19-Feb-2016::10:52:33 ===
    ts_config_server:(6:<0.69.0>) Session 1 chosen

=INFO REPORT==== 19-Feb-2016::10:52:33 ===
    ts_config_server:(6:<0.69.0>) Session 1 chosen

=INFO REPORT==== 19-Feb-2016::10:52:33 ===
           ts_client:(6:<0.397.0>) Session ending 

=INFO REPORT==== 19-Feb-2016::10:52:34 ===
           ts_client:(6:<0.399.0>) Session ending 

=INFO REPORT==== 19-Feb-2016::10:52:34 ===
           ts_client:(6:<0.398.0>) Session ending 

=INFO REPORT==== 19-Feb-2016::10:52:34 ===
    ts_config_server:(6:<0.69.0>) Session 1 chosen

=INFO REPORT==== 19-Feb-2016::10:52:34 ===
    ts_config_server:(6:<0.69.0>) Session 1 chosen

=INFO REPORT==== 19-Feb-2016::10:52:34 ===
    ts_config_server:(6:<0.69.0>) Session 1 chosen

=INFO REPORT==== 19-Feb-2016::10:52:34 ===
           ts_client:(6:<0.400.0>) Session ending 

=INFO REPORT==== 19-Feb-2016::10:52:34 ===
           ts_client:(6:<0.401.0>) Session ending 

=INFO REPORT==== 19-Feb-2016::10:52:34 ===
           ts_client:(6:<0.402.0>) Session ending 

=INFO REPORT==== 19-Feb-2016::10:52:34 ===
    ts_config_server:(6:<0.69.0>) Session 1 chosen

=INFO REPORT==== 19-Feb-2016::10:52:34 ===
    ts_config_server:(6:<0.69.0>) Session 1 chosen

=INFO REPORT==== 19-Feb-2016::10:52:34 ===
           ts_client:(6:<0.403.0>) Session ending 

=INFO REPORT==== 19-Feb-2016::10:52:34 ===
           ts_client:(6:<0.404.0>) Session ending 

=INFO REPORT==== 19-Feb-2016::10:52:34 ===
    ts_config_server:(6:<0.69.0>) Session 1 chosen

=INFO REPORT==== 19-Feb-2016::10:52:34 ===
           ts_client:(6:<0.405.0>) Session ending 

=INFO REPORT==== 19-Feb-2016::10:52:35 ===
    ts_config_server:(6:<0.69.0>) Session 1 chosen

=INFO REPORT==== 19-Feb-2016::10:52:35 ===
    ts_config_server:(6:<0.69.0>) Session 1 chosen

=INFO REPORT==== 19-Feb-2016::10:52:35 ===
           ts_client:(6:<0.406.0>) Session ending 

=INFO REPORT==== 19-Feb-2016::10:52:35 ===
    ts_config_server:(6:<0.69.0>) Session 1 chosen

=INFO REPORT==== 19-Feb-2016::10:52:35 ===
    ts_config_server:(6:<0.69.0>) Session 1 chosen

=INFO REPORT==== 19-Feb-2016::10:52:35 ===
           ts_client:(6:<0.407.0>) Session ending 

=INFO REPORT==== 19-Feb-2016::10:52:35 ===
    ts_config_server:(6:<0.69.0>) Session 1 chosen

=INFO REPORT==== 19-Feb-2016::10:52:35 ===
           ts_client:(6:<0.408.0>) Session ending 

=INFO REPORT==== 19-Feb-2016::10:52:35 ===
           ts_client:(6:<0.409.0>) Session ending 

=INFO REPORT==== 19-Feb-2016::10:52:35 ===
           ts_client:(6:<0.410.0>) Session ending 

=INFO REPORT==== 19-Feb-2016::10:52:35 ===
    ts_config_server:(6:<0.69.0>) Session 1 chosen

=INFO REPORT==== 19-Feb-2016::10:52:35 ===
    ts_config_server:(6:<0.69.0>) Session 1 chosen

=INFO REPORT==== 19-Feb-2016::10:52:35 ===
           ts_client:(6:<0.411.0>) Session ending 

=INFO REPORT==== 19-Feb-2016::10:52:35 ===
           ts_client:(6:<0.412.0>) Session ending 

=INFO REPORT==== 19-Feb-2016::10:52:35 ===
    ts_config_server:(6:<0.69.0>) Session 1 chosen

=INFO REPORT==== 19-Feb-2016::10:52:35 ===
    ts_config_server:(6:<0.69.0>) Session 1 chosen

=INFO REPORT==== 19-Feb-2016::10:52:35 ===
    ts_config_server:(6:<0.69.0>) Session 1 chosen

=INFO REPORT==== 19-Feb-2016::10:52:35 ===
           ts_client:(6:<0.413.0>) Session ending 

=INFO REPORT==== 19-Feb-2016::10:52:35 ===
           ts_client:(6:<0.414.0>) Session ending 

=INFO REPORT==== 19-Feb-2016::10:52:35 ===
    ts_config_server:(6:<0.69.0>) Session 1 chosen

=INFO REPORT==== 19-Feb-2016::10:52:35 ===
           ts_client:(6:<0.415.0>) Session ending 

=INFO REPORT==== 19-Feb-2016::10:52:36 ===
           ts_client:(6:<0.416.0>) Session ending 

=INFO REPORT==== 19-Feb-2016::10:52:36 ===
    ts_config_server:(6:<0.69.0>) Session 1 chosen

=INFO REPORT==== 19-Feb-2016::10:52:36 ===
           ts_client:(6:<0.417.0>) Session ending 

=INFO REPORT==== 19-Feb-2016::10:52:36 ===
    ts_config_server:(6:<0.69.0>) Session 1 chosen

=INFO REPORT==== 19-Feb-2016::10:52:36 ===
    ts_config_server:(6:<0.69.0>) Session 1 chosen

=INFO REPORT==== 19-Feb-2016::10:52:36 ===
           ts_client:(6:<0.418.0>) Session ending 

=INFO REPORT==== 19-Feb-2016::10:52:36 ===
    ts_config_server:(6:<0.69.0>) Session 1 chosen

=INFO REPORT==== 19-Feb-2016::10:52:36 ===
    ts_config_server:(6:<0.69.0>) Session 1 chosen

=INFO REPORT==== 19-Feb-2016::10:52:36 ===
    ts_config_server:(6:<0.69.0>) Session 1 chosen

=INFO REPORT==== 19-Feb-2016::10:52:36 ===
           ts_client:(6:<0.419.0>) Session ending 

=INFO REPORT==== 19-Feb-2016::10:52:36 ===
           ts_client:(6:<0.420.0>) Session ending 

=INFO REPORT==== 19-Feb-2016::10:52:36 ===
           ts_client:(6:<0.421.0>) Session ending 

=INFO REPORT==== 19-Feb-2016::10:52:36 ===
           ts_client:(6:<0.422.0>) Session ending 

=INFO REPORT==== 19-Feb-2016::10:52:36 ===
    ts_config_server:(6:<0.69.0>) Session 1 chosen

=INFO REPORT==== 19-Feb-2016::10:52:36 ===
    ts_config_server:(6:<0.69.0>) Session 1 chosen

=INFO REPORT==== 19-Feb-2016::10:52:36 ===
    ts_config_server:(6:<0.69.0>) Session 1 chosen

=INFO REPORT==== 19-Feb-2016::10:52:36 ===
           ts_client:(6:<0.423.0>) Session ending 

=INFO REPORT==== 19-Feb-2016::10:52:36 ===
           ts_client:(6:<0.424.0>) Session ending 

=INFO REPORT==== 19-Feb-2016::10:52:36 ===
    ts_config_server:(6:<0.69.0>) Session 1 chosen

=INFO REPORT==== 19-Feb-2016::10:52:36 ===
    ts_config_server:(6:<0.69.0>) Session 1 chosen

=INFO REPORT==== 19-Feb-2016::10:52:36 ===
           ts_client:(6:<0.425.0>) Session ending 

=INFO REPORT==== 19-Feb-2016::10:52:37 ===
    ts_config_server:(6:<0.69.0>) Session 1 chosen

=INFO REPORT==== 19-Feb-2016::10:52:37 ===
         ts_launcher:(5:<0.129.0>) This was the last phase, wait for connected users to finish their session

=INFO REPORT==== 19-Feb-2016::10:52:37 ===
         ts_launcher:(6:<0.129.0>) launcher terminating for reason normal

=INFO REPORT==== 19-Feb-2016::10:52:37 ===
     ts_launcher_mgr:(6:<0.121.0>) All launchers are done on node 'tsung_controller_121@Wonko-the-Sane', wait for active clients to finish

=INFO REPORT==== 19-Feb-2016::10:52:37 ===
           ts_client:(6:<0.426.0>) Session ending 

=INFO REPORT==== 19-Feb-2016::10:52:37 ===
           ts_client:(6:<0.427.0>) Session ending 

=INFO REPORT==== 19-Feb-2016::10:52:37 ===
           ts_client:(6:<0.428.0>) Session ending 

=WARNING REPORT==== 19-Feb-2016::10:52:39 ===
OS_MON (cpu_sup), util/1 unavailable for this OS

=INFO REPORT==== 19-Feb-2016::10:52:42 ===
     ts_launcher_mgr:(5:<0.121.0>) No more active users 'tsung_controller_121@Wonko-the-Sane' "2264"

=INFO REPORT==== 19-Feb-2016::10:52:42 ===
              ts_mon:(6:<0.70.0>) Stop asked, no more users, last launcher stopped, OK to stop

=INFO REPORT==== 19-Feb-2016::10:52:42 ===
              ts_mon:(5:<0.70.0>) stopping monitor (normal)
