# stats: dump at 1455900567
stats: users 0 1
stats: {freemem,"tsung_controller_121@Wonko-the-Sane"} 1 23.03515625 0 23.03515625 23.03515625 0 0
stats: {load,"tsung_controller_121@Wonko-the-Sane"} 1 1.79296875 0 1.79296875 1.79296875 0 0
stats: {cpu,"tsung_controller_121@Wonko-the-Sane"} 1 0 0 0 0 0 0
stats: session 1 237.677978515625 0 237.677978515625 237.677978515625 0 0
stats: users_count 1 1
stats: finish_users_count 1 1
stats: request 1 218.342041015625 0.0 218.342041015625 218.342041015625 0 0
stats: connect 1 138.65283203125 0.0 138.65283203125 138.65283203125 0 0
stats: page 1 218.342041015625 0.0 218.342041015625 218.342041015625 0 0
stats: 200 1 1
stats: size_rcv 1 1
stats: size_sent 144 144
stats: connected 0 0
# stats: dump at 1455900577
stats: users 0 1
stats: {freemem,"tsung_controller_121@Wonko-the-Sane"} 1 23.59375 0.0 23.59375 23.03515625 23.03515625 1
stats: {load,"tsung_controller_121@Wonko-the-Sane"} 1 1.8984375 0.0 1.8984375 1.79296875 1.79296875 1
stats: {cpu,"tsung_controller_121@Wonko-the-Sane"} 1 0.0 0.0 0 0 0.0 1
stats: session 1 128.801025390625 0.0 237.677978515625 128.801025390625 237.677978515625 1
stats: users_count 1 2
stats: finish_users_count 1 2
stats: request 1 126.610107421875 0.0 218.342041015625 126.610107421875 218.342041015625 1
stats: connect 1 61.901123046875 0.0 138.65283203125 61.901123046875 138.65283203125 1
stats: page 1 126.610107421875 0.0 218.342041015625 126.610107421875 218.342041015625 1
stats: 200 1 2
stats: size_rcv 1 2
stats: size_sent 144 288
stats: connected 0 0
# stats: dump at 1455900587
stats: users 0 1
stats: {freemem,"tsung_controller_121@Wonko-the-Sane"} 1 16.96875 0.0 23.59375 16.96875 23.314453125 2
stats: {load,"tsung_controller_121@Wonko-the-Sane"} 1 1.9140625 0.0 1.9140625 1.79296875 1.845703125 2
stats: {cpu,"tsung_controller_121@Wonko-the-Sane"} 1 0.0 0.0 0 0 0.0 2
stats: session 3 136.609375 5.236480020124417 237.677978515625 128.801025390625 183.239501953125 2
stats: users_count 3 5
stats: finish_users_count 3 5
stats: request 3 134.615966796875 5.462284302253734 218.342041015625 126.610107421875 172.47607421875 2
stats: connect 3 61.670084635416664 1.6503635662601943 138.65283203125 60.0810546875 100.2769775390625 2
stats: page 3 134.615966796875 5.462284302253734 218.342041015625 126.610107421875 172.47607421875 2
stats: 200 3 5
stats: size_rcv 3 5
stats: size_sent 432 720
stats: connected 0 0
# stats: dump at 1455900597
stats: users 0 1
stats: {freemem,"tsung_controller_121@Wonko-the-Sane"} 1 15.734375 0.0 23.59375 15.734375 21.19921875 3
stats: {load,"tsung_controller_121@Wonko-the-Sane"} 1 1.84765625 0.0 1.9140625 1.79296875 1.8684895833333333 3
stats: {cpu,"tsung_controller_121@Wonko-the-Sane"} 1 0.0 0.0 0 0 0.0 3
stats: session 3 137.77994791666666 4.358259827885651 237.677978515625 128.801025390625 155.26142578125 5
stats: users_count 3 8
stats: finish_users_count 3 8
stats: request 3 135.35432942708334 4.370840985570563 218.342041015625 126.610107421875 149.760009765625 5
stats: connect 3 65.43098958333333 3.8596835680159227 138.65283203125 60.0810546875 77.112841796875 5
stats: page 3 135.35432942708334 4.370840985570563 218.342041015625 126.610107421875 149.760009765625 5
stats: 200 3 8
stats: size_rcv 3 8
stats: size_sent 432 1152
stats: connected 0 0
# stats: dump at 1455900607
stats: users 0 1
stats: {freemem,"tsung_controller_121@Wonko-the-Sane"} 1 15.359375 0.0 23.59375 15.359375 19.8330078125 4
stats: {load,"tsung_controller_121@Wonko-the-Sane"} 1 1.94140625 0.0 1.94140625 1.79296875 1.86328125 4
stats: {cpu,"tsung_controller_121@Wonko-the-Sane"} 1 0.0 0.0 0 0 0.0 4
stats: session 0 0 0 237.677978515625 128.801025390625 148.70587158203125 8
stats: users_count 0 8
stats: finish_users_count 0 8
stats: request 0 0 0 218.342041015625 126.610107421875 144.35787963867188 8
stats: connect 0 0 0 138.65283203125 60.0810546875 72.73214721679688 8
stats: page 0 0 0 218.342041015625 126.610107421875 144.35787963867188 8
stats: 200 0 8
stats: size_rcv 0 8
stats: size_sent 0 1152
stats: connected 0 0
# stats: dump at 1455900617
stats: users 0 1
stats: {freemem,"tsung_controller_121@Wonko-the-Sane"} 1 29.48828125 0.0 29.48828125 15.359375 18.93828125 5
stats: {load,"tsung_controller_121@Wonko-the-Sane"} 1 1.796875 0.0 1.94140625 1.79296875 1.87890625 5
stats: {cpu,"tsung_controller_121@Wonko-the-Sane"} 1 0.0 0.0 0 0 0.0 5
stats: session 1 128.244140625 0.0 237.677978515625 128.244140625 148.70587158203125 8
stats: users_count 1 9
stats: finish_users_count 1 9
stats: request 1 125.926025390625 0.0 218.342041015625 125.926025390625 144.35787963867188 8
stats: connect 1 58.282958984375 0.0 138.65283203125 58.282958984375 72.73214721679688 8
stats: page 1 125.926025390625 0.0 218.342041015625 125.926025390625 144.35787963867188 8
stats: 200 1 9
stats: size_rcv 1 9
stats: size_sent 144 1296
stats: connected 0 0
# stats: dump at 1455900627
stats: users 0 1
stats: {freemem,"tsung_controller_121@Wonko-the-Sane"} 1 66.8515625 0.0 66.8515625 15.359375 20.696614583333332 6
stats: {load,"tsung_controller_121@Wonko-the-Sane"} 1 1.74609375 0.0 1.94140625 1.74609375 1.865234375 6
stats: {cpu,"tsung_controller_121@Wonko-the-Sane"} 1 0.0 0.0 0 0 0.0 6
stats: session 2 134.0274658203125 8.5045166015625 237.677978515625 125.52294921875 146.43234592013889 9
stats: users_count 2 11
stats: finish_users_count 2 11
stats: request 2 131.3880615234375 8.5999755859375 218.342041015625 122.7880859375 142.30989583333334 9
stats: connect 2 60.5689697265625 3.6241455078125 138.65283203125 56.94482421875 71.12668185763889 9
stats: page 2 131.3880615234375 8.5999755859375 218.342041015625 122.7880859375 142.30989583333334 9
stats: 200 2 11
stats: size_rcv 2 11
stats: newphase 1 1
stats: size_sent 296 1592
stats: connected 0 0
# stats: dump at 1455900637
stats: users 0 1
stats: {freemem,"tsung_controller_121@Wonko-the-Sane"} 1 51.65234375 0.0 66.8515625 15.359375 27.290178571428573 7
stats: {load,"tsung_controller_121@Wonko-the-Sane"} 1 1.6328125 0.0 1.94140625 1.6328125 1.8482142857142858 7
stats: {cpu,"tsung_controller_121@Wonko-the-Sane"} 1 0.0 0.0 0 0 0.0 7
stats: session 0 0 0 237.677978515625 125.52294921875 144.1769131747159 11
stats: users_count 0 11
stats: finish_users_count 0 11
stats: request 0 0 0 218.342041015625 122.7880859375 140.32410777698863 11
stats: connect 0 0 0 138.65283203125 56.94482421875 69.20709783380681 11
stats: page 0 0 0 218.342041015625 122.7880859375 140.32410777698863 11
stats: 200 0 11
stats: size_rcv 0 11
stats: newphase 0 1
stats: size_sent 0 1592
stats: connected 0 0
# stats: dump at 1455900647
stats: users 1 1
stats: {freemem,"tsung_controller_121@Wonko-the-Sane"} 1 29.05859375 0.0 66.8515625 15.359375 30.33544921875 8
stats: {load,"tsung_controller_121@Wonko-the-Sane"} 1 1.61328125 0.0 1.94140625 1.61328125 1.8212890625 8
stats: {cpu,"tsung_controller_121@Wonko-the-Sane"} 1 0.0 0.0 0 0 0.0 8
stats: session 1 136.868896484375 0.0 237.677978515625 125.52294921875 144.1769131747159 11
stats: users_count 2 13
stats: finish_users_count 1 12
stats: request 0 0 0 218.342041015625 122.7880859375 140.32410777698863 11
stats: connect 0 0 0 138.65283203125 56.94482421875 69.20709783380681 11
stats: page 0 0 0 218.342041015625 122.7880859375 140.32410777698863 11
stats: 200 0 11
stats: size_rcv 0 11
stats: newphase 0 1
stats: size_sent 0 1592
stats: connected 0 0
# stats: dump at 1455900657
stats: users 1 2
stats: {freemem,"tsung_controller_121@Wonko-the-Sane"} 1 16.65625 0.0 66.8515625 15.359375 30.19357638888889 9
stats: {load,"tsung_controller_121@Wonko-the-Sane"} 1 1.6796875 0.0 1.94140625 1.61328125 1.7981770833333333 9
stats: {cpu,"tsung_controller_121@Wonko-the-Sane"} 1 0.0 0.0 0 0 0.0 9
stats: session 10 131.76982421875 3.205979990232782 237.677978515625 125.4150390625 143.56791178385416 12
stats: users_count 10 23
stats: finish_users_count 10 22
stats: request 10 130.552685546875 3.549260203417309 218.342041015625 122.7880859375 140.32410777698863 11
stats: connect 10 62.247900390625 3.304239312480144 138.65283203125 56.94482421875 69.20709783380681 11
stats: page 10 130.552685546875 3.549260203417309 218.342041015625 122.7880859375 140.32410777698863 11
stats: 200 10 21
stats: size_rcv 10 21
stats: newphase 0 1
stats: size_sent 1456 3048
stats: connected 0 0
# stats: dump at 1455900667
stats: users 0 4
stats: {freemem,"tsung_controller_121@Wonko-the-Sane"} 1 15.7578125 0.0 66.8515625 15.359375 28.83984375 10
stats: {load,"tsung_controller_121@Wonko-the-Sane"} 1 1.57421875 0.0 1.94140625 1.57421875 1.786328125 10
stats: {cpu,"tsung_controller_121@Wonko-the-Sane"} 1 0.0 0.0 0 0 0.0 10
stats: session 13 131.88756385216345 5.161821164285795 237.677978515625 122.276123046875 138.2051447088068 22
stats: users_count 12 35
stats: finish_users_count 13 35
stats: request 14 129.7818603515625 5.182056504801942 218.342041015625 119.89501953125 135.67104957217262 21
stats: connect 14 62.755702427455354 3.6683951154087353 138.65283203125 55.966064453125 65.89319428943452 21
stats: page 14 129.7818603515625 5.182056504801942 218.342041015625 119.89501953125 135.67104957217262 21
stats: 200 14 35
stats: size_rcv 14 35
stats: newphase 0 1
stats: size_sent 2040 5088
stats: connected 0 0
# stats: dump at 1455900677
stats: users 0 4
stats: {freemem,"tsung_controller_121@Wonko-the-Sane"} 1 18.7265625 0.0 66.8515625 15.359375 27.650568181818183 11
stats: {load,"tsung_controller_121@Wonko-the-Sane"} 1 1.640625 0.0 1.94140625 1.57421875 1.7670454545454546 11
stats: {cpu,"tsung_controller_121@Wonko-the-Sane"} 1 0.0 0.0 0 0 0.0 11
stats: session 13 137.99688251201923 6.8659646310247595 237.677978515625 122.276123046875 135.85861467633927 35
stats: users_count 13 48
stats: finish_users_count 13 48
stats: request 13 136.02912785456732 6.749131549890267 218.342041015625 119.89501953125 133.31537388392857 35
stats: connect 13 66.16840069110577 4.722873614689351 138.65283203125 55.966064453125 64.63819754464286 35
stats: page 13 136.02912785456732 6.749131549890267 218.342041015625 119.89501953125 133.31537388392857 35
stats: 200 13 48
stats: size_rcv 13 48
stats: newphase 0 1
stats: size_sent 1904 6992
stats: connected 0 0
# stats: dump at 1455900687
stats: users 0 4
stats: {freemem,"tsung_controller_121@Wonko-the-Sane"} 1 23.78515625 0.0 66.8515625 15.359375 26.906901041666668 12
stats: {load,"tsung_controller_121@Wonko-the-Sane"} 1 1.5390625 0.0 1.94140625 1.5390625 1.7565104166666667 12
stats: {cpu,"tsung_controller_121@Wonko-the-Sane"} 1 0.0 0.0 0 0 0.0 12
stats: session 8 133.4775390625 9.230183295486587 237.677978515625 122.276123046875 136.4377288818359 48
stats: users_count 8 56
stats: finish_users_count 8 56
stats: request 8 131.4183349609375 9.071964653944002 218.342041015625 119.89501953125 134.05034891764322 48
stats: connect 8 61.570587158203125 2.6029538006644914 138.65283203125 55.966064453125 65.05262756347658 48
stats: page 8 131.4183349609375 9.071964653944002 218.342041015625 119.89501953125 134.05034891764322 48
stats: 200 8 56
stats: size_rcv 8 56
stats: newphase 0 1
stats: size_sent 1160 8152
stats: connected 0 0
# stats: dump at 1455900697
stats: users 0 4
stats: {freemem,"tsung_controller_121@Wonko-the-Sane"} 1 17.3828125 0.0 66.8515625 15.359375 26.666766826923077 13
stats: {load,"tsung_controller_121@Wonko-the-Sane"} 1 1.30078125 0.0 1.94140625 1.30078125 1.7397836538461537 13
stats: {cpu,"tsung_controller_121@Wonko-the-Sane"} 1 0.0 0.0 0 0 0.0 13
stats: session 14 139.77139718191967 9.049457165361774 237.677978515625 122.276123046875 136.01484462193076 56
stats: users_count 14 70
stats: finish_users_count 14 70
stats: request 14 137.74248395647322 9.244731781436537 218.342041015625 119.89501953125 133.67434692382813 56
stats: connect 14 62.94041224888393 4.7256965911105 138.65283203125 55.966064453125 64.55519321986608 56
stats: page 14 137.74248395647322 9.244731781436537 218.342041015625 119.89501953125 133.67434692382813 56
stats: 200 14 70
stats: size_rcv 14 70
stats: newphase 0 1
stats: size_sent 2040 10192
stats: connected 0 0
# stats: dump at 1455900707
stats: users 0 4
stats: {freemem,"tsung_controller_121@Wonko-the-Sane"} 1 24.26171875 0.0 66.8515625 15.359375 26.003627232142858 14
stats: {load,"tsung_controller_121@Wonko-the-Sane"} 1 1.328125 0.0 1.94140625 1.30078125 1.7084263392857142 14
stats: {cpu,"tsung_controller_121@Wonko-the-Sane"} 1 0.0 0.0 0 0 0.0 14
stats: session 6 149.4161376953125 12.900200129182249 237.677978515625 122.276123046875 136.76615513392855 70
stats: users_count 6 76
stats: finish_users_count 6 76
stats: request 6 147.31144205729166 12.947836811988696 218.342041015625 119.89501953125 134.48797433035713 70
stats: connect 6 67.45699055989583 3.145735937309754 138.65283203125 55.966064453125 64.23223702566966 70
stats: page 6 147.31144205729166 12.947836811988696 218.342041015625 119.89501953125 134.48797433035713 70
stats: 200 6 76
stats: size_rcv 6 76
stats: newphase 0 1
stats: size_sent 864 11056
stats: connected 0 0
# stats: dump at 1455900717
stats: users 0 4
stats: {freemem,"tsung_controller_121@Wonko-the-Sane"} 1 20.5703125 0.0 66.8515625 15.359375 25.8875 15
stats: {load,"tsung_controller_121@Wonko-the-Sane"} 1 1.359375 0.0 1.94140625 1.30078125 1.6830729166666667 15
stats: {cpu,"tsung_controller_121@Wonko-the-Sane"} 1 0.0 0.0 0 0 0.0 15
stats: session 13 138.72430889423077 7.5893587130312135 237.677978515625 122.276123046875 137.764837967722 76
stats: users_count 13 89
stats: finish_users_count 13 89
stats: request 11 136.91750266335228 7.802689465144833 218.342041015625 119.89501953125 135.5003533614309 76
stats: connect 11 66.03233753551136 5.413700193586164 138.65283203125 55.966064453125 64.4868228310033 76
stats: page 11 136.91750266335228 7.802689465144833 218.342041015625 119.89501953125 135.5003533614309 76
stats: 200 11 87
stats: size_rcv 11 87
stats: newphase 0 1
stats: size_sent 1608 12664
stats: connected 0 0
# stats: dump at 1455900727
stats: users 0 4
stats: {freemem,"tsung_controller_121@Wonko-the-Sane"} 1 21.92578125 0.0 66.8515625 15.359375 25.55517578125 16
stats: {load,"tsung_controller_121@Wonko-the-Sane"} 1 1.45703125 0.0 1.94140625 1.30078125 1.662841796875 16
stats: {cpu,"tsung_controller_121@Wonko-the-Sane"} 1 0.0 0.0 0 0 0.0 16
stats: session 11 138.2213689630682 7.594360535443749 237.677978515625 122.276123046875 137.9049854064255 89
stats: users_count 11 100
stats: finish_users_count 11 100
stats: request 13 135.784423828125 7.188641975418498 218.342041015625 119.89501953125 135.67953315822558 87
stats: connect 13 63.91340519831731 6.948764857877495 138.65283203125 55.966064453125 64.68223273617097 87
stats: page 13 135.784423828125 7.188641975418498 218.342041015625 119.89501953125 135.67953315822558 87
stats: 200 13 100
stats: size_rcv 13 100
stats: newphase 0 1
stats: size_sent 1896 14560
stats: connected 0 0
# stats: dump at 1455900737
stats: users 0 4
stats: {freemem,"tsung_controller_121@Wonko-the-Sane"} 1 19.8046875 0.0 66.8515625 15.359375 25.341681985294116 17
stats: {load,"tsung_controller_121@Wonko-the-Sane"} 1 1.5 0.0 1.94140625 1.30078125 1.650735294117647 17
stats: {cpu,"tsung_controller_121@Wonko-the-Sane"} 1 0.0 0.0 0 0 0.0 17
stats: session 8 131.9178466796875 8.459946041541013 237.677978515625 122.276123046875 137.9397875976562 100
stats: users_count 8 108
stats: finish_users_count 8 108
stats: request 8 130.01177978515625 8.427144848614152 218.342041015625 119.89501953125 135.6931689453125 100
stats: connect 8 60.961151123046875 2.86329878151823 138.65283203125 55.966064453125 64.58228515625 100
stats: page 8 130.01177978515625 8.427144848614152 218.342041015625 119.89501953125 135.6931689453125 100
stats: 200 8 108
stats: size_rcv 8 108
stats: newphase 0 1
stats: size_sent 1160 15720
stats: connected 0 0
# stats: dump at 1455900747
stats: users 2 5
stats: {freemem,"tsung_controller_121@Wonko-the-Sane"} 1 20.2890625 0.0 66.8515625 15.359375 25.034071180555557 18
stats: {load,"tsung_controller_121@Wonko-the-Sane"} 1 1.49609375 0.0 1.94140625 1.30078125 1.6423611111111112 18
stats: {cpu,"tsung_controller_121@Wonko-the-Sane"} 1 0.0 0.0 0 0 0.0 18
stats: session 27 134.27947771990742 5.193015864411468 237.677978515625 122.276123046875 137.49371790002888 108
stats: users_count 29 137
stats: finish_users_count 27 135
stats: request 25 132.26231445312504 5.3592598443207535 218.342041015625 119.89501953125 135.27232530381946 108
stats: connect 26 62.4554443359375 3.4992739370057655 138.65283203125 55.966064453125 64.31405300564235 108
stats: page 25 132.26231445312504 5.3592598443207535 218.342041015625 119.89501953125 135.27232530381946 108
stats: 200 25 133
stats: size_rcv 25 133
stats: newphase 1 2
stats: size_sent 3768 19488
stats: connected 1 1
# stats: dump at 1455900757
stats: users 0 5
stats: {freemem,"tsung_controller_121@Wonko-the-Sane"} 1 35.66796875 0.0 66.8515625 15.359375 24.78433388157895 19
stats: {load,"tsung_controller_121@Wonko-the-Sane"} 1 1.5703125 0.0 1.94140625 1.30078125 1.6346628289473684 19
stats: {cpu,"tsung_controller_121@Wonko-the-Sane"} 1 0.0 0.0 0 0 0.0 19
stats: session 76 133.3244725277549 7.746312959350976 237.677978515625 122.276123046875 136.8508698640046 135
stats: users_count 74 211
stats: finish_users_count 76 211
stats: request 78 131.27170347556086 7.591748314786498 218.342041015625 119.89501953125 134.70653379053104 133
stats: connect 77 61.59011325588474 4.150883903843263 138.65283203125 55.658935546875 63.953427442863806 134
stats: page 78 131.27170347556086 7.591748314786498 218.342041015625 119.89501953125 134.70653379053104 133
stats: 200 78 211
stats: size_rcv 78 211
stats: newphase 0 2
stats: size_sent 11232 30720
stats: connected -1 0
# stats: dump at 1455900762
stats: users 0 5
stats: {freemem,"tsung_controller_121@Wonko-the-Sane"} 1 30.3671875 0.0 66.8515625 15.359375 25.328515625 20
stats: {load,"tsung_controller_121@Wonko-the-Sane"} 1 1.5546875 0.0 1.94140625 1.30078125 1.6314453125 20
stats: {cpu,"tsung_controller_121@Wonko-the-Sane"} 1 0.0 0.0 0 0 0.0 20
stats: session 0 0 0 237.677978515625 122.276123046875 135.58069831161134 211
stats: users_count 0 211
stats: finish_users_count 0 211
stats: request 0 0 0 218.342041015625 119.89501953125 133.43678609115818 211
stats: connect 0 0 0 138.65283203125 55.658935546875 63.09098577273401 211
stats: page 0 0 0 218.342041015625 119.89501953125 133.43678609115818 211
stats: 200 0 211
stats: size_rcv 0 211
stats: newphase 0 2
stats: size_sent 0 30720
stats: connected 0 0
EndMonitor:{1455,900762,559951}
