# stats: dump at 1455751233
stats: users 0 0
stats: {cpu,"tsung_controller@Wonko-the-Sane"} 1 0 0 0 0 0 0
stats: {freemem,"tsung_controller@Wonko-the-Sane"} 1 22.33203125 0 22.33203125 22.33203125 0 0
stats: {load,"tsung_controller@Wonko-the-Sane"} 1 2.29296875 0 2.29296875 2.29296875 0 0
stats: users_count 0 0
stats: finish_users_count 0 0
# stats: dump at 1455751243
stats: users 0 1
stats: {cpu,"tsung_controller@Wonko-the-Sane"} 1 0.0 0.0 0 0 0.0 1
stats: {freemem,"tsung_controller@Wonko-the-Sane"} 1 18.625 0.0 22.33203125 18.625 22.33203125 1
stats: {load,"tsung_controller@Wonko-the-Sane"} 1 2.2421875 0.0 2.29296875 2.2421875 2.29296875 1
stats: session 2 192.065673828125 39.196533203125 231.26220703125 152.869140625 0 0
stats: users_count 2 2
stats: finish_users_count 2 2
stats: request 2 181.280517578125 30.826416015625 212.10693359375 150.4541015625 0 0
stats: connect 2 109.7470703125 31.583984375 141.3310546875 78.1630859375 0 0
stats: page 2 181.280517578125 30.826416015625 212.10693359375 150.4541015625 0 0
stats: 200 2 2
stats: size_rcv 2 2
stats: size_sent 288 288
stats: connected 0 0
# stats: dump at 1455751253
stats: users 0 1
stats: {cpu,"tsung_controller@Wonko-the-Sane"} 1 0.0 0.0 0 0 0.0 2
stats: {freemem,"tsung_controller@Wonko-the-Sane"} 1 17.23046875 0.0 22.33203125 17.23046875 20.478515625 2
stats: {load,"tsung_controller@Wonko-the-Sane"} 1 2.203125 0.0 2.29296875 2.203125 2.267578125 2
stats: session 3 137.95174153645834 3.7329771989593357 231.26220703125 134.2080078125 192.065673828125 2
stats: users_count 3 5
stats: finish_users_count 3 5
stats: request 3 136.41300455729166 3.770177873790998 212.10693359375 132.64501953125 181.280517578125 2
stats: connect 3 66.54768880208333 1.5769728849933342 141.3310546875 64.337890625 109.7470703125 2
stats: page 3 136.41300455729166 3.770177873790998 212.10693359375 132.64501953125 181.280517578125 2
stats: 200 3 5
stats: size_rcv 3 5
stats: size_sent 432 720
stats: connected 0 0
# stats: dump at 1455751263
stats: users 0 1
stats: {cpu,"tsung_controller@Wonko-the-Sane"} 1 0.0 0.0 0 0 0.0 3
stats: {freemem,"tsung_controller@Wonko-the-Sane"} 1 106.54296875 0.0 106.54296875 17.23046875 19.395833333333332 3
stats: {load,"tsung_controller@Wonko-the-Sane"} 1 2.171875 0.0 2.29296875 2.171875 2.24609375 3
stats: session 3 157.89192708333334 11.327785096312443 231.26220703125 134.2080078125 159.597314453125 5
stats: users_count 3 8
stats: finish_users_count 3 8
stats: request 3 156.01236979166666 11.32822319134363 212.10693359375 132.64501953125 154.360009765625 5
stats: connect 3 74.85099283854167 9.102105824012064 141.3310546875 64.337890625 83.82744140625 5
stats: page 3 156.01236979166666 11.32822319134363 212.10693359375 132.64501953125 154.360009765625 5
stats: 200 3 8
stats: size_rcv 3 8
stats: size_sent 432 1152
stats: connected 0 0
# stats: dump at 1455751273
stats: users 0 1
stats: {cpu,"tsung_controller@Wonko-the-Sane"} 1 0.0 0.0 0 0 0.0 4
stats: {freemem,"tsung_controller@Wonko-the-Sane"} 1 82.95703125 0.0 106.54296875 17.23046875 41.1826171875 4
stats: {load,"tsung_controller@Wonko-the-Sane"} 1 2.15234375 0.0 2.29296875 2.15234375 2.2275390625 4
stats: session 2 152.08251953125 3.093505859375 231.26220703125 134.2080078125 158.95779418945313 8
stats: users_count 2 10
stats: finish_users_count 2 10
stats: request 2 150.22998046875 3.197998046875 212.10693359375 132.64501953125 154.97964477539063 8
stats: connect 2 65.1109619140625 0.6881103515625 141.3310546875 64.337890625 80.46127319335938 8
stats: page 2 150.22998046875 3.197998046875 212.10693359375 132.64501953125 154.97964477539063 8
stats: 200 2 10
stats: size_rcv 2 10
stats: size_sent 288 1440
stats: connected 0 0
# stats: dump at 1455751283
stats: users 0 1
stats: {cpu,"tsung_controller@Wonko-the-Sane"} 1 0.0 0.0 0 0 0.0 5
stats: {freemem,"tsung_controller@Wonko-the-Sane"} 1 75.42578125 0.0 106.54296875 17.23046875 49.5375 5
stats: {load,"tsung_controller@Wonko-the-Sane"} 1 1.97265625 0.0 2.29296875 1.97265625 2.2125 5
stats: session 0 0 0 231.26220703125 134.2080078125 157.5827392578125 10
stats: users_count 0 10
stats: finish_users_count 0 10
stats: request 0 0 0 212.10693359375 132.64501953125 154.0297119140625 10
stats: connect 0 0 0 141.3310546875 64.337890625 77.3912109375 10
stats: page 0 0 0 212.10693359375 132.64501953125 154.0297119140625 10
stats: 200 0 10
stats: size_rcv 0 10
stats: size_sent 0 1440
stats: connected 0 0
# stats: dump at 1455751293
stats: users 0 1
stats: {cpu,"tsung_controller@Wonko-the-Sane"} 1 0.0 0.0 0 0 0.0 6
stats: {freemem,"tsung_controller@Wonko-the-Sane"} 1 40.1015625 0.0 106.54296875 17.23046875 53.852213541666664 6
stats: {load,"tsung_controller@Wonko-the-Sane"} 1 1.9765625 0.0 2.29296875 1.97265625 2.1725260416666665 6
stats: session 2 169.277587890625 5.866455078125 231.26220703125 134.2080078125 157.5827392578125 10
stats: users_count 2 12
stats: finish_users_count 2 12
stats: request 2 167.3780517578125 5.6160888671875 212.10693359375 132.64501953125 154.0297119140625 10
stats: connect 2 78.802001953125 4.384033203125 141.3310546875 64.337890625 77.3912109375 10
stats: page 2 167.3780517578125 5.6160888671875 212.10693359375 132.64501953125 154.0297119140625 10
stats: 200 2 12
stats: size_rcv 2 12
stats: size_sent 296 1736
stats: connected 0 0
# stats: dump at 1455751303
stats: users 1 2
stats: {cpu,"tsung_controller@Wonko-the-Sane"} 1 0.0 0.0 0 0 0.0 7
stats: {freemem,"tsung_controller@Wonko-the-Sane"} 1 38.453125 0.0 106.54296875 17.23046875 51.88783482142857 7
stats: {load,"tsung_controller@Wonko-the-Sane"} 1 1.90625 0.0 2.29296875 1.90625 2.14453125 7
stats: session 7 150.41392299107142 8.85140309977976 231.26220703125 134.2080078125 159.5318806966146 12
stats: users_count 8 20
stats: finish_users_count 7 19
stats: request 7 148.33555385044642 8.656051807443495 212.10693359375 132.64501953125 156.25443522135416 12
stats: connect 8 74.43011474609375 8.370441867751877 141.3310546875 64.029052734375 77.6263427734375 12
stats: page 7 148.33555385044642 8.656051807443495 212.10693359375 132.64501953125 156.25443522135416 12
stats: 200 7 19
stats: size_rcv 7 19
stats: newphase 1 1
stats: size_sent 1168 2904
stats: connected 1 1
# stats: dump at 1455751313
stats: users 1 2
stats: {cpu,"tsung_controller@Wonko-the-Sane"} 1 0.0 0.0 0 0 0.0 8
stats: {freemem,"tsung_controller@Wonko-the-Sane"} 1 34.36328125 0.0 106.54296875 17.23046875 50.20849609375 8
stats: {load,"tsung_controller@Wonko-the-Sane"} 1 1.91796875 0.0 2.29296875 1.90625 2.11474609375 8
stats: session 21 156.8950660342262 16.268638281231443 231.26220703125 134.2080078125 156.17263312088815 19
stats: users_count 21 41
stats: finish_users_count 21 40
stats: request 20 151.57451171875 8.501769243070678 212.10693359375 132.64501953125 153.33695261101974 19
stats: connect 20 78.32000732421875 17.48328501375792 151.830078125 64.029052734375 76.3478515625 20
stats: page 20 151.57451171875 8.501769243070678 212.10693359375 132.64501953125 153.33695261101974 19
stats: 200 20 39
stats: size_rcv 20 39
stats: newphase 0 1
stats: size_sent 2936 5840
stats: connected 0 1
# stats: dump at 1455751323
stats: users 0 2
stats: {cpu,"tsung_controller@Wonko-the-Sane"} 1 0.0 0.0 0 0 0.0 9
stats: {freemem,"tsung_controller@Wonko-the-Sane"} 1 25.3125 0.0 106.54296875 17.23046875 48.447916666666664 9
stats: {load,"tsung_controller@Wonko-the-Sane"} 1 1.69921875 0.0 2.29296875 1.69921875 2.0928819444444446 9
stats: session 13 152.34778771033652 15.968410678876525 231.26220703125 134.2080078125 156.55191040039063 40
stats: users_count 12 53
stats: finish_users_count 13 53
stats: request 14 155.06727818080358 23.08398377590524 217.528076171875 132.64501953125 152.43313676883014 39
stats: connect 13 72.70652418870192 9.531683057138078 151.830078125 60.572998046875 77.33392944335938 40
stats: page 14 155.06727818080358 23.08398377590524 217.528076171875 132.64501953125 152.43313676883014 39
stats: 200 14 53
stats: size_rcv 14 53
stats: newphase 0 1
stats: size_sent 1872 7712
stats: connected -1 0
# stats: dump at 1455751333
stats: users 0 3
stats: {cpu,"tsung_controller@Wonko-the-Sane"} 1 0.0 0.0 0 0 0.0 10
stats: {freemem,"tsung_controller@Wonko-the-Sane"} 1 17.84375 0.0 106.54296875 17.23046875 46.134375 10
stats: {load,"tsung_controller@Wonko-the-Sane"} 1 2.2734375 0.0 2.29296875 1.69921875 2.053515625 10
stats: session 13 160.83191856971155 31.747325189526837 244.3701171875 129.260986328125 155.52071049528303 53
stats: users_count 13 66
stats: finish_users_count 13 66
stats: request 12 159.4769490559896 32.64417399656549 241.657958984375 127.31494140625 153.12894770784197 53
stats: connect 12 79.20798746744792 25.988793251994732 153.456787109375 57.966064453125 76.19890551297169 53
stats: page 12 159.4769490559896 32.64417399656549 241.657958984375 127.31494140625 153.12894770784197 53
stats: 200 12 65
stats: size_rcv 12 65
stats: newphase 0 1
stats: size_sent 1752 9464
stats: connected 0 0
# stats: dump at 1455751343
stats: users 0 3
stats: {cpu,"tsung_controller@Wonko-the-Sane"} 1 0.0 0.0 0 0 0.0 11
stats: {freemem,"tsung_controller@Wonko-the-Sane"} 1 19.625 0.0 106.54296875 17.23046875 43.5625 11
stats: {load,"tsung_controller@Wonko-the-Sane"} 1 2.15625 0.0 2.29296875 1.69921875 2.073508522727273 11
stats: session 9 155.154541015625 16.280929402819034 244.3701171875 129.260986328125 156.56685754024622 66
stats: users_count 9 75
stats: finish_users_count 9 75
stats: request 10 152.9708984375 15.536306628710939 241.657958984375 127.31494140625 154.30088641826924 65
stats: connect 10 77.2859130859375 17.18078142682763 153.456787109375 57.966064453125 76.75442833533654 65
stats: page 10 152.9708984375 15.536306628710939 241.657958984375 127.31494140625 154.30088641826924 65
stats: 200 10 75
stats: size_rcv 10 75
stats: newphase 0 1
stats: size_sent 1448 10912
stats: connected 0 0
# stats: dump at 1455751353
stats: users 0 3
stats: {cpu,"tsung_controller@Wonko-the-Sane"} 1 0.0 0.0 0 0 0.0 12
stats: {freemem,"tsung_controller@Wonko-the-Sane"} 1 19.11328125 0.0 106.54296875 17.23046875 41.567708333333336 12
stats: {load,"tsung_controller@Wonko-the-Sane"} 1 2.2109375 0.0 2.29296875 1.69921875 2.0804036458333335 12
stats: session 8 158.54022216796875 17.25930911825927 244.3701171875 129.260986328125 156.39737955729166 75
stats: users_count 8 83
stats: finish_users_count 8 83
stats: request 8 156.40838623046875 17.318340187389087 241.657958984375 127.31494140625 154.1235546875 75
stats: connect 8 78.90679931640625 14.48656406637331 153.456787109375 57.966064453125 76.82529296875 75
stats: page 8 156.40838623046875 17.318340187389087 241.657958984375 127.31494140625 154.1235546875 75
stats: 200 8 83
stats: size_rcv 8 83
stats: newphase 0 1
stats: size_sent 1176 12088
stats: connected 0 0
# stats: dump at 1455751363
stats: users 0 3
stats: {cpu,"tsung_controller@Wonko-the-Sane"} 1 0.0 0.0 0 0 0.0 13
stats: {freemem,"tsung_controller@Wonko-the-Sane"} 1 22.6484375 0.0 106.54296875 17.23046875 39.84044471153846 13
stats: {load,"tsung_controller@Wonko-the-Sane"} 1 2.09765625 0.0 2.29296875 1.69921875 2.0904447115384617 13
stats: session 15 164.05509440104166 34.33656926854241 267.251953125 129.260986328125 156.6039186041039 83
stats: users_count 15 98
stats: finish_users_count 15 98
stats: request 15 161.93466796875 34.3886438856417 265.0810546875 127.31494140625 154.34377941453315 83
stats: connect 15 86.402734375 32.13614459446876 187.125 57.966064453125 77.02592008659639 83
stats: page 15 161.93466796875 34.3886438856417 265.0810546875 127.31494140625 154.34377941453315 83
stats: 200 15 98
stats: size_rcv 15 98
stats: newphase 0 1
stats: size_sent 2176 14264
stats: connected 0 0
# stats: dump at 1455751373
stats: users 0 3
stats: {cpu,"tsung_controller@Wonko-the-Sane"} 1 0.0 0.0 0 0 0.0 14
stats: {freemem,"tsung_controller@Wonko-the-Sane"} 1 18.0625 0.0 106.54296875 17.23046875 38.61244419642857 14
stats: {load,"tsung_controller@Wonko-the-Sane"} 1 2.15625 0.0 2.29296875 1.69921875 2.0909598214285716 14
stats: session 5 158.60751953125 9.71191029126922 267.251953125 129.260986328125 157.74440469547193 98
stats: users_count 5 103
stats: finish_users_count 5 103
stats: request 5 156.564453125 9.599038963096524 265.0810546875 127.31494140625 155.50565011160717 98
stats: connect 5 80.095166015625 6.15543710870184 187.125 57.966064453125 78.46114676339286 98
stats: page 5 156.564453125 9.599038963096524 265.0810546875 127.31494140625 155.50565011160717 98
stats: 200 5 103
stats: size_rcv 5 103
stats: newphase 0 1
stats: size_sent 736 15000
stats: connected 0 0
# stats: dump at 1455751383
stats: users 0 3
stats: {cpu,"tsung_controller@Wonko-the-Sane"} 1 0.0 0.0 0 0 0.0 15
stats: {freemem,"tsung_controller@Wonko-the-Sane"} 1 18.91015625 0.0 106.54296875 17.23046875 37.24244791666667 15
stats: {load,"tsung_controller@Wonko-the-Sane"} 1 2.04296875 0.0 2.29296875 1.69921875 2.0953125000000004 15
stats: session 9 167.47265625 38.231431703397455 267.251953125 129.260986328125 157.78630347390774 103
stats: users_count 9 112
stats: finish_users_count 9 112
stats: connect 9 82.45046657986111 21.101935541248988 187.125 57.966064453125 78.54046808631675 103
stats: page 9 165.37462022569446 38.53662923337014 265.0810546875 127.31494140625 155.5570483161408 103
stats: request 9 165.37462022569446 38.53662923337014 265.0810546875 127.31494140625 155.5570483161408 103
stats: 200 9 112
stats: size_rcv 9 112
stats: newphase 0 1
stats: size_sent 1304 16304
stats: connected 0 0
# stats: dump at 1455751393
stats: users 0 3
stats: {cpu,"tsung_controller@Wonko-the-Sane"} 1 0.0 0.0 0 0 0.0 16
stats: {freemem,"tsung_controller@Wonko-the-Sane"} 1 17.91796875 0.0 106.54296875 17.23046875 36.0966796875 16
stats: {load,"tsung_controller@Wonko-the-Sane"} 1 2.03125 0.0 2.29296875 1.69921875 2.0920410156250004 16
stats: session 2 164.5361328125 5.94091796875 267.251953125 129.260986328125 158.56467110770086 112
stats: users_count 2 114
stats: finish_users_count 2 114
stats: request 2 162.26904296875 5.9541015625 265.0810546875 127.31494140625 156.34596034458704 112
stats: connect 2 81.7021484375 9.4560546875 187.125 57.966064453125 78.8546643938337 112
stats: page 2 162.26904296875 5.9541015625 265.0810546875 127.31494140625 156.34596034458704 112
stats: 200 2 114
stats: size_rcv 2 114
stats: newphase 0 1
stats: size_sent 296 16600
stats: connected 0 0
# stats: dump at 1455751403
stats: users 0 3
stats: {cpu,"tsung_controller@Wonko-the-Sane"} 1 0.0 0.0 0 0 0.0 17
stats: {freemem,"tsung_controller@Wonko-the-Sane"} 1 17.9375 0.0 106.54296875 17.23046875 35.02734375 17
stats: {load,"tsung_controller@Wonko-the-Sane"} 1 1.87109375 0.0 2.29296875 1.69921875 2.088465073529412 17
stats: session 0 0 0 267.251953125 129.260986328125 158.66943359374997 114
stats: users_count 0 114
stats: finish_users_count 0 114
stats: connect 0 0 0 187.125 57.966064453125 78.9046202542489 114
stats: request 0 0 0 265.0810546875 127.31494140625 156.44987407483552 114
stats: page 0 0 0 265.0810546875 127.31494140625 156.44987407483552 114
stats: 200 0 114
stats: size_rcv 0 114
stats: newphase 0 1
stats: size_sent 0 16600
stats: connected 0 0
# stats: dump at 1455751413
stats: users 0 3
stats: {cpu,"tsung_controller@Wonko-the-Sane"} 1 0.0 0.0 0 0 0.0 18
stats: {freemem,"tsung_controller@Wonko-the-Sane"} 1 18.40234375 0.0 106.54296875 17.23046875 34.077907986111114 18
stats: {load,"tsung_controller@Wonko-the-Sane"} 1 1.73828125 0.0 2.29296875 1.69921875 2.0763888888888893 18
stats: session 0 0 0 267.251953125 129.260986328125 158.66943359374997 114
stats: users_count 0 114
stats: finish_users_count 0 114
stats: connect 0 0 0 187.125 57.966064453125 78.9046202542489 114
stats: request 0 0 0 265.0810546875 127.31494140625 156.44987407483552 114
stats: page 0 0 0 265.0810546875 127.31494140625 156.44987407483552 114
stats: 200 0 114
stats: size_rcv 0 114
stats: newphase 0 1
stats: size_sent 0 16600
stats: connected 0 0
# stats: dump at 1455751423
stats: users 1 7
stats: {cpu,"tsung_controller@Wonko-the-Sane"} 1 0.0 0.0 0 0 0.0 19
stats: {freemem,"tsung_controller@Wonko-the-Sane"} 1 32.93359375 0.0 106.54296875 17.23046875 33.252878289473685 19
stats: {load,"tsung_controller@Wonko-the-Sane"} 1 1.6171875 0.0 2.29296875 1.6171875 2.0585937500000004 19
stats: session 39 205.54005158253202 223.61178468832662 1172.802978515625 129.260986328125 158.66943359374997 114
stats: users_count 40 154
stats: finish_users_count 39 153
stats: connect 38 130.2289396587171 225.571830133913 1088.3271484375 57.966064453125 78.9046202542489 114
stats: request 37 205.82120988175674 229.28683314837733 1171.052001953125 127.31494140625 156.44987407483552 114
stats: page 37 205.82120988175674 229.28683314837733 1171.052001953125 127.31494140625 156.44987407483552 114
stats: 200 37 151
stats: size_rcv 37 151
stats: newphase 1 2
stats: size_sent 5520 22120
stats: connected 1 1
# stats: dump at 1455751433
stats: users 0 7
stats: {cpu,"tsung_controller@Wonko-the-Sane"} 1 0.0 0.0 0 0 0.0 20
stats: {freemem,"tsung_controller@Wonko-the-Sane"} 1 37.9140625 0.0 106.54296875 17.23046875 33.2369140625 20
stats: {load,"tsung_controller@Wonko-the-Sane"} 1 1.6015625 0.0 2.29296875 1.6015625 2.0365234375000005 20
stats: session 61 157.8301861872438 26.943917578405628 1172.802978515625 129.260986328125 170.61684602226302 153
stats: users_count 60 214
stats: finish_users_count 61 214
stats: request 63 155.88631184895834 26.998838418513092 1171.052001953125 127.31494140625 168.54748615997516 151
stats: connect 62 73.85441343245968 11.988246322590276 1088.3271484375 57.966064453125 91.73570010536595 152
stats: 200 63 214
stats: page 63 155.88631184895834 26.998838418513092 1171.052001953125 127.31494140625 168.54748615997516 151
stats: size_rcv 63 214
stats: newphase 0 2
stats: size_sent 9048 31168
stats: connected -1 0
# stats: dump at 1455751434
stats: users 0 7
stats: {cpu,"tsung_controller@Wonko-the-Sane"} 0 0 0 0 0 0.0 21
stats: {freemem,"tsung_controller@Wonko-the-Sane"} 0 0 0 106.54296875 17.23046875 33.459635416666664 21
stats: {load,"tsung_controller@Wonko-the-Sane"} 0 0 0 2.29296875 1.6015625 2.0158110119047628 21
stats: session 0 0 0 1172.802978515625 129.260986328125 166.97205046181364 214
stats: users_count 0 214
stats: finish_users_count 0 214
stats: request 0 0 0 1171.052001953125 127.31494140625 164.82013110579732 214
stats: connect 0 0 0 1088.3271484375 57.966064453125 86.5551404150847 214
stats: page 0 0 0 1171.052001953125 127.31494140625 164.82013110579732 214
stats: 200 0 214
stats: size_rcv 0 214
stats: newphase 0 2
stats: size_sent 0 31168
stats: connected 0 0
EndMonitor:{1455,751434,733680}
