# stats: dump at 1454348857
stats: users 0 2
stats: {load,"tsung_controller_38@Wonko-the-Sane"} 1 2.125 0 2.125 2.125 0 0
stats: {freemem,"tsung_controller_38@Wonko-the-Sane"} 1 23.609375 0 23.609375 23.609375 0 0
stats: {cpu,"tsung_controller_38@Wonko-the-Sane"} 1 0 0 0 0 0 0
stats: session 2 759.2701416015625 53.6810302734375 812.951171875 705.589111328125 0 0
stats: users_count 2 2
stats: finish_users_count 2 2
stats: request 2 748.3953857421875 45.4415283203125 793.8369140625 702.953857421875 0 0
stats: connect 2 121.3895263671875 61.5765380859375 182.966064453125 59.81298828125 0 0
stats: page 2 748.3953857421875 45.4415283203125 793.8369140625 702.953857421875 0 0
stats: 200 2 2
stats: size_rcv 16 16
stats: size_sent 288 288
stats: connected 0 0
# stats: dump at 1454348867
stats: users 0 2
stats: {load,"tsung_controller_38@Wonko-the-Sane"} 1 2.10546875 0.0 2.125 2.10546875 2.125 1
stats: {freemem,"tsung_controller_38@Wonko-the-Sane"} 1 25.13671875 0.0 25.13671875 23.609375 23.609375 1
stats: {cpu,"tsung_controller_38@Wonko-the-Sane"} 1 0.0 0.0 0 0 0.0 1
stats: session 2 550.531982421875 81.739013671875 812.951171875 468.79296875 759.2701416015625 2
stats: users_count 2 4
stats: finish_users_count 2 4
stats: request 2 548.342529296875 81.695556640625 793.8369140625 466.64697265625 748.3953857421875 2
stats: connect 2 63.1734619140625 3.3304443359375 182.966064453125 59.81298828125 121.3895263671875 2
stats: page 2 548.342529296875 81.695556640625 793.8369140625 466.64697265625 748.3953857421875 2
stats: 200 2 4
stats: size_rcv 16 32
stats: size_sent 288 576
stats: connected 0 0
# stats: dump at 1454348877
stats: users 0 2
stats: {load,"tsung_controller_38@Wonko-the-Sane"} 1 1.93359375 0.0 2.125 1.93359375 2.115234375 2
stats: {freemem,"tsung_controller_38@Wonko-the-Sane"} 1 18.515625 0.0 25.13671875 18.515625 24.373046875 2
stats: {cpu,"tsung_controller_38@Wonko-the-Sane"} 1 0.0 0.0 0 0 0.0 2
stats: session 1 839.739990234375 0.0 839.739990234375 468.79296875 654.9010620117188 4
stats: users_count 1 5
stats: finish_users_count 1 5
stats: request 1 838.218994140625 0.0 838.218994140625 466.64697265625 648.3689575195313 4
stats: connect 1 61.85009765625 0.0 182.966064453125 59.81298828125 92.281494140625 4
stats: page 1 838.218994140625 0.0 838.218994140625 466.64697265625 648.3689575195313 4
stats: 200 1 5
stats: size_rcv 8 40
stats: size_sent 144 720
stats: connected 0 0
# stats: dump at 1454348887
stats: users 0 2
stats: {load,"tsung_controller_38@Wonko-the-Sane"} 1 1.87109375 0.0 2.125 1.87109375 2.0546875 3
stats: {freemem,"tsung_controller_38@Wonko-the-Sane"} 1 20.40625 0.0 25.13671875 18.515625 22.420572916666668 3
stats: {cpu,"tsung_controller_38@Wonko-the-Sane"} 1 0.0 0.0 0 0 0.0 3
stats: session 2 724.4024658203125 94.7454833984375 839.739990234375 468.79296875 691.86884765625 5
stats: users_count 2 7
stats: finish_users_count 2 7
stats: 200 2 7
stats: request 2 722.2928466796875 94.7349853515625 838.218994140625 466.64697265625 686.33896484375 5
stats: page 2 722.2928466796875 94.7349853515625 838.218994140625 466.64697265625 686.33896484375 5
stats: connect 2 70.2825927734375 7.2574462890625 182.966064453125 59.81298828125 86.19521484375 5
stats: size_rcv 16 56
stats: size_sent 288 1008
stats: connected 0 0
# stats: dump at 1454348897
stats: users 1 2
stats: {load,"tsung_controller_38@Wonko-the-Sane"} 1 1.80859375 0.0 2.125 1.80859375 2.0087890625 4
stats: {freemem,"tsung_controller_38@Wonko-the-Sane"} 1 17.11328125 0.0 25.13671875 17.11328125 21.9169921875 4
stats: {cpu,"tsung_controller_38@Wonko-the-Sane"} 1 0.0 0.0 0 0 0.0 4
stats: session 2 790.534423828125 76.62255859375 867.156982421875 468.79296875 701.1641671316964 7
stats: users_count 3 10
stats: finish_users_count 2 9
stats: 200 2 9
stats: request 2 788.5933837890625 76.8995361328125 865.492919921875 466.64697265625 696.6115025111607 7
stats: page 2 788.5933837890625 76.8995361328125 865.492919921875 466.64697265625 696.6115025111607 7
stats: connect 3 64.25870768229167 1.5733801683025632 182.966064453125 59.81298828125 81.64875139508929 7
stats: size_rcv 16 72
stats: size_sent 432 1440
stats: connected 1 1
# stats: dump at 1454348907
stats: users 3 3
stats: {load,"tsung_controller_38@Wonko-the-Sane"} 1 1.91796875 0.0 2.125 1.80859375 1.96875 5
stats: {freemem,"tsung_controller_38@Wonko-the-Sane"} 1 16.73828125 0.0 25.13671875 16.73828125 20.95625 5
stats: {cpu,"tsung_controller_38@Wonko-the-Sane"} 1 0.0 0.0 0 0 0.0 5
stats: session 1 734.453125 0.0 867.156982421875 468.79296875 721.0242241753472 9
stats: users_count 3 13
stats: finish_users_count 1 10
stats: request 1 732.261962890625 0.0 865.492919921875 466.64697265625 717.0519205729166 9
stats: connect 3 78.66373697916667 16.418338263314105 182.966064453125 59.81298828125 76.43173828125 10
stats: 200 1 10
stats: page 1 732.261962890625 0.0 865.492919921875 466.64697265625 717.0519205729166 9
stats: size_rcv 8 80
stats: size_sent 440 1880
stats: connected 2 3
# stats: dump at 1454348917
stats: users 0 3
stats: {load,"tsung_controller_38@Wonko-the-Sane"} 1 1.77734375 0.0 2.125 1.77734375 1.9602864583333333 6
stats: {freemem,"tsung_controller_38@Wonko-the-Sane"} 1 24.8984375 0.0 25.13671875 16.73828125 20.253255208333332 6
stats: {cpu,"tsung_controller_38@Wonko-the-Sane"} 1 0.0 0.0 0 0 0.0 6
stats: session 4 1344.6304931640625 846.0557930215737 2662.739013671875 468.79296875 722.3671142578125 10
stats: users_count 1 14
stats: finish_users_count 4 14
stats: request 4 1342.5992431640625 846.0197178851541 2660.556884765625 466.64697265625 718.5729248046875 10
stats: connect 1 57.639892578125 0.0 182.966064453125 57.639892578125 76.94681490384616 13
stats: page 4 1342.5992431640625 846.0197178851541 2660.556884765625 466.64697265625 718.5729248046875 10
stats: 200 4 14
stats: size_rcv 32 112
stats: newphase 1 1
stats: size_sent 152 2032
stats: connected -3 0
# stats: dump at 1454348927
stats: users 0 3
stats: {load,"tsung_controller_38@Wonko-the-Sane"} 1 1.65625 0.0 2.125 1.65625 1.9341517857142858 7
stats: {freemem,"tsung_controller_38@Wonko-the-Sane"} 1 25.1875 0.0 25.1875 16.73828125 20.916852678571427 7
stats: {cpu,"tsung_controller_38@Wonko-the-Sane"} 1 0.0 0.0 0 0 0.0 7
stats: session 0 0 0 2662.739013671875 468.79296875 900.1566510881696 14
stats: users_count 0 14
stats: finish_users_count 0 14
stats: request 0 0 0 2660.556884765625 466.64697265625 896.8661586216518 14
stats: page 0 0 0 2660.556884765625 466.64697265625 896.8661586216518 14
stats: connect 0 0 0 182.966064453125 57.639892578125 75.5677490234375 14
stats: 200 0 14
stats: size_rcv 0 112
stats: newphase 0 1
stats: size_sent 0 2032
stats: connected 0 0
# stats: dump at 1454348937
stats: users 1 3
stats: {load,"tsung_controller_38@Wonko-the-Sane"} 1 1.5546875 0.0 2.125 1.5546875 1.8994140625 8
stats: {freemem,"tsung_controller_38@Wonko-the-Sane"} 1 17.7421875 0.0 25.1875 16.73828125 21.45068359375 8
stats: {cpu,"tsung_controller_38@Wonko-the-Sane"} 1 0.0 0.0 0 0 0.0 8
stats: session 8 1101.1194763183594 103.10736786851918 2662.739013671875 468.79296875 900.1566510881696 14
stats: users_count 9 23
stats: finish_users_count 8 22
stats: request 8 1098.8987426757813 102.98451631326445 2660.556884765625 466.64697265625 896.8661586216518 14
stats: connect 8 65.49468994140625 4.7084581701343104 182.966064453125 57.639892578125 75.5677490234375 14
stats: page 8 1098.8987426757813 102.98451631326445 2660.556884765625 466.64697265625 896.8661586216518 14
stats: 200 8 22
stats: size_rcv 64 176
stats: newphase 0 1
stats: size_sent 1160 3192
stats: connected 0 0
# stats: dump at 1454348947
stats: users 0 3
stats: {load,"tsung_controller_38@Wonko-the-Sane"} 1 1.46875 0.0 2.125 1.46875 1.8611111111111112 9
stats: {freemem,"tsung_controller_38@Wonko-the-Sane"} 1 14.51171875 0.0 25.1875 14.51171875 21.03862847222222 9
stats: {cpu,"tsung_controller_38@Wonko-the-Sane"} 1 0.0 0.0 0 0 0.0 9
stats: session 10 1538.508251953125 137.69016070320197 2662.739013671875 468.79296875 973.2340420809659 22
stats: users_count 9 32
stats: finish_users_count 10 32
stats: request 9 1550.091579861111 138.2740741522296 2660.556884765625 466.64697265625 970.3325528231534 22
stats: connect 10 67.8540283203125 9.380170384682767 182.966064453125 57.639892578125 71.9048184481534 22
stats: page 9 1550.091579861111 138.2740741522296 2660.556884765625 466.64697265625 970.3325528231534 22
stats: 200 9 31
stats: size_rcv 72 248
stats: newphase 0 1
stats: size_sent 1464 4656
stats: connected 1 1
# stats: dump at 1454348957
stats: users 1 3
stats: {load,"tsung_controller_38@Wonko-the-Sane"} 1 1.46875 0.0 2.125 1.46875 1.821875 10
stats: {freemem,"tsung_controller_38@Wonko-the-Sane"} 1 16.98046875 0.0 25.1875 14.51171875 20.3859375 10
stats: {cpu,"tsung_controller_38@Wonko-the-Sane"} 1 0.0 0.0 0 0 0.0 10
stats: session 11 429.48193359375 215.61726245700586 2662.739013671875 175.380126953125 1149.8822326660156 32
stats: users_count 12 44
stats: finish_users_count 11 43
stats: request 12 509.5725911458333 341.74223613346 2660.556884765625 172.643798828125 1138.649689705141 31
stats: connect 12 70.51985677083333 22.29718618711178 182.966064453125 57.60693359375 70.63894653320313 32
stats: page 12 509.5725911458333 341.74223613346 2660.556884765625 172.643798828125 1138.649689705141 31
stats: 200 12 43
stats: size_rcv 96 344
stats: newphase 0 1
stats: size_sent 1760 6416
stats: connected 0 1
# stats: dump at 1454348967
stats: users 1 3
stats: {load,"tsung_controller_38@Wonko-the-Sane"} 1 1.55078125 0.0 2.125 1.46875 1.7897727272727273 11
stats: {freemem,"tsung_controller_38@Wonko-the-Sane"} 1 20.98046875 0.0 25.1875 14.51171875 20.076349431818183 11
stats: {cpu,"tsung_controller_38@Wonko-the-Sane"} 1 0.0 0.0 0 0 0.0 11
stats: session 6 642.3401285807291 231.81280540088176 2662.739013671875 175.380126953125 965.5937840661337 43
stats: users_count 6 50
stats: finish_users_count 6 49
stats: request 5 609.556640625 242.63128318020918 2660.556884765625 172.643798828125 963.0932901071948 43
stats: page 5 609.556640625 242.63128318020918 2660.556884765625 172.643798828125 963.0932901071948 43
stats: connect 6 68.34061686197917 9.717159330592981 182.966064453125 57.60693359375 70.60646750710227 44
stats: 200 5 48
stats: size_rcv 40 384
stats: newphase 0 1
stats: size_sent 864 7280
stats: connected 1 2
# stats: dump at 1454348977
stats: users 0 4
stats: {load,"tsung_controller_38@Wonko-the-Sane"} 1 1.5390625 0.0 2.125 1.46875 1.7698567708333333 12
stats: {freemem,"tsung_controller_38@Wonko-the-Sane"} 1 22.2421875 0.0 25.1875 14.51171875 20.151692708333336 12
stats: {cpu,"tsung_controller_38@Wonko-the-Sane"} 1 0.0 0.0 0 0 0.0 12
stats: session 16 814.5885925292969 111.07914298893665 2662.739013671875 175.380126953125 926.0117038026148 49
stats: users_count 15 65
stats: finish_users_count 16 65
stats: request 17 811.4312241498162 108.02205479784699 2660.556884765625 172.643798828125 926.2665557861328 48
stats: connect 15 63.524593098958334 5.972374901153112 182.966064453125 57.048095703125 70.33456542968749 50
stats: page 17 811.4312241498162 108.02205479784699 2660.556884765625 172.643798828125 926.2665557861328 48
stats: 200 17 65
stats: size_rcv 136 520
stats: newphase 0 1
stats: size_sent 2184 9464
stats: connected -2 0
# stats: dump at 1454348987
stats: users 0 4
stats: {load,"tsung_controller_38@Wonko-the-Sane"} 1 1.453125 0.0 2.125 1.453125 1.7521033653846154 13
stats: {freemem,"tsung_controller_38@Wonko-the-Sane"} 1 26.03125 0.0 26.03125 14.51171875 20.3125 13
stats: {cpu,"tsung_controller_38@Wonko-the-Sane"} 1 0.0 0.0 0 0 0.0 13
stats: session 6 675.5910237630209 104.36768780575775 2662.739013671875 175.380126953125 898.5844764122596 65
stats: users_count 6 71
stats: finish_users_count 6 71
stats: request 6 673.4461669921875 104.41032458023754 2660.556884765625 172.643798828125 896.2326998197116 65
stats: connect 6 70.7003173828125 8.949693180475673 182.966064453125 57.048095703125 68.76303335336539 65
stats: page 6 673.4461669921875 104.41032458023754 2660.556884765625 172.643798828125 896.2326998197116 65
stats: 200 6 71
stats: size_rcv 48 568
stats: newphase 0 1
stats: size_sent 872 10336
stats: connected 0 0
# stats: dump at 1454348997
stats: users 1 4
stats: {load,"tsung_controller_38@Wonko-the-Sane"} 1 1.45703125 0.0 2.125 1.453125 1.7307477678571428 14
stats: {freemem,"tsung_controller_38@Wonko-the-Sane"} 1 39.85546875 0.0 39.85546875 14.51171875 20.720982142857142 14
stats: {cpu,"tsung_controller_38@Wonko-the-Sane"} 1 0.0 0.0 0 0 0.0 14
stats: session 10 427.2801513671875 84.82466847898898 2662.739013671875 175.380126953125 879.7399592869718 71
stats: users_count 11 82
stats: finish_users_count 10 81
stats: request 10 425.0894775390625 84.88244009570865 2660.556884765625 172.643798828125 877.4056688765405 71
stats: connect 10 63.944677734375 6.1481903038112735 182.966064453125 57.048095703125 68.92674749669894 71
stats: page 10 425.0894775390625 84.88244009570865 2660.556884765625 172.643798828125 877.4056688765405 71
stats: 200 10 81
stats: size_rcv 80 648
stats: newphase 0 1
stats: size_sent 1456 11792
stats: connected 0 0
# stats: dump at 1454349007
stats: users 1 4
stats: {load,"tsung_controller_38@Wonko-the-Sane"} 1 1.5390625 0.0 2.125 1.453125 1.7125 15
stats: {freemem,"tsung_controller_38@Wonko-the-Sane"} 1 35.62890625 0.0 39.85546875 14.51171875 21.996614583333333 15
stats: {cpu,"tsung_controller_38@Wonko-the-Sane"} 1 0.0 0.0 0 0 0.0 15
stats: session 10 371.675 93.10362031323652 2662.739013671875 175.380126953125 823.8807237413195 81
stats: users_count 10 92
stats: finish_users_count 10 91
stats: request 8 341.56488037109375 82.62949645978536 2660.556884765625 172.643798828125 821.5641637731482 81
stats: connect 11 69.99269797585227 14.565034542497008 182.966064453125 57.048095703125 68.31167715567129 81
stats: page 8 341.56488037109375 82.62949645978536 2660.556884765625 172.643798828125 821.5641637731482 81
stats: 200 8 89
stats: size_rcv 64 712
stats: newphase 0 1
stats: size_sent 1600 13392
stats: connected 3 3
# stats: dump at 1454349017
stats: users 0 4
stats: {load,"tsung_controller_38@Wonko-the-Sane"} 1 1.375 0.0 2.125 1.375 1.70166015625 16
stats: {freemem,"tsung_controller_38@Wonko-the-Sane"} 1 28.4375 0.0 39.85546875 14.51171875 22.8486328125 16
stats: {cpu,"tsung_controller_38@Wonko-the-Sane"} 1 0.0 0.0 0 0 0.0 16
stats: session 11 185.52592329545453 106.83378666278197 2662.739013671875 132.326904296875 774.1877870664492 91
stats: users_count 10 102
stats: finish_users_count 11 102
stats: connect 9 62.89252387152778 4.18657977204623 182.966064453125 57.048095703125 68.51266877547553 92
stats: request 12 235.9122517903646 149.95163351221498 2660.556884765625 130.413818359375 778.4181607707163 89
stats: page 12 235.9122517903646 149.95163351221498 2660.556884765625 130.413818359375 778.4181607707163 89
stats: 200 12 101
stats: size_rcv 96 808
stats: newphase 0 1
stats: size_sent 1312 14704
stats: connected -3 0
# stats: dump at 1454349027
stats: users 0 4
stats: {load,"tsung_controller_38@Wonko-the-Sane"} 1 1.31640625 0.0 2.125 1.31640625 1.6824448529411764 17
stats: {freemem,"tsung_controller_38@Wonko-the-Sane"} 1 33.68359375 0.0 39.85546875 14.51171875 23.17738970588235 17
stats: {cpu,"tsung_controller_38@Wonko-the-Sane"} 1 0.0 0.0 0 0 0.0 17
stats: session 12 301.50661214192706 147.72085427890644 2662.739013671875 132.326904296875 710.7046448950674 102
stats: users_count 12 114
stats: finish_users_count 12 114
stats: request 13 287.65824068509613 147.61228610716765 2660.556884765625 130.413818359375 713.9620131690904 101
stats: connect 13 65.59786283052884 5.242785304015458 182.966064453125 57.048095703125 68.01186378403465 101
stats: page 13 287.65824068509613 147.61228610716765 2660.556884765625 130.413818359375 713.9620131690904 101
stats: 200 13 114
stats: size_rcv 104 912
stats: newphase 0 1
stats: size_sent 1896 16600
stats: connected 0 0
# stats: dump at 1454349037
stats: users 7 7
stats: {load,"tsung_controller_38@Wonko-the-Sane"} 1 1.49609375 0.0 2.125 1.31640625 1.662109375 18
stats: {freemem,"tsung_controller_38@Wonko-the-Sane"} 1 32.09765625 0.0 39.85546875 14.51171875 23.761067708333332 18
stats: {cpu,"tsung_controller_38@Wonko-the-Sane"} 1 0.0 0.0 0 0 0.0 18
stats: session 2 363.3790283203125 40.2969970703125 2662.739013671875 132.326904296875 667.6311677631579 114
stats: users_count 9 123
stats: finish_users_count 2 116
stats: connect 7 62.93226841517857 1.789754636611143 182.966064453125 57.048095703125 67.73658297354714 114
stats: request 2 361.4599609375 40.407958984375 2660.556884765625 130.413818359375 665.3484250788104 114
stats: page 2 361.4599609375 40.407958984375 2660.556884765625 130.413818359375 665.3484250788104 114
stats: 200 2 116
stats: size_rcv 16 928
stats: newphase 1 2
stats: size_sent 1008 17608
stats: connected 5 5
# stats: dump at 1454349047
stats: users 2 8
stats: {load,"tsung_controller_38@Wonko-the-Sane"} 1 1.56640625 0.0 2.125 1.31640625 1.6533717105263157 19
stats: {freemem,"tsung_controller_38@Wonko-the-Sane"} 1 16.04296875 0.0 39.85546875 14.51171875 24.19983552631579 19
stats: {cpu,"tsung_controller_38@Wonko-the-Sane"} 1 0.0 0.0 0 0 0.0 19
stats: session 92 346.29045834748644 153.7842148926161 2662.739013671875 130.27880859375 662.3854412210399 116
stats: users_count 87 210
stats: finish_users_count 92 208
stats: request 92 344.2324431046195 153.82075043799253 2660.556884765625 127.992919921875 660.1089688005119 116
stats: connect 89 63.874969825316015 6.46382674926245 182.966064453125 57.045166015625 67.45864742058367 121
stats: page 92 344.2324431046195 153.82075043799253 2660.556884765625 127.992919921875 660.1089688005119 116
stats: 200 92 208
stats: size_rcv 736 1664
stats: newphase 0 2
stats: size_sent 12968 30576
stats: connected -3 2
# stats: dump at 1454349053
stats: users 0 8
stats: {load,"tsung_controller_38@Wonko-the-Sane"} 1 1.4765625 0.0 2.125 1.31640625 1.6490234375 20
stats: {freemem,"tsung_controller_38@Wonko-the-Sane"} 1 21.078125 0.0 39.85546875 14.51171875 23.791992187500004 20
stats: {cpu,"tsung_controller_38@Wonko-the-Sane"} 1 0.0 0.0 0 0 0.0 20
stats: session 6 349.2671712239583 29.29742381846337 2662.739013671875 130.27880859375 522.574198796199 208
stats: users_count 4 214
stats: finish_users_count 6 214
stats: request 6 347.10595703125 29.201726526187556 2660.556884765625 127.992919921875 520.3943516657903 208
stats: connect 4 63.98248291015625 5.970215593461047 182.966064453125 57.045166015625 65.93985072544643 210
stats: page 6 347.10595703125 29.201726526187556 2660.556884765625 127.992919921875 520.3943516657903 208
stats: 200 6 214
stats: size_rcv 48 1712
stats: newphase 0 2
stats: size_sent 592 31168
stats: connected -2 0
EndMonitor:{1454,349053,216961}
