# stats: dump at 1455140195
stats: users 0 0
stats: {load,"tsung_controller_95@Wonko-the-Sane"} 1 1.37109375 0 1.37109375 1.37109375 0 0
stats: {freemem,"tsung_controller_95@Wonko-the-Sane"} 1 19.90625 0 19.90625 19.90625 0 0
stats: {cpu,"tsung_controller_95@Wonko-the-Sane"} 1 0 0 0 0 0 0
stats: users_count 0 0
stats: finish_users_count 0 0
# stats: dump at 1455140205
stats: users 0 1
stats: {load,"tsung_controller_95@Wonko-the-Sane"} 1 1.3984375 0.0 1.3984375 1.37109375 1.37109375 1
stats: {freemem,"tsung_controller_95@Wonko-the-Sane"} 1 35.36328125 0.0 35.36328125 19.90625 19.90625 1
stats: {cpu,"tsung_controller_95@Wonko-the-Sane"} 1 0.0 0.0 0 0 0.0 1
stats: session 2 128.9730224609375 42.1851806640625 171.158203125 86.787841796875 0 0
stats: users_count 2 2
stats: finish_users_count 2 2
stats: request 2 122.7020263671875 38.0660400390625 160.76806640625 84.635986328125 0 0
stats: connect 2 65.570556640625 38.178466796875 103.7490234375 27.39208984375 0 0
stats: page 2 122.7020263671875 38.0660400390625 160.76806640625 84.635986328125 0 0
stats: size_rcv 1080 1080
stats: size_sent 264 264
stats: connected 0 0
stats: 301 2 2
# stats: dump at 1455140215
stats: users 0 1
stats: {load,"tsung_controller_95@Wonko-the-Sane"} 1 1.34375 0.0 1.3984375 1.34375 1.384765625 2
stats: {freemem,"tsung_controller_95@Wonko-the-Sane"} 1 30.00390625 0.0 35.36328125 19.90625 27.634765625 2
stats: {cpu,"tsung_controller_95@Wonko-the-Sane"} 1 0.0 0.0 0 0 0.0 2
stats: session 2 89.1510009765625 1.3280029296875 171.158203125 86.787841796875 128.9730224609375 2
stats: users_count 2 4
stats: finish_users_count 2 4
stats: request 2 87.0079345703125 1.4998779296875 160.76806640625 84.635986328125 122.7020263671875 2
stats: connect 2 32.9100341796875 1.1439208984375 103.7490234375 27.39208984375 65.570556640625 2
stats: page 2 87.0079345703125 1.4998779296875 160.76806640625 84.635986328125 122.7020263671875 2
stats: size_rcv 1080 2160
stats: size_sent 264 528
stats: connected 0 0
stats: 301 2 4
# stats: dump at 1455140225
stats: users 0 1
stats: {load,"tsung_controller_95@Wonko-the-Sane"} 1 1.2890625 0.0 1.3984375 1.2890625 1.37109375 3
stats: {freemem,"tsung_controller_95@Wonko-the-Sane"} 1 28.21484375 0.0 35.36328125 19.90625 28.424479166666668 3
stats: {cpu,"tsung_controller_95@Wonko-the-Sane"} 1 0.0 0.0 0 0 0.0 3
stats: session 2 86.2799072265625 7.5059814453125 171.158203125 78.77392578125 109.06201171875 4
stats: users_count 2 6
stats: finish_users_count 2 6
stats: request 2 83.8685302734375 7.3184814453125 160.76806640625 76.550048828125 104.85498046875 4
stats: connect 2 29.1080322265625 3.6290283203125 103.7490234375 25.47900390625 49.24029541015625 4
stats: page 2 83.8685302734375 7.3184814453125 160.76806640625 76.550048828125 104.85498046875 4
stats: size_rcv 1080 3240
stats: size_sent 307 835
stats: connected 0 0
stats: 301 2 6
# stats: dump at 1455140235
stats: users 0 1
stats: {load,"tsung_controller_95@Wonko-the-Sane"} 1 1.47265625 0.0 1.47265625 1.2890625 1.3505859375 4
stats: {freemem,"tsung_controller_95@Wonko-the-Sane"} 1 18.1328125 0.0 35.36328125 18.1328125 28.3720703125 4
stats: {cpu,"tsung_controller_95@Wonko-the-Sane"} 1 0.0 0.0 0 0 0.0 4
stats: session 5 92.319189453125 3.1086374284082487 171.158203125 78.77392578125 101.46797688802083 6
stats: users_count 5 11
stats: finish_users_count 5 11
stats: request 5 90.383251953125 3.0768267818797415 160.76806640625 76.550048828125 97.8594970703125 6
stats: connect 5 33.262841796875 2.5249151555527303 103.7490234375 25.47900390625 42.529541015625 6
stats: page 5 90.383251953125 3.0768267818797415 160.76806640625 76.550048828125 97.8594970703125 6
stats: size_rcv 2700 5940
stats: size_sent 707 1542
stats: connected 0 0
stats: 301 5 11
# stats: dump at 1455140245
stats: users 0 1
stats: {load,"tsung_controller_95@Wonko-the-Sane"} 1 1.40625 0.0 1.47265625 1.2890625 1.375 5
stats: {freemem,"tsung_controller_95@Wonko-the-Sane"} 1 96.65234375 0.0 96.65234375 18.1328125 26.32421875 5
stats: {cpu,"tsung_controller_95@Wonko-the-Sane"} 1 0.0 0.0 0 0 0.0 5
stats: session 2 129.2135009765625 22.2645263671875 171.158203125 78.77392578125 97.30943714488636 11
stats: users_count 2 13
stats: finish_users_count 2 13
stats: request 2 127.572021484375 22.301025390625 160.76806640625 76.550048828125 94.46120383522727 11
stats: connect 2 61.1104736328125 28.2034912109375 103.7490234375 25.47900390625 38.31740500710227 11
stats: page 2 127.572021484375 22.301025390625 160.76806640625 76.550048828125 94.46120383522727 11
stats: size_rcv 1080 7020
stats: size_sent 307 1849
stats: connected 0 0
stats: 301 2 13
# stats: dump at 1455140255
stats: users 0 2
stats: {load,"tsung_controller_95@Wonko-the-Sane"} 1 1.9453125 0.0 1.9453125 1.2890625 1.3802083333333333 6
stats: {freemem,"tsung_controller_95@Wonko-the-Sane"} 1 82.625 0.0 96.65234375 18.1328125 38.045572916666664 6
stats: {cpu,"tsung_controller_95@Wonko-the-Sane"} 1 0.0 0.0 0 0 0.0 6
stats: session 2 83.344482421875 1.37060546875 171.158203125 78.77392578125 102.21775465745192 13
stats: users_count 2 15
stats: finish_users_count 2 15
stats: request 2 81.234130859375 0.93505859375 160.76806640625 76.550048828125 99.55517578125 13
stats: connect 2 26.6036376953125 0.8494873046875 103.7490234375 25.47900390625 41.82403094951923 13
stats: page 2 81.234130859375 0.93505859375 160.76806640625 76.550048828125 99.55517578125 13
stats: size_rcv 1080 8100
stats: size_sent 307 2156
stats: connected 0 0
stats: 301 2 15
# stats: dump at 1455140265
stats: users 0 2
stats: {load,"tsung_controller_95@Wonko-the-Sane"} 1 1.71875 0.0 1.9453125 1.2890625 1.4609375 7
stats: {freemem,"tsung_controller_95@Wonko-the-Sane"} 1 71.80078125 0.0 96.65234375 18.1328125 44.4140625 7
stats: {cpu,"tsung_controller_95@Wonko-the-Sane"} 1 0.0 0.0 0 0 0.0 7
stats: session 4 96.81591796875 17.3331906479188 171.158203125 78.77392578125 99.701318359375 15
stats: users_count 4 19
stats: finish_users_count 4 19
stats: request 4 94.85247802734375 17.27045993976251 160.76806640625 76.550048828125 97.11236979166667 15
stats: connect 4 37.52008056640625 12.801238207391894 103.7490234375 25.47900390625 39.79464518229167 15
stats: page 4 94.85247802734375 17.27045993976251 160.76806640625 76.550048828125 97.11236979166667 15
stats: size_rcv 2160 10260
stats: newphase 1 1
stats: size_sent 614 2770
stats: connected 0 0
stats: 301 4 19
# stats: dump at 1455140275
stats: users 0 2
stats: {load,"tsung_controller_95@Wonko-the-Sane"} 1 1.84765625 0.0 1.9453125 1.2890625 1.4931640625 8
stats: {freemem,"tsung_controller_95@Wonko-the-Sane"} 1 30.86328125 0.0 96.65234375 18.1328125 47.83740234375 8
stats: {cpu,"tsung_controller_95@Wonko-the-Sane"} 1 0.0 0.0 0 0 0.0 8
stats: session 6 93.88216145833333 2.065972437889737 171.158203125 78.77392578125 99.0938656455592 19
stats: users_count 6 25
stats: finish_users_count 6 25
stats: request 6 91.5535888671875 2.046276629930441 160.76806640625 76.550048828125 96.6366031044408 19
stats: connect 6 32.120442708333336 4.341043467650589 103.7490234375 25.47900390625 39.31578947368421 19
stats: page 6 91.5535888671875 2.046276629930441 160.76806640625 76.550048828125 96.6366031044408 19
stats: size_rcv 3240 13500
stats: newphase 0 1
stats: size_sent 886 3656
stats: connected 0 0
stats: 301 6 25
# stats: dump at 1455140285
stats: users 0 2
stats: {load,"tsung_controller_95@Wonko-the-Sane"} 1 1.9453125 0.0 1.9453125 1.2890625 1.5325520833333333 9
stats: {freemem,"tsung_controller_95@Wonko-the-Sane"} 1 37.98046875 0.0 96.65234375 18.1328125 45.951388888888886 9
stats: {cpu,"tsung_controller_95@Wonko-the-Sane"} 1 0.0 0.0 0 0 0.0 9
stats: session 14 90.18085588727679 6.118408067559134 171.158203125 78.77392578125 97.843056640625 25
stats: users_count 14 39
stats: finish_users_count 14 39
stats: request 14 87.92954799107143 6.081020397372737 160.76806640625 76.550048828125 95.4166796875 25
stats: connect 14 30.103236607142858 3.09054541872757 103.7490234375 25.47900390625 37.58890625 25
stats: page 14 87.92954799107143 6.081020397372737 160.76806640625 76.550048828125 95.4166796875 25
stats: size_rcv 7560 21060
stats: newphase 0 1
stats: size_sent 2179 5835
stats: connected 0 0
stats: 301 14 39
# stats: dump at 1455140295
stats: users 0 2
stats: {load,"tsung_controller_95@Wonko-the-Sane"} 1 2.0390625 0.0 2.0390625 1.2890625 1.573828125 10
stats: {freemem,"tsung_controller_95@Wonko-the-Sane"} 1 34.8203125 0.0 96.65234375 18.1328125 45.154296875 10
stats: {cpu,"tsung_controller_95@Wonko-the-Sane"} 1 0.0 0.0 0 0 0.0 10
stats: session 9 109.22108289930556 47.72096778648833 243.69091796875 78.77392578125 95.09252303685898 39
stats: users_count 9 48
stats: finish_users_count 9 48
stats: request 9 106.96001519097223 47.819020959083396 241.7060546875 76.550048828125 92.72899138621794 39
stats: connect 9 32.53472222222222 2.0196365561094693 103.7490234375 25.47900390625 34.90174278846154 39
stats: page 9 106.96001519097223 47.819020959083396 241.7060546875 76.550048828125 92.72899138621794 39
stats: size_rcv 4860 25920
stats: newphase 0 1
stats: size_sent 1262 7097
stats: connected 0 0
stats: 301 9 48
# stats: dump at 1455140305
stats: users 2 2
stats: {load,"tsung_controller_95@Wonko-the-Sane"} 1 1.796875 0.0 2.0390625 1.2890625 1.6161221590909092 11
stats: {freemem,"tsung_controller_95@Wonko-the-Sane"} 1 42.35546875 0.0 96.65234375 18.1328125 44.21484375 11
stats: {cpu,"tsung_controller_95@Wonko-the-Sane"} 1 0.0 0.0 0 0 0.0 11
stats: session 14 91.94681222098214 8.541052277646845 243.69091796875 78.302001953125 97.7416280110677 48
stats: users_count 16 64
stats: finish_users_count 14 62
stats: request 14 89.7994384765625 8.52564661711917 241.7060546875 76.0390625 95.39730834960938 48
stats: connect 14 30.520455496651785 3.0795988937045826 103.7490234375 25.47900390625 34.457926432291664 48
stats: page 14 89.7994384765625 8.52564661711917 241.7060546875 76.0390625 95.39730834960938 48
stats: size_rcv 7560 33480
stats: newphase 0 1
stats: size_sent 2098 9195
stats: connected 0 0
stats: 301 14 62
# stats: dump at 1455140315
stats: users 0 2
stats: {load,"tsung_controller_95@Wonko-the-Sane"} 1 1.67578125 0.0 2.0390625 1.2890625 1.6311848958333333 12
stats: {freemem,"tsung_controller_95@Wonko-the-Sane"} 1 40.71484375 0.0 96.65234375 18.1328125 44.059895833333336 12
stats: {cpu,"tsung_controller_95@Wonko-the-Sane"} 1 0.0 0.0 0 0 0.0 12
stats: session 14 91.18324497767857 4.84598141854907 243.69091796875 78.302001953125 96.43312121975806 62
stats: users_count 12 76
stats: finish_users_count 14 76
stats: request 14 88.94534737723214 4.793517250547659 241.7060546875 76.0390625 94.13327321698588 62
stats: connect 14 31.134259905133927 3.2599245009534905 103.7490234375 25.47900390625 33.568820091985884 62
stats: page 14 88.94534737723214 4.793517250547659 241.7060546875 76.0390625 94.13327321698588 62
stats: size_rcv 7560 41040
stats: newphase 0 1
stats: size_sent 1996 11191
stats: connected 0 0
stats: 301 14 76
# stats: dump at 1455140325
stats: users 0 2
stats: {load,"tsung_controller_95@Wonko-the-Sane"} 1 1.72265625 0.0 2.0390625 1.2890625 1.6346153846153846 13
stats: {freemem,"tsung_controller_95@Wonko-the-Sane"} 1 40.8984375 0.0 96.65234375 18.1328125 43.80258413461539 13
stats: {cpu,"tsung_controller_95@Wonko-the-Sane"} 1 0.0 0.0 0 0 0.0 13
stats: session 5 87.281494140625 3.941594208393445 243.69091796875 78.302001953125 95.46603875411184 76
stats: users_count 5 81
stats: finish_users_count 5 81
stats: request 5 84.955859375 3.871901141825827 241.7060546875 76.0390625 93.17760266755757 76
stats: connect 5 30.502197265625 2.2438822970265035 103.7490234375 25.47900390625 33.12034847861842 76
stats: page 5 84.955859375 3.871901141825827 241.7060546875 76.0390625 93.17760266755757 76
stats: size_rcv 2700 43740
stats: newphase 0 1
stats: size_sent 777 11968
stats: connected 0 0
stats: 301 5 81
# stats: dump at 1455140335
stats: users 0 2
stats: {load,"tsung_controller_95@Wonko-the-Sane"} 1 1.69140625 0.0 2.0390625 1.2890625 1.6409040178571428 14
stats: {freemem,"tsung_controller_95@Wonko-the-Sane"} 1 40.55859375 0.0 96.65234375 18.1328125 43.595145089285715 14
stats: {cpu,"tsung_controller_95@Wonko-the-Sane"} 1 0.0 0.0 0 0 0.0 14
stats: session 10 91.539501953125 5.013279839923143 243.69091796875 78.302001953125 94.96081995081018 81
stats: users_count 10 91
stats: finish_users_count 10 91
stats: request 10 89.2646484375 5.027042202623831 241.7060546875 76.0390625 92.67008764949846 81
stats: connect 10 32.0811279296875 3.446945217122892 103.7490234375 25.47900390625 32.95873420621142 81
stats: page 10 89.2646484375 5.027042202623831 241.7060546875 76.0390625 92.67008764949846 81
stats: size_rcv 5400 49140
stats: newphase 0 1
stats: size_sent 1511 13479
stats: connected 0 0
stats: 301 10 91
# stats: dump at 1455140345
stats: users 0 2
stats: {load,"tsung_controller_95@Wonko-the-Sane"} 1 1.8125 0.0 2.0390625 1.2890625 1.6442708333333333 15
stats: {freemem,"tsung_controller_95@Wonko-the-Sane"} 1 41.19921875 0.0 96.65234375 18.1328125 43.39270833333333 15
stats: {cpu,"tsung_controller_95@Wonko-the-Sane"} 1 0.0 0.0 0 0 0.0 15
stats: session 6 96.505126953125 11.077342497607653 243.69091796875 78.302001953125 94.58485094007555 91
stats: users_count 6 97
stats: finish_users_count 6 97
stats: request 6 94.4183349609375 11.0083731196521 241.7060546875 76.0390625 92.29586356026786 91
stats: connect 6 31.838704427083332 2.9504234250749106 103.7490234375 25.47900390625 32.862293956043956 91
stats: page 6 94.4183349609375 11.0083731196521 241.7060546875 76.0390625 92.29586356026786 91
stats: size_rcv 3240 52380
stats: newphase 0 1
stats: size_sent 870 14349
stats: connected 0 0
stats: 301 6 97
# stats: dump at 1455140355
stats: users 0 2
stats: {load,"tsung_controller_95@Wonko-the-Sane"} 1 1.6875 0.0 2.0390625 1.2890625 1.65478515625 16
stats: {freemem,"tsung_controller_95@Wonko-the-Sane"} 1 21.671875 0.0 96.65234375 18.1328125 43.255615234375 16
stats: {cpu,"tsung_controller_95@Wonko-the-Sane"} 1 0.0 0.0 0 0 0.0 16
stats: session 8 93.94033813476563 7.1964016895977325 243.69091796875 78.302001953125 94.70363089964562 97
stats: users_count 8 105
stats: finish_users_count 8 105
stats: request 8 91.84780883789063 7.233329711786885 241.7060546875 76.0390625 92.42715045103093 97
stats: connect 8 32.651641845703125 4.612731520400059 103.7490234375 25.47900390625 32.798979139819586 97
stats: page 8 91.84780883789063 7.233329711786885 241.7060546875 76.0390625 92.42715045103093 97
stats: size_rcv 4320 56700
stats: newphase 0 1
stats: size_sent 1220 15569
stats: connected 0 0
stats: 301 8 105
# stats: dump at 1455140365
stats: users 0 2
stats: {load,"tsung_controller_95@Wonko-the-Sane"} 1 1.65625 0.0 2.0390625 1.2890625 1.6567095588235294 17
stats: {freemem,"tsung_controller_95@Wonko-the-Sane"} 1 31.0703125 0.0 96.65234375 18.1328125 41.985983455882355 17
stats: {cpu,"tsung_controller_95@Wonko-the-Sane"} 1 0.0 0.0 0 0 0.0 17
stats: session 10 108.0936767578125 27.024006367838872 243.69091796875 78.302001953125 94.64547526041666 105
stats: users_count 10 115
stats: finish_users_count 10 115
stats: request 10 105.955712890625 27.003944554808733 241.7060546875 76.0390625 92.38301013764881 105
stats: connect 10 32.5525390625 2.055954168657722 103.7490234375 25.47900390625 32.78775344122024 105
stats: page 10 105.955712890625 27.003944554808733 241.7060546875 76.0390625 92.38301013764881 105
stats: size_rcv 5400 62100
stats: newphase 0 1
stats: size_sent 1382 16951
stats: connected 0 0
stats: 301 10 115
# stats: dump at 1455140375
stats: users 0 2
stats: {load,"tsung_controller_95@Wonko-the-Sane"} 1 1.5546875 0.0 2.0390625 1.2890625 1.6566840277777777 18
stats: {freemem,"tsung_controller_95@Wonko-the-Sane"} 1 32.73046875 0.0 96.65234375 18.1328125 41.379557291666664 18
stats: {cpu,"tsung_controller_95@Wonko-the-Sane"} 1 0.0 0.0 0 0 0.0 18
stats: session 0 0 0 243.69091796875 78.302001953125 95.81488408627717 115
stats: users_count 0 115
stats: finish_users_count 0 115
stats: request 0 0 0 241.7060546875 76.0390625 93.56324515964674 115
stats: connect 0 0 0 103.7490234375 25.47900390625 32.7673000169837 115
stats: page 0 0 0 241.7060546875 76.0390625 93.56324515964674 115
stats: size_rcv 0 62100
stats: newphase 0 1
stats: size_sent 0 16951
stats: connected 0 0
stats: 301 0 115
# stats: dump at 1455140385
stats: users 0 4
stats: {load,"tsung_controller_95@Wonko-the-Sane"} 1 1.61328125 0.0 2.0390625 1.2890625 1.6513157894736843 19
stats: {freemem,"tsung_controller_95@Wonko-the-Sane"} 1 22.44921875 0.0 96.65234375 18.1328125 40.92434210526316 19
stats: {cpu,"tsung_controller_95@Wonko-the-Sane"} 1 0.0 0.0 0 0 0.0 19
stats: session 98 96.49475097656251 11.55602904091407 243.69091796875 78.302001953125 95.81488408627717 115
stats: users_count 98 213
stats: finish_users_count 98 213
stats: request 98 94.40840491470026 11.598669032460224 241.7060546875 76.0390625 93.56324515964674 115
stats: connect 98 32.781272421077816 6.732030806713569 103.7490234375 24.85888671875 32.7673000169837 115
stats: page 98 94.40840491470026 11.598669032460224 241.7060546875 76.0390625 93.56324515964674 115
stats: size_rcv 52920 115020
stats: newphase 1 2
stats: size_sent 14652 31603
stats: connected 0 0
stats: 301 98 213
# stats: dump at 1455140395
stats: users 0 4
stats: {load,"tsung_controller_95@Wonko-the-Sane"} 1 1.6015625 0.0 2.0390625 1.2890625 1.6494140625 20
stats: {freemem,"tsung_controller_95@Wonko-the-Sane"} 1 27.30859375 0.0 96.65234375 18.1328125 40.0005859375 20
stats: {cpu,"tsung_controller_95@Wonko-the-Sane"} 1 0.0 0.0 0 0 0.0 20
stats: session 2 98.6343994140625 6.5714111328125 243.69091796875 78.302001953125 96.12768669307512 213
stats: users_count 2 215
stats: finish_users_count 2 215
stats: request 2 96.271484375 6.4345703125 241.7060546875 76.0390625 93.95209800469483 213
stats: connect 2 34.5235595703125 0.0704345703125 103.7490234375 24.85888671875 32.773728634829816 213
stats: page 2 96.271484375 6.4345703125 241.7060546875 76.0390625 93.95209800469483 213
stats: size_rcv 1080 116100
stats: newphase 0 2
stats: size_sent 264 31867
stats: connected 0 0
stats: 301 2 215
# stats: dump at 1455140405
stats: users 0 4
stats: {load,"tsung_controller_95@Wonko-the-Sane"} 1 1.7265625 0.0 2.0390625 1.2890625 1.6471354166666667 21
stats: {freemem,"tsung_controller_95@Wonko-the-Sane"} 1 23.7265625 0.0 96.65234375 18.1328125 39.396205357142854 21
stats: {cpu,"tsung_controller_95@Wonko-the-Sane"} 1 0.0 0.0 0 0 0.0 21
stats: session 0 0 0 243.69091796875 78.302001953125 96.15100495094477 215
stats: users_count 0 215
stats: finish_users_count 0 215
stats: request 0 0 0 241.7060546875 76.0390625 93.97367369186047 215
stats: connect 0 0 0 103.7490234375 24.85888671875 32.79000613190407 215
stats: page 0 0 0 241.7060546875 76.0390625 93.97367369186047 215
stats: size_rcv 0 116100
stats: newphase 0 2
stats: size_sent 0 31867
stats: connected 0 0
stats: 301 0 215
# stats: dump at 1455140415
stats: users 0 4
stats: {load,"tsung_controller_95@Wonko-the-Sane"} 1 1.61328125 0.0 2.0390625 1.2890625 1.6507457386363635 22
stats: {freemem,"tsung_controller_95@Wonko-the-Sane"} 1 17.12109375 0.0 96.65234375 17.12109375 38.68394886363636 22
stats: {cpu,"tsung_controller_95@Wonko-the-Sane"} 1 0.0 0.0 0 0 0.0 22
stats: session 0 0 0 243.69091796875 78.302001953125 96.15100495094477 215
stats: users_count 0 215
stats: finish_users_count 0 215
stats: request 0 0 0 241.7060546875 76.0390625 93.97367369186047 215
stats: connect 0 0 0 103.7490234375 24.85888671875 32.79000613190407 215
stats: page 0 0 0 241.7060546875 76.0390625 93.97367369186047 215
stats: size_rcv 0 116100
stats: newphase 0 2
stats: size_sent 0 31867
stats: connected 0 0
stats: 301 0 215
# stats: dump at 1455140425
stats: users 0 4
stats: {load,"tsung_controller_95@Wonko-the-Sane"} 1 1.4453125 0.0 2.0390625 1.2890625 1.649116847826087 23
stats: {freemem,"tsung_controller_95@Wonko-the-Sane"} 1 23.375 0.0 96.65234375 17.12109375 37.74643342391304 23
stats: {cpu,"tsung_controller_95@Wonko-the-Sane"} 1 0.0 0.0 0 0 0.0 23
stats: session 0 0 0 243.69091796875 78.302001953125 96.15100495094477 215
stats: users_count 0 215
stats: finish_users_count 0 215
stats: request 0 0 0 241.7060546875 76.0390625 93.97367369186047 215
stats: connect 0 0 0 103.7490234375 24.85888671875 32.79000613190407 215
stats: page 0 0 0 241.7060546875 76.0390625 93.97367369186047 215
stats: size_rcv 0 116100
stats: newphase 0 2
stats: size_sent 0 31867
stats: connected 0 0
stats: 301 0 215
# stats: dump at 1455140435
stats: users 0 4
stats: {load,"tsung_controller_95@Wonko-the-Sane"} 1 1.44921875 0.0 2.0390625 1.2890625 1.640625 24
stats: {freemem,"tsung_controller_95@Wonko-the-Sane"} 1 19.90625 0.0 96.65234375 17.12109375 37.147623697916664 24
stats: {cpu,"tsung_controller_95@Wonko-the-Sane"} 1 0.0 0.0 0 0 0.0 24
stats: session 0 0 0 243.69091796875 78.302001953125 96.15100495094477 215
stats: users_count 0 215
stats: finish_users_count 0 215
stats: request 0 0 0 241.7060546875 76.0390625 93.97367369186047 215
stats: connect 0 0 0 103.7490234375 24.85888671875 32.79000613190407 215
stats: page 0 0 0 241.7060546875 76.0390625 93.97367369186047 215
stats: size_rcv 0 116100
stats: newphase 0 2
stats: size_sent 0 31867
stats: connected 0 0
stats: 301 0 215
# stats: dump at 1455140445
stats: users 0 4
stats: {load,"tsung_controller_95@Wonko-the-Sane"} 1 1.453125 0.0 2.0390625 1.2890625 1.63296875 25
stats: {freemem,"tsung_controller_95@Wonko-the-Sane"} 1 18.8046875 0.0 96.65234375 17.12109375 36.45796875 25
stats: {cpu,"tsung_controller_95@Wonko-the-Sane"} 1 0.0 0.0 0 0 0.0 25
stats: session 0 0 0 243.69091796875 78.302001953125 96.15100495094477 215
stats: users_count 0 215
stats: finish_users_count 0 215
stats: request 0 0 0 241.7060546875 76.0390625 93.97367369186047 215
stats: connect 0 0 0 103.7490234375 24.85888671875 32.79000613190407 215
stats: page 0 0 0 241.7060546875 76.0390625 93.97367369186047 215
stats: size_rcv 0 116100
stats: newphase 0 2
stats: size_sent 0 31867
stats: connected 0 0
stats: 301 0 215
# stats: dump at 1455140455
stats: users 0 4
stats: {load,"tsung_controller_95@Wonko-the-Sane"} 1 1.45703125 0.0 2.0390625 1.2890625 1.6260516826923077 26
stats: {freemem,"tsung_controller_95@Wonko-the-Sane"} 1 18.82421875 0.0 96.65234375 17.12109375 35.77899639423077 26
stats: {cpu,"tsung_controller_95@Wonko-the-Sane"} 1 0.0 0.0 0 0 0.0 26
stats: session 0 0 0 243.69091796875 78.302001953125 96.15100495094477 215
stats: users_count 0 215
stats: finish_users_count 0 215
stats: request 0 0 0 241.7060546875 76.0390625 93.97367369186047 215
stats: connect 0 0 0 103.7490234375 24.85888671875 32.79000613190407 215
stats: page 0 0 0 241.7060546875 76.0390625 93.97367369186047 215
stats: size_rcv 0 116100
stats: newphase 0 2
stats: size_sent 0 31867
stats: connected 0 0
stats: 301 0 215
# stats: dump at 1455140465
stats: users 0 4
stats: {load,"tsung_controller_95@Wonko-the-Sane"} 1 1.38671875 0.0 2.0390625 1.2890625 1.6197916666666667 27
stats: {freemem,"tsung_controller_95@Wonko-the-Sane"} 1 51.50390625 0.0 96.65234375 17.12109375 35.151041666666664 27
stats: {cpu,"tsung_controller_95@Wonko-the-Sane"} 1 0.0 0.0 0 0 0.0 27
stats: session 0 0 0 243.69091796875 78.302001953125 96.15100495094477 215
stats: users_count 0 215
stats: finish_users_count 0 215
stats: request 0 0 0 241.7060546875 76.0390625 93.97367369186047 215
stats: connect 0 0 0 103.7490234375 24.85888671875 32.79000613190407 215
stats: page 0 0 0 241.7060546875 76.0390625 93.97367369186047 215
stats: size_rcv 0 116100
stats: newphase 0 2
stats: size_sent 0 31867
stats: connected 0 0
stats: 301 0 215
# stats: dump at 1455140475
stats: users 0 4
stats: {load,"tsung_controller_95@Wonko-the-Sane"} 1 1.32421875 0.0 2.0390625 1.2890625 1.6114676339285714 28
stats: {freemem,"tsung_controller_95@Wonko-the-Sane"} 1 30.58203125 0.0 96.65234375 17.12109375 35.735072544642854 28
stats: {cpu,"tsung_controller_95@Wonko-the-Sane"} 1 0.0 0.0 0 0 0.0 28
stats: session 0 0 0 243.69091796875 78.302001953125 96.15100495094477 215
stats: users_count 0 215
stats: finish_users_count 0 215
stats: request 0 0 0 241.7060546875 76.0390625 93.97367369186047 215
stats: connect 0 0 0 103.7490234375 24.85888671875 32.79000613190407 215
stats: page 0 0 0 241.7060546875 76.0390625 93.97367369186047 215
stats: size_rcv 0 116100
stats: newphase 0 2
stats: size_sent 0 31867
stats: connected 0 0
stats: 301 0 215
# stats: dump at 1455140485
stats: users 0 4
stats: {load,"tsung_controller_95@Wonko-the-Sane"} 1 1.421875 0.0 2.0390625 1.2890625 1.6015625 29
stats: {freemem,"tsung_controller_95@Wonko-the-Sane"} 1 27.19140625 0.0 96.65234375 17.12109375 35.55738146551724 29
stats: {cpu,"tsung_controller_95@Wonko-the-Sane"} 1 0.0 0.0 0 0 0.0 29
stats: session 0 0 0 243.69091796875 78.302001953125 96.15100495094477 215
stats: users_count 0 215
stats: finish_users_count 0 215
stats: request 0 0 0 241.7060546875 76.0390625 93.97367369186047 215
stats: connect 0 0 0 103.7490234375 24.85888671875 32.79000613190407 215
stats: page 0 0 0 241.7060546875 76.0390625 93.97367369186047 215
stats: size_rcv 0 116100
stats: newphase 0 2
stats: size_sent 0 31867
stats: connected 0 0
stats: 301 0 215
# stats: dump at 1455140495
stats: users 0 4
stats: {load,"tsung_controller_95@Wonko-the-Sane"} 1 1.27734375 0.0 2.0390625 1.27734375 1.5955729166666666 30
stats: {freemem,"tsung_controller_95@Wonko-the-Sane"} 1 18.77734375 0.0 96.65234375 17.12109375 35.278515625 30
stats: {cpu,"tsung_controller_95@Wonko-the-Sane"} 1 0.0 0.0 0 0 0.0 30
stats: session 0 0 0 243.69091796875 78.302001953125 96.15100495094477 215
stats: users_count 0 215
stats: finish_users_count 0 215
stats: request 0 0 0 241.7060546875 76.0390625 93.97367369186047 215
stats: connect 0 0 0 103.7490234375 24.85888671875 32.79000613190407 215
stats: page 0 0 0 241.7060546875 76.0390625 93.97367369186047 215
stats: size_rcv 0 116100
stats: newphase 0 2
stats: size_sent 0 31867
stats: connected 0 0
stats: 301 0 215
# stats: dump at 1455140505
stats: users 0 4
stats: {load,"tsung_controller_95@Wonko-the-Sane"} 1 1.15234375 0.0 2.0390625 1.15234375 1.5853074596774193 31
stats: {freemem,"tsung_controller_95@Wonko-the-Sane"} 1 29.390625 0.0 96.65234375 17.12109375 34.74621975806452 31
stats: {cpu,"tsung_controller_95@Wonko-the-Sane"} 1 0.0 0.0 0 0 0.0 31
stats: session 4 92.4365234375 2.255426360347384 243.69091796875 78.302001953125 96.15100495094477 215
stats: users_count 4 219
stats: finish_users_count 4 219
stats: request 4 90.38372802734375 2.3733600762981917 241.7060546875 76.0390625 93.97367369186047 215
stats: connect 4 31.5498046875 1.8784420129889645 103.7490234375 24.85888671875 32.79000613190407 215
stats: page 4 90.38372802734375 2.3733600762981917 241.7060546875 76.0390625 93.97367369186047 215
stats: size_rcv 2160 118260
stats: newphase 1 3
stats: size_sent 614 32481
stats: connected 0 0
stats: 301 4 219
# stats: dump at 1455140515
stats: users 0 4
stats: {load,"tsung_controller_95@Wonko-the-Sane"} 1 1.2109375 0.0 2.0390625 1.15234375 1.57177734375 32
stats: {freemem,"tsung_controller_95@Wonko-the-Sane"} 1 30.90625 0.0 96.65234375 17.12109375 34.578857421875 32
stats: {cpu,"tsung_controller_95@Wonko-the-Sane"} 1 0.0 0.0 0 0 0.0 32
stats: session 2 94.97998046875 1.791015625 243.69091796875 78.302001953125 96.08316053974029 219
stats: users_count 2 221
stats: finish_users_count 2 221
stats: request 1 91.178955078125 0.0 241.7060546875 76.0390625 93.90810390803368 219
stats: connect 1 29.827880859375 0.0 103.7490234375 24.85888671875 32.76735405072774 219
stats: page 1 91.178955078125 0.0 241.7060546875 76.0390625 93.90810390803368 219
stats: size_rcv 540 118800
stats: newphase 0 3
stats: size_sent 136 32617
stats: connected 0 0
stats: 301 1 220
