# stats: dump at 1454438632
stats: users 0 1
stats: {load,"tsung_controller_43@Wonko-the-Sane"} 1 1.57421875 0 1.57421875 1.57421875 0 0
stats: {freemem,"tsung_controller_43@Wonko-the-Sane"} 1 22.828125 0 22.828125 22.828125 0 0
stats: {cpu,"tsung_controller_43@Wonko-the-Sane"} 1 0 0 0 0 0 0
stats: session 1 205.02001953125 0 205.02001953125 205.02001953125 0 0
stats: users_count 1 1
stats: finish_users_count 1 1
stats: request 1 185.659912109375 0.0 185.659912109375 185.659912109375 0 0
stats: connect 1 105.796142578125 0.0 105.796142578125 105.796142578125 0 0
stats: page 1 185.659912109375 0.0 185.659912109375 185.659912109375 0 0
stats: 200 1 1
stats: size_rcv 8 8
stats: size_sent 144 144
stats: connected 0 0
# stats: dump at 1454438642
stats: users 0 1
stats: {load,"tsung_controller_43@Wonko-the-Sane"} 1 1.64453125 0.0 1.64453125 1.57421875 1.57421875 1
stats: {freemem,"tsung_controller_43@Wonko-the-Sane"} 1 29.01953125 0.0 29.01953125 22.828125 22.828125 1
stats: {cpu,"tsung_controller_43@Wonko-the-Sane"} 1 0.0 0.0 0 0 0.0 1
stats: session 2 130.0145263671875 3.8914794921875 205.02001953125 126.123046875 205.02001953125 1
stats: users_count 2 3
stats: finish_users_count 2 3
stats: request 2 127.681396484375 4.114501953125 185.659912109375 123.56689453125 185.659912109375 1
stats: connect 2 62.18359375 2.50244140625 105.796142578125 59.68115234375 105.796142578125 1
stats: page 2 127.681396484375 4.114501953125 185.659912109375 123.56689453125 185.659912109375 1
stats: 200 2 3
stats: size_rcv 16 24
stats: size_sent 288 432
stats: connected 0 0
# stats: dump at 1454438652
stats: users 0 2
stats: {load,"tsung_controller_43@Wonko-the-Sane"} 1 1.6171875 0.0 1.64453125 1.57421875 1.609375 2
stats: {freemem,"tsung_controller_43@Wonko-the-Sane"} 1 25.77734375 0.0 29.01953125 22.828125 25.923828125 2
stats: {cpu,"tsung_controller_43@Wonko-the-Sane"} 1 0.0 0.0 0 0 0.0 2
stats: session 5 135.994970703125 4.759172118403197 205.02001953125 126.123046875 155.016357421875 3
stats: users_count 5 8
stats: finish_users_count 5 8
stats: request 5 133.72578125 4.64385129836073 185.659912109375 123.56689453125 147.007568359375 3
stats: connect 5 61.285009765625 1.294016789373115 105.796142578125 59.647216796875 76.72111002604167 3
stats: page 5 133.72578125 4.64385129836073 185.659912109375 123.56689453125 147.007568359375 3
stats: 200 5 8
stats: size_rcv 40 64
stats: size_sent 720 1152
stats: connected 0 0
# stats: dump at 1454438662
stats: users 0 2
stats: {load,"tsung_controller_43@Wonko-the-Sane"} 1 1.8984375 0.0 1.8984375 1.57421875 1.6119791666666667 3
stats: {freemem,"tsung_controller_43@Wonko-the-Sane"} 1 25.80859375 0.0 29.01953125 22.828125 25.875 3
stats: {cpu,"tsung_controller_43@Wonko-the-Sane"} 1 0.0 0.0 0 0 0.0 3
stats: session 3 820.6493326822916 957.5614902853439 2174.843017578125 126.123046875 143.12799072265625 8
stats: users_count 3 11
stats: finish_users_count 3 11
stats: request 3 818.6703287760416 957.671100071328 2173.01904296875 123.56689453125 138.70645141601563 8
stats: connect 3 407.208740234375 486.4404251405729 1095.132080078125 59.647216796875 67.07354736328125 8
stats: page 3 818.6703287760416 957.671100071328 2173.01904296875 123.56689453125 138.70645141601563 8
stats: 200 3 11
stats: size_rcv 24 88
stats: size_sent 440 1592
stats: connected 0 0
# stats: dump at 1454438672
stats: users 0 2
stats: {load,"tsung_controller_43@Wonko-the-Sane"} 1 1.9921875 0.0 1.9921875 1.57421875 1.68359375 4
stats: {freemem,"tsung_controller_43@Wonko-the-Sane"} 1 19.0390625 0.0 29.01953125 19.0390625 25.8583984375 4
stats: {cpu,"tsung_controller_43@Wonko-the-Sane"} 1 0.0 0.0 0 0 0.0 4
stats: session 2 145.32861328125 0.29345703125 2174.843017578125 126.123046875 327.90653852982956 11
stats: users_count 2 13
stats: finish_users_count 2 13
stats: request 2 142.778564453125 0.299560546875 2173.01904296875 123.56689453125 324.15114524147725 11
stats: connect 2 60.7005615234375 0.6346435546875 1095.132080078125 59.647216796875 159.83769087357953 11
stats: page 2 142.778564453125 0.299560546875 2173.01904296875 123.56689453125 324.15114524147725 11
stats: 200 2 13
stats: size_rcv 16 104
stats: size_sent 288 1880
stats: connected 0 0
# stats: dump at 1454438682
stats: users 0 2
stats: {load,"tsung_controller_43@Wonko-the-Sane"} 1 2.0 0.0 2.0 1.57421875 1.7453125 5
stats: {freemem,"tsung_controller_43@Wonko-the-Sane"} 1 85.77734375 0.0 85.77734375 19.0390625 24.49453125 5
stats: {cpu,"tsung_controller_43@Wonko-the-Sane"} 1 0.0 0.0 0 0 0.0 5
stats: session 2 135.2540283203125 2.6510009765625 2174.843017578125 126.123046875 299.817626953125 13
stats: users_count 2 15
stats: finish_users_count 2 15
stats: request 2 133.3209228515625 2.7020263671875 2173.01904296875 123.56689453125 296.24767127403845 13
stats: connect 2 63.8974609375 3.973388671875 1095.132080078125 59.647216796875 144.58582481971152 13
stats: page 2 133.3209228515625 2.7020263671875 2173.01904296875 123.56689453125 296.24767127403845 13
stats: 200 2 15
stats: size_rcv 16 120
stats: size_sent 296 2176
stats: connected 0 0
# stats: dump at 1454438692
stats: users 0 2
stats: {load,"tsung_controller_43@Wonko-the-Sane"} 1 1.765625 0.0 2.0 1.57421875 1.7877604166666667 6
stats: {freemem,"tsung_controller_43@Wonko-the-Sane"} 1 84.4765625 0.0 85.77734375 19.0390625 34.708333333333336 6
stats: {cpu,"tsung_controller_43@Wonko-the-Sane"} 1 0.0 0.0 0 0 0.0 6
stats: session 2 143.3935546875 10.676513671875 2174.843017578125 126.123046875 277.8758138020833 15
stats: users_count 2 17
stats: finish_users_count 2 17
stats: request 1 151.947998046875 0.0 2173.01904296875 123.56689453125 274.52410481770835 15
stats: connect 1 68.865966796875 0.0 1095.132080078125 59.647216796875 133.8273763020833 15
stats: page 1 151.947998046875 0.0 2173.01904296875 123.56689453125 274.52410481770835 15
stats: 200 1 16
stats: size_rcv 8 128
stats: newphase 1 1
stats: size_sent 144 2320
stats: connected 0 0
# stats: dump at 1454438702
stats: users 0 2
stats: {load,"tsung_controller_43@Wonko-the-Sane"} 1 1.9609375 0.0 2.0 1.57421875 1.7845982142857142 7
stats: {freemem,"tsung_controller_43@Wonko-the-Sane"} 1 88.0234375 0.0 88.0234375 19.0390625 41.818080357142854 7
stats: {cpu,"tsung_controller_43@Wonko-the-Sane"} 1 0.0 0.0 0 0 0.0 7
stats: session 13 137.75431941105768 5.253893907152001 2174.843017578125 126.123046875 262.05437155330884 17
stats: users_count 13 30
stats: finish_users_count 13 30
stats: request 14 135.35658482142858 5.118553230395429 2173.01904296875 123.56689453125 266.86309814453125 16
stats: connect 14 64.39313616071429 2.8573113862214656 1095.132080078125 59.5048828125 129.76728820800778 16
stats: page 14 135.35658482142858 5.118553230395429 2173.01904296875 123.56689453125 266.86309814453125 16
stats: 200 14 30
stats: size_rcv 112 240
stats: newphase 0 1
stats: size_sent 2048 4368
stats: connected 0 0
# stats: dump at 1454438712
stats: users 0 3
stats: {load,"tsung_controller_43@Wonko-the-Sane"} 1 1.8125 0.0 2.0 1.57421875 1.806640625 8
stats: {freemem,"tsung_controller_43@Wonko-the-Sane"} 1 87.7109375 0.0 88.0234375 19.0390625 47.59375 8
stats: {cpu,"tsung_controller_43@Wonko-the-Sane"} 1 0.0 0.0 0 0 0.0 8
stats: session 8 190.66851806640625 39.38279692938606 2174.843017578125 126.123046875 208.191015625 30
stats: users_count 8 38
stats: finish_users_count 8 38
stats: request 8 188.74664306640625 39.48444055774282 2173.01904296875 123.56689453125 205.49339192708334 30
stats: connect 8 88.06771850585938 27.441808332962623 1095.132080078125 59.5048828125 99.25935058593748 30
stats: page 8 188.74664306640625 39.48444055774282 2173.01904296875 123.56689453125 205.49339192708334 30
stats: 200 8 38
stats: size_rcv 64 304
stats: newphase 0 1
stats: size_sent 1168 5536
stats: connected 0 0
# stats: dump at 1454438722
stats: users 0 3
stats: {load,"tsung_controller_43@Wonko-the-Sane"} 1 2.0078125 0.0 2.0078125 1.57421875 1.8072916666666667 9
stats: {freemem,"tsung_controller_43@Wonko-the-Sane"} 1 81.0703125 0.0 88.0234375 19.0390625 52.05121527777778 9
stats: {cpu,"tsung_controller_43@Wonko-the-Sane"} 1 0.0 0.0 0 0 0.0 9
stats: session 5 133.571142578125 5.390830164004388 2174.843017578125 126.046875 204.50206877055922 38
stats: users_count 5 43
stats: finish_users_count 5 43
stats: request 5 131.240771484375 5.431311603280186 2173.01904296875 123.56689453125 201.9677605879934 38
stats: connect 5 61.74736328125 2.8981804968723863 1095.132080078125 57.368896484375 96.90321751644736 38
stats: page 5 131.240771484375 5.431311603280186 2173.01904296875 123.56689453125 201.9677605879934 38
stats: 200 5 43
stats: size_rcv 40 344
stats: newphase 0 1
stats: size_sent 736 6272
stats: connected 0 0
# stats: dump at 1454438732
stats: users 0 3
stats: {load,"tsung_controller_43@Wonko-the-Sane"} 1 2.07421875 0.0 2.07421875 1.57421875 1.82734375 10
stats: {freemem,"tsung_controller_43@Wonko-the-Sane"} 1 76.44140625 0.0 88.0234375 19.0390625 54.953125 10
stats: {cpu,"tsung_controller_43@Wonko-the-Sane"} 1 0.0 0.0 0 0 0.0 10
stats: session 8 139.2734375 8.885446403721238 2174.843017578125 125.2548828125 196.2542866551599 43
stats: users_count 8 51
stats: finish_users_count 8 51
stats: request 8 137.19012451171875 8.890287141254893 2173.01904296875 123.158935546875 193.74369208757267 43
stats: connect 8 65.25247192382813 6.449467148133033 1095.132080078125 57.368896484375 92.81532748909882 43
stats: page 8 137.19012451171875 8.890287141254893 2173.01904296875 123.158935546875 193.74369208757267 43
stats: 200 8 51
stats: size_rcv 64 408
stats: newphase 0 1
stats: size_sent 1152 7424
stats: connected 0 0
# stats: dump at 1454438742
stats: users 0 3
stats: {load,"tsung_controller_43@Wonko-the-Sane"} 1 2.5390625 0.0 2.5390625 1.57421875 1.8497869318181819 11
stats: {freemem,"tsung_controller_43@Wonko-the-Sane"} 1 70.875 0.0 88.0234375 19.0390625 56.90660511363637 11
stats: {cpu,"tsung_controller_43@Wonko-the-Sane"} 1 0.0 0.0 0 0 0.0 11
stats: session 10 140.9057861328125 7.229976966204231 2174.843017578125 125.2548828125 187.31611423866423 51
stats: users_count 10 61
stats: finish_users_count 10 61
stats: request 10 138.7775634765625 7.291321831319436 2173.01904296875 123.158935546875 184.87254423253677 51
stats: connect 10 65.3560546875 6.811966116747584 1095.132080078125 57.368896484375 88.49174230238968 51
stats: page 10 138.7775634765625 7.291321831319436 2173.01904296875 123.158935546875 184.87254423253677 51
stats: 200 10 61
stats: size_rcv 80 488
stats: newphase 0 1
stats: size_sent 1456 8880
stats: connected 0 0
# stats: dump at 1454438752
stats: users 1 3
stats: {load,"tsung_controller_43@Wonko-the-Sane"} 1 2.37890625 0.0 2.5390625 1.57421875 1.9072265625 12
stats: {freemem,"tsung_controller_43@Wonko-the-Sane"} 1 77.5390625 0.0 88.0234375 19.0390625 58.070638020833336 12
stats: {cpu,"tsung_controller_43@Wonko-the-Sane"} 1 0.0 0.0 0 0 0.0 12
stats: session 11 146.62180397727272 16.150422396832635 2174.843017578125 125.2548828125 179.7078637295082 61
stats: users_count 12 73
stats: finish_users_count 11 72
stats: request 11 144.6489923650568 16.089081328654277 2173.01904296875 123.158935546875 177.3159900102459 61
stats: connect 11 67.96173650568181 11.276009271076775 1095.132080078125 57.368896484375 84.69900662781761 61
stats: page 11 144.6489923650568 16.089081328654277 2173.01904296875 123.158935546875 177.3159900102459 61
stats: 200 11 72
stats: size_rcv 88 576
stats: newphase 0 1
stats: size_sent 1600 10480
stats: connected 0 0
# stats: dump at 1454438762
stats: users 0 3
stats: {load,"tsung_controller_43@Wonko-the-Sane"} 1 2.23828125 0.0 2.5390625 1.57421875 1.9435096153846154 13
stats: {freemem,"tsung_controller_43@Wonko-the-Sane"} 1 73.61328125 0.0 88.0234375 19.0390625 59.56820913461539 13
stats: {cpu,"tsung_controller_43@Wonko-the-Sane"} 1 0.0 0.0 0 0 0.0 13
stats: session 16 137.17745971679688 6.6933332814375035 2174.843017578125 125.2548828125 174.65304904513889 72
stats: users_count 15 88
stats: finish_users_count 16 88
stats: request 15 135.230615234375 6.814170047547217 2173.01904296875 123.158935546875 172.325198703342 72
stats: connect 15 64.023046875 5.799243405338641 1095.132080078125 57.368896484375 82.1419236924913 72
stats: page 15 135.230615234375 6.814170047547217 2173.01904296875 123.158935546875 172.325198703342 72
stats: 200 15 87
stats: size_rcv 120 696
stats: newphase 0 1
stats: size_sent 2184 12664
stats: connected 0 0
# stats: dump at 1454438772
stats: users 0 3
stats: {load,"tsung_controller_43@Wonko-the-Sane"} 1 2.12890625 0.0 2.5390625 1.57421875 1.9645647321428572 14
stats: {freemem,"tsung_controller_43@Wonko-the-Sane"} 1 73.93359375 0.0 88.0234375 19.0390625 60.57142857142857 14
stats: {cpu,"tsung_controller_43@Wonko-the-Sane"} 1 0.0 0.0 0 0 0.0 14
stats: session 11 136.97487571022728 5.424379294042795 2174.843017578125 125.2548828125 167.83930553089488 88
stats: users_count 11 99
stats: finish_users_count 11 99
stats: request 12 134.6976521809896 5.28333274081393 2173.01904296875 123.158935546875 165.92958086386494 87
stats: connect 12 63.53173828125 3.2902315754708513 1095.132080078125 57.368896484375 79.01797941361349 87
stats: page 12 134.6976521809896 5.28333274081393 2173.01904296875 123.158935546875 165.92958086386494 87
stats: 200 12 99
stats: size_rcv 96 792
stats: newphase 0 1
stats: size_sent 1752 14416
stats: connected 0 0
# stats: dump at 1454438782
stats: users 0 3
stats: {load,"tsung_controller_43@Wonko-the-Sane"} 1 1.87890625 0.0 2.5390625 1.57421875 1.9755208333333334 15
stats: {freemem,"tsung_controller_43@Wonko-the-Sane"} 1 69.77734375 0.0 88.0234375 19.0390625 61.462239583333336 15
stats: {cpu,"tsung_controller_43@Wonko-the-Sane"} 1 0.0 0.0 0 0 0.0 15
stats: session 5 140.910400390625 3.7323887861971943 2174.843017578125 125.2548828125 164.40992443970958 99
stats: users_count 5 104
stats: finish_users_count 5 104
stats: request 5 138.77080078125 3.786699864564917 2173.01904296875 123.158935546875 162.14389253866793 99
stats: connect 5 62.0509765625 2.3987880706549003 1095.132080078125 57.368896484375 77.1408592763573 99
stats: page 5 138.77080078125 3.786699864564917 2173.01904296875 123.158935546875 162.14389253866793 99
stats: 200 5 104
stats: size_rcv 40 832
stats: newphase 0 1
stats: size_sent 728 15144
stats: connected 0 0
# stats: dump at 1454438792
stats: users 0 3
stats: {load,"tsung_controller_43@Wonko-the-Sane"} 1 1.81640625 0.0 2.5390625 1.57421875 1.969482421875 16
stats: {freemem,"tsung_controller_43@Wonko-the-Sane"} 1 69.046875 0.0 88.0234375 19.0390625 61.98193359375 16
stats: {cpu,"tsung_controller_43@Wonko-the-Sane"} 1 0.0 0.0 0 0 0.0 16
stats: session 11 136.21022727272728 3.7304928465416474 2174.843017578125 125.2548828125 163.28013962965744 104
stats: users_count 11 115
stats: finish_users_count 11 115
stats: request 11 134.0607244318182 3.6831114096057203 2173.01904296875 123.158935546875 161.0201862041767 104
stats: connect 11 65.15247691761364 3.3239917371795342 1095.132080078125 57.368896484375 76.4153841458834 104
stats: page 11 134.0607244318182 3.6831114096057203 2173.01904296875 123.158935546875 161.0201862041767 104
stats: 200 11 115
stats: size_rcv 88 920
stats: newphase 0 1
stats: size_sent 1600 16744
stats: connected 0 0
# stats: dump at 1454438802
stats: users 0 3
stats: {load,"tsung_controller_43@Wonko-the-Sane"} 1 1.76953125 0.0 2.5390625 1.57421875 1.9604779411764706 17
stats: {freemem,"tsung_controller_43@Wonko-the-Sane"} 1 60.39453125 0.0 88.0234375 19.0390625 62.39751838235294 17
stats: {cpu,"tsung_controller_43@Wonko-the-Sane"} 1 0.0 0.0 0 0 0.0 17
stats: session 0 0 0 2174.843017578125 125.2548828125 160.69084366508153 115
stats: users_count 0 115
stats: finish_users_count 0 115
stats: request 0 0 0 2173.01904296875 123.158935546875 158.441455078125 115
stats: connect 0 0 0 1095.132080078125 57.368896484375 75.33806258491846 115
stats: page 0 0 0 2173.01904296875 123.158935546875 158.441455078125 115
stats: 200 0 115
stats: size_rcv 0 920
stats: newphase 0 1
stats: size_sent 0 16744
stats: connected 0 0
# stats: dump at 1454438812
stats: users 3 6
stats: {load,"tsung_controller_43@Wonko-the-Sane"} 1 1.8125 0.0 2.5390625 1.57421875 1.9498697916666667 18
stats: {freemem,"tsung_controller_43@Wonko-the-Sane"} 1 50.02734375 0.0 88.0234375 19.0390625 62.28624131944444 18
stats: {cpu,"tsung_controller_43@Wonko-the-Sane"} 1 0.0 0.0 0 0 0.0 18
stats: session 13 137.32100736177884 5.649242924363035 2174.843017578125 125.2548828125 160.69084366508153 115
stats: users_count 16 131
stats: finish_users_count 13 128
stats: request 7 135.00673130580358 6.008025890867346 2173.01904296875 123.158935546875 158.441455078125 115
stats: connect 7 62.249720982142854 4.858650865738633 1095.132080078125 57.368896484375 75.33806258491846 115
stats: page 7 135.00673130580358 6.008025890867346 2173.01904296875 123.158935546875 158.441455078125 115
stats: 200 7 122
stats: size_rcv 56 976
stats: newphase 1 2
stats: size_sent 1008 17752
stats: connected 0 0
# stats: dump at 1454438822
stats: users 0 6
stats: {load,"tsung_controller_43@Wonko-the-Sane"} 1 1.6875 0.0 2.5390625 1.57421875 1.942639802631579 19
stats: {freemem,"tsung_controller_43@Wonko-the-Sane"} 1 42.45703125 0.0 88.0234375 19.0390625 61.64103618421053 19
stats: {cpu,"tsung_controller_43@Wonko-the-Sane"} 1 0.0 0.0 0 0 0.0 19
stats: session 87 139.13188925556753 10.678817117942671 2174.843017578125 125.008056640625 158.31734466552734 128
stats: users_count 84 215
stats: finish_users_count 87 215
stats: request 93 137.0749800487232 10.470627608780944 2173.01904296875 123.158935546875 157.09683977971312 122
stats: connect 93 64.7075851604503 8.503626194793961 1095.132080078125 56.718994140625 74.58709216508707 122
stats: page 93 137.0749800487232 10.470627608780944 2173.01904296875 123.158935546875 157.09683977971312 122
stats: 200 93 215
stats: size_rcv 744 1720
stats: newphase 0 2
stats: size_sent 13560 31312
stats: connected 0 0
# stats: dump at 1454438825
stats: users 0 6
stats: {load,"tsung_controller_43@Wonko-the-Sane"} 1 1.65234375 0.0 2.5390625 1.57421875 1.9298828125 20
stats: {freemem,"tsung_controller_43@Wonko-the-Sane"} 1 47.08203125 0.0 88.0234375 19.0390625 60.6818359375 20
stats: {cpu,"tsung_controller_43@Wonko-the-Sane"} 1 0.0 0.0 0 0 0.0 20
stats: session 0 0 0 2174.843017578125 125.008056640625 150.553927825218 215
stats: users_count 0 215
stats: finish_users_count 0 215
stats: request 0 0 0 2173.01904296875 123.158935546875 148.43622138444772 215
stats: connect 0 0 0 1095.132080078125 56.718994140625 70.31363099563953 215
stats: page 0 0 0 2173.01904296875 123.158935546875 148.43622138444772 215
stats: 200 0 215
stats: size_rcv 0 1720
stats: newphase 0 2
stats: size_sent 0 31312
stats: connected 0 0
EndMonitor:{1454,438825,139280}
