# stats: dump at 1454367916
stats: users 0 1
stats: {load,"tsung_controller_40@Wonko-the-Sane"} 1 1.85546875 0 1.85546875 1.85546875 0 0
stats: {freemem,"tsung_controller_40@Wonko-the-Sane"} 1 25.6015625 0 25.6015625 25.6015625 0 0
stats: {cpu,"tsung_controller_40@Wonko-the-Sane"} 1 0 0 0 0 0 0
stats: session 5 152.0646484375 22.626361736605265 195.511962890625 129.875 0 0
stats: users_count 5 5
stats: finish_users_count 5 5
stats: request 5 148.157861328125 19.229132419595633 184.510009765625 127.85595703125 0 0
stats: connect 5 76.29599609375 19.49508441969876 114.4609375 60.492919921875 0 0
stats: page 5 148.157861328125 19.229132419595633 184.510009765625 127.85595703125 0 0
stats: 200 5 5
stats: size_rcv 40 40
stats: size_sent 720 720
stats: connected 0 0
# stats: dump at 1454367926
stats: users 0 2
stats: {load,"tsung_controller_40@Wonko-the-Sane"} 1 1.875 0.0 1.875 1.85546875 1.85546875 1
stats: {freemem,"tsung_controller_40@Wonko-the-Sane"} 1 16.2890625 0.0 25.6015625 16.2890625 25.6015625 1
stats: {cpu,"tsung_controller_40@Wonko-the-Sane"} 1 0.0 0.0 0 0 0.0 1
stats: session 5 161.352587890625 19.036184672366858 195.511962890625 129.875 152.0646484375 5
stats: users_count 5 10
stats: finish_users_count 5 10
stats: request 5 159.159033203125 19.2114024422732 190.2451171875 127.85595703125 148.157861328125 5
stats: connect 5 69.685009765625 7.148654952613866 114.4609375 59.94482421875 76.29599609375 5
stats: page 5 159.159033203125 19.2114024422732 190.2451171875 127.85595703125 148.157861328125 5
stats: 200 5 10
stats: size_rcv 40 80
stats: size_sent 720 1440
stats: connected 0 0
# stats: dump at 1454367936
stats: users 0 2
stats: {load,"tsung_controller_40@Wonko-the-Sane"} 1 1.8125 0.0 1.875 1.8125 1.865234375 2
stats: {freemem,"tsung_controller_40@Wonko-the-Sane"} 1 24.47265625 0.0 25.6015625 16.2890625 20.9453125 2
stats: {cpu,"tsung_controller_40@Wonko-the-Sane"} 1 0.0 0.0 0 0 0.0 2
stats: session 3 135.03564453125 3.9727005857621194 195.511962890625 129.683837890625 156.7086181640625 10
stats: users_count 3 13
stats: finish_users_count 3 13
stats: request 2 132.529052734375 4.49609375 190.2451171875 127.85595703125 153.658447265625 10
stats: connect 2 65.5015869140625 1.2904052734375 114.4609375 59.94482421875 72.9905029296875 10
stats: page 2 132.529052734375 4.49609375 190.2451171875 127.85595703125 153.658447265625 10
stats: 200 2 12
stats: size_rcv 16 96
stats: size_sent 296 1736
stats: connected 0 0
# stats: dump at 1454367946
stats: users 0 2
stats: {load,"tsung_controller_40@Wonko-the-Sane"} 1 1.76953125 0.0 1.875 1.76953125 1.84765625 3
stats: {freemem,"tsung_controller_40@Wonko-the-Sane"} 1 22.2734375 0.0 25.6015625 16.2890625 22.12109375 3
stats: {cpu,"tsung_controller_40@Wonko-the-Sane"} 1 0.0 0.0 0 0 0.0 3
stats: session 1 139.659912109375 0.0 195.511962890625 129.683837890625 151.70716271033655 13
stats: users_count 1 14
stats: finish_users_count 1 14
stats: request 2 136.1104736328125 1.9835205078125 190.2451171875 127.85595703125 150.13688151041666 12
stats: connect 2 68.0960693359375 0.8939208984375 114.4609375 59.94482421875 71.74235026041667 12
stats: page 2 136.1104736328125 1.9835205078125 190.2451171875 127.85595703125 150.13688151041666 12
stats: 200 2 14
stats: size_rcv 16 112
stats: size_sent 296 2032
stats: connected 0 0
# stats: dump at 1454367956
stats: users 0 2
stats: {load,"tsung_controller_40@Wonko-the-Sane"} 1 1.6484375 0.0 1.875 1.6484375 1.828125 4
stats: {freemem,"tsung_controller_40@Wonko-the-Sane"} 1 26.625 0.0 26.625 16.2890625 22.1591796875 4
stats: {cpu,"tsung_controller_40@Wonko-the-Sane"} 1 0.0 0.0 0 0 0.0 4
stats: session 1 150.513916015625 0.0 195.511962890625 129.683837890625 150.84664481026786 14
stats: users_count 1 15
stats: finish_users_count 1 15
stats: request 1 148.77392578125 0.0 190.2451171875 127.85595703125 148.13310895647322 14
stats: connect 1 69.088134765625 0.0 114.4609375 59.94482421875 71.22145298549107 14
stats: page 1 148.77392578125 0.0 190.2451171875 127.85595703125 148.13310895647322 14
stats: 200 1 15
stats: size_rcv 8 120
stats: size_sent 144 2176
stats: connected 0 0
# stats: dump at 1454367966
stats: users 0 2
stats: {load,"tsung_controller_40@Wonko-the-Sane"} 1 1.546875 0.0 1.875 1.546875 1.7921875 5
stats: {freemem,"tsung_controller_40@Wonko-the-Sane"} 1 26.83203125 0.0 26.83203125 16.2890625 23.05234375 5
stats: {cpu,"tsung_controller_40@Wonko-the-Sane"} 1 0.0 0.0 0 0 0.0 5
stats: session 0 0 0 195.511962890625 129.683837890625 150.824462890625 15
stats: users_count 0 15
stats: finish_users_count 0 15
stats: request 0 0 0 190.2451171875 127.85595703125 148.175830078125 15
stats: connect 0 0 0 114.4609375 59.94482421875 71.07923177083333 15
stats: page 0 0 0 190.2451171875 127.85595703125 148.175830078125 15
stats: 200 0 15
stats: size_rcv 0 120
stats: size_sent 0 2176
stats: connected 0 0
# stats: dump at 1454367976
stats: users 1 2
stats: {load,"tsung_controller_40@Wonko-the-Sane"} 1 1.7578125 0.0 1.875 1.546875 1.7513020833333333 6
stats: {freemem,"tsung_controller_40@Wonko-the-Sane"} 1 21.1796875 0.0 26.83203125 16.2890625 23.682291666666668 6
stats: {cpu,"tsung_controller_40@Wonko-the-Sane"} 1 0.0 0.0 0 0 0.0 6
stats: session 9 136.51869032118054 2.8941558240034917 195.511962890625 129.4140625 150.824462890625 15
stats: users_count 10 25
stats: finish_users_count 9 24
stats: request 9 134.33846028645834 2.847807243122135 190.2451171875 127.509033203125 148.175830078125 15
stats: connect 9 63.86387803819444 2.7545081647586396 114.4609375 59.5390625 71.07923177083333 15
stats: page 9 134.33846028645834 2.847807243122135 190.2451171875 127.509033203125 148.175830078125 15
stats: 200 9 24
stats: size_rcv 72 192
stats: newphase 1 1
stats: size_sent 1312 3488
stats: connected 0 0
# stats: dump at 1454367986
stats: users 0 2
stats: {load,"tsung_controller_40@Wonko-the-Sane"} 1 1.640625 0.0 1.875 1.546875 1.7522321428571428 7
stats: {freemem,"tsung_controller_40@Wonko-the-Sane"} 1 20.03515625 0.0 26.83203125 16.2890625 23.324776785714285 7
stats: {cpu,"tsung_controller_40@Wonko-the-Sane"} 1 0.0 0.0 0 0 0.0 7
stats: session 8 143.23275756835938 11.387919316502483 195.511962890625 126.154052734375 145.45979817708334 24
stats: users_count 7 32
stats: finish_users_count 8 32
stats: request 8 141.12435913085938 11.397106066052448 190.2451171875 124.012939453125 142.98681640625 24
stats: connect 8 67.86843872070313 6.635549036306807 114.4609375 59.5390625 68.37347412109375 24
stats: page 8 141.12435913085938 11.397106066052448 190.2451171875 124.012939453125 142.98681640625 24
stats: 200 8 32
stats: size_rcv 64 256
stats: newphase 0 1
stats: size_sent 1168 4656
stats: connected 0 0
# stats: dump at 1454367996
stats: users 1 2
stats: {load,"tsung_controller_40@Wonko-the-Sane"} 1 1.93359375 0.0 1.93359375 1.546875 1.73828125 8
stats: {freemem,"tsung_controller_40@Wonko-the-Sane"} 1 17.59765625 0.0 26.83203125 16.2890625 22.91357421875 8
stats: {cpu,"tsung_controller_40@Wonko-the-Sane"} 1 0.0 0.0 0 0 0.0 8
stats: session 10 143.548828125 16.952397528654977 195.511962890625 126.154052734375 144.90303802490234 32
stats: users_count 11 43
stats: finish_users_count 10 42
stats: request 10 141.3881591796875 17.08192441038492 191.2490234375 124.012939453125 142.52120208740234 32
stats: connect 10 66.1458251953125 3.6170829396140904 114.4609375 59.5390625 68.2472152709961 32
stats: page 10 141.3881591796875 17.08192441038492 191.2490234375 124.012939453125 142.52120208740234 32
stats: 200 10 42
stats: size_rcv 80 336
stats: newphase 0 1
stats: size_sent 1472 6128
stats: connected 0 0
# stats: dump at 1454368006
stats: users 0 2
stats: {load,"tsung_controller_40@Wonko-the-Sane"} 1 1.86328125 0.0 1.93359375 1.546875 1.7599826388888888 9
stats: {freemem,"tsung_controller_40@Wonko-the-Sane"} 1 93.78515625 0.0 93.78515625 16.2890625 22.322916666666668 9
stats: {cpu,"tsung_controller_40@Wonko-the-Sane"} 1 0.0 0.0 0 0 0.0 9
stats: session 7 140.315185546875 8.633015615074836 195.511962890625 126.154052734375 144.58060709635416 42
stats: users_count 6 49
stats: finish_users_count 7 49
stats: request 7 138.27940150669642 8.656838818391655 191.2490234375 124.012939453125 142.25142996651786 42
stats: connect 7 66.41681780133929 3.676645223352149 114.4609375 59.5390625 67.74688430059524 42
stats: page 7 138.27940150669642 8.656838818391655 191.2490234375 124.012939453125 142.25142996651786 42
stats: 200 7 49
stats: size_rcv 56 392
stats: newphase 0 1
stats: size_sent 1008 7136
stats: connected 0 0
# stats: dump at 1454368016
stats: users 0 2
stats: {load,"tsung_controller_40@Wonko-the-Sane"} 1 1.73046875 0.0 1.93359375 1.546875 1.7703125 10
stats: {freemem,"tsung_controller_40@Wonko-the-Sane"} 1 97.4609375 0.0 97.4609375 16.2890625 29.469140625 10
stats: {cpu,"tsung_controller_40@Wonko-the-Sane"} 1 0.0 0.0 0 0 0.0 10
stats: session 14 137.50709751674108 5.942288737417349 195.511962890625 126.154052734375 143.97126116071428 49
stats: users_count 14 63
stats: finish_users_count 14 63
stats: request 14 135.4623151506696 5.916430941668447 191.2490234375 124.012939453125 141.6839973294005 49
stats: connect 14 62.962367466517854 3.787655618755127 114.4609375 57.81005859375 67.55687480070154 49
stats: page 14 135.4623151506696 5.916430941668447 191.2490234375 124.012939453125 141.6839973294005 49
stats: 200 14 63
stats: size_rcv 112 504
stats: newphase 0 1
stats: size_sent 2040 9176
stats: connected 0 0
# stats: dump at 1454368026
stats: users 1 3
stats: {load,"tsung_controller_40@Wonko-the-Sane"} 1 1.76953125 0.0 1.93359375 1.546875 1.7666903409090908 11
stats: {freemem,"tsung_controller_40@Wonko-the-Sane"} 1 101.375 0.0 101.375 16.2890625 35.65021306818182 11
stats: {cpu,"tsung_controller_40@Wonko-the-Sane"} 1 0.0 0.0 0 0 0.0 11
stats: session 8 135.22283935546875 4.842029644032374 195.511962890625 126.154052734375 142.53478035094247 63
stats: users_count 9 72
stats: finish_users_count 8 71
stats: request 8 133.13827514648438 4.633202581302691 191.2490234375 124.012939453125 140.30140128968253 63
stats: connect 8 63.6661376953125 4.212510517571334 114.4609375 57.51806640625 66.53587317088294 63
stats: page 8 133.13827514648438 4.633202581302691 191.2490234375 124.012939453125 140.30140128968253 63
stats: 200 8 71
stats: size_rcv 64 568
stats: newphase 0 1
stats: size_sent 1160 10336
stats: connected 0 0
# stats: dump at 1454368036
stats: users 0 3
stats: {load,"tsung_controller_40@Wonko-the-Sane"} 1 1.578125 0.0 1.93359375 1.546875 1.7669270833333333 12
stats: {freemem,"tsung_controller_40@Wonko-the-Sane"} 1 103.80078125 0.0 103.80078125 16.2890625 41.127278645833336 12
stats: {cpu,"tsung_controller_40@Wonko-the-Sane"} 1 0.0 0.0 0 0 0.0 12
stats: session 10 138.1580078125 4.923957460211165 195.511962890625 126.154052734375 141.71089967539612 71
stats: users_count 9 81
stats: finish_users_count 10 81
stats: request 9 136.69208441840277 4.825321998044402 191.2490234375 124.012939453125 139.49428848481514 71
stats: connect 9 63.68994140625 3.105024780270792 114.4609375 57.51806640625 66.21252269476233 71
stats: page 9 136.69208441840277 4.825321998044402 191.2490234375 124.012939453125 139.49428848481514 71
stats: 200 9 80
stats: size_rcv 72 640
stats: newphase 0 1
stats: size_sent 1304 11640
stats: connected 0 0
# stats: dump at 1454368046
stats: users 0 3
stats: {load,"tsung_controller_40@Wonko-the-Sane"} 1 1.53125 0.0 1.93359375 1.53125 1.7524038461538463 13
stats: {freemem,"tsung_controller_40@Wonko-the-Sane"} 1 89.3046875 0.0 103.80078125 16.2890625 45.94831730769231 13
stats: {cpu,"tsung_controller_40@Wonko-the-Sane"} 1 0.0 0.0 0 0 0.0 13
stats: session 9 140.67431640625 14.697877139032258 195.511962890625 126.154052734375 141.27227105034723 81
stats: users_count 9 90
stats: finish_users_count 9 90
stats: request 10 137.8736572265625 14.19744003646384 191.2490234375 124.012939453125 139.17904052734374 80
stats: connect 10 67.3484130859375 11.913062493777852 114.4609375 57.51806640625 65.9287322998047 80
stats: page 10 137.8736572265625 14.19744003646384 191.2490234375 124.012939453125 139.17904052734374 80
stats: 200 10 90
stats: size_rcv 80 720
stats: newphase 0 1
stats: size_sent 1464 13104
stats: connected 0 0
# stats: dump at 1454368056
stats: users 0 3
stats: {load,"tsung_controller_40@Wonko-the-Sane"} 1 1.5234375 0.0 1.93359375 1.5234375 1.7366071428571428 14
stats: {freemem,"tsung_controller_40@Wonko-the-Sane"} 1 49.64453125 0.0 103.80078125 16.2890625 49.045200892857146 14
stats: {cpu,"tsung_controller_40@Wonko-the-Sane"} 1 0.0 0.0 0 0 0.0 14
stats: session 10 142.391552734375 5.89826587331312 195.511962890625 126.154052734375 141.2124755859375 90
stats: users_count 10 100
stats: finish_users_count 10 100
stats: request 9 140.04852973090277 6.020003096304259 191.2490234375 124.012939453125 139.03399793836806 90
stats: connect 9 67.26076931423611 3.5618563407876653 114.4609375 57.51806640625 66.086474609375 90
stats: page 9 140.04852973090277 6.020003096304259 191.2490234375 124.012939453125 139.03399793836806 90
stats: 200 9 99
stats: size_rcv 72 792
stats: newphase 0 1
stats: size_sent 1312 14416
stats: connected 0 0
# stats: dump at 1454368066
stats: users 0 3
stats: {load,"tsung_controller_40@Wonko-the-Sane"} 1 1.59375 0.0 1.93359375 1.5234375 1.7223958333333333 15
stats: {freemem,"tsung_controller_40@Wonko-the-Sane"} 1 109.40234375 0.0 109.40234375 16.2890625 49.08515625 15
stats: {cpu,"tsung_controller_40@Wonko-the-Sane"} 1 0.0 0.0 0 0 0.0 15
stats: session 11 233.03171608664772 290.4800062452384 1151.281005859375 126.154052734375 141.33038330078128 100
stats: users_count 11 111
stats: finish_users_count 11 111
stats: request 12 223.7405802408854 279.2812275223578 1149.678955078125 124.012939453125 139.12622810132575 99
stats: connect 12 149.15045166015625 278.6283938552557 1073.18408203125 57.51806640625 66.19322867345328 99
stats: page 12 223.7405802408854 279.2812275223578 1149.678955078125 124.012939453125 139.12622810132575 99
stats: 200 12 111
stats: size_rcv 96 888
stats: newphase 0 1
stats: size_sent 1736 16152
stats: connected 0 0
# stats: dump at 1454368076
stats: users 0 3
stats: {load,"tsung_controller_40@Wonko-the-Sane"} 1 1.578125 0.0 1.93359375 1.5234375 1.71435546875 16
stats: {freemem,"tsung_controller_40@Wonko-the-Sane"} 1 139.27734375 0.0 139.27734375 16.2890625 52.85498046875 16
stats: {cpu,"tsung_controller_40@Wonko-the-Sane"} 1 0.0 0.0 0 0 0.0 16
stats: session 4 138.95477294921875 4.729721405237321 1151.281005859375 126.154052734375 150.41790276604732 111
stats: users_count 4 115
stats: finish_users_count 4 115
stats: request 4 136.72552490234375 4.830568690132195 1149.678955078125 124.012939453125 148.27372562992682 111
stats: connect 4 65.313720703125 2.7074276797620818 1073.18408203125 57.51806640625 75.1615771044482 111
stats: page 4 136.72552490234375 4.830568690132195 1149.678955078125 124.012939453125 148.27372562992682 111
stats: 200 4 115
stats: size_rcv 32 920
stats: newphase 0 1
stats: size_sent 592 16744
stats: connected 0 0
# stats: dump at 1454368086
stats: users 0 3
stats: {load,"tsung_controller_40@Wonko-the-Sane"} 1 1.640625 0.0 1.93359375 1.5234375 1.7063419117647058 17
stats: {freemem,"tsung_controller_40@Wonko-the-Sane"} 1 147.578125 0.0 147.578125 16.2890625 57.938648897058826 17
stats: {cpu,"tsung_controller_40@Wonko-the-Sane"} 1 0.0 0.0 0 0 0.0 17
stats: session 0 0 0 1151.281005859375 126.154052734375 150.0191852072011 115
stats: users_count 0 115
stats: finish_users_count 0 115
stats: request 0 0 0 1149.678955078125 124.012939453125 147.87204908288044 115
stats: connect 0 0 0 1073.18408203125 57.51806640625 74.81904296875 115
stats: page 0 0 0 1149.678955078125 124.012939453125 147.87204908288044 115
stats: 200 0 115
stats: size_rcv 0 920
stats: newphase 0 1
stats: size_sent 0 16744
stats: connected 0 0
# stats: dump at 1454368096
stats: users 2 6
stats: {load,"tsung_controller_40@Wonko-the-Sane"} 1 1.61328125 0.0 1.93359375 1.5234375 1.7026909722222223 18
stats: {freemem,"tsung_controller_40@Wonko-the-Sane"} 1 148.1171875 0.0 148.1171875 16.2890625 62.918619791666664 18
stats: {cpu,"tsung_controller_40@Wonko-the-Sane"} 1 0.0 0.0 0 0 0.0 18
stats: session 78 141.87451484875803 13.960479737115477 1151.281005859375 125.636962890625 150.0191852072011 115
stats: users_count 80 195
stats: finish_users_count 78 193
stats: request 77 139.82678064123377 14.066938933735777 1149.678955078125 123.578125 147.87204908288044 115
stats: connect 78 65.14787409855768 11.360616842804497 1073.18408203125 57.1591796875 74.81904296875 115
stats: page 77 139.82678064123377 14.066938933735777 1149.678955078125 123.578125 147.87204908288044 115
stats: 200 77 192
stats: size_rcv 616 1536
stats: newphase 1 2
stats: size_sent 11368 28112
stats: connected 1 1
# stats: dump at 1454368103
stats: users 0 6
stats: {load,"tsung_controller_40@Wonko-the-Sane"} 1 1.44140625 0.0 1.93359375 1.44140625 1.697985197368421 19
stats: {freemem,"tsung_controller_40@Wonko-the-Sane"} 1 146.9296875 0.0 148.1171875 16.2890625 67.40275493421052 19
stats: {cpu,"tsung_controller_40@Wonko-the-Sane"} 1 0.0 0.0 0 0 0.0 19
stats: session 22 137.99965598366478 6.514700982559448 1151.281005859375 125.636962890625 146.72755677218268 193
stats: users_count 20 215
stats: finish_users_count 22 215
stats: request 23 136.0690493376359 6.4486303424561555 1149.678955078125 123.578125 144.64556121826172 192
stats: connect 22 62.67842240767045 3.3687265951492074 1073.18408203125 57.1591796875 70.91048767406087 193
stats: page 23 136.0690493376359 6.4486303424561555 1149.678955078125 123.578125 144.64556121826172 192
stats: 200 23 215
stats: size_rcv 184 1720
stats: newphase 0 2
stats: size_sent 3200 31312
stats: connected -1 0
EndMonitor:{1454,368103,22889}
