
=INFO REPORT==== 10-Feb-2016::15:15:35 ===
    ts_config_server:(5:<0.69.0>) Config server started, logdir is "/Library/WebServer/Documents/tsungui/templates/google_it/log/20160210-1515"
 
=INFO REPORT==== 10-Feb-2016::15:15:35 ===
              ts_mon:(5:<0.50.0>) starting monitor, global 

=INFO REPORT==== 10-Feb-2016::15:15:35 ===
           ts_config:(5:<0.69.0>) Reading config file: config.xml

=ERROR REPORT==== 10-Feb-2016::15:15:35 ===
598- fatal: {failed_validation,{error,{attribute_unknown,name}}}

=INFO REPORT==== 10-Feb-2016::15:15:35 ===
    ts_config_server:(0:<0.69.0>) Error while parsing XML config file: {fatal,
                                                                        {{failed_validation,
                                                                          {error,
                                                                           {attribute_unknown,
                                                                            name}}},
                                                                         {file,
                                                                          "config.xml"},
                                                                         {line,
                                                                          35},
                                                                         {col,
                                                                          9}}}

=ERROR REPORT==== 10-Feb-2016::15:15:35 ===
** Generic server ts_config_server terminating 
** Last message in was {get_monitor_hosts}
** When Server state == {state,undefined,
                               "/Library/WebServer/Documents/tsungui/templates/google_it/log/20160210-1515",
                               0,0,0,undefined,1,undefined,'Wonko-the-Sane',0,
                               0,undefined,undefined}
** Reason for termination == 
** {{badrecord,config},
    [{ts_config_server,handle_call,3,
                       [{file,"src/tsung_controller/ts_config_server.erl"},
                        {line,335}]},
     {gen_server,try_handle_call,4,[{file,"gen_server.erl"},{line,629}]},
     {gen_server,handle_msg,5,[{file,"gen_server.erl"},{line,661}]},
     {proc_lib,init_p_do_apply,3,[{file,"proc_lib.erl"},{line,240}]}]}

=INFO REPORT==== 10-Feb-2016::15:15:35 ===
    ts_config_server:(5:<0.88.0>) Config server started, logdir is "/Library/WebServer/Documents/tsungui/templates/google_it/log/20160210-1515"
 