# stats: dump at 1454449824
stats: users 0 1
stats: {cpu,"tsung_controller_51@Wonko-the-Sane"} 1 0 0 0 0 0 0
stats: {load,"tsung_controller_51@Wonko-the-Sane"} 1 1.6640625 0 1.6640625 1.6640625 0 0
stats: {freemem,"tsung_controller_51@Wonko-the-Sane"} 1 23.4921875 0 23.4921875 23.4921875 0 0
stats: session 1 247.6259765625 0 247.6259765625 247.6259765625 0 0
stats: users_count 1 1
stats: finish_users_count 1 1
stats: request 1 228.385986328125 0.0 228.385986328125 228.385986328125 0 0
stats: connect 1 159.248046875 0.0 159.248046875 159.248046875 0 0
stats: page 1 228.385986328125 0.0 228.385986328125 228.385986328125 0 0
stats: 200 1 1
stats: size_rcv 8 8
stats: size_sent 144 144
stats: connected 0 0
# stats: dump at 1454449834
stats: users 0 1
stats: {cpu,"tsung_controller_51@Wonko-the-Sane"} 1 0.0 0.0 0 0 0.0 1
stats: {load,"tsung_controller_51@Wonko-the-Sane"} 1 1.71484375 0.0 1.71484375 1.6640625 1.6640625 1
stats: {freemem,"tsung_controller_51@Wonko-the-Sane"} 1 30.1015625 0.0 30.1015625 23.4921875 23.4921875 1
stats: session 1 132.698974609375 0.0 247.6259765625 132.698974609375 247.6259765625 1
stats: users_count 1 2
stats: finish_users_count 1 2
stats: request 1 130.383056640625 0.0 228.385986328125 130.383056640625 228.385986328125 1
stats: connect 1 58.593994140625 0.0 159.248046875 58.593994140625 159.248046875 1
stats: page 1 130.383056640625 0.0 228.385986328125 130.383056640625 228.385986328125 1
stats: 200 1 2
stats: size_rcv 8 16
stats: size_sent 144 288
stats: connected 0 0
# stats: dump at 1454449844
stats: users 1 1
stats: {cpu,"tsung_controller_51@Wonko-the-Sane"} 1 0.0 0.0 0 0 0.0 2
stats: {load,"tsung_controller_51@Wonko-the-Sane"} 1 1.74609375 0.0 1.74609375 1.6640625 1.689453125 2
stats: {freemem,"tsung_controller_51@Wonko-the-Sane"} 1 19.1015625 0.0 30.1015625 19.1015625 26.796875 2
stats: session 2 134.738525390625 1.4365234375 247.6259765625 132.698974609375 190.1624755859375 2
stats: users_count 3 5
stats: finish_users_count 2 4
stats: request 2 132.9886474609375 1.6534423828125 228.385986328125 130.383056640625 179.384521484375 2
stats: connect 2 63.1044921875 3.8134765625 159.248046875 58.593994140625 108.9210205078125 2
stats: page 2 132.9886474609375 1.6534423828125 228.385986328125 130.383056640625 179.384521484375 2
stats: 200 2 4
stats: size_rcv 16 32
stats: size_sent 288 576
stats: connected 0 0
# stats: dump at 1454449854
stats: users 0 1
stats: {cpu,"tsung_controller_51@Wonko-the-Sane"} 1 0.0 0.0 0 0 0.0 3
stats: {load,"tsung_controller_51@Wonko-the-Sane"} 1 1.78515625 0.0 1.78515625 1.6640625 1.7083333333333333 3
stats: {freemem,"tsung_controller_51@Wonko-the-Sane"} 1 20.1484375 0.0 30.1015625 19.1015625 24.231770833333332 3
stats: session 3 133.278076171875 1.4890527736243422 247.6259765625 131.281982421875 162.45050048828125 4
stats: users_count 2 7
stats: finish_users_count 3 7
stats: request 3 130.952392578125 1.250570087768326 228.385986328125 129.22509765625 156.18658447265625 4
stats: connect 3 61.056233723958336 1.8918421621882011 159.248046875 58.593994140625 86.01275634765625 4
stats: page 3 130.952392578125 1.250570087768326 228.385986328125 129.22509765625 156.18658447265625 4
stats: 200 3 7
stats: size_rcv 24 56
stats: size_sent 432 1008
stats: connected 0 0
# stats: dump at 1454449864
stats: users 0 1
stats: {cpu,"tsung_controller_51@Wonko-the-Sane"} 1 0.0 0.0 0 0 0.0 4
stats: {load,"tsung_controller_51@Wonko-the-Sane"} 1 1.65625 0.0 1.78515625 1.65625 1.7275390625 4
stats: {freemem,"tsung_controller_51@Wonko-the-Sane"} 1 32.2109375 0.0 32.2109375 19.1015625 23.2109375 4
stats: session 3 136.57332356770834 3.1469590844347657 247.6259765625 131.281982421875 149.94803292410714 7
stats: users_count 3 10
stats: finish_users_count 3 10
stats: request 3 134.080322265625 3.2767734144996385 228.385986328125 129.22509765625 145.37193080357142 7
stats: connect 3 64.30126953125 0.7034640307219929 159.248046875 58.593994140625 75.31710379464286 7
stats: page 3 134.080322265625 3.2767734144996385 228.385986328125 129.22509765625 145.37193080357142 7
stats: 200 3 10
stats: size_rcv 24 80
stats: size_sent 432 1440
stats: connected 0 0
# stats: dump at 1454449874
stats: users 0 1
stats: {cpu,"tsung_controller_51@Wonko-the-Sane"} 1 0.0 0.0 0 0 0.0 5
stats: {load,"tsung_controller_51@Wonko-the-Sane"} 1 1.546875 0.0 1.78515625 1.546875 1.71328125 5
stats: {freemem,"tsung_controller_51@Wonko-the-Sane"} 1 26.921875 0.0 32.2109375 19.1015625 25.0109375 5
stats: session 2 135.1715087890625 5.8265380859375 247.6259765625 129.344970703125 145.9356201171875 10
stats: users_count 2 12
stats: finish_users_count 2 12
stats: request 2 133.112548828125 5.926513671875 228.385986328125 127.18603515625 141.9844482421875 10
stats: connect 2 62.661865234375 4.135986328125 159.248046875 58.52587890625 72.012353515625 10
stats: page 2 133.112548828125 5.926513671875 228.385986328125 127.18603515625 141.9844482421875 10
stats: 200 2 12
stats: size_rcv 16 96
stats: size_sent 296 1736
stats: connected 0 0
# stats: dump at 1454449884
stats: users 1 1
stats: {cpu,"tsung_controller_51@Wonko-the-Sane"} 1 0.0 0.0 0 0 0.0 6
stats: {load,"tsung_controller_51@Wonko-the-Sane"} 1 1.69140625 0.0 1.78515625 1.546875 1.685546875 6
stats: {freemem,"tsung_controller_51@Wonko-the-Sane"} 1 37.83203125 0.0 37.83203125 19.1015625 25.329427083333332 6
stats: session 5 133.63779296875 4.367832122887476 247.6259765625 126.419921875 144.1416015625 12
stats: users_count 6 18
stats: finish_users_count 5 17
stats: request 5 131.37919921875 4.44430011397031 228.385986328125 124.14697265625 140.50579833984375 12
stats: connect 5 64.026708984375 3.5443637161734487 159.248046875 57.639892578125 70.45393880208333 12
stats: page 5 131.37919921875 4.44430011397031 228.385986328125 124.14697265625 140.50579833984375 12
stats: 200 5 17
stats: size_rcv 40 136
stats: newphase 1 1
stats: size_sent 728 2464
stats: connected 0 0
# stats: dump at 1454449894
stats: users 0 3
stats: {cpu,"tsung_controller_51@Wonko-the-Sane"} 1 0.0 0.0 0 0 0.0 7
stats: {load,"tsung_controller_51@Wonko-the-Sane"} 1 1.58203125 0.0 1.78515625 1.546875 1.6863839285714286 7
stats: {freemem,"tsung_controller_51@Wonko-the-Sane"} 1 33.0625 0.0 37.83203125 19.1015625 27.115513392857142 7
stats: session 17 136.85584214154412 7.412422466543139 247.6259765625 126.419921875 141.05224609375 17
stats: users_count 16 34
stats: finish_users_count 17 34
stats: request 15 135.22259114583332 7.584815300664098 228.385986328125 124.14697265625 137.82150448069854 17
stats: connect 15 62.87381184895833 4.785369957848307 159.248046875 57.639892578125 68.56357709099265 17
stats: page 15 135.22259114583332 7.584815300664098 228.385986328125 124.14697265625 137.82150448069854 17
stats: 200 15 32
stats: size_rcv 120 256
stats: newphase 0 1
stats: size_sent 2192 4656
stats: connected 0 0
# stats: dump at 1454449904
stats: users 0 3
stats: {cpu,"tsung_controller_51@Wonko-the-Sane"} 1 0.0 0.0 0 0 0.0 8
stats: {load,"tsung_controller_51@Wonko-the-Sane"} 1 1.6328125 0.0 1.78515625 1.546875 1.67333984375 8
stats: {freemem,"tsung_controller_51@Wonko-the-Sane"} 1 25.18359375 0.0 37.83203125 19.1015625 27.85888671875 8
stats: session 8 178.76046752929688 121.05703583128984 498.907958984375 126.419921875 138.95404411764707 34
stats: users_count 8 42
stats: finish_users_count 8 42
stats: request 10 167.545703125 109.65789733587528 496.303955078125 124.14697265625 136.60326385498047 32
stats: connect 10 62.88671875 3.7451994591222126 159.248046875 57.639892578125 65.89649963378906 32
stats: page 10 167.545703125 109.65789733587528 496.303955078125 124.14697265625 136.60326385498047 32
stats: 200 10 42
stats: size_rcv 80 336
stats: newphase 0 1
stats: size_sent 1472 6128
stats: connected 0 0
# stats: dump at 1454449914
stats: users 0 3
stats: {cpu,"tsung_controller_51@Wonko-the-Sane"} 1 0.0 0.0 0 0 0.0 9
stats: {load,"tsung_controller_51@Wonko-the-Sane"} 1 1.6171875 0.0 1.78515625 1.546875 1.6688368055555556 9
stats: {freemem,"tsung_controller_51@Wonko-the-Sane"} 1 31.18359375 0.0 37.83203125 19.1015625 27.561631944444443 9
stats: session 6 137.56612141927084 7.33940946451271 498.907958984375 126.419921875 146.53622000558036 42
stats: users_count 6 48
stats: finish_users_count 6 48
stats: request 6 135.74153645833334 7.2057089341751235 496.303955078125 124.14697265625 143.97051130022322 42
stats: connect 6 63.125325520833336 3.8474111041071564 159.248046875 57.639892578125 65.17988513764881 42
stats: page 6 135.74153645833334 7.2057089341751235 496.303955078125 124.14697265625 143.97051130022322 42
stats: 200 6 48
stats: size_rcv 48 384
stats: newphase 0 1
stats: size_sent 864 6992
stats: connected 0 0
# stats: dump at 1454449924
stats: users 0 3
stats: {cpu,"tsung_controller_51@Wonko-the-Sane"} 1 0.0 0.0 0 0 0.0 10
stats: {load,"tsung_controller_51@Wonko-the-Sane"} 1 1.75390625 0.0 1.78515625 1.546875 1.663671875 10
stats: {freemem,"tsung_controller_51@Wonko-the-Sane"} 1 41.4921875 0.0 41.4921875 19.1015625 27.923828125 10
stats: session 8 134.44900512695313 3.745595704857754 498.907958984375 126.419921875 145.41495768229166 48
stats: users_count 8 56
stats: finish_users_count 8 56
stats: request 8 132.26638793945313 3.7444571925621117 496.303955078125 124.14697265625 142.94188944498697 48
stats: connect 8 63.313690185546875 3.324388597045841 159.248046875 57.639892578125 64.92306518554688 48
stats: page 8 132.26638793945313 3.7444571925621117 496.303955078125 124.14697265625 142.94188944498697 48
stats: 200 8 56
stats: size_rcv 64 448
stats: newphase 0 1
stats: size_sent 1160 8152
stats: connected 0 0
# stats: dump at 1454449934
stats: users 0 3
stats: {cpu,"tsung_controller_51@Wonko-the-Sane"} 1 0.0 0.0 0 0 0.0 11
stats: {load,"tsung_controller_51@Wonko-the-Sane"} 1 1.79296875 0.0 1.79296875 1.546875 1.671875 11
stats: {freemem,"tsung_controller_51@Wonko-the-Sane"} 1 14.73828125 0.0 41.4921875 14.73828125 29.15731534090909 11
stats: session 15 136.897998046875 5.804700156908711 498.907958984375 126.419921875 143.848393031529 56
stats: users_count 15 71
stats: finish_users_count 15 71
stats: request 14 135.34153529575894 5.651017739513688 496.303955078125 124.14697265625 141.41681780133928 56
stats: connect 14 65.11063058035715 4.692293686767565 159.248046875 57.639892578125 64.69315447126117 56
stats: page 14 135.34153529575894 5.651017739513688 496.303955078125 124.14697265625 141.41681780133928 56
stats: 200 14 70
stats: size_rcv 112 560
stats: newphase 0 1
stats: size_sent 2040 10192
stats: connected 0 0
# stats: dump at 1454449944
stats: users 0 3
stats: {cpu,"tsung_controller_51@Wonko-the-Sane"} 1 0.0 0.0 0 0 0.0 12
stats: {load,"tsung_controller_51@Wonko-the-Sane"} 1 1.828125 0.0 1.828125 1.546875 1.6819661458333333 12
stats: {freemem,"tsung_controller_51@Wonko-the-Sane"} 1 20.88671875 0.0 41.4921875 14.73828125 27.955729166666668 12
stats: session 4 140.0765380859375 4.070234515784795 498.907958984375 126.419921875 142.37999972491198 71
stats: users_count 4 75
stats: finish_users_count 4 75
stats: request 5 136.281005859375 5.130126064305725 496.303955078125 124.14697265625 140.2017613002232 70
stats: connect 5 64.881298828125 3.2480154852345304 159.248046875 57.639892578125 64.77664969308037 70
stats: page 5 136.281005859375 5.130126064305725 496.303955078125 124.14697265625 140.2017613002232 70
stats: 200 5 75
stats: size_rcv 40 600
stats: newphase 0 1
stats: size_sent 720 10912
stats: connected 0 0
# stats: dump at 1454449954
stats: users 0 3
stats: {cpu,"tsung_controller_51@Wonko-the-Sane"} 1 0.0 0.0 0 0 0.0 13
stats: {load,"tsung_controller_51@Wonko-the-Sane"} 1 2.0 0.0 2.0 1.546875 1.6932091346153846 13
stats: {freemem,"tsung_controller_51@Wonko-the-Sane"} 1 21.48828125 0.0 41.4921875 14.73828125 27.411959134615383 13
stats: session 5 132.1310546875 4.546955360672519 498.907958984375 125.303955078125 142.2571484375 75
stats: users_count 5 80
stats: finish_users_count 5 80
stats: request 5 130.069580078125 4.390287137862147 496.303955078125 123.27783203125 139.94037760416666 75
stats: connect 5 63.318603515625 3.821867079270423 159.248046875 57.639892578125 64.78362630208335 75
stats: page 5 130.069580078125 4.390287137862147 496.303955078125 123.27783203125 139.94037760416666 75
stats: 200 5 80
stats: size_rcv 40 640
stats: newphase 0 1
stats: size_sent 728 11640
stats: connected 0 0
# stats: dump at 1454449964
stats: users 0 3
stats: {cpu,"tsung_controller_51@Wonko-the-Sane"} 1 0.0 0.0 0 0 0.0 14
stats: {load,"tsung_controller_51@Wonko-the-Sane"} 1 2.2421875 0.0 2.2421875 1.546875 1.7151227678571428 14
stats: {freemem,"tsung_controller_51@Wonko-the-Sane"} 1 18.890625 0.0 41.4921875 14.73828125 26.988839285714285 14
stats: session 9 134.53746202256946 4.900403147869157 498.907958984375 125.303955078125 141.624267578125 80
stats: users_count 9 89
stats: finish_users_count 9 89
stats: request 9 132.40163845486111 4.928565514716998 496.303955078125 123.27783203125 139.32345275878907 80
stats: connect 9 63.660861545138886 2.6305481755852353 159.248046875 57.639892578125 64.6920623779297 80
stats: page 9 132.40163845486111 4.928565514716998 496.303955078125 123.27783203125 139.32345275878907 80
stats: 200 9 89
stats: size_rcv 72 712
stats: newphase 0 1
stats: size_sent 1320 12960
stats: connected 0 0
# stats: dump at 1454449974
stats: users 0 3
stats: {cpu,"tsung_controller_51@Wonko-the-Sane"} 1 0.0 0.0 0 0 0.0 15
stats: {load,"tsung_controller_51@Wonko-the-Sane"} 1 2.125 0.0 2.2421875 1.546875 1.7502604166666667 15
stats: {freemem,"tsung_controller_51@Wonko-the-Sane"} 1 23.8671875 0.0 41.4921875 14.73828125 26.448958333333334 15
stats: session 10 141.6288330078125 12.654080914330963 498.907958984375 125.303955078125 140.90762431969804 89
stats: users_count 10 99
stats: finish_users_count 10 99
stats: request 10 139.45263671875 12.784877113211198 496.303955078125 123.27783203125 138.62349400895366 89
stats: connect 10 69.06318359375 11.025269498364134 159.248046875 57.639892578125 64.5877836420295 89
stats: page 10 139.45263671875 12.784877113211198 496.303955078125 123.27783203125 138.62349400895366 89
stats: 200 10 99
stats: size_rcv 80 792
stats: newphase 0 1
stats: size_sent 1456 14416
stats: connected 0 0
# stats: dump at 1454449984
stats: users 0 3
stats: {cpu,"tsung_controller_51@Wonko-the-Sane"} 1 0.0 0.0 0 0 0.0 16
stats: {load,"tsung_controller_51@Wonko-the-Sane"} 1 2.10546875 0.0 2.2421875 1.546875 1.773681640625 16
stats: {freemem,"tsung_controller_51@Wonko-the-Sane"} 1 25.51171875 0.0 41.4921875 14.73828125 26.28759765625 16
stats: session 9 144.01025390625 14.765045472197887 498.907958984375 125.303955078125 140.98047368213386 99
stats: users_count 9 108
stats: finish_users_count 9 108
stats: request 9 141.87887912326389 14.62942744411895 496.303955078125 123.27783203125 138.70724579782197 99
stats: connect 9 64.24278428819444 3.439459995465067 159.248046875 57.639892578125 65.0398442432134 99
stats: page 9 141.87887912326389 14.62942744411895 496.303955078125 123.27783203125 138.70724579782197 99
stats: 200 9 108
stats: size_rcv 72 864
stats: newphase 0 1
stats: size_sent 1304 15720
stats: connected 0 0
# stats: dump at 1454449994
stats: users 0 3
stats: {cpu,"tsung_controller_51@Wonko-the-Sane"} 1 0.0 0.0 0 0 0.0 17
stats: {load,"tsung_controller_51@Wonko-the-Sane"} 1 2.16796875 0.0 2.2421875 1.546875 1.7931985294117647 17
stats: {freemem,"tsung_controller_51@Wonko-the-Sane"} 1 33.41015625 0.0 41.4921875 14.73828125 26.241957720588236 17
stats: session 7 192.14889090401786 138.87329836428833 532.16796875 125.303955078125 141.23295536747688 108
stats: users_count 7 115
stats: finish_users_count 7 115
stats: request 7 189.95399693080358 138.85738826398327 529.93896484375 123.27783203125 138.97154857494212 108
stats: connect 7 64.45546177455357 4.691903345568605 159.248046875 57.639892578125 64.97342258029515 108
stats: page 7 189.95399693080358 138.85738826398327 529.93896484375 123.27783203125 138.97154857494212 108
stats: 200 7 115
stats: size_rcv 56 920
stats: newphase 0 1
stats: size_sent 1024 16744
stats: connected 0 0
# stats: dump at 1454450004
stats: users 0 3
stats: {cpu,"tsung_controller_51@Wonko-the-Sane"} 1 0.0 0.0 0 0 0.0 18
stats: {load,"tsung_controller_51@Wonko-the-Sane"} 1 1.98828125 0.0 2.2421875 1.546875 1.8140190972222223 18
stats: {freemem,"tsung_controller_51@Wonko-the-Sane"} 1 33.421875 0.0 41.4921875 14.73828125 26.64019097222222 18
stats: session 0 0 0 532.16796875 125.303955078125 144.33218622622283 115
stats: users_count 0 115
stats: finish_users_count 0 115
stats: request 0 0 0 529.93896484375 123.27783203125 142.0748280400815 115
stats: connect 0 0 0 159.248046875 57.639892578125 64.94189453125001 115
stats: page 0 0 0 529.93896484375 123.27783203125 142.0748280400815 115
stats: 200 0 115
stats: size_rcv 0 920
stats: newphase 1 2
stats: size_sent 0 16744
stats: connected 0 0
# stats: dump at 1454450014
stats: users 0 6
stats: {cpu,"tsung_controller_51@Wonko-the-Sane"} 1 0.0 0.0 0 0 0.0 19
stats: {load,"tsung_controller_51@Wonko-the-Sane"} 1 1.99609375 0.0 2.2421875 1.546875 1.8231907894736843 19
stats: {freemem,"tsung_controller_51@Wonko-the-Sane"} 1 28.328125 0.0 41.4921875 14.73828125 26.997121710526315 19
stats: session 100 176.6320605468749 248.55882638716153 2193.473876953125 125.280029296875 144.33218622622283 115
stats: users_count 100 215
stats: finish_users_count 100 215
stats: request 100 174.582216796875 248.59119507240746 2191.6748046875 123.09619140625 142.0748280400815 115
stats: connect 100 93.60234375 175.08147714579917 1095.197998046875 57.402099609375 64.94189453125001 115
stats: page 100 174.582216796875 248.59119507240746 2191.6748046875 123.09619140625 142.0748280400815 115
stats: 200 100 215
stats: size_rcv 800 1720
stats: newphase 0 2
stats: size_sent 14568 31312
stats: connected 0 0
# stats: dump at 1454450019
stats: users 0 6
stats: {cpu,"tsung_controller_51@Wonko-the-Sane"} 1 0.0 0.0 0 0 0.0 20
stats: {load,"tsung_controller_51@Wonko-the-Sane"} 1 2.06640625 0.0 2.2421875 1.546875 1.8318359375 20
stats: {freemem,"tsung_controller_51@Wonko-the-Sane"} 1 24.50390625 0.0 41.4921875 14.73828125 27.063671875 20
stats: session 0 0 0 2193.473876953125 125.280029296875 159.35538358466562 215
stats: users_count 0 215
stats: finish_users_count 0 215
stats: request 0 0 0 2191.6748046875 123.09619140625 157.1945437409157 215
stats: connect 0 0 0 1095.197998046875 57.402099609375 78.27233602834302 215
stats: page 0 0 0 2191.6748046875 123.09619140625 157.1945437409157 215
stats: 200 0 215
stats: size_rcv 0 1720
stats: newphase 0 2
stats: size_sent 0 31312
stats: connected 0 0
EndMonitor:{1454,450019,78816}
