# stats: dump at 1454343735
stats: users 1 1
stats: {cpu,"tsung_controller_34@Wonko-the-Sane"} 1 0 0 0 0 0 0
stats: {load,"tsung_controller_34@Wonko-the-Sane"} 1 1.54296875 0 1.54296875 1.54296875 0 0
stats: {freemem,"tsung_controller_34@Wonko-the-Sane"} 1 23.9453125 0 23.9453125 23.9453125 0 0
stats: users_count 1 1
stats: finish_users_count 0 0
# stats: dump at 1454343742
stats: users 0 2
stats: {cpu,"tsung_controller_34@Wonko-the-Sane"} 1 0.0 0.0 0 0 0.0 1
stats: {load,"tsung_controller_34@Wonko-the-Sane"} 1 1.421875 0.0 1.54296875 1.421875 1.54296875 1
stats: {freemem,"tsung_controller_34@Wonko-the-Sane"} 1 18.609375 0.0 23.9453125 18.609375 23.9453125 1
stats: session 2 2633.3284912109375 2485.7716064453125 5119.10009765625 147.556884765625 0 0
stats: users_count 1 2
stats: finish_users_count 2 2
stats: request 2 2623.140380859375 2484.74755859375 5107.887939453125 138.392822265625 0 0
stats: connect 2 2551.2249755859375 2482.4031982421875 5033.628173828125 68.82177734375 0 0
stats: page 2 2623.140380859375 2484.74755859375 5107.887939453125 138.392822265625 0 0
stats: 200 2 2
stats: size_rcv 16 16
stats: size_sent 288 288
stats: connected 0 0
# stats: dump at 1454343752
stats: users 0 2
stats: {cpu,"tsung_controller_34@Wonko-the-Sane"} 1 0.0 0.0 0 0 0.0 2
stats: {load,"tsung_controller_34@Wonko-the-Sane"} 1 1.4375 0.0 1.54296875 1.421875 1.482421875 2
stats: {freemem,"tsung_controller_34@Wonko-the-Sane"} 1 15.9921875 0.0 23.9453125 15.9921875 21.27734375 2
stats: session 1 147.93017578125 0.0 5119.10009765625 147.556884765625 2633.3284912109375 2
stats: users_count 1 3
stats: finish_users_count 1 3
stats: request 1 145.4189453125 0.0 5107.887939453125 138.392822265625 2623.140380859375 2
stats: connect 1 73.967041015625 0.0 5033.628173828125 68.82177734375 2551.2249755859375 2
stats: page 1 145.4189453125 0.0 5107.887939453125 138.392822265625 2623.140380859375 2
stats: 200 1 3
stats: size_rcv 8 24
stats: size_sent 144 432
stats: connected 0 0
# stats: dump at 1454343762
stats: users 0 2
stats: {cpu,"tsung_controller_34@Wonko-the-Sane"} 1 0.0 0.0 0 0 0.0 3
stats: {load,"tsung_controller_34@Wonko-the-Sane"} 1 1.44921875 0.0 1.54296875 1.421875 1.4674479166666667 3
stats: {freemem,"tsung_controller_34@Wonko-the-Sane"} 1 20.36328125 0.0 23.9453125 15.9921875 19.515625 3
stats: session 3 138.71769205729166 6.372392458772562 5119.10009765625 130.47216796875 1804.8623860677083 3
stats: users_count 3 6
stats: finish_users_count 3 6
stats: connect 2 67.0428466796875 0.0780029296875 5033.628173828125 66.96484375 1725.4723307291667 3
stats: page 2 140.4794921875 3.00146484375 5107.887939453125 137.47802734375 1797.2332356770833 3
stats: 200 2 5
stats: request 2 140.4794921875 3.00146484375 5107.887939453125 137.47802734375 1797.2332356770833 3
stats: size_rcv 16 40
stats: size_sent 288 720
stats: connected 0 0
# stats: dump at 1454343772
stats: users 0 2
stats: {cpu,"tsung_controller_34@Wonko-the-Sane"} 1 0.0 0.0 0 0 0.0 4
stats: {load,"tsung_controller_34@Wonko-the-Sane"} 1 1.4921875 0.0 1.54296875 1.421875 1.462890625 4
stats: {freemem,"tsung_controller_34@Wonko-the-Sane"} 1 25.078125 0.0 25.078125 15.9921875 19.7275390625 4
stats: session 5 132.5744140625 2.1285923684087766 5119.10009765625 130.284912109375 971.7900390625 6
stats: users_count 5 11
stats: finish_users_count 5 11
stats: 200 6 11
stats: request 6 129.9617919921875 1.8557481722661895 5107.887939453125 128.29296875 1134.53173828125 5
stats: connect 6 61.373819986979164 0.8221713294183711 5033.628173828125 59.93798828125 1062.100537109375 5
stats: page 6 129.9617919921875 1.8557481722661895 5107.887939453125 128.29296875 1134.53173828125 5
stats: size_rcv 48 88
stats: size_sent 872 1592
stats: connected 0 0
# stats: dump at 1454343782
stats: users 0 2
stats: {cpu,"tsung_controller_34@Wonko-the-Sane"} 1 0.0 0.0 0 0 0.0 5
stats: {load,"tsung_controller_34@Wonko-the-Sane"} 1 1.4140625 0.0 1.54296875 1.4140625 1.46875 5
stats: {freemem,"tsung_controller_34@Wonko-the-Sane"} 1 19.171875 0.0 25.078125 15.9921875 20.79765625 5
stats: session 4 142.85406494140625 6.598307696252909 5119.10009765625 130.284912109375 590.3283913352273 11
stats: users_count 4 15
stats: finish_users_count 4 15
stats: request 4 140.86376953125 6.922958872562463 5107.887939453125 128.29296875 586.5844948508523 11
stats: connect 4 67.7025146484375 6.906601979922269 5033.628173828125 59.93798828125 516.2496004971591 11
stats: page 4 140.86376953125 6.922958872562463 5107.887939453125 128.29296875 586.5844948508523 11
stats: 200 4 15
stats: size_rcv 32 120
stats: size_sent 584 2176
stats: connected 0 0
# stats: dump at 1454343792
stats: users 1 2
stats: {cpu,"tsung_controller_34@Wonko-the-Sane"} 1 0.0 0.0 0 0 0.0 6
stats: {load,"tsung_controller_34@Wonko-the-Sane"} 1 1.26953125 0.0 1.54296875 1.26953125 1.4596354166666667 6
stats: {freemem,"tsung_controller_34@Wonko-the-Sane"} 1 22.75 0.0 25.078125 15.9921875 20.526692708333332 6
stats: session 0 0 0 5119.10009765625 130.284912109375 471.001904296875 15
stats: users_count 1 16
stats: finish_users_count 0 15
stats: request 0 0 0 5107.887939453125 128.29296875 467.725634765625 15
stats: connect 0 0 0 5033.628173828125 59.93798828125 396.6370442708333 15
stats: page 0 0 0 5107.887939453125 128.29296875 467.725634765625 15
stats: 200 0 15
stats: size_rcv 0 120
stats: newphase 1 1
stats: size_sent 0 2176
stats: connected 0 0
# stats: dump at 1454343802
stats: users 0 2
stats: {cpu,"tsung_controller_34@Wonko-the-Sane"} 1 0.0 0.0 0 0 0.0 7
stats: {load,"tsung_controller_34@Wonko-the-Sane"} 1 1.15625 0.0 1.54296875 1.15625 1.4324776785714286 7
stats: {freemem,"tsung_controller_34@Wonko-the-Sane"} 1 19.69921875 0.0 25.078125 15.9921875 20.844308035714285 7
stats: session 16 139.6516571044922 7.164480445831539 5119.10009765625 129.525146484375 471.001904296875 15
stats: users_count 15 31
stats: finish_users_count 16 31
stats: request 16 137.5321044921875 7.178175455151883 5107.887939453125 127.054931640625 467.725634765625 15
stats: connect 16 63.98487854003906 6.573272976171289 5033.628173828125 57.327880859375 396.6370442708333 15
stats: page 16 137.5321044921875 7.178175455151883 5107.887939453125 127.054931640625 467.725634765625 15
stats: 200 16 31
stats: size_rcv 128 248
stats: newphase 0 1
stats: size_sent 2336 4512
stats: connected 0 0
# stats: dump at 1454343812
stats: users 0 2
stats: {cpu,"tsung_controller_34@Wonko-the-Sane"} 1 0.0 0.0 0 0 0.0 8
stats: {load,"tsung_controller_34@Wonko-the-Sane"} 1 1.37109375 0.0 1.54296875 1.15625 1.39794921875 8
stats: {freemem,"tsung_controller_34@Wonko-the-Sane"} 1 22.8828125 0.0 25.078125 15.9921875 20.701171875 8
stats: session 9 140.03298611111111 4.001805529540526 5119.10009765625 129.525146484375 299.982421875 31
stats: users_count 9 40
stats: finish_users_count 9 40
stats: request 9 138.02126736111111 4.011654099699172 5107.887939453125 127.054931640625 297.30316752772177 31
stats: connect 9 63.983127170138886 3.089637580022466 5033.628173828125 57.327880859375 224.9456038936492 31
stats: page 9 138.02126736111111 4.011654099699172 5107.887939453125 127.054931640625 297.30316752772177 31
stats: 200 9 40
stats: size_rcv 72 320
stats: newphase 0 1
stats: size_sent 1328 5840
stats: connected 0 0
# stats: dump at 1454343822
stats: users 0 2
stats: {cpu,"tsung_controller_34@Wonko-the-Sane"} 1 0.0 0.0 0 0 0.0 9
stats: {load,"tsung_controller_34@Wonko-the-Sane"} 1 1.3125 0.0 1.54296875 1.15625 1.3949652777777777 9
stats: {freemem,"tsung_controller_34@Wonko-the-Sane"} 1 20.80859375 0.0 25.078125 15.9921875 20.94357638888889 9
stats: session 7 135.706298828125 3.784771348115845 5119.10009765625 129.525146484375 263.993798828125 40
stats: users_count 7 47
stats: finish_users_count 7 47
stats: request 7 133.70748465401786 3.7848826964100213 5107.887939453125 127.054931640625 261.46473999023436 40
stats: connect 7 62.851597377232146 4.403641740270545 5033.628173828125 57.327880859375 188.7290466308594 40
stats: page 7 133.70748465401786 3.7848826964100213 5107.887939453125 127.054931640625 261.46473999023436 40
stats: 200 7 47
stats: size_rcv 56 376
stats: newphase 0 1
stats: size_sent 1008 6848
stats: connected 0 0
# stats: dump at 1454343832
stats: users 0 2
stats: {cpu,"tsung_controller_34@Wonko-the-Sane"} 1 0.0 0.0 0 0 0.0 10
stats: {load,"tsung_controller_34@Wonko-the-Sane"} 1 1.26953125 0.0 1.54296875 1.15625 1.38671875 10
stats: {freemem,"tsung_controller_34@Wonko-the-Sane"} 1 25.21875 0.0 25.21875 15.9921875 20.930078125 10
stats: session 6 304.7090250651042 380.0214559502991 5119.10009765625 126.97900390625 244.88714989195478 47
stats: users_count 6 53
stats: finish_users_count 6 53
stats: request 6 302.4425048828125 379.8374207039215 5107.887939453125 124.64599609375 242.43706366356383 47
stats: connect 6 231.41251627604166 375.88178633056947 5033.628173828125 57.327880859375 169.98134142287233 47
stats: page 6 302.4425048828125 379.8374207039215 5107.887939453125 124.64599609375 242.43706366356383 47
stats: 200 6 53
stats: size_rcv 48 424
stats: newphase 0 1
stats: size_sent 864 7712
stats: connected 0 0
# stats: dump at 1454343842
stats: users 0 2
stats: {cpu,"tsung_controller_34@Wonko-the-Sane"} 1 0.0 0.0 0 0 0.0 11
stats: {load,"tsung_controller_34@Wonko-the-Sane"} 1 1.53515625 0.0 1.54296875 1.15625 1.3760653409090908 11
stats: {freemem,"tsung_controller_34@Wonko-the-Sane"} 1 17.328125 0.0 25.21875 15.9921875 21.319957386363637 11
stats: session 8 142.6461181640625 11.706424230265752 5119.10009765625 126.97900390625 251.65943764740567 53
stats: users_count 8 61
stats: finish_users_count 8 61
stats: request 7 141.21658761160714 12.224803811256644 5107.887939453125 124.64599609375 249.23013248083726 53
stats: connect 7 64.06117466517857 5.7258590534683576 5033.628173828125 57.327880859375 176.93581404775944 53
stats: page 7 141.21658761160714 12.224803811256644 5107.887939453125 124.64599609375 249.23013248083726 53
stats: 200 7 60
stats: size_rcv 56 480
stats: newphase 0 1
stats: size_sent 1024 8736
stats: connected 0 0
# stats: dump at 1454343852
stats: users 0 2
stats: {cpu,"tsung_controller_34@Wonko-the-Sane"} 1 0.0 0.0 0 0 0.0 12
stats: {load,"tsung_controller_34@Wonko-the-Sane"} 1 1.61328125 0.0 1.61328125 1.15625 1.3893229166666667 12
stats: {freemem,"tsung_controller_34@Wonko-the-Sane"} 1 67.00390625 0.0 67.00390625 15.9921875 20.9873046875 12
stats: session 6 143.07149251302084 10.484143979366241 5119.10009765625 126.97900390625 237.36260886270492 61
stats: users_count 6 67
stats: finish_users_count 6 67
stats: request 7 140.12928989955358 10.102916096934775 5107.887939453125 124.64599609375 236.62855224609376 60
stats: connect 7 64.72691127232143 8.709012405073356 5033.628173828125 57.327880859375 163.76710611979166 60
stats: page 7 140.12928989955358 10.102916096934775 5107.887939453125 124.64599609375 236.62855224609376 60
stats: 200 7 67
stats: size_rcv 56 536
stats: newphase 0 1
stats: size_sent 1016 9752
stats: connected 0 0
# stats: dump at 1454343862
stats: users 0 2
stats: {cpu,"tsung_controller_34@Wonko-the-Sane"} 1 0.0 0.0 0 0 0.0 13
stats: {load,"tsung_controller_34@Wonko-the-Sane"} 1 1.96484375 0.0 1.96484375 1.15625 1.4065504807692308 13
stats: {freemem,"tsung_controller_34@Wonko-the-Sane"} 1 24.7109375 0.0 67.00390625 15.9921875 24.52704326923077 13
stats: session 8 135.77536010742188 3.9846120790697492 5119.10009765625 126.97900390625 228.91862829407648 67
stats: users_count 8 75
stats: finish_users_count 8 75
stats: request 8 133.70278930664063 3.8482920570348416 5107.887939453125 124.64599609375 226.54653976212686 67
stats: connect 8 62.151641845703125 2.2497178716655446 5033.628173828125 57.327880859375 153.4196230760261 67
stats: page 8 133.70278930664063 3.8482920570348416 5107.887939453125 124.64599609375 226.54653976212686 67
stats: 200 8 75
stats: size_rcv 64 600
stats: newphase 0 1
stats: size_sent 1160 10912
stats: connected 0 0
# stats: dump at 1454343872
stats: users 1 2
stats: {cpu,"tsung_controller_34@Wonko-the-Sane"} 1 0.0 0.0 0 0 0.0 14
stats: {load,"tsung_controller_34@Wonko-the-Sane"} 1 1.96484375 0.0 1.96484375 1.15625 1.4464285714285714 14
stats: {freemem,"tsung_controller_34@Wonko-the-Sane"} 1 26.10546875 0.0 67.00390625 15.9921875 24.540178571428573 14
stats: session 16 142.0775909423828 15.491293145587582 5119.10009765625 126.97900390625 218.98334635416666 75
stats: users_count 17 92
stats: finish_users_count 16 91
stats: request 15 139.57114257812498 15.944378194841166 5107.887939453125 124.64599609375 216.64320638020834 75
stats: connect 15 64.724609375 7.2268576940782205 5033.628173828125 57.327880859375 143.68437174479166 75
stats: page 15 139.57114257812498 15.944378194841166 5107.887939453125 124.64599609375 216.64320638020834 75
stats: 200 15 90
stats: size_rcv 120 720
stats: newphase 0 1
stats: size_sent 2192 13104
stats: connected 0 0
# stats: dump at 1454343882
stats: users 1 2
stats: {cpu,"tsung_controller_34@Wonko-the-Sane"} 1 0.0 0.0 0 0 0.0 15
stats: {load,"tsung_controller_34@Wonko-the-Sane"} 1 1.9765625 0.0 1.9765625 1.15625 1.4809895833333333 15
stats: {freemem,"tsung_controller_34@Wonko-the-Sane"} 1 34.4765625 0.0 67.00390625 15.9921875 24.64453125 15
stats: session 11 145.36769797585228 11.528462258118951 5119.10009765625 126.97900390625 205.46145529275412 91
stats: users_count 11 103
stats: finish_users_count 11 102
stats: request 12 143.59893798828125 10.866218906810037 5107.887939453125 124.64599609375 203.79786241319445 90
stats: connect 12 66.80464680989584 8.445052758311261 5033.628173828125 57.327880859375 130.52441134982638 90
stats: page 12 143.59893798828125 10.866218906810037 5107.887939453125 124.64599609375 203.79786241319445 90
stats: 200 12 102
stats: size_rcv 96 816
stats: newphase 0 1
stats: size_sent 1752 14856
stats: connected 0 0
# stats: dump at 1454343892
stats: users 0 2
stats: {cpu,"tsung_controller_34@Wonko-the-Sane"} 1 0.0 0.0 0 0 0.0 16
stats: {load,"tsung_controller_34@Wonko-the-Sane"} 1 1.9921875 0.0 1.9921875 1.15625 1.511962890625 16
stats: {freemem,"tsung_controller_34@Wonko-the-Sane"} 1 27.5703125 0.0 67.00390625 15.9921875 25.259033203125 16
stats: session 13 138.02439528245193 7.3196483996733726 5119.10009765625 126.76318359375 198.9807559742647 102
stats: users_count 12 115
stats: finish_users_count 13 115
stats: request 13 135.94422325721155 7.275723025275581 5107.887939453125 124.512939453125 196.71563601026347 102
stats: connect 13 64.21341646634616 5.521006047520412 5033.628173828125 57.327880859375 123.02796846277573 102
stats: page 13 135.94422325721155 7.275723025275581 5107.887939453125 124.512939453125 196.71563601026347 102
stats: 200 13 115
stats: size_rcv 104 920
stats: newphase 0 1
stats: size_sent 1888 16744
stats: connected 0 0
# stats: dump at 1454343902
stats: users 0 2
stats: {cpu,"tsung_controller_34@Wonko-the-Sane"} 1 0.0 0.0 0 0 0.0 17
stats: {load,"tsung_controller_34@Wonko-the-Sane"} 1 2.0 0.0 2.0 1.15625 1.5402113970588236 17
stats: {freemem,"tsung_controller_34@Wonko-the-Sane"} 1 20.046875 0.0 67.00390625 15.9921875 25.39499080882353 17
stats: session 0 0 0 5119.10009765625 126.76318359375 192.09003693953804 115
stats: users_count 0 115
stats: finish_users_count 0 115
stats: request 0 0 0 5107.887939453125 124.512939453125 189.8458241338315 115
stats: connect 0 0 0 5033.628173828125 57.327880859375 116.37936693274456 115
stats: page 0 0 0 5107.887939453125 124.512939453125 189.8458241338315 115
stats: 200 0 115
stats: size_rcv 0 920
stats: newphase 0 1
stats: size_sent 0 16744
stats: connected 0 0
# stats: dump at 1454343912
stats: users 0 3
stats: {cpu,"tsung_controller_34@Wonko-the-Sane"} 1 0.0 0.0 0 0 0.0 18
stats: {load,"tsung_controller_34@Wonko-the-Sane"} 1 1.76953125 0.0 2.0 1.15625 1.5657552083333333 18
stats: {freemem,"tsung_controller_34@Wonko-the-Sane"} 1 102.26171875 0.0 102.26171875 15.9921875 25.09787326388889 18
stats: session 17 136.9691951976103 6.07166984806947 5119.10009765625 126.76318359375 192.09003693953804 115
stats: users_count 17 132
stats: finish_users_count 17 132
stats: request 15 134.21761067708334 5.598814115574265 5107.887939453125 124.512939453125 189.8458241338315 115
stats: connect 16 62.84910583496094 3.2321774882666525 5033.628173828125 56.092041015625 116.37936693274456 115
stats: page 15 134.21761067708334 5.598814115574265 5107.887939453125 124.512939453125 189.8458241338315 115
stats: 200 15 130
stats: size_rcv 120 1040
stats: newphase 1 2
stats: size_sent 2312 19056
stats: connected 1 1
# stats: dump at 1454343922
stats: users 0 5
stats: {cpu,"tsung_controller_34@Wonko-the-Sane"} 1 0.0 0.0 0 0 0.0 19
stats: {load,"tsung_controller_34@Wonko-the-Sane"} 1 1.5703125 0.0 2.0 1.15625 1.5764802631578947 19
stats: {freemem,"tsung_controller_34@Wonko-the-Sane"} 1 99.6171875 0.0 102.26171875 15.9921875 29.159128289473685 19
stats: session 83 137.6793609986822 6.3993366690284725 5119.10009765625 125.31005859375 184.9911406545928 132
stats: users_count 83 215
stats: finish_users_count 83 215
stats: request 85 135.6649385340074 6.461935330744017 5107.887939453125 122.738037109375 183.42718411959135 130
stats: connect 84 63.79946754092262 5.073246778198885 5033.628173828125 56.092041015625 109.84131977576335 131
stats: page 85 135.6649385340074 6.461935330744017 5107.887939453125 122.738037109375 183.42718411959135 130
stats: 200 85 215
stats: size_rcv 680 1720
stats: newphase 0 2
stats: size_sent 12256 31312
stats: connected -1 0
# stats: dump at 1454343927
stats: users 0 5
stats: {cpu,"tsung_controller_34@Wonko-the-Sane"} 1 0.0 0.0 0 0 0.0 20
stats: {load,"tsung_controller_34@Wonko-the-Sane"} 1 1.484375 0.0 2.0 1.15625 1.576171875 20
stats: {freemem,"tsung_controller_34@Wonko-the-Sane"} 1 100.3984375 0.0 102.26171875 15.9921875 32.68203125 20
stats: session 0 0 0 5119.10009765625 125.31005859375 166.72659315952035 215
stats: users_count 0 215
stats: finish_users_count 0 215
stats: request 0 0 0 5107.887939453125 122.738037109375 164.54443586482557 215
stats: connect 0 0 0 5033.628173828125 56.092041015625 91.85287518168604 215
stats: page 0 0 0 5107.887939453125 122.738037109375 164.54443586482557 215
stats: 200 0 215
stats: size_rcv 0 1720
stats: newphase 0 2
stats: size_sent 0 31312
stats: connected 0 0
EndMonitor:{1454,343927,190284}
