# stats: dump at 1455827955
stats: users 2 2
stats: {load,"tsung_controller_113@Wonko-the-Sane"} 5 1.97578125 0.07596225162457337 2.0703125 1.8828125 0 0
stats: {cpu,"tsung_controller_113@Wonko-the-Sane"} 5 0.0 0.0 0 0 0 0
stats: {freemem,"tsung_controller_113@Wonko-the-Sane"} 5 34.94765625 13.830959852427204 53.98828125 20.06640625 0 0
stats: users_count 2 2
stats: finish_users_count 0 0
# stats: dump at 1455827955
stats: users 2 2
stats: {load,"tsung_controller_113@Wonko-the-Sane"} 0 0 0 2.0703125 1.8828125 1.97578125 5
stats: {cpu,"tsung_controller_113@Wonko-the-Sane"} 0 0 0 0 0 0.0 5
stats: {freemem,"tsung_controller_113@Wonko-the-Sane"} 0 0 0 53.98828125 20.06640625 34.94765625 5
stats: users_count 0 2
stats: finish_users_count 0 0
# stats: dump at 1455827955
stats: users 2 2
stats: {load,"tsung_controller_113@Wonko-the-Sane"} 0 0 0 2.0703125 1.8828125 1.97578125 5
stats: {cpu,"tsung_controller_113@Wonko-the-Sane"} 0 0 0 0 0 0.0 5
stats: {freemem,"tsung_controller_113@Wonko-the-Sane"} 0 0 0 53.98828125 20.06640625 34.94765625 5
stats: users_count 0 2
stats: finish_users_count 0 0
# stats: dump at 1455827955
stats: users 2 2
stats: {load,"tsung_controller_113@Wonko-the-Sane"} 0 0 0 2.0703125 1.8828125 1.97578125 5
stats: {cpu,"tsung_controller_113@Wonko-the-Sane"} 0 0 0 0 0 0.0 5
stats: {freemem,"tsung_controller_113@Wonko-the-Sane"} 0 0 0 53.98828125 20.06640625 34.94765625 5
stats: users_count 0 2
stats: finish_users_count 0 0
# stats: dump at 1455827962
stats: users 0 2
stats: {load,"tsung_controller_113@Wonko-the-Sane"} 0 0 0 2.0703125 1.8828125 1.97578125 5
stats: {cpu,"tsung_controller_113@Wonko-the-Sane"} 0 0 0 0 0 0.0 5
stats: {freemem,"tsung_controller_113@Wonko-the-Sane"} 0 0 0 53.98828125 20.06640625 34.94765625 5
stats: session 5 7666.345166015625 15054.132608670245 37774.59814453125 129.413818359375 0 0
stats: users_count 3 5
stats: finish_users_count 5 5
stats: request 5 7662.023583984375 15049.231319684088 37760.473876953125 127.123046875 0 0
stats: connect 5 7592.099462890625 15047.921147811454 37687.92822265625 57.734130859375 0 0
stats: 200 5 5
stats: page 5 7662.023583984375 15049.231319684088 37760.473876953125 127.123046875 0 0
stats: size_rcv 5 5
stats: size_sent 720 720
stats: connected 0 0
# stats: dump at 1455827972
stats: users 0 2
stats: {load,"tsung_controller_113@Wonko-the-Sane"} 1 2.06640625 0.0 2.0703125 1.8828125 1.97578125 5
stats: {cpu,"tsung_controller_113@Wonko-the-Sane"} 1 0.0 0.0 0 0 0.0 5
stats: {freemem,"tsung_controller_113@Wonko-the-Sane"} 1 18.796875 0.0 53.98828125 18.796875 34.94765625 5
stats: session 4 130.906494140625 1.1149897265281714 37774.59814453125 129.413818359375 7666.345166015625 5
stats: users_count 4 9
stats: finish_users_count 4 9
stats: request 4 128.6483154296875 1.1826511885325173 37760.473876953125 127.123046875 7662.023583984375 5
stats: page 4 128.6483154296875 1.1826511885325173 37760.473876953125 127.123046875 7662.023583984375 5
stats: connect 4 61.6099853515625 2.528055639105302 37687.92822265625 57.734130859375 7592.099462890625 5
stats: 200 4 9
stats: size_rcv 4 9
stats: size_sent 576 1296
stats: connected 0 0
# stats: dump at 1455827982
stats: users 0 2
stats: {load,"tsung_controller_113@Wonko-the-Sane"} 1 2.2890625 0.0 2.2890625 1.8828125 1.9908854166666667 6
stats: {cpu,"tsung_controller_113@Wonko-the-Sane"} 1 0.0 0.0 0 0 0.0 6
stats: {freemem,"tsung_controller_113@Wonko-the-Sane"} 1 17.4765625 0.0 53.98828125 17.4765625 32.255859375 6
stats: session 1 135.544921875 0.0 37774.59814453125 129.413818359375 4317.261311848958 9
stats: users_count 1 10
stats: finish_users_count 1 10
stats: 200 1 10
stats: request 1 132.85009765625 0.0 37760.473876953125 127.123046875 4313.856797960069 9
stats: connect 1 65.446044921875 0.0 37687.92822265625 57.734130859375 4245.215250651042 9
stats: page 1 132.85009765625 0.0 37760.473876953125 127.123046875 4313.856797960069 9
stats: size_rcv 1 10
stats: size_sent 144 1440
stats: connected 0 0
# stats: dump at 1455827992
stats: users 0 2
stats: {load,"tsung_controller_113@Wonko-the-Sane"} 1 2.25 0.0 2.2890625 1.8828125 2.033482142857143 7
stats: {cpu,"tsung_controller_113@Wonko-the-Sane"} 1 0.0 0.0 0 0 0.0 7
stats: {freemem,"tsung_controller_113@Wonko-the-Sane"} 1 19.46875 0.0 53.98828125 17.4765625 30.14453125 7
stats: session 2 132.842041015625 2.8798828125 37774.59814453125 129.413818359375 3899.0896728515627 10
stats: users_count 2 12
stats: finish_users_count 2 12
stats: request 2 130.6434326171875 3.0714111328125 37760.473876953125 127.123046875 3895.7561279296874 10
stats: page 2 130.6434326171875 3.0714111328125 37760.473876953125 127.123046875 3895.7561279296874 10
stats: connect 2 60.504638671875 0.732421875 37687.92822265625 57.734130859375 3827.238330078125 10
stats: 200 2 12
stats: size_rcv 2 12
stats: newphase 1 1
stats: size_sent 296 1736
stats: connected 0 0
# stats: dump at 1455828002
stats: users 1 2
stats: {load,"tsung_controller_113@Wonko-the-Sane"} 1 2.56640625 0.0 2.56640625 1.8828125 2.060546875 8
stats: {cpu,"tsung_controller_113@Wonko-the-Sane"} 1 0.0 0.0 0 0 0.0 8
stats: {freemem,"tsung_controller_113@Wonko-the-Sane"} 1 17.6953125 0.0 53.98828125 17.4765625 28.81005859375 8
stats: session 9 134.13788519965277 6.53054212618569 37774.59814453125 125.81787109375 3271.3817342122397 12
stats: users_count 10 22
stats: finish_users_count 9 21
stats: request 8 130.18499755859375 4.112486060080484 37760.473876953125 124.178955078125 3268.237345377604 12
stats: connect 9 60.89219835069444 3.723359714066953 37687.92822265625 57.339111328125 3199.4493815104165 12
stats: page 8 130.18499755859375 4.112486060080484 37760.473876953125 124.178955078125 3268.237345377604 12
stats: 200 8 20
stats: size_rcv 8 20
stats: newphase 0 1
stats: size_sent 1312 3048
stats: connected 1 1
# stats: dump at 1455828012
stats: users 0 2
stats: {load,"tsung_controller_113@Wonko-the-Sane"} 1 2.546875 0.0 2.56640625 1.8828125 2.1167534722222223 9
stats: {cpu,"tsung_controller_113@Wonko-the-Sane"} 1 0.0 0.0 0 0 0.0 9
stats: {freemem,"tsung_controller_113@Wonko-the-Sane"} 1 32.58203125 0.0 53.98828125 17.4765625 27.575086805555557 9
stats: session 13 133.77317457932693 5.032628534833585 37774.59814453125 124.391845703125 1926.848656063988 21
stats: users_count 12 34
stats: finish_users_count 13 34
stats: request 14 132.609375 6.182124466363807 37760.473876953125 122.465087890625 2013.01640625 20
stats: connect 13 61.68180964543269 3.4598691978752822 37687.92822265625 57.05810546875 1854.3534458705358 21
stats: page 14 132.609375 6.182124466363807 37760.473876953125 122.465087890625 2013.01640625 20
stats: 200 14 34
stats: size_rcv 14 34
stats: newphase 0 1
stats: size_sent 1896 4944
stats: connected -1 0
# stats: dump at 1455828022
stats: users 0 2
stats: {load,"tsung_controller_113@Wonko-the-Sane"} 1 2.46875 0.0 2.56640625 1.8828125 2.159765625 10
stats: {cpu,"tsung_controller_113@Wonko-the-Sane"} 1 0.0 0.0 0 0 0.0 10
stats: {freemem,"tsung_controller_113@Wonko-the-Sane"} 1 16.65234375 0.0 53.98828125 16.65234375 28.07578125 10
stats: session 8 137.73687744140625 15.02585420930963 37774.59814453125 124.391845703125 1241.2609719669117 34
stats: users_count 8 42
stats: finish_users_count 8 42
stats: request 8 135.69314575195313 14.823822105859794 37760.473876953125 122.465087890625 1238.7311580882354 34
stats: connect 8 62.699493408203125 7.16195833182404 37687.92822265625 57.05810546875 1168.9201731962316 34
stats: page 8 135.69314575195313 14.823822105859794 37760.473876953125 122.465087890625 1238.7311580882354 34
stats: 200 8 42
stats: size_rcv 8 42
stats: newphase 0 1
stats: size_sent 1184 6128
stats: connected 0 0
# stats: dump at 1455828032
stats: users 0 2
stats: {load,"tsung_controller_113@Wonko-the-Sane"} 1 2.3203125 0.0 2.56640625 1.8828125 2.1878551136363638 11
stats: {cpu,"tsung_controller_113@Wonko-the-Sane"} 1 0.0 0.0 0 0 0.0 11
stats: {freemem,"tsung_controller_113@Wonko-the-Sane"} 1 22.04296875 0.0 53.98828125 16.65234375 27.037286931818183 11
stats: session 7 136.82554408482142 5.617471333981091 37774.59814453125 124.391845703125 1031.065906343006 42
stats: users_count 7 49
stats: finish_users_count 7 49
stats: request 7 134.63905552455358 5.832718065102031 37760.473876953125 122.465087890625 1028.6286795479912 42
stats: connect 7 61.94203404017857 5.295909938126415 37687.92822265625 57.05810546875 958.2114722842261 42
stats: page 7 134.63905552455358 5.832718065102031 37760.473876953125 122.465087890625 1028.6286795479912 42
stats: 200 7 49
stats: size_rcv 7 49
stats: newphase 0 1
stats: size_sent 1008 7136
stats: connected 0 0
# stats: dump at 1455828042
stats: users 0 2
stats: {load,"tsung_controller_113@Wonko-the-Sane"} 1 2.3515625 0.0 2.56640625 1.8828125 2.1988932291666665 12
stats: {cpu,"tsung_controller_113@Wonko-the-Sane"} 1 0.0 0.0 0 0 0.0 12
stats: {freemem,"tsung_controller_113@Wonko-the-Sane"} 1 15.1171875 0.0 53.98828125 15.1171875 26.62109375 12
stats: session 5 133.604833984375 2.8055377175191034 37774.59814453125 124.391845703125 903.3172831632653 49
stats: users_count 5 54
stats: finish_users_count 5 54
stats: request 5 131.70947265625 2.8036258398924976 37760.473876953125 122.465087890625 900.9158761160716 49
stats: connect 5 61.217626953125 2.8289667071961984 37687.92822265625 57.05810546875 830.1729811065051 49
stats: page 5 131.70947265625 2.8036258398924976 37760.473876953125 122.465087890625 900.9158761160716 49
stats: 200 5 54
stats: size_rcv 5 54
stats: newphase 0 1
stats: size_sent 728 7864
stats: connected 0 0
# stats: dump at 1455828052
stats: users 0 2
stats: {load,"tsung_controller_113@Wonko-the-Sane"} 1 2.21484375 0.0 2.56640625 1.8828125 2.210637019230769 13
stats: {cpu,"tsung_controller_113@Wonko-the-Sane"} 1 0.0 0.0 0 0 0.0 13
stats: {freemem,"tsung_controller_113@Wonko-the-Sane"} 1 14.9296875 0.0 53.98828125 14.9296875 25.736177884615383 13
stats: session 8 135.94537353515625 5.687175545961545 37774.59814453125 124.391845703125 832.0476119429977 54
stats: users_count 8 62
stats: finish_users_count 8 62
stats: 200 8 62
stats: request 8 133.79293823242188 5.690371434918631 37760.473876953125 122.465087890625 829.6930609809029 54
stats: connect 8 63.52557373046874 5.03203784471058 37687.92822265625 57.005859375 758.9734112774885 54
stats: page 8 133.79293823242188 5.690371434918631 37760.473876953125 122.465087890625 829.6930609809029 54
stats: size_rcv 8 62
stats: newphase 0 1
stats: size_sent 1168 9032
stats: connected 0 0
# stats: dump at 1455828062
stats: users 0 2
stats: {load,"tsung_controller_113@Wonko-the-Sane"} 1 2.18359375 0.0 2.56640625 1.8828125 2.2109375 14
stats: {cpu,"tsung_controller_113@Wonko-the-Sane"} 1 0.0 0.0 0 0 0.0 14
stats: {freemem,"tsung_controller_113@Wonko-the-Sane"} 1 15.69921875 0.0 53.98828125 14.9296875 24.964285714285715 14
stats: session 7 136.81490652901786 8.135161751867036 37774.59814453125 124.391845703125 742.2279682774698 62
stats: users_count 7 69
stats: finish_users_count 7 69
stats: request 6 135.99247233072916 8.128904764469699 37760.473876953125 122.465087890625 739.8994967552925 62
stats: connect 6 63.621541341145836 4.19597623895658 37687.92822265625 57.005859375 669.2382064327116 62
stats: page 6 135.99247233072916 8.128904764469699 37760.473876953125 122.465087890625 739.8994967552925 62
stats: 200 6 68
stats: size_rcv 6 68
stats: newphase 0 1
stats: size_sent 872 9904
stats: connected 0 0
# stats: dump at 1455828072
stats: users 1 2
stats: {load,"tsung_controller_113@Wonko-the-Sane"} 1 2.30859375 0.0 2.56640625 1.8828125 2.209114583333333 15
stats: {cpu,"tsung_controller_113@Wonko-the-Sane"} 1 0.0 0.0 0 0 0.0 15
stats: {freemem,"tsung_controller_113@Wonko-the-Sane"} 1 15.58984375 0.0 53.98828125 14.9296875 24.346614583333334 15
stats: session 4 137.65545654296875 5.47541537868796 37774.59814453125 124.391845703125 680.8092518682065 69
stats: users_count 5 74
stats: finish_users_count 4 73
stats: request 5 133.876220703125 5.656193559059411 37760.473876953125 122.465087890625 686.613582835478 68
stats: page 5 133.876220703125 5.656193559059411 37760.473876953125 122.465087890625 686.613582835478 68
stats: connect 5 62.523974609375 2.184142977680558 37687.92822265625 57.005859375 615.8014418658088 68
stats: 200 5 73
stats: size_rcv 5 73
stats: newphase 0 1
stats: size_sent 720 10624
stats: connected 0 0
# stats: dump at 1455828082
stats: users 0 2
stats: {load,"tsung_controller_113@Wonko-the-Sane"} 1 2.1875 0.0 2.56640625 1.8828125 2.21533203125 16
stats: {cpu,"tsung_controller_113@Wonko-the-Sane"} 1 0.0 0.0 0 0 0.0 16
stats: {freemem,"tsung_controller_113@Wonko-the-Sane"} 1 15.44921875 0.0 53.98828125 14.9296875 23.79931640625 16
stats: session 6 138.266357421875 10.849032008811715 37774.59814453125 124.391845703125 651.0474000695633 73
stats: users_count 5 79
stats: finish_users_count 6 79
stats: request 6 136.38411458333334 10.89936487011533 37760.473876953125 122.465087890625 648.7548594017552 73
stats: 200 6 79
stats: connect 6 63.389485677083336 4.652070729383383 37687.92822265625 57.005859375 577.9057249304367 73
stats: page 6 136.38411458333334 10.89936487011533 37760.473876953125 122.465087890625 648.7548594017552 73
stats: size_rcv 6 79
stats: newphase 0 1
stats: size_sent 864 11488
stats: connected 0 0
# stats: dump at 1455828092
stats: users 0 2
stats: {load,"tsung_controller_113@Wonko-the-Sane"} 1 2.3125 0.0 2.56640625 1.8828125 2.2136948529411766 17
stats: {cpu,"tsung_controller_113@Wonko-the-Sane"} 1 0.0 0.0 0 0 0.0 17
stats: {freemem,"tsung_controller_113@Wonko-the-Sane"} 1 15.12109375 0.0 53.98828125 14.9296875 23.30813419117647 17
stats: session 11 131.65869140625 3.385562884678827 37774.59814453125 124.130859375 612.1020044254351 79
stats: users_count 11 90
stats: finish_users_count 11 90
stats: request 11 129.59443803267047 3.1531539462295433 37760.473876953125 122.465087890625 609.8406256180776 79
stats: connect 11 60.50350674715909 2.6916201187741735 37687.92822265625 57.005859375 538.8285422023339 79
stats: page 11 129.59443803267047 3.1531539462295433 37760.473876953125 122.465087890625 609.8406256180776 79
stats: 200 11 90
stats: size_rcv 11 90
stats: newphase 0 1
stats: size_sent 1616 13104
stats: connected 0 0
# stats: dump at 1455828102
stats: users 0 2
stats: {load,"tsung_controller_113@Wonko-the-Sane"} 1 2.34765625 0.0 2.56640625 1.8828125 2.2191840277777777 18
stats: {cpu,"tsung_controller_113@Wonko-the-Sane"} 1 0.0 0.0 0 0 0.0 18
stats: {freemem,"tsung_controller_113@Wonko-the-Sane"} 1 15.1796875 0.0 53.98828125 14.9296875 22.85329861111111 18
stats: session 10 138.1720947265625 16.604285872618625 37774.59814453125 124.130859375 553.3811550564236 90
stats: users_count 10 100
stats: finish_users_count 10 100
stats: request 10 136.20068359375 16.601128632025922 37760.473876953125 122.465087890625 551.143869357639 90
stats: page 10 136.20068359375 16.601128632025922 37760.473876953125 122.465087890625 551.143869357639 90
stats: connect 10 67.9959716796875 14.185366026523766 37687.92822265625 57.005859375 480.36659342447916 90
stats: 200 10 100
stats: size_rcv 10 100
stats: newphase 0 1
stats: size_sent 1456 14560
stats: connected 0 0
# stats: dump at 1455828112
stats: users 1 5
stats: {load,"tsung_controller_113@Wonko-the-Sane"} 1 2.375 0.0 2.56640625 1.8828125 2.2259457236842106 19
stats: {cpu,"tsung_controller_113@Wonko-the-Sane"} 1 0.0 0.0 0 0 0.0 19
stats: {freemem,"tsung_controller_113@Wonko-the-Sane"} 1 61.3671875 0.0 61.3671875 14.9296875 22.449424342105264 19
stats: session 76 137.7626021535773 13.001992324366663 37774.59814453125 123.404052734375 511.8602490234375 100
stats: users_count 77 177
stats: finish_users_count 76 176
stats: request 75 135.749755859375 13.083103395838828 37760.473876953125 121.47509765625 509.64955078125007 100
stats: connect 76 63.95160554584704 7.3797584632726565 37687.92822265625 56.89404296875 439.12953125 100
stats: page 75 135.749755859375 13.083103395838828 37760.473876953125 121.47509765625 509.64955078125007 100
stats: 200 75 175
stats: size_rcv 75 175
stats: newphase 1 2
stats: size_sent 11072 25632
stats: connected 1 1
# stats: dump at 1455828120
stats: users 0 5
stats: {load,"tsung_controller_113@Wonko-the-Sane"} 1 2.23828125 0.0 2.56640625 1.8828125 2.2333984375 20
stats: {cpu,"tsung_controller_113@Wonko-the-Sane"} 1 0.0 0.0 0 0 0.0 20
stats: {freemem,"tsung_controller_113@Wonko-the-Sane"} 1 16.4453125 0.0 61.3671875 14.9296875 24.3953125 20
stats: session 27 134.39457646122685 6.0264971696711 37774.59814453125 123.404052734375 350.31808332963425 176
stats: users_count 26 203
stats: finish_users_count 27 203
stats: request 28 132.13072858537947 5.955355007168337 37760.473876953125 121.47509765625 349.4067815290179 175
stats: connect 27 62.97790075231482 4.242540597252455 37687.92822265625 56.89404296875 277.12088151411575 176
stats: page 28 132.13072858537947 5.955355007168337 37760.473876953125 121.47509765625 349.4067815290179 175
stats: 200 28 203
stats: size_rcv 28 203
stats: newphase 0 2
stats: size_sent 3928 29560
stats: connected -1 0
EndMonitor:{1455,828120,471328}
