# stats: dump at 1454347798
stats: users 0 1
stats: {load,"tsung_controller_37@Wonko-the-Sane"} 1 1.5859375 0 1.5859375 1.5859375 0 0
stats: {freemem,"tsung_controller_37@Wonko-the-Sane"} 1 23.984375 0 23.984375 23.984375 0 0
stats: {cpu,"tsung_controller_37@Wonko-the-Sane"} 1 0 0 0 0 0 0
stats: session 3 155.331298828125 34.97032072228716 204.739990234375 128.763916015625 0 0
stats: users_count 3 3
stats: finish_users_count 3 3
stats: request 3 148.06787109375 27.504040441486843 186.89990234375 126.7119140625 0 0
stats: connect 3 73.10465494791667 20.356308605718898 101.882080078125 58.034912109375 0 0
stats: page 3 148.06787109375 27.504040441486843 186.89990234375 126.7119140625 0 0
stats: 200 3 3
stats: size_rcv 24 24
stats: size_sent 432 432
stats: connected 0 0
# stats: dump at 1454347808
stats: users 0 1
stats: {load,"tsung_controller_37@Wonko-the-Sane"} 1 1.65625 0.0 1.65625 1.5859375 1.5859375 1
stats: {freemem,"tsung_controller_37@Wonko-the-Sane"} 1 18.75390625 0.0 23.984375 18.75390625 23.984375 1
stats: {cpu,"tsung_controller_37@Wonko-the-Sane"} 1 0.0 0.0 0 0 0.0 1
stats: session 3 137.17268880208334 0.7284650424263611 204.739990234375 128.763916015625 155.331298828125 3
stats: users_count 3 6
stats: finish_users_count 3 6
stats: request 3 134.90397135416666 0.5531723150693063 186.89990234375 126.7119140625 148.06787109375 3
stats: connect 3 63.478434244791664 1.363739859542031 101.882080078125 58.034912109375 73.10465494791667 3
stats: page 3 134.90397135416666 0.5531723150693063 186.89990234375 126.7119140625 148.06787109375 3
stats: 200 3 6
stats: size_rcv 24 48
stats: size_sent 432 864
stats: connected 0 0
# stats: dump at 1454347818
stats: users 1 1
stats: {load,"tsung_controller_37@Wonko-the-Sane"} 1 1.6328125 0.0 1.65625 1.5859375 1.62109375 2
stats: {freemem,"tsung_controller_37@Wonko-the-Sane"} 1 14.578125 0.0 23.984375 14.578125 21.369140625 2
stats: {cpu,"tsung_controller_37@Wonko-the-Sane"} 1 0.0 0.0 0 0 0.0 2
stats: session 0 0 0 204.739990234375 128.763916015625 146.25199381510416 6
stats: users_count 1 7
stats: finish_users_count 0 6
stats: request 0 0 0 186.89990234375 126.7119140625 141.48592122395834 6
stats: connect 0 0 0 101.882080078125 58.034912109375 68.29154459635417 6
stats: page 0 0 0 186.89990234375 126.7119140625 141.48592122395834 6
stats: 200 0 6
stats: size_rcv 0 48
stats: size_sent 0 864
stats: connected 0 0
# stats: dump at 1454347828
stats: users 0 1
stats: {load,"tsung_controller_37@Wonko-the-Sane"} 1 1.4609375 0.0 1.65625 1.4609375 1.625 3
stats: {freemem,"tsung_controller_37@Wonko-the-Sane"} 1 14.37109375 0.0 23.984375 14.37109375 19.10546875 3
stats: {cpu,"tsung_controller_37@Wonko-the-Sane"} 1 0.0 0.0 0 0 0.0 3
stats: session 5 139.1693359375 7.7812959855034505 204.739990234375 128.763916015625 146.25199381510416 6
stats: users_count 4 11
stats: finish_users_count 5 11
stats: request 5 136.952978515625 7.871958173287447 186.89990234375 126.7119140625 141.48592122395834 6
stats: connect 5 67.549658203125 8.70426774883118 101.882080078125 58.034912109375 68.29154459635417 6
stats: page 5 136.952978515625 7.871958173287447 186.89990234375 126.7119140625 141.48592122395834 6
stats: 200 5 11
stats: size_rcv 40 88
stats: size_sent 728 1592
stats: connected 0 0
# stats: dump at 1454347838
stats: users 0 1
stats: {load,"tsung_controller_37@Wonko-the-Sane"} 1 1.78515625 0.0 1.78515625 1.4609375 1.583984375 4
stats: {freemem,"tsung_controller_37@Wonko-the-Sane"} 1 30.8828125 0.0 30.8828125 14.37109375 17.921875 4
stats: {cpu,"tsung_controller_37@Wonko-the-Sane"} 1 0.0 0.0 0 0 0.0 4
stats: session 1 224.635009765625 0.0 224.635009765625 128.763916015625 143.03260387073863 11
stats: users_count 1 12
stats: finish_users_count 1 12
stats: request 1 222.73291015625 0.0 222.73291015625 126.7119140625 139.42549272017047 11
stats: connect 1 153.39794921875 0.0 153.39794921875 58.034912109375 67.95432350852273 11
stats: page 1 222.73291015625 0.0 222.73291015625 126.7119140625 139.42549272017047 11
stats: 200 1 12
stats: size_rcv 8 96
stats: size_sent 144 1736
stats: connected 0 0
# stats: dump at 1454347848
stats: users 0 1
stats: {load,"tsung_controller_37@Wonko-the-Sane"} 1 1.6640625 0.0 1.78515625 1.4609375 1.62421875 5
stats: {freemem,"tsung_controller_37@Wonko-the-Sane"} 1 39.38671875 0.0 39.38671875 14.37109375 20.5140625 5
stats: {cpu,"tsung_controller_37@Wonko-the-Sane"} 1 0.0 0.0 0 0 0.0 5
stats: session 3 135.130615234375 1.184845131708066 224.635009765625 128.763916015625 149.83280436197916 12
stats: users_count 3 15
stats: finish_users_count 3 15
stats: request 3 133.091064453125 1.191007470269508 222.73291015625 126.7119140625 146.36777750651044 12
stats: connect 3 63.24365234375 0.1834866908250857 153.39794921875 58.034912109375 75.07462565104167 12
stats: page 3 133.091064453125 1.191007470269508 222.73291015625 126.7119140625 146.36777750651044 12
stats: 200 3 15
stats: size_rcv 24 120
stats: size_sent 440 2176
stats: connected 0 0
# stats: dump at 1454347858
stats: users 0 1
stats: {load,"tsung_controller_37@Wonko-the-Sane"} 1 1.70703125 0.0 1.78515625 1.4609375 1.630859375 6
stats: {freemem,"tsung_controller_37@Wonko-the-Sane"} 1 48.2734375 0.0 48.2734375 14.37109375 23.659505208333332 6
stats: {cpu,"tsung_controller_37@Wonko-the-Sane"} 1 0.0 0.0 0 0 0.0 6
stats: session 2 138.682861328125 6.075927734375 224.635009765625 128.763916015625 146.89236653645833 15
stats: users_count 2 17
stats: finish_users_count 2 17
stats: request 2 136.574951171875 6.1279296875 222.73291015625 126.7119140625 143.71243489583333 15
stats: connect 2 61.5755615234375 4.2706298828125 153.39794921875 57.304931640625 72.70843098958333 15
stats: page 2 136.574951171875 6.1279296875 222.73291015625 126.7119140625 143.71243489583333 15
stats: 200 2 17
stats: size_rcv 16 136
stats: newphase 1 1
stats: size_sent 288 2464
stats: connected 0 0
# stats: dump at 1454347868
stats: users 1 1
stats: {load,"tsung_controller_37@Wonko-the-Sane"} 1 2.046875 0.0 2.046875 1.4609375 1.6417410714285714 7
stats: {freemem,"tsung_controller_37@Wonko-the-Sane"} 1 39.8515625 0.0 48.2734375 14.37109375 27.17578125 7
stats: {cpu,"tsung_controller_37@Wonko-the-Sane"} 1 0.0 0.0 0 0 0.0 7
stats: session 8 137.86676025390625 3.3041561180833705 224.635009765625 128.763916015625 145.92654239430146 17
stats: users_count 9 26
stats: finish_users_count 8 25
stats: request 8 135.60684204101563 3.284603491822721 222.73291015625 126.7119140625 142.8727309283088 17
stats: connect 8 63.854522705078125 2.865509457992753 153.39794921875 57.304931640625 71.398681640625 17
stats: page 8 135.60684204101563 3.284603491822721 222.73291015625 126.7119140625 142.8727309283088 17
stats: 200 8 25
stats: size_rcv 64 200
stats: newphase 0 1
stats: size_sent 1168 3632
stats: connected 0 0
# stats: dump at 1454347878
stats: users 0 2
stats: {load,"tsung_controller_37@Wonko-the-Sane"} 1 1.95703125 0.0 2.046875 1.4609375 1.6923828125 8
stats: {freemem,"tsung_controller_37@Wonko-the-Sane"} 1 44.015625 0.0 48.2734375 14.37109375 28.76025390625 8
stats: {cpu,"tsung_controller_37@Wonko-the-Sane"} 1 0.0 0.0 0 0 0.0 8
stats: session 9 137.22555881076389 7.987493702168837 224.635009765625 125.64404296875 143.347412109375 25
stats: users_count 8 34
stats: finish_users_count 9 34
stats: request 9 134.90530056423611 7.946209685850294 222.73291015625 123.90087890625 140.547646484375 25
stats: connect 9 64.45222981770833 5.122839531738589 153.39794921875 57.304931640625 68.98455078125 25
stats: page 9 134.90530056423611 7.946209685850294 222.73291015625 123.90087890625 140.547646484375 25
stats: 200 9 34
stats: size_rcv 72 272
stats: newphase 0 1
stats: size_sent 1312 4944
stats: connected 0 0
# stats: dump at 1454347888
stats: users 1 2
stats: {load,"tsung_controller_37@Wonko-the-Sane"} 1 2.1171875 0.0 2.1171875 1.4609375 1.7217881944444444 9
stats: {freemem,"tsung_controller_37@Wonko-the-Sane"} 1 31.015625 0.0 48.2734375 14.37109375 30.45529513888889 9
stats: {cpu,"tsung_controller_37@Wonko-the-Sane"} 1 0.0 0.0 0 0 0.0 9
stats: session 7 136.04840959821428 3.370599657677423 224.635009765625 125.64404296875 141.72692153033088 34
stats: users_count 8 42
stats: finish_users_count 7 41
stats: request 7 133.87709263392858 3.5178283177772296 222.73291015625 123.90087890625 139.05408432904412 34
stats: connect 7 62.174281529017854 2.350149197714166 153.39794921875 57.304931640625 67.78481876148896 34
stats: page 7 133.87709263392858 3.5178283177772296 222.73291015625 123.90087890625 139.05408432904412 34
stats: 200 7 41
stats: size_rcv 56 328
stats: newphase 0 1
stats: size_sent 1040 5984
stats: connected 0 0
# stats: dump at 1454347898
stats: users 0 2
stats: {load,"tsung_controller_37@Wonko-the-Sane"} 1 1.87109375 0.0 2.1171875 1.4609375 1.761328125 10
stats: {freemem,"tsung_controller_37@Wonko-the-Sane"} 1 40.296875 0.0 48.2734375 14.37109375 30.511328125 10
stats: {cpu,"tsung_controller_37@Wonko-the-Sane"} 1 0.0 0.0 0 0 0.0 10
stats: session 11 139.0189541903409 14.242501603755114 224.635009765625 125.64404296875 140.75741949314025 41
stats: users_count 10 52
stats: finish_users_count 11 52
stats: request 11 136.8584872159091 14.30802786365532 222.73291015625 123.90087890625 138.17020769817074 41
stats: connect 11 63.006103515625 2.107257527743815 153.39794921875 57.304931640625 66.82692216082317 41
stats: page 11 136.8584872159091 14.30802786365532 222.73291015625 123.90087890625 138.17020769817074 41
stats: 200 11 52
stats: size_rcv 88 416
stats: newphase 0 1
stats: size_sent 1584 7568
stats: connected 0 0
# stats: dump at 1454347908
stats: users 0 2
stats: {load,"tsung_controller_37@Wonko-the-Sane"} 1 1.890625 0.0 2.1171875 1.4609375 1.7713068181818181 11
stats: {freemem,"tsung_controller_37@Wonko-the-Sane"} 1 34.484375 0.0 48.2734375 14.37109375 31.400923295454547 11
stats: {cpu,"tsung_controller_37@Wonko-the-Sane"} 1 0.0 0.0 0 0 0.0 11
stats: session 9 145.95770941840277 9.189382623162388 224.635009765625 125.64404296875 140.38966721754807 52
stats: users_count 9 61
stats: finish_users_count 9 61
stats: request 9 143.8330078125 9.153525372757585 222.73291015625 123.90087890625 137.8927283653846 52
stats: connect 9 66.73543294270833 4.691800642556809 153.39794921875 57.304931640625 66.01867206280048 52
stats: page 9 143.8330078125 9.153525372757585 222.73291015625 123.90087890625 137.8927283653846 52
stats: 200 9 61
stats: size_rcv 72 488
stats: newphase 0 1
stats: size_sent 1312 8880
stats: connected 0 0
# stats: dump at 1454347918
stats: users 0 2
stats: {load,"tsung_controller_37@Wonko-the-Sane"} 1 1.75390625 0.0 2.1171875 1.4609375 1.78125 12
stats: {freemem,"tsung_controller_37@Wonko-the-Sane"} 1 37.953125 0.0 48.2734375 14.37109375 31.657877604166668 12
stats: {cpu,"tsung_controller_37@Wonko-the-Sane"} 1 0.0 0.0 0 0 0.0 12
stats: session 15 140.53230794270834 12.279111394055569 224.635009765625 125.64404296875 141.211181640625 61
stats: users_count 15 76
stats: finish_users_count 15 76
stats: request 14 138.91659109933033 12.808022847499403 222.73291015625 123.90087890625 138.76916303790983 61
stats: connect 14 63.195469447544646 4.990997189268943 153.39794921875 57.304931640625 66.12442366803279 61
stats: page 14 138.91659109933033 12.808022847499403 222.73291015625 123.90087890625 138.76916303790983 61
stats: 200 14 75
stats: size_rcv 112 600
stats: newphase 0 1
stats: size_sent 2032 10912
stats: connected 0 0
# stats: dump at 1454347928
stats: users 0 2
stats: {load,"tsung_controller_37@Wonko-the-Sane"} 1 1.796875 0.0 2.1171875 1.4609375 1.7791466346153846 13
stats: {freemem,"tsung_controller_37@Wonko-the-Sane"} 1 30.57421875 0.0 48.2734375 14.37109375 32.14212740384615 13
stats: {cpu,"tsung_controller_37@Wonko-the-Sane"} 1 0.0 0.0 0 0 0.0 13
stats: session 9 137.73955620659723 6.162481362009413 224.635009765625 125.64404296875 141.07719341077302 76
stats: users_count 9 85
stats: finish_users_count 9 85
stats: request 10 135.3782958984375 6.0447849606984 222.73291015625 123.90087890625 138.79668294270834 75
stats: connect 10 63.6178466796875 3.797249873693435 153.39794921875 57.304931640625 65.577685546875 75
stats: page 10 135.3782958984375 6.0447849606984 222.73291015625 123.90087890625 138.79668294270834 75
stats: 200 10 85
stats: size_rcv 80 680
stats: newphase 0 1
stats: size_sent 1464 12376
stats: connected 0 0
# stats: dump at 1454347938
stats: users 1 2
stats: {load,"tsung_controller_37@Wonko-the-Sane"} 1 1.74609375 0.0 2.1171875 1.4609375 1.7804129464285714 14
stats: {freemem,"tsung_controller_37@Wonko-the-Sane"} 1 33.3671875 0.0 48.2734375 14.37109375 32.03013392857143 14
stats: {cpu,"tsung_controller_37@Wonko-the-Sane"} 1 0.0 0.0 0 0 0.0 14
stats: session 15 141.98434244791667 11.321761259632577 224.635009765625 125.64404296875 140.72379653033087 85
stats: users_count 16 101
stats: finish_users_count 15 100
stats: request 15 139.926025390625 11.331500516094096 222.73291015625 123.90087890625 138.39451976102941 85
stats: connect 15 66.702685546875 8.105711904630464 153.39794921875 57.239013671875 65.34711626838235 85
stats: page 15 139.926025390625 11.331500516094096 222.73291015625 123.90087890625 138.39451976102941 85
stats: 200 15 100
stats: size_rcv 120 800
stats: newphase 0 1
stats: size_sent 2184 14560
stats: connected 0 0
# stats: dump at 1454347948
stats: users 0 2
stats: {load,"tsung_controller_37@Wonko-the-Sane"} 1 1.8671875 0.0 2.1171875 1.4609375 1.778125 15
stats: {freemem,"tsung_controller_37@Wonko-the-Sane"} 1 31.0234375 0.0 48.2734375 14.37109375 32.11927083333333 15
stats: {cpu,"tsung_controller_37@Wonko-the-Sane"} 1 0.0 0.0 0 0 0.0 15
stats: session 12 234.9260050455729 104.66901743240462 478.43408203125 125.64404296875 140.91287841796876 100
stats: users_count 11 112
stats: finish_users_count 12 112
stats: request 11 241.75818980823863 104.99362440318568 476.429931640625 123.90087890625 138.62424560546876 100
stats: connect 12 63.15771484375 2.3416288844270006 153.39794921875 57.239013671875 65.55045166015626 100
stats: page 11 241.75818980823863 104.99362440318568 476.429931640625 123.90087890625 138.62424560546876 100
stats: 200 11 111
stats: size_rcv 88 888
stats: newphase 0 1
stats: size_sent 1744 16304
stats: connected 1 1
# stats: dump at 1454347958
stats: users 0 2
stats: {load,"tsung_controller_37@Wonko-the-Sane"} 1 1.73046875 0.0 2.1171875 1.4609375 1.78369140625 16
stats: {freemem,"tsung_controller_37@Wonko-the-Sane"} 1 36.09375 0.0 48.2734375 14.37109375 32.05078125 16
stats: {cpu,"tsung_controller_37@Wonko-the-Sane"} 1 0.0 0.0 0 0 0.0 16
stats: session 3 173.77237955729166 51.940613871856534 478.43408203125 125.64404296875 150.9857134137835 112
stats: users_count 3 115
stats: finish_users_count 3 115
stats: request 4 162.862060546875 47.76904876119691 476.429931640625 123.90087890625 148.8447265625 111
stats: connect 3 65.35970052083333 0.5913575923270137 153.39794921875 57.239013671875 65.29408700125559 112
stats: page 4 162.862060546875 47.76904876119691 476.429931640625 123.90087890625 148.8447265625 111
stats: 200 4 115
stats: size_rcv 32 920
stats: newphase 0 1
stats: size_sent 440 16744
stats: connected -1 0
# stats: dump at 1454347968
stats: users 0 2
stats: {load,"tsung_controller_37@Wonko-the-Sane"} 1 1.54296875 0.0 2.1171875 1.4609375 1.7805606617647058 17
stats: {freemem,"tsung_controller_37@Wonko-the-Sane"} 1 33.74609375 0.0 48.2734375 14.37109375 32.28860294117647 17
stats: {cpu,"tsung_controller_37@Wonko-the-Sane"} 1 0.0 0.0 0 0 0.0 17
stats: session 0 0 0 478.43408203125 125.64404296875 151.58014818274455 115
stats: users_count 0 115
stats: finish_users_count 0 115
stats: request 0 0 0 476.429931640625 123.90087890625 149.33228600543478 115
stats: connect 0 0 0 153.39794921875 57.239013671875 65.29579865828805 115
stats: page 0 0 0 476.429931640625 123.90087890625 149.33228600543478 115
stats: 200 0 115
stats: size_rcv 0 920
stats: newphase 0 1
stats: size_sent 0 16744
stats: connected 0 0
# stats: dump at 1454347978
stats: users 0 5
stats: {load,"tsung_controller_37@Wonko-the-Sane"} 1 1.5390625 0.0 2.1171875 1.4609375 1.7673611111111112 18
stats: {freemem,"tsung_controller_37@Wonko-the-Sane"} 1 34.83984375 0.0 48.2734375 14.37109375 32.36957465277778 18
stats: {cpu,"tsung_controller_37@Wonko-the-Sane"} 1 0.0 0.0 0 0 0.0 18
stats: session 62 139.37008962323588 9.681013457613037 478.43408203125 125.64404296875 151.58014818274455 115
stats: users_count 62 177
stats: finish_users_count 62 177
stats: request 53 135.89783405807788 7.257390217083618 476.429931640625 123.90087890625 149.33228600543478 115
stats: connect 53 63.16731463738208 5.48915440145735 153.39794921875 56.965087890625 65.29579865828805 115
stats: page 53 135.89783405807788 7.257390217083618 476.429931640625 123.90087890625 149.33228600543478 115
stats: 200 53 168
stats: size_rcv 424 1344
stats: newphase 1 2
stats: size_sent 7728 24472
stats: connected 0 0
# stats: dump at 1454347988
stats: users 0 5
stats: {load,"tsung_controller_37@Wonko-the-Sane"} 1 1.609375 0.0 2.1171875 1.4609375 1.755345394736842 19
stats: {freemem,"tsung_controller_37@Wonko-the-Sane"} 1 30.27734375 0.0 48.2734375 14.37109375 32.49958881578947 19
stats: {cpu,"tsung_controller_37@Wonko-the-Sane"} 1 0.0 0.0 0 0 0.0 19
stats: session 38 139.80678196957237 13.457816475034807 478.43408203125 125.64404296875 147.30317851783192 177
stats: users_count 38 215
stats: finish_users_count 38 215
stats: request 47 139.16648832280586 14.415770845777972 476.429931640625 123.90087890625 145.0940362839472 168
stats: connect 47 64.6193224318484 8.850478971183396 153.39794921875 56.72607421875 64.62431262788319 168
stats: page 47 139.16648832280586 14.415770845777972 476.429931640625 123.90087890625 145.0940362839472 168
stats: 200 47 215
stats: size_rcv 376 1720
stats: newphase 0 2
stats: size_sent 6840 31312
stats: connected 0 0
EndMonitor:{1454,347988,187163}
