# stats: dump at 1454448070
stats: users 0 1
stats: {cpu,"tsung_controller_48@Wonko-the-Sane"} 1 0 0 0 0 0 0
stats: {load,"tsung_controller_48@Wonko-the-Sane"} 1 1.83203125 0 1.83203125 1.83203125 0 0
stats: {freemem,"tsung_controller_48@Wonko-the-Sane"} 1 26.765625 0 26.765625 26.765625 0 0
stats: session 4 157.21124267578125 29.024589259717974 206.7880859375 133.10400390625 0 0
stats: users_count 4 4
stats: finish_users_count 4 4
stats: request 3 157.882080078125 21.61974885152573 188.3701171875 140.64306640625 0 0
stats: connect 4 74.42095947265625 17.75895131372398 104.949951171875 61.463134765625 0 0
stats: page 3 157.882080078125 21.61974885152573 188.3701171875 140.64306640625 0 0
stats: 200 3 3
stats: size_rcv 24 24
stats: size_sent 576 576
stats: connected 1 1
# stats: dump at 1454448080
stats: users 0 1
stats: {cpu,"tsung_controller_48@Wonko-the-Sane"} 1 0.0 0.0 0 0 0.0 1
stats: {load,"tsung_controller_48@Wonko-the-Sane"} 1 1.85546875 0.0 1.85546875 1.83203125 1.83203125 1
stats: {freemem,"tsung_controller_48@Wonko-the-Sane"} 1 22.60546875 0.0 26.765625 22.60546875 26.765625 1
stats: session 2 152.72802734375 16.40087890625 206.7880859375 133.10400390625 157.21124267578125 4
stats: users_count 2 6
stats: finish_users_count 2 6
stats: request 3 144.177734375 15.73443630904849 188.3701171875 131.315185546875 157.882080078125 3
stats: connect 2 79.2100830078125 16.0809326171875 104.949951171875 61.463134765625 74.42095947265625 4
stats: page 3 144.177734375 15.73443630904849 188.3701171875 131.315185546875 157.882080078125 3
stats: 200 3 6
stats: size_rcv 24 48
stats: size_sent 288 864
stats: connected -1 0
# stats: dump at 1454448090
stats: users 0 1
stats: {cpu,"tsung_controller_48@Wonko-the-Sane"} 1 0.0 0.0 0 0 0.0 2
stats: {load,"tsung_controller_48@Wonko-the-Sane"} 1 1.71875 0.0 1.85546875 1.71875 1.84375 2
stats: {freemem,"tsung_controller_48@Wonko-the-Sane"} 1 31.546875 0.0 31.546875 22.60546875 24.685546875 2
stats: session 3 132.93839518229166 5.844669937147012 206.7880859375 125.49609375 155.71683756510416 6
stats: users_count 3 9
stats: finish_users_count 3 9
stats: request 3 130.927001953125 5.913917207129982 188.3701171875 123.426025390625 151.0299072265625 6
stats: connect 3 63.601888020833336 3.3238783255009388 104.949951171875 59.0908203125 76.017333984375 6
stats: page 3 130.927001953125 5.913917207129982 188.3701171875 123.426025390625 151.0299072265625 6
stats: 200 3 9
stats: size_rcv 24 72
stats: size_sent 432 1296
stats: connected 0 0
# stats: dump at 1454448100
stats: users 0 1
stats: {cpu,"tsung_controller_48@Wonko-the-Sane"} 1 0.0 0.0 0 0 0.0 3
stats: {load,"tsung_controller_48@Wonko-the-Sane"} 1 1.76171875 0.0 1.85546875 1.71875 1.8020833333333333 3
stats: {freemem,"tsung_controller_48@Wonko-the-Sane"} 1 28.21875 0.0 31.546875 22.60546875 26.97265625 3
stats: session 2 136.494873046875 2.626953125 206.7880859375 125.49609375 148.1240234375 9
stats: users_count 2 11
stats: finish_users_count 2 11
stats: request 2 134.4454345703125 2.6314697265625 188.3701171875 123.426025390625 144.32893880208334 9
stats: connect 2 61.1044921875 0.929443359375 104.949951171875 59.0908203125 71.87885199652777 9
stats: page 2 134.4454345703125 2.6314697265625 188.3701171875 123.426025390625 144.32893880208334 9
stats: 200 2 11
stats: size_rcv 16 88
stats: size_sent 296 1592
stats: connected 0 0
# stats: dump at 1454448110
stats: users 0 1
stats: {cpu,"tsung_controller_48@Wonko-the-Sane"} 1 0.0 0.0 0 0 0.0 4
stats: {load,"tsung_controller_48@Wonko-the-Sane"} 1 1.875 0.0 1.875 1.71875 1.7919921875 4
stats: {freemem,"tsung_controller_48@Wonko-the-Sane"} 1 30.83203125 0.0 31.546875 22.60546875 27.2841796875 4
stats: session 3 132.88020833333334 0.9742783005566045 206.7880859375 125.49609375 146.00963245738637 11
stats: users_count 3 14
stats: finish_users_count 3 14
stats: request 3 130.577392578125 0.9670819103181738 188.3701171875 123.426025390625 142.53193803267047 11
stats: connect 3 63.250732421875 1.3248416182188212 104.949951171875 59.0908203125 69.91987748579545 11
stats: page 3 130.577392578125 0.9670819103181738 188.3701171875 123.426025390625 142.53193803267047 11
stats: 200 3 14
stats: size_rcv 24 112
stats: size_sent 440 2032
stats: connected 0 0
# stats: dump at 1454448120
stats: users 0 1
stats: {cpu,"tsung_controller_48@Wonko-the-Sane"} 1 0.0 0.0 0 0 0.0 5
stats: {load,"tsung_controller_48@Wonko-the-Sane"} 1 1.96875 0.0 1.96875 1.71875 1.80859375 5
stats: {freemem,"tsung_controller_48@Wonko-the-Sane"} 1 22.01171875 0.0 31.546875 22.01171875 27.99375 5
stats: session 1 129.26513671875 0.0 206.7880859375 125.49609375 143.19618443080358 14
stats: users_count 1 15
stats: finish_users_count 1 15
stats: request 1 127.80810546875 0.0 188.3701171875 123.426025390625 139.97024972098217 14
stats: connect 1 61.205078125 0.0 104.949951171875 59.0908203125 68.49077497209821 14
stats: page 1 127.80810546875 0.0 188.3701171875 123.426025390625 139.97024972098217 14
stats: 200 1 15
stats: size_rcv 8 120
stats: size_sent 144 2176
stats: connected 0 0
# stats: dump at 1454448130
stats: users 0 1
stats: {cpu,"tsung_controller_48@Wonko-the-Sane"} 1 0.0 0.0 0 0 0.0 6
stats: {load,"tsung_controller_48@Wonko-the-Sane"} 1 1.97265625 0.0 1.97265625 1.71875 1.8352864583333333 6
stats: {freemem,"tsung_controller_48@Wonko-the-Sane"} 1 28.1875 0.0 31.546875 22.01171875 26.996744791666668 6
stats: session 3 147.64729817708334 22.01411135815491 206.7880859375 125.49609375 142.26744791666667 15
stats: users_count 3 18
stats: finish_users_count 3 18
stats: request 3 145.68302408854166 21.983046615884007 188.3701171875 123.426025390625 139.1594401041667 15
stats: connect 3 79.83504231770833 22.990160835005973 112.259033203125 59.0908203125 68.00506184895832 15
stats: page 3 145.68302408854166 21.983046615884007 188.3701171875 123.426025390625 139.1594401041667 15
stats: 200 3 18
stats: size_rcv 24 144
stats: newphase 1 1
stats: size_sent 432 2608
stats: connected 0 0
# stats: dump at 1454448140
stats: users 0 2
stats: {cpu,"tsung_controller_48@Wonko-the-Sane"} 1 0.0 0.0 0 0 0.0 7
stats: {load,"tsung_controller_48@Wonko-the-Sane"} 1 1.96875 0.0 1.97265625 1.71875 1.8549107142857142 7
stats: {freemem,"tsung_controller_48@Wonko-the-Sane"} 1 34.66015625 0.0 34.66015625 22.01171875 27.166852678571427 7
stats: session 13 135.98961463341345 7.308734849065901 206.7880859375 125.49609375 143.16408962673611 18
stats: users_count 13 31
stats: finish_users_count 13 31
stats: request 12 134.00274658203125 7.527441894918833 188.3701171875 123.426025390625 140.24670410156253 18
stats: connect 12 60.820780436197914 2.568852315108661 112.259033203125 57.723876953125 69.97672526041666 18
stats: page 12 134.00274658203125 7.527441894918833 188.3701171875 123.426025390625 140.24670410156253 18
stats: 200 12 30
stats: size_rcv 96 240
stats: newphase 0 1
stats: size_sent 1760 4368
stats: connected 0 0
# stats: dump at 1454448150
stats: users 0 2
stats: {cpu,"tsung_controller_48@Wonko-the-Sane"} 1 0.0 0.0 0 0 0.0 8
stats: {load,"tsung_controller_48@Wonko-the-Sane"} 1 1.97265625 0.0 1.97265625 1.71875 1.869140625 8
stats: {freemem,"tsung_controller_48@Wonko-the-Sane"} 1 21.96484375 0.0 34.66015625 21.96484375 28.103515625 8
stats: session 12 163.0594278971354 23.616099361131614 206.7880859375 125.49609375 140.15543882308467 31
stats: users_count 12 43
stats: finish_users_count 12 43
stats: request 12 160.6376749674479 23.776428845633248 199.450927734375 123.426025390625 137.74912109375 30
stats: connect 12 75.28383382161458 13.05549639411094 112.259033203125 57.47119140625 66.31434733072916 30
stats: page 12 160.6376749674479 23.776428845633248 199.450927734375 123.426025390625 137.74912109375 30
stats: 200 12 42
stats: size_rcv 96 336
stats: newphase 0 1
stats: size_sent 1760 6128
stats: connected 0 0
# stats: dump at 1454448160
stats: users 0 2
stats: {cpu,"tsung_controller_48@Wonko-the-Sane"} 1 0.0 0.0 0 0 0.0 9
stats: {load,"tsung_controller_48@Wonko-the-Sane"} 1 1.984375 0.0 1.984375 1.71875 1.8806423611111112 9
stats: {freemem,"tsung_controller_48@Wonko-the-Sane"} 1 27.76171875 0.0 34.66015625 21.96484375 27.42144097222222 9
stats: session 9 133.18353949652777 5.337403962739894 206.7880859375 125.49609375 146.54724972747093 43
stats: users_count 9 52
stats: finish_users_count 9 52
stats: request 10 131.3813232421875 5.172173165257754 199.450927734375 123.426025390625 144.28870791480654 42
stats: connect 10 61.97646484375 2.268318217675855 112.259033203125 57.47119140625 68.87705775669643 42
stats: page 10 131.3813232421875 5.172173165257754 199.450927734375 123.426025390625 144.28870791480654 42
stats: 200 10 52
stats: size_rcv 80 416
stats: newphase 0 1
stats: size_sent 1440 7568
stats: connected 0 0
# stats: dump at 1454448170
stats: users 0 2
stats: {cpu,"tsung_controller_48@Wonko-the-Sane"} 1 0.0 0.0 0 0 0.0 10
stats: {load,"tsung_controller_48@Wonko-the-Sane"} 1 1.83203125 0.0 1.984375 1.71875 1.891015625 10
stats: {freemem,"tsung_controller_48@Wonko-the-Sane"} 1 26.27734375 0.0 34.66015625 21.96484375 27.45546875 10
stats: session 11 171.67697975852272 113.71924459699893 530.821044921875 125.49609375 144.23429987980768 52
stats: users_count 11 63
stats: finish_users_count 11 63
stats: request 11 169.60413707386363 113.57623754031178 528.2919921875 123.426025390625 141.8065185546875 52
stats: connect 11 64.57763671875 3.1217935897094637 112.259033203125 57.47119140625 67.55002065805289 52
stats: page 11 169.60413707386363 113.57623754031178 528.2919921875 123.426025390625 141.8065185546875 52
stats: 200 11 63
stats: size_rcv 88 504
stats: newphase 0 1
stats: size_sent 1608 9176
stats: connected 0 0
# stats: dump at 1454448180
stats: users 0 2
stats: {cpu,"tsung_controller_48@Wonko-the-Sane"} 1 0.0 0.0 0 0 0.0 11
stats: {load,"tsung_controller_48@Wonko-the-Sane"} 1 1.9375 0.0 1.984375 1.71875 1.8856534090909092 11
stats: {freemem,"tsung_controller_48@Wonko-the-Sane"} 1 34.20703125 0.0 34.66015625 21.96484375 27.348366477272727 11
stats: session 10 175.6187744140625 111.44221257143349 530.821044921875 125.49609375 149.02587890625 63
stats: users_count 10 73
stats: finish_users_count 10 73
stats: request 10 173.507080078125 111.32296889069406 528.2919921875 123.426025390625 146.66007099454364 63
stats: connect 10 65.1544921875 6.039972720621414 112.259033203125 57.47119140625 67.03103298611111 63
stats: page 10 173.507080078125 111.32296889069406 528.2919921875 123.426025390625 146.66007099454364 63
stats: 200 10 73
stats: size_rcv 80 584
stats: newphase 0 1
stats: size_sent 1448 10624
stats: connected 0 0
# stats: dump at 1454448190
stats: users 0 2
stats: {cpu,"tsung_controller_48@Wonko-the-Sane"} 1 0.0 0.0 0 0 0.0 12
stats: {load,"tsung_controller_48@Wonko-the-Sane"} 1 1.87109375 0.0 1.984375 1.71875 1.8899739583333333 12
stats: {freemem,"tsung_controller_48@Wonko-the-Sane"} 1 35.06640625 0.0 35.06640625 21.96484375 27.919921875 12
stats: session 8 141.37164306640625 6.814847962335406 530.821044921875 125.49609375 152.6687413045805 73
stats: users_count 8 81
stats: finish_users_count 8 81
stats: request 7 140.81417410714286 6.0056527414658065 528.2919921875 123.426025390625 150.33774347174656 73
stats: connect 7 65.77828543526786 6.450374994313974 112.259033203125 57.47119140625 66.77397260273973 73
stats: page 7 140.81417410714286 6.0056527414658065 528.2919921875 123.426025390625 150.33774347174656 73
stats: 200 7 80
stats: size_rcv 56 640
stats: newphase 0 1
stats: size_sent 1016 11640
stats: connected 0 0
# stats: dump at 1454448200
stats: users 0 2
stats: {cpu,"tsung_controller_48@Wonko-the-Sane"} 1 0.0 0.0 0 0 0.0 13
stats: {load,"tsung_controller_48@Wonko-the-Sane"} 1 1.890625 0.0 1.984375 1.71875 1.8885216346153846 13
stats: {freemem,"tsung_controller_48@Wonko-the-Sane"} 1 16.4609375 0.0 35.06640625 16.4609375 28.469651442307693 13
stats: session 15 136.27294921875 13.256822980805325 530.821044921875 123.990966796875 151.55297851562503 81
stats: users_count 15 96
stats: finish_users_count 15 96
stats: request 15 133.85997721354164 13.429915847558075 528.2919921875 121.386962890625 149.50443115234376 80
stats: connect 16 62.67243957519531 3.0287059275400026 112.259033203125 57.47119140625 66.68684997558594 80
stats: page 15 133.85997721354164 13.429915847558075 528.2919921875 121.386962890625 149.50443115234376 80
stats: 200 15 95
stats: size_rcv 120 760
stats: newphase 0 1
stats: size_sent 2328 13968
stats: connected 1 1
# stats: dump at 1454448210
stats: users 0 2
stats: {cpu,"tsung_controller_48@Wonko-the-Sane"} 1 0.0 0.0 0 0 0.0 14
stats: {load,"tsung_controller_48@Wonko-the-Sane"} 1 1.828125 0.0 1.984375 1.71875 1.888671875 14
stats: {freemem,"tsung_controller_48@Wonko-the-Sane"} 1 23.78515625 0.0 35.06640625 16.4609375 27.611886160714285 14
stats: session 8 141.68203735351563 5.331695906517886 530.821044921875 123.990966796875 149.1654739379883 96
stats: users_count 8 104
stats: finish_users_count 8 104
stats: request 9 139.33610026041666 5.169108839083123 528.2919921875 121.386962890625 147.03425421463817 95
stats: connect 8 67.23062133789063 5.212389521973897 112.259033203125 57.47119140625 66.01778157552083 96
stats: page 9 139.33610026041666 5.169108839083123 528.2919921875 121.386962890625 147.03425421463817 95
stats: 200 9 104
stats: size_rcv 72 832
stats: newphase 0 1
stats: size_sent 1176 15144
stats: connected -1 0
# stats: dump at 1454448220
stats: users 0 2
stats: {cpu,"tsung_controller_48@Wonko-the-Sane"} 1 0.0 0.0 0 0 0.0 15
stats: {load,"tsung_controller_48@Wonko-the-Sane"} 1 1.8515625 0.0 1.984375 1.71875 1.8846354166666666 15
stats: {freemem,"tsung_controller_48@Wonko-the-Sane"} 1 47.05078125 0.0 47.05078125 16.4609375 27.356770833333332 15
stats: session 11 142.2971857244318 19.170120517100163 530.821044921875 122.649169921875 148.58982496995196 104
stats: users_count 11 115
stats: finish_users_count 11 115
stats: request 11 140.21823952414772 19.120476431534367 528.2919921875 120.679931640625 146.3680678147536 104
stats: connect 11 64.23468572443181 3.935785296034127 112.259033203125 57.47119140625 66.11107694185696 104
stats: page 11 140.21823952414772 19.120476431534367 528.2919921875 120.679931640625 146.3680678147536 104
stats: 200 11 115
stats: size_rcv 88 920
stats: newphase 0 1
stats: size_sent 1600 16744
stats: connected 0 0
# stats: dump at 1454448230
stats: users 0 2
stats: {cpu,"tsung_controller_48@Wonko-the-Sane"} 1 0.0 0.0 0 0 0.0 16
stats: {load,"tsung_controller_48@Wonko-the-Sane"} 1 1.875 0.0 1.984375 1.71875 1.882568359375 16
stats: {freemem,"tsung_controller_48@Wonko-the-Sane"} 1 46.63671875 0.0 47.05078125 16.4609375 28.587646484375 16
stats: session 0 0 0 530.821044921875 122.649169921875 147.98792034646743 115
stats: users_count 0 115
stats: finish_users_count 0 115
stats: request 0 0 0 528.2919921875 120.679931640625 145.7798233695652 115
stats: connect 0 0 0 112.259033203125 57.47119140625 65.9315960427989 115
stats: page 0 0 0 528.2919921875 120.679931640625 145.7798233695652 115
stats: 200 0 115
stats: size_rcv 0 920
stats: newphase 0 1
stats: size_sent 0 16744
stats: connected 0 0
# stats: dump at 1454448240
stats: users 0 2
stats: {cpu,"tsung_controller_48@Wonko-the-Sane"} 1 0.0 0.0 0 0 0.0 17
stats: {load,"tsung_controller_48@Wonko-the-Sane"} 1 1.8203125 0.0 1.984375 1.71875 1.8821231617647058 17
stats: {freemem,"tsung_controller_48@Wonko-the-Sane"} 1 31.26953125 0.0 47.05078125 16.4609375 29.649356617647058 17
stats: session 0 0 0 530.821044921875 122.649169921875 147.98792034646743 115
stats: users_count 0 115
stats: finish_users_count 0 115
stats: request 0 0 0 528.2919921875 120.679931640625 145.7798233695652 115
stats: connect 0 0 0 112.259033203125 57.47119140625 65.9315960427989 115
stats: page 0 0 0 528.2919921875 120.679931640625 145.7798233695652 115
stats: 200 0 115
stats: size_rcv 0 920
stats: newphase 0 1
stats: size_sent 0 16744
stats: connected 0 0
# stats: dump at 1454448250
stats: users 3 5
stats: {cpu,"tsung_controller_48@Wonko-the-Sane"} 1 0.0 0.0 0 0 0.0 18
stats: {load,"tsung_controller_48@Wonko-the-Sane"} 1 1.7734375 0.0 1.984375 1.71875 1.8786892361111112 18
stats: {freemem,"tsung_controller_48@Wonko-the-Sane"} 1 23.69921875 0.0 47.05078125 16.4609375 29.739366319444443 18
stats: session 89 143.284975201896 58.64675583232699 532.9150390625 122.373046875 147.98792034646743 115
stats: users_count 92 207
stats: finish_users_count 89 204
stats: request 83 141.7342102786144 60.67866144983102 530.572021484375 120.679931640625 145.7798233695652 115
stats: connect 85 63.31650103400735 5.375784681148378 112.259033203125 57.114013671875 65.9315960427989 115
stats: page 83 141.7342102786144 60.67866144983102 530.572021484375 120.679931640625 145.7798233695652 115
stats: 200 83 198
stats: size_rcv 664 1584
stats: newphase 1 2
stats: size_sent 12384 29128
stats: connected 2 2
# stats: dump at 1454448257
stats: users 0 5
stats: {cpu,"tsung_controller_48@Wonko-the-Sane"} 1 0.0 0.0 0 0 0.0 19
stats: {load,"tsung_controller_48@Wonko-the-Sane"} 1 1.80859375 0.0 1.984375 1.71875 1.8731496710526316 19
stats: {freemem,"tsung_controller_48@Wonko-the-Sane"} 1 28.27734375 0.0 47.05078125 16.4609375 29.421463815789473 19
stats: session 11 141.51890980113637 18.39456937951293 532.9150390625 122.373046875 145.9361452588848 204
stats: users_count 8 215
stats: finish_users_count 11 215
stats: request 17 137.3756606158088 15.606684263377003 530.572021484375 120.679931640625 144.08393505366158 198
stats: connect 15 68.247900390625 15.924159181396687 123.39892578125 57.114013671875 64.82018066406249 200
stats: page 17 137.3756606158088 15.606684263377003 530.572021484375 120.679931640625 144.08393505366158 198
stats: 200 17 215
stats: size_rcv 136 1720
stats: newphase 0 2
stats: size_sent 2184 31312
stats: connected -2 0
EndMonitor:{1454,448257,391298}
