
=INFO REPORT==== 3-Feb-2016::08:47:33 ===
    ts_config_server:(5:<0.69.0>) Config server started, logdir is "/Library/WebServer/Documents/tsungui-mdm/templates/apirt.synapsys.us-weather/log/20160203-0847"
 
=INFO REPORT==== 3-Feb-2016::08:47:33 ===
              ts_mon:(5:<0.50.0>) starting monitor, global 

=INFO REPORT==== 3-Feb-2016::08:47:33 ===
           ts_config:(5:<0.69.0>) Reading config file: config.xml

=INFO REPORT==== 3-Feb-2016::08:47:33 ===
      ts_config_http:(4:<0.69.0>) Get user agent: 80 "Mozilla/5.0 (X11; U; Linux i686; en-US; rv:1.7.8) Gecko/20050513 Galeon/1.3.21" 

=INFO REPORT==== 3-Feb-2016::08:47:33 ===
      ts_config_http:(4:<0.69.0>) Get user agent: 20 "Mozilla/5.0 (Windows; U; Windows NT 5.2; fr-FR; rv:1.7.8) Gecko/20050511 Firefox/1.0.4" 

=INFO REPORT==== 3-Feb-2016::08:47:33 ===
           ts_config:(5:<0.69.0>) Session name for id 1 is "http-example"

=INFO REPORT==== 3-Feb-2016::08:47:33 ===
    ts_config_server:(4:<0.69.0>) SYSINFO:Tsung version: 1.6.0

=INFO REPORT==== 3-Feb-2016::08:47:33 ===
    ts_config_server:(4:<0.69.0>) SYSINFO:Erlang version: Erlang/OTP 18 [erts-7.1] [source] [64-bit] [smp:4:4] [async-threads:8] [hipe] [kernel-poll:true] [dtrace]


=INFO REPORT==== 3-Feb-2016::08:47:33 ===
    ts_config_server:(4:<0.69.0>) SYSINFO:System architecture x86_64-apple-darwin15.0.0

=INFO REPORT==== 3-Feb-2016::08:47:33 ===
    ts_config_server:(4:<0.69.0>) SYSINFO:Current path: /usr/local/Cellar/tsung/1.6.0/lib/erlang/lib/tsung-1.6.0/ebin/tsung.beam

=INFO REPORT==== 3-Feb-2016::08:47:33 ===
       ts_job_notify:(6:<0.81.0>) No listen port defined, can't open listening socket (don't worry: it's normal if you don't use job notifications) 

=INFO REPORT==== 3-Feb-2016::08:47:33 ===
    ts_os_mon_erlang:(6:<0.90.0>) Running os_mon on the same host as the controller, use the same beam

=INFO REPORT==== 3-Feb-2016::08:47:34 ===
              ts_mon:(5:<0.70.0>) Activate clients with text backend

=INFO REPORT==== 3-Feb-2016::08:47:34 ===
              ts_mon:(5:<0.70.0>) Starting tsung clients on hosts: [localhost]

=INFO REPORT==== 3-Feb-2016::08:47:34 ===
    ts_config_server:(5:<0.69.0>) Start a launcher on the controller beam localhost

=INFO REPORT==== 3-Feb-2016::08:47:34 ===
              ts_sup:(6:<0.118.0>) starting supervisor ...

=INFO REPORT==== 3-Feb-2016::08:47:34 ===
              ts_sup:(6:<0.119.0>) starting
=INFO REPORT==== 3-Feb-2016::08:47:34 ===
          ts_ip_scan:(6:<0.120.0>) Starting 

=INFO REPORT==== 3-Feb-2016::08:47:34 ===
     ts_launcher_mgr:(6:<0.121.0>) starting
=INFO REPORT==== 3-Feb-2016::08:47:34 ===
    ts_session_cache:(6:<0.119.0>) Starting

=INFO REPORT==== 3-Feb-2016::08:47:34 ===
        ts_mon_cache:(6:<0.119.0>) Starting

=INFO REPORT==== 3-Feb-2016::08:47:34 ===
        ts_local_mon:(6:<0.119.0>) Starting

=INFO REPORT==== 3-Feb-2016::08:47:34 ===
    alarm_handler: {set,{system_memory_high_watermark,[]}}

=INFO REPORT==== 3-Feb-2016::08:47:34 ===
       ts_client_sup:(6:<0.125.0>) Starting 

=INFO REPORT==== 3-Feb-2016::08:47:34 ===
  ts_launcher_static:(6:<0.119.0>) starting 

=INFO REPORT==== 3-Feb-2016::08:47:34 ===
         ts_launcher:(6:<0.119.0>) starting 

=WARNING REPORT==== 3-Feb-2016::08:47:34 ===
OS_MON (cpu_sup), util/1 unavailable for this OS

=INFO REPORT==== 3-Feb-2016::08:47:34 ===
    ts_config_server:(6:<0.69.0>) Application started, activate launcher, 

=INFO REPORT==== 3-Feb-2016::08:47:34 ===
  ts_launcher_static:(6:<0.69.0>) starting on node ['tsung_controller_67@Wonko-the-Sane']

=INFO REPORT==== 3-Feb-2016::08:47:34 ===
         ts_launcher:(6:<0.69.0>) starting on node ['tsung_controller_67@Wonko-the-Sane']

=INFO REPORT==== 3-Feb-2016::08:47:34 ===
  ts_launcher_static:(5:<0.126.0>) Launch msg receive ("localhost")

=INFO REPORT==== 3-Feb-2016::08:47:34 ===
         ts_launcher:(5:<0.127.0>) Launch msg receive ("localhost")

=INFO REPORT==== 3-Feb-2016::08:47:34 ===
     ts_launcher_mgr:(6:<0.121.0>) syncing already done, skip

=INFO REPORT==== 3-Feb-2016::08:47:34 ===
    ts_config_server:(5:<0.69.0>) All remote beams started, syncing 

=INFO REPORT==== 3-Feb-2016::08:47:34 ===
              ts_mon:(6:<0.70.0>) A launcher has started

=INFO REPORT==== 3-Feb-2016::08:47:34 ===
    ts_config_server:(5:<0.69.0>) Undefined ports_range config 

=INFO REPORT==== 3-Feb-2016::08:47:34 ===
    ts_config_server:(5:<0.69.0>) New arrival phase 1 for client "localhost" (last ? true): will start 15 users

=INFO REPORT==== 3-Feb-2016::08:47:34 ===
    ts_config_server:(5:<0.69.0>) New arrival phase 2 for client "localhost" (last ? true): will start 100 users

=INFO REPORT==== 3-Feb-2016::08:47:34 ===
    ts_config_server:(5:<0.69.0>) New arrival phase 3 for client "localhost" (last ? true): will start 100 users

=INFO REPORT==== 3-Feb-2016::08:47:34 ===
  ts_launcher_static:(6:<0.126.0>) No static users, stop
=INFO REPORT==== 3-Feb-2016::08:47:34 ===
  ts_launcher_static:(6:<0.126.0>) launcher terminating for reason normal

=INFO REPORT==== 3-Feb-2016::08:47:34 ===
         ts_launcher:(5:<0.127.0>) Expected duration of first phase: 60.0 sec (15 users) 

=INFO REPORT==== 3-Feb-2016::08:47:34 ===
         ts_launcher:(5:<0.127.0>) Can't get file descriptors limit from system, you should verify that 'maxusers' has a good value 
=INFO REPORT==== 3-Feb-2016::08:47:34 ===
         ts_launcher:(5:<0.127.0>) Activate launcher (15 users) in 4510 msec 

=INFO REPORT==== 3-Feb-2016::08:47:38 ===
    ts_config_server:(6:<0.69.0>) Session 1 chosen

=INFO REPORT==== 3-Feb-2016::08:47:38 ===
    ts_config_server:(6:<0.69.0>) Session 1 chosen

=INFO REPORT==== 3-Feb-2016::08:47:40 ===
    ts_config_server:(6:<0.69.0>) Session 1 chosen

=INFO REPORT==== 3-Feb-2016::08:47:42 ===
    ts_config_server:(6:<0.69.0>) Session 1 chosen

=WARNING REPORT==== 3-Feb-2016::08:47:44 ===
OS_MON (cpu_sup), util/1 unavailable for this OS

=INFO REPORT==== 3-Feb-2016::08:47:45 ===
    ts_config_server:(6:<0.69.0>) Session 1 chosen

=INFO REPORT==== 3-Feb-2016::08:47:46 ===
           ts_client:(6:<0.133.0>) (Re)connect from 0.0.0.0:0 to apirt.synapsys.us:80, Error: nxdomain

=INFO REPORT==== 3-Feb-2016::08:47:46 ===
           ts_client:(6:<0.136.0>) (Re)connect from 0.0.0.0:0 to apirt.synapsys.us:80, Error: nxdomain

=INFO REPORT==== 3-Feb-2016::08:47:48 ===
           ts_client:(6:<0.137.0>) (Re)connect from 0.0.0.0:0 to apirt.synapsys.us:80, Error: nxdomain

=INFO REPORT==== 3-Feb-2016::08:47:49 ===
    ts_config_server:(6:<0.69.0>) Session 1 chosen

=INFO REPORT==== 3-Feb-2016::08:47:50 ===
    ts_config_server:(6:<0.69.0>) Session 1 chosen

=INFO REPORT==== 3-Feb-2016::08:47:50 ===
    ts_config_server:(6:<0.69.0>) Session 1 chosen

=INFO REPORT==== 3-Feb-2016::08:47:50 ===
           ts_client:(6:<0.138.0>) (Re)connect from 0.0.0.0:0 to apirt.synapsys.us:80, Error: nxdomain

=INFO REPORT==== 3-Feb-2016::08:47:53 ===
           ts_client:(6:<0.143.0>) (Re)connect from 0.0.0.0:0 to apirt.synapsys.us:80, Error: nxdomain

=WARNING REPORT==== 3-Feb-2016::08:47:54 ===
OS_MON (cpu_sup), util/1 unavailable for this OS

=INFO REPORT==== 3-Feb-2016::08:47:54 ===
           ts_client:(6:<0.133.0>) (Re)connect from 0.0.0.0:0 to apirt.synapsys.us:80, Error: nxdomain

=INFO REPORT==== 3-Feb-2016::08:47:54 ===
           ts_client:(6:<0.136.0>) (Re)connect from 0.0.0.0:0 to apirt.synapsys.us:80, Error: nxdomain

=INFO REPORT==== 3-Feb-2016::08:47:55 ===
    ts_config_server:(6:<0.69.0>) Session 1 chosen

=INFO REPORT==== 3-Feb-2016::08:47:56 ===
           ts_client:(6:<0.137.0>) (Re)connect from 0.0.0.0:0 to apirt.synapsys.us:80, Error: nxdomain

=INFO REPORT==== 3-Feb-2016::08:47:57 ===
           ts_client:(6:<0.144.0>) (Re)connect from 0.0.0.0:0 to apirt.synapsys.us:80, Error: nxdomain

=INFO REPORT==== 3-Feb-2016::08:47:58 ===
           ts_client:(6:<0.145.0>) (Re)connect from 0.0.0.0:0 to apirt.synapsys.us:80, Error: nxdomain

=INFO REPORT==== 3-Feb-2016::08:47:58 ===
           ts_client:(6:<0.146.0>) (Re)connect from 0.0.0.0:0 to apirt.synapsys.us:80, Error: nxdomain

=INFO REPORT==== 3-Feb-2016::08:47:58 ===
           ts_client:(6:<0.138.0>) (Re)connect from 0.0.0.0:0 to apirt.synapsys.us:80, Error: nxdomain

=INFO REPORT==== 3-Feb-2016::08:48:01 ===
           ts_client:(6:<0.143.0>) (Re)connect from 0.0.0.0:0 to apirt.synapsys.us:80, Error: nxdomain

=INFO REPORT==== 3-Feb-2016::08:48:01 ===
    ts_config_server:(6:<0.69.0>) Session 1 chosen

=INFO REPORT==== 3-Feb-2016::08:48:02 ===
           ts_client:(6:<0.133.0>) (Re)connect from 0.0.0.0:0 to apirt.synapsys.us:80, Error: nxdomain

=INFO REPORT==== 3-Feb-2016::08:48:02 ===
    ts_config_server:(6:<0.69.0>) Session 1 chosen

=INFO REPORT==== 3-Feb-2016::08:48:02 ===
           ts_client:(6:<0.136.0>) (Re)connect from 0.0.0.0:0 to apirt.synapsys.us:80, Error: nxdomain

=INFO REPORT==== 3-Feb-2016::08:48:03 ===
    ts_config_server:(6:<0.69.0>) Session 1 chosen

=INFO REPORT==== 3-Feb-2016::08:48:03 ===
    ts_config_server:(6:<0.69.0>) Session 1 chosen

=INFO REPORT==== 3-Feb-2016::08:48:03 ===
           ts_client:(6:<0.151.0>) (Re)connect from 0.0.0.0:0 to apirt.synapsys.us:80, Error: nxdomain

=INFO REPORT==== 3-Feb-2016::08:48:04 ===
           ts_client:(6:<0.137.0>) (Re)connect from 0.0.0.0:0 to apirt.synapsys.us:80, Error: nxdomain

=WARNING REPORT==== 3-Feb-2016::08:48:04 ===
OS_MON (cpu_sup), util/1 unavailable for this OS

=INFO REPORT==== 3-Feb-2016::08:48:05 ===
           ts_client:(6:<0.144.0>) (Re)connect from 0.0.0.0:0 to apirt.synapsys.us:80, Error: nxdomain

=INFO REPORT==== 3-Feb-2016::08:48:06 ===
           ts_client:(6:<0.145.0>) (Re)connect from 0.0.0.0:0 to apirt.synapsys.us:80, Error: nxdomain

=INFO REPORT==== 3-Feb-2016::08:48:06 ===
           ts_client:(6:<0.146.0>) (Re)connect from 0.0.0.0:0 to apirt.synapsys.us:80, Error: nxdomain

=INFO REPORT==== 3-Feb-2016::08:48:06 ===
           ts_client:(6:<0.138.0>) (Re)connect from 0.0.0.0:0 to apirt.synapsys.us:80, Error: nxdomain

=INFO REPORT==== 3-Feb-2016::08:48:08 ===
           ts_client:(6:<0.138.0>) (Re)connect from 0.0.0.0:0 to apirt.synapsys.us:80, Error: nxdomain

=INFO REPORT==== 3-Feb-2016::08:48:08 ===
           ts_client:(6:<0.145.0>) (Re)connect from 0.0.0.0:0 to apirt.synapsys.us:80, Error: nxdomain

=INFO REPORT==== 3-Feb-2016::08:48:08 ===
           ts_client:(6:<0.144.0>) (Re)connect from 0.0.0.0:0 to apirt.synapsys.us:80, Error: nxdomain

=INFO REPORT==== 3-Feb-2016::08:48:08 ===
           ts_client:(6:<0.146.0>) (Re)connect from 0.0.0.0:0 to apirt.synapsys.us:80, Error: nxdomain

=INFO REPORT==== 3-Feb-2016::08:48:08 ===
           ts_client:(6:<0.137.0>) (Re)connect from 0.0.0.0:0 to apirt.synapsys.us:80, Error: nxdomain

=INFO REPORT==== 3-Feb-2016::08:48:08 ===
           ts_client:(6:<0.143.0>) (Re)connect from 0.0.0.0:0 to apirt.synapsys.us:80, Error: nxdomain

=INFO REPORT==== 3-Feb-2016::08:48:08 ===
           ts_client:(6:<0.151.0>) (Re)connect from 0.0.0.0:0 to apirt.synapsys.us:80, Error: nxdomain

=INFO REPORT==== 3-Feb-2016::08:48:08 ===
           ts_client:(6:<0.155.0>) (Re)connect from 0.0.0.0:0 to apirt.synapsys.us:80, Error: nxdomain

=INFO REPORT==== 3-Feb-2016::08:48:08 ===
           ts_client:(6:<0.154.0>) (Re)connect from 0.0.0.0:0 to apirt.synapsys.us:80, Error: nxdomain

=INFO REPORT==== 3-Feb-2016::08:48:08 ===
           ts_client:(6:<0.136.0>) (Re)connect from 0.0.0.0:0 to apirt.synapsys.us:80, Error: nxdomain

=INFO REPORT==== 3-Feb-2016::08:48:08 ===
           ts_client:(6:<0.153.0>) (Re)connect from 0.0.0.0:0 to apirt.synapsys.us:80, Error: nxdomain

=INFO REPORT==== 3-Feb-2016::08:48:08 ===
           ts_client:(6:<0.133.0>) (Re)connect from 0.0.0.0:0 to apirt.synapsys.us:80, Error: nxdomain

=INFO REPORT==== 3-Feb-2016::08:48:08 ===
           ts_client:(6:<0.152.0>) (Re)connect from 0.0.0.0:0 to apirt.synapsys.us:80, Error: nxdomain

=INFO REPORT==== 3-Feb-2016::08:48:11 ===
           ts_client:(6:<0.145.0>) Session ending 

=INFO REPORT==== 3-Feb-2016::08:48:11 ===
           ts_client:(6:<0.151.0>) Session ending 

=INFO REPORT==== 3-Feb-2016::08:48:11 ===
           ts_client:(6:<0.144.0>) Session ending 

=INFO REPORT==== 3-Feb-2016::08:48:11 ===
           ts_client:(6:<0.154.0>) Session ending 

=INFO REPORT==== 3-Feb-2016::08:48:11 ===
           ts_client:(6:<0.143.0>) Session ending 

=INFO REPORT==== 3-Feb-2016::08:48:11 ===
           ts_client:(6:<0.153.0>) Session ending 

=INFO REPORT==== 3-Feb-2016::08:48:11 ===
           ts_client:(6:<0.155.0>) Session ending 

=INFO REPORT==== 3-Feb-2016::08:48:11 ===
           ts_client:(6:<0.146.0>) Session ending 

=INFO REPORT==== 3-Feb-2016::08:48:11 ===
           ts_client:(6:<0.152.0>) Session ending 

=INFO REPORT==== 3-Feb-2016::08:48:14 ===
    ts_config_server:(6:<0.69.0>) Session 1 chosen

=WARNING REPORT==== 3-Feb-2016::08:48:14 ===
OS_MON (cpu_sup), util/1 unavailable for this OS

=INFO REPORT==== 3-Feb-2016::08:48:15 ===
           ts_client:(6:<0.161.0>) Session ending 

=INFO REPORT==== 3-Feb-2016::08:48:17 ===
    ts_config_server:(6:<0.69.0>) Session 1 chosen

=INFO REPORT==== 3-Feb-2016::08:48:17 ===
         ts_launcher:(4:<0.127.0>) Need to wait 21.052 sec before changing phase, going to sleep

=INFO REPORT==== 3-Feb-2016::08:48:21 ===
           ts_client:(6:<0.165.0>) Session ending 

=WARNING REPORT==== 3-Feb-2016::08:48:24 ===
OS_MON (cpu_sup), util/1 unavailable for this OS

=WARNING REPORT==== 3-Feb-2016::08:48:34 ===
OS_MON (cpu_sup), util/1 unavailable for this OS

=INFO REPORT==== 3-Feb-2016::08:48:38 ===
         ts_launcher:(5:<0.127.0>) Waking up

=INFO REPORT==== 3-Feb-2016::08:48:38 ===
         ts_launcher:(5:<0.127.0>) Start a new arrival phase (100 users, 0.001); expected duration=120.0 sec

=INFO REPORT==== 3-Feb-2016::08:48:38 ===
    ts_config_server:(6:<0.69.0>) Session 1 chosen

=INFO REPORT==== 3-Feb-2016::08:48:38 ===
           ts_client:(6:<0.176.0>) Session ending 

=INFO REPORT==== 3-Feb-2016::08:48:39 ===
    ts_config_server:(6:<0.69.0>) Session 1 chosen

=INFO REPORT==== 3-Feb-2016::08:48:40 ===
    ts_config_server:(6:<0.69.0>) Session 1 chosen

=INFO REPORT==== 3-Feb-2016::08:48:40 ===
    ts_config_server:(6:<0.69.0>) Session 1 chosen

=INFO REPORT==== 3-Feb-2016::08:48:40 ===
    ts_config_server:(6:<0.69.0>) Session 1 chosen

=INFO REPORT==== 3-Feb-2016::08:48:40 ===
           ts_client:(6:<0.180.0>) Session ending 

=INFO REPORT==== 3-Feb-2016::08:48:40 ===
    ts_config_server:(6:<0.69.0>) Session 1 chosen

=INFO REPORT==== 3-Feb-2016::08:48:40 ===
           ts_client:(6:<0.181.0>) Session ending 

=INFO REPORT==== 3-Feb-2016::08:48:41 ===
    ts_config_server:(6:<0.69.0>) Session 1 chosen

=INFO REPORT==== 3-Feb-2016::08:48:41 ===
           ts_client:(6:<0.179.0>) Session ending 

=INFO REPORT==== 3-Feb-2016::08:48:41 ===
    ts_config_server:(6:<0.69.0>) Session 1 chosen

=INFO REPORT==== 3-Feb-2016::08:48:42 ===
           ts_client:(6:<0.183.0>) Session ending 

=INFO REPORT==== 3-Feb-2016::08:48:43 ===
    ts_config_server:(6:<0.69.0>) Session 1 chosen

=INFO REPORT==== 3-Feb-2016::08:48:43 ===
           ts_client:(6:<0.184.0>) Session ending 

=WARNING REPORT==== 3-Feb-2016::08:48:44 ===
OS_MON (cpu_sup), util/1 unavailable for this OS

=INFO REPORT==== 3-Feb-2016::08:48:44 ===
    ts_config_server:(6:<0.69.0>) Session 1 chosen

=INFO REPORT==== 3-Feb-2016::08:48:45 ===
    ts_config_server:(6:<0.69.0>) Session 1 chosen

=INFO REPORT==== 3-Feb-2016::08:48:45 ===
           ts_client:(6:<0.182.0>) Session ending 

=INFO REPORT==== 3-Feb-2016::08:48:47 ===
    ts_config_server:(6:<0.69.0>) Session 1 chosen

=INFO REPORT==== 3-Feb-2016::08:48:47 ===
           ts_client:(6:<0.190.0>) Session ending 

=INFO REPORT==== 3-Feb-2016::08:48:48 ===
           ts_client:(6:<0.189.0>) Session ending 

=INFO REPORT==== 3-Feb-2016::08:48:48 ===
    ts_config_server:(6:<0.69.0>) Session 1 chosen

=INFO REPORT==== 3-Feb-2016::08:48:49 ===
           ts_client:(6:<0.191.0>) Session ending 

=INFO REPORT==== 3-Feb-2016::08:48:49 ===
           ts_client:(6:<0.192.0>) Session ending 

=INFO REPORT==== 3-Feb-2016::08:48:49 ===
    ts_config_server:(6:<0.69.0>) Session 1 chosen

=INFO REPORT==== 3-Feb-2016::08:48:49 ===
           ts_client:(6:<0.193.0>) Session ending 

=INFO REPORT==== 3-Feb-2016::08:48:51 ===
           ts_client:(6:<0.178.0>) Session ending 

=INFO REPORT==== 3-Feb-2016::08:48:52 ===
    ts_config_server:(6:<0.69.0>) Session 1 chosen

=INFO REPORT==== 3-Feb-2016::08:48:52 ===
           ts_client:(6:<0.194.0>) Session ending 

=WARNING REPORT==== 3-Feb-2016::08:48:54 ===
OS_MON (cpu_sup), util/1 unavailable for this OS

=INFO REPORT==== 3-Feb-2016::08:48:54 ===
    ts_config_server:(6:<0.69.0>) Session 1 chosen

=INFO REPORT==== 3-Feb-2016::08:48:56 ===
    ts_config_server:(6:<0.69.0>) Session 1 chosen

=INFO REPORT==== 3-Feb-2016::08:48:56 ===
    ts_config_server:(6:<0.69.0>) Session 1 chosen

=INFO REPORT==== 3-Feb-2016::08:48:57 ===
    ts_config_server:(6:<0.69.0>) Session 1 chosen

=INFO REPORT==== 3-Feb-2016::08:48:57 ===
           ts_client:(6:<0.202.0>) Session ending 

=INFO REPORT==== 3-Feb-2016::08:48:57 ===
           ts_client:(6:<0.201.0>) Session ending 

=INFO REPORT==== 3-Feb-2016::08:48:59 ===
    ts_config_server:(6:<0.69.0>) Session 1 chosen

=INFO REPORT==== 3-Feb-2016::08:48:59 ===
           ts_client:(6:<0.203.0>) Session ending 

=INFO REPORT==== 3-Feb-2016::08:48:59 ===
           ts_client:(6:<0.200.0>) Session ending 

=INFO REPORT==== 3-Feb-2016::08:49:01 ===
    ts_config_server:(6:<0.69.0>) Session 1 chosen

=INFO REPORT==== 3-Feb-2016::08:49:02 ===
           ts_client:(6:<0.199.0>) Session ending 

=INFO REPORT==== 3-Feb-2016::08:49:03 ===
    ts_config_server:(6:<0.69.0>) Session 1 chosen

=INFO REPORT==== 3-Feb-2016::08:49:04 ===
           ts_client:(6:<0.204.0>) Session ending 

=INFO REPORT==== 3-Feb-2016::08:49:04 ===
    ts_config_server:(6:<0.69.0>) Session 1 chosen

=WARNING REPORT==== 3-Feb-2016::08:49:04 ===
OS_MON (cpu_sup), util/1 unavailable for this OS

=INFO REPORT==== 3-Feb-2016::08:49:04 ===
    ts_config_server:(6:<0.69.0>) Session 1 chosen

=INFO REPORT==== 3-Feb-2016::08:49:05 ===
           ts_client:(6:<0.207.0>) Session ending 

=INFO REPORT==== 3-Feb-2016::08:49:05 ===
           ts_client:(6:<0.211.0>) Session ending 

=INFO REPORT==== 3-Feb-2016::08:49:06 ===
           ts_client:(6:<0.205.0>) Session ending 

=INFO REPORT==== 3-Feb-2016::08:49:09 ===
    ts_config_server:(6:<0.69.0>) Session 1 chosen

=INFO REPORT==== 3-Feb-2016::08:49:09 ===
           ts_client:(6:<0.212.0>) Session ending 

=INFO REPORT==== 3-Feb-2016::08:49:10 ===
    ts_config_server:(6:<0.69.0>) Session 1 chosen

=INFO REPORT==== 3-Feb-2016::08:49:11 ===
    ts_config_server:(6:<0.69.0>) Session 1 chosen

=INFO REPORT==== 3-Feb-2016::08:49:11 ===
    ts_config_server:(6:<0.69.0>) Session 1 chosen

=INFO REPORT==== 3-Feb-2016::08:49:12 ===
    ts_config_server:(6:<0.69.0>) Session 1 chosen

=INFO REPORT==== 3-Feb-2016::08:49:12 ===
    ts_config_server:(6:<0.69.0>) Session 1 chosen

=INFO REPORT==== 3-Feb-2016::08:49:12 ===
           ts_client:(6:<0.216.0>) Session ending 

=INFO REPORT==== 3-Feb-2016::08:49:12 ===
    ts_config_server:(6:<0.69.0>) Session 1 chosen

=INFO REPORT==== 3-Feb-2016::08:49:13 ===
           ts_client:(6:<0.213.0>) Session ending 

=INFO REPORT==== 3-Feb-2016::08:49:13 ===
    ts_config_server:(6:<0.69.0>) Session 1 chosen

=INFO REPORT==== 3-Feb-2016::08:49:14 ===
    ts_config_server:(6:<0.69.0>) Session 1 chosen

=INFO REPORT==== 3-Feb-2016::08:49:14 ===
           ts_client:(6:<0.214.0>) Session ending 

=INFO REPORT==== 3-Feb-2016::08:49:14 ===
           ts_client:(6:<0.215.0>) Session ending 

=INFO REPORT==== 3-Feb-2016::08:49:14 ===
    ts_config_server:(6:<0.69.0>) Session 1 chosen

=WARNING REPORT==== 3-Feb-2016::08:49:14 ===
OS_MON (cpu_sup), util/1 unavailable for this OS

=INFO REPORT==== 3-Feb-2016::08:49:16 ===
           ts_client:(6:<0.221.0>) Session ending 

=INFO REPORT==== 3-Feb-2016::08:49:16 ===
           ts_client:(6:<0.222.0>) Session ending 

=INFO REPORT==== 3-Feb-2016::08:49:16 ===
           ts_client:(6:<0.218.0>) Session ending 

=INFO REPORT==== 3-Feb-2016::08:49:18 ===
           ts_client:(6:<0.219.0>) Session ending 

=INFO REPORT==== 3-Feb-2016::08:49:19 ===
           ts_client:(6:<0.217.0>) Session ending 

=INFO REPORT==== 3-Feb-2016::08:49:20 ===
    ts_config_server:(6:<0.69.0>) Session 1 chosen

=INFO REPORT==== 3-Feb-2016::08:49:22 ===
           ts_client:(6:<0.226.0>) Session ending 

=INFO REPORT==== 3-Feb-2016::08:49:22 ===
    ts_config_server:(6:<0.69.0>) Session 1 chosen

=INFO REPORT==== 3-Feb-2016::08:49:24 ===
    ts_config_server:(6:<0.69.0>) Session 1 chosen

=WARNING REPORT==== 3-Feb-2016::08:49:24 ===
OS_MON (cpu_sup), util/1 unavailable for this OS

=INFO REPORT==== 3-Feb-2016::08:49:25 ===
           ts_client:(6:<0.227.0>) Session ending 

=INFO REPORT==== 3-Feb-2016::08:49:25 ===
    ts_config_server:(6:<0.69.0>) Session 1 chosen

=INFO REPORT==== 3-Feb-2016::08:49:25 ===
           ts_client:(6:<0.233.0>) Session ending 

=INFO REPORT==== 3-Feb-2016::08:49:26 ===
           ts_client:(6:<0.229.0>) Session ending 

=INFO REPORT==== 3-Feb-2016::08:49:26 ===
    ts_config_server:(6:<0.69.0>) Session 1 chosen

=INFO REPORT==== 3-Feb-2016::08:49:27 ===
           ts_client:(6:<0.234.0>) Session ending 

=INFO REPORT==== 3-Feb-2016::08:49:28 ===
    ts_config_server:(6:<0.69.0>) Session 1 chosen

=INFO REPORT==== 3-Feb-2016::08:49:28 ===
           ts_client:(6:<0.235.0>) Session ending 

=INFO REPORT==== 3-Feb-2016::08:49:29 ===
    ts_config_server:(6:<0.69.0>) Session 1 chosen

=INFO REPORT==== 3-Feb-2016::08:49:29 ===
    ts_config_server:(6:<0.69.0>) Session 1 chosen

=INFO REPORT==== 3-Feb-2016::08:49:29 ===
    ts_config_server:(6:<0.69.0>) Session 1 chosen

=INFO REPORT==== 3-Feb-2016::08:49:29 ===
           ts_client:(6:<0.238.0>) Session ending 

=INFO REPORT==== 3-Feb-2016::08:49:30 ===
    ts_config_server:(6:<0.69.0>) Session 1 chosen

=INFO REPORT==== 3-Feb-2016::08:49:30 ===
    ts_config_server:(6:<0.69.0>) Session 1 chosen

=INFO REPORT==== 3-Feb-2016::08:49:30 ===
           ts_client:(6:<0.240.0>) Session ending 

=INFO REPORT==== 3-Feb-2016::08:49:31 ===
    ts_config_server:(6:<0.69.0>) Session 1 chosen

=INFO REPORT==== 3-Feb-2016::08:49:31 ===
           ts_client:(6:<0.237.0>) Session ending 

=INFO REPORT==== 3-Feb-2016::08:49:32 ===
           ts_client:(6:<0.239.0>) Session ending 

=INFO REPORT==== 3-Feb-2016::08:49:32 ===
           ts_client:(6:<0.241.0>) Session ending 

=INFO REPORT==== 3-Feb-2016::08:49:33 ===
           ts_client:(6:<0.236.0>) Session ending 

=INFO REPORT==== 3-Feb-2016::08:49:34 ===
    ts_config_server:(6:<0.69.0>) Session 1 chosen

=INFO REPORT==== 3-Feb-2016::08:49:34 ===
    ts_config_server:(6:<0.69.0>) Session 1 chosen

=INFO REPORT==== 3-Feb-2016::08:49:34 ===
    ts_config_server:(6:<0.69.0>) Session 1 chosen

=WARNING REPORT==== 3-Feb-2016::08:49:34 ===
OS_MON (cpu_sup), util/1 unavailable for this OS

=INFO REPORT==== 3-Feb-2016::08:49:35 ===
    ts_config_server:(6:<0.69.0>) Session 1 chosen

=INFO REPORT==== 3-Feb-2016::08:49:35 ===
           ts_client:(6:<0.252.0>) Session ending 

=INFO REPORT==== 3-Feb-2016::08:49:35 ===
    ts_config_server:(6:<0.69.0>) Session 1 chosen

=INFO REPORT==== 3-Feb-2016::08:49:35 ===
    ts_config_server:(6:<0.69.0>) Session 1 chosen

=INFO REPORT==== 3-Feb-2016::08:49:35 ===
           ts_client:(6:<0.253.0>) Session ending 

=INFO REPORT==== 3-Feb-2016::08:49:36 ===
    ts_config_server:(6:<0.69.0>) Session 1 chosen

=INFO REPORT==== 3-Feb-2016::08:49:36 ===
    ts_config_server:(6:<0.69.0>) Session 1 chosen

=INFO REPORT==== 3-Feb-2016::08:49:36 ===
           ts_client:(6:<0.255.0>) Session ending 

=INFO REPORT==== 3-Feb-2016::08:49:36 ===
           ts_client:(6:<0.256.0>) Session ending 

=INFO REPORT==== 3-Feb-2016::08:49:37 ===
    ts_config_server:(6:<0.69.0>) Session 1 chosen

=INFO REPORT==== 3-Feb-2016::08:49:37 ===
           ts_client:(6:<0.246.0>) Session ending 

=INFO REPORT==== 3-Feb-2016::08:49:37 ===
           ts_client:(6:<0.247.0>) Session ending 

=INFO REPORT==== 3-Feb-2016::08:49:37 ===
           ts_client:(6:<0.248.0>) Session ending 

=INFO REPORT==== 3-Feb-2016::08:49:37 ===
           ts_client:(6:<0.254.0>) Session ending 

=INFO REPORT==== 3-Feb-2016::08:49:38 ===
    ts_config_server:(6:<0.69.0>) Session 1 chosen

=INFO REPORT==== 3-Feb-2016::08:49:39 ===
    ts_config_server:(6:<0.69.0>) Session 1 chosen

=INFO REPORT==== 3-Feb-2016::08:49:39 ===
           ts_client:(6:<0.259.0>) Session ending 

=INFO REPORT==== 3-Feb-2016::08:49:39 ===
    ts_config_server:(6:<0.69.0>) Session 1 chosen

=INFO REPORT==== 3-Feb-2016::08:49:39 ===
           ts_client:(6:<0.260.0>) Session ending 

=INFO REPORT==== 3-Feb-2016::08:49:39 ===
           ts_client:(6:<0.258.0>) Session ending 

=INFO REPORT==== 3-Feb-2016::08:49:41 ===
    ts_config_server:(6:<0.69.0>) Session 1 chosen

=INFO REPORT==== 3-Feb-2016::08:49:42 ===
           ts_client:(6:<0.261.0>) Session ending 

=INFO REPORT==== 3-Feb-2016::08:49:42 ===
    ts_config_server:(6:<0.69.0>) Session 1 chosen

=INFO REPORT==== 3-Feb-2016::08:49:42 ===
    ts_config_server:(6:<0.69.0>) Session 1 chosen

=INFO REPORT==== 3-Feb-2016::08:49:42 ===
           ts_client:(6:<0.263.0>) Session ending 

=INFO REPORT==== 3-Feb-2016::08:49:42 ===
    ts_config_server:(6:<0.69.0>) Session 1 chosen

=INFO REPORT==== 3-Feb-2016::08:49:43 ===
    ts_config_server:(6:<0.69.0>) Session 1 chosen

=INFO REPORT==== 3-Feb-2016::08:49:44 ===
    ts_config_server:(6:<0.69.0>) Session 1 chosen

=INFO REPORT==== 3-Feb-2016::08:49:44 ===
           ts_client:(6:<0.265.0>) Session ending 

=WARNING REPORT==== 3-Feb-2016::08:49:44 ===
OS_MON (cpu_sup), util/1 unavailable for this OS

=INFO REPORT==== 3-Feb-2016::08:49:45 ===
           ts_client:(6:<0.264.0>) Session ending 

=INFO REPORT==== 3-Feb-2016::08:49:45 ===
           ts_client:(6:<0.262.0>) Session ending 

=INFO REPORT==== 3-Feb-2016::08:49:45 ===
    ts_config_server:(6:<0.69.0>) Session 1 chosen

=INFO REPORT==== 3-Feb-2016::08:49:47 ===
           ts_client:(6:<0.267.0>) Session ending 

=INFO REPORT==== 3-Feb-2016::08:49:50 ===
    ts_config_server:(6:<0.69.0>) Session 1 chosen

=INFO REPORT==== 3-Feb-2016::08:49:50 ===
    ts_config_server:(6:<0.69.0>) Session 1 chosen

=INFO REPORT==== 3-Feb-2016::08:49:51 ===
           ts_client:(6:<0.272.0>) Session ending 

=WARNING REPORT==== 3-Feb-2016::08:49:55 ===
OS_MON (cpu_sup), util/1 unavailable for this OS

=INFO REPORT==== 3-Feb-2016::08:49:55 ===
           ts_client:(6:<0.273.0>) Session ending 

=INFO REPORT==== 3-Feb-2016::08:49:56 ===
           ts_client:(6:<0.271.0>) Session ending 

=INFO REPORT==== 3-Feb-2016::08:49:57 ===
    ts_config_server:(6:<0.69.0>) Session 1 chosen

=INFO REPORT==== 3-Feb-2016::08:49:57 ===
           ts_client:(6:<0.177.0>) Session ending 

=INFO REPORT==== 3-Feb-2016::08:49:57 ===
    ts_config_server:(6:<0.69.0>) Session 1 chosen

=INFO REPORT==== 3-Feb-2016::08:49:58 ===
           ts_client:(6:<0.279.0>) Session ending 

=INFO REPORT==== 3-Feb-2016::08:50:01 ===
    ts_config_server:(6:<0.69.0>) Session 1 chosen

=INFO REPORT==== 3-Feb-2016::08:50:01 ===
    ts_config_server:(6:<0.69.0>) Session 1 chosen

=INFO REPORT==== 3-Feb-2016::08:50:02 ===
           ts_client:(6:<0.280.0>) Session ending 

=INFO REPORT==== 3-Feb-2016::08:50:02 ===
           ts_client:(6:<0.278.0>) Session ending 

=INFO REPORT==== 3-Feb-2016::08:50:03 ===
    ts_config_server:(6:<0.69.0>) Session 1 chosen

=INFO REPORT==== 3-Feb-2016::08:50:03 ===
           ts_client:(6:<0.282.0>) Session ending 

=INFO REPORT==== 3-Feb-2016::08:50:04 ===
    ts_config_server:(6:<0.69.0>) Session 1 chosen

=INFO REPORT==== 3-Feb-2016::08:50:04 ===
    ts_config_server:(6:<0.69.0>) Session 1 chosen

=WARNING REPORT==== 3-Feb-2016::08:50:05 ===
OS_MON (cpu_sup), util/1 unavailable for this OS

=INFO REPORT==== 3-Feb-2016::08:50:05 ===
           ts_client:(6:<0.284.0>) Session ending 

=INFO REPORT==== 3-Feb-2016::08:50:05 ===
           ts_client:(6:<0.285.0>) Session ending 

=INFO REPORT==== 3-Feb-2016::08:50:06 ===
    ts_config_server:(6:<0.69.0>) Session 1 chosen

=INFO REPORT==== 3-Feb-2016::08:50:06 ===
    ts_config_server:(6:<0.69.0>) Session 1 chosen

=INFO REPORT==== 3-Feb-2016::08:50:07 ===
           ts_client:(6:<0.289.0>) Session ending 

=INFO REPORT==== 3-Feb-2016::08:50:08 ===
    ts_config_server:(6:<0.69.0>) Session 1 chosen

=INFO REPORT==== 3-Feb-2016::08:50:10 ===
    ts_config_server:(6:<0.69.0>) Session 1 chosen

=INFO REPORT==== 3-Feb-2016::08:50:10 ===
    ts_config_server:(6:<0.69.0>) Session 1 chosen

=INFO REPORT==== 3-Feb-2016::08:50:10 ===
    ts_config_server:(6:<0.69.0>) Session 1 chosen

=INFO REPORT==== 3-Feb-2016::08:50:10 ===
           ts_client:(6:<0.294.0>) Session ending 

=INFO REPORT==== 3-Feb-2016::08:50:10 ===
    ts_config_server:(6:<0.69.0>) Session 1 chosen

=INFO REPORT==== 3-Feb-2016::08:50:10 ===
    ts_config_server:(6:<0.69.0>) Session 1 chosen

=INFO REPORT==== 3-Feb-2016::08:50:10 ===
    ts_config_server:(6:<0.69.0>) Session 1 chosen

=INFO REPORT==== 3-Feb-2016::08:50:12 ===
    ts_config_server:(6:<0.69.0>) Session 1 chosen

=INFO REPORT==== 3-Feb-2016::08:50:12 ===
           ts_client:(6:<0.298.0>) Session ending 

=INFO REPORT==== 3-Feb-2016::08:50:12 ===
           ts_client:(6:<0.293.0>) Session ending 

=INFO REPORT==== 3-Feb-2016::08:50:12 ===
           ts_client:(6:<0.281.0>) Session ending 

=INFO REPORT==== 3-Feb-2016::08:50:12 ===
           ts_client:(6:<0.295.0>) Session ending 

=INFO REPORT==== 3-Feb-2016::08:50:12 ===
           ts_client:(6:<0.296.0>) Session ending 

=INFO REPORT==== 3-Feb-2016::08:50:12 ===
           ts_client:(6:<0.297.0>) Session ending 

=INFO REPORT==== 3-Feb-2016::08:50:12 ===
           ts_client:(6:<0.291.0>) Session ending 

=INFO REPORT==== 3-Feb-2016::08:50:14 ===
    ts_config_server:(6:<0.69.0>) Session 1 chosen

=INFO REPORT==== 3-Feb-2016::08:50:14 ===
           ts_client:(6:<0.300.0>) Session ending 

=WARNING REPORT==== 3-Feb-2016::08:50:15 ===
OS_MON (cpu_sup), util/1 unavailable for this OS

=INFO REPORT==== 3-Feb-2016::08:50:15 ===
    ts_config_server:(6:<0.69.0>) Session 1 chosen

=INFO REPORT==== 3-Feb-2016::08:50:17 ===
    ts_config_server:(6:<0.69.0>) Session 1 chosen

=INFO REPORT==== 3-Feb-2016::08:50:17 ===
    ts_config_server:(6:<0.69.0>) Session 1 chosen

=INFO REPORT==== 3-Feb-2016::08:50:18 ===
           ts_client:(6:<0.305.0>) Session ending 

=INFO REPORT==== 3-Feb-2016::08:50:18 ===
           ts_client:(6:<0.304.0>) Session ending 

=INFO REPORT==== 3-Feb-2016::08:50:18 ===
    ts_config_server:(6:<0.69.0>) Session 1 chosen

=INFO REPORT==== 3-Feb-2016::08:50:18 ===
           ts_client:(6:<0.307.0>) Session ending 

=INFO REPORT==== 3-Feb-2016::08:50:18 ===
           ts_client:(6:<0.306.0>) Session ending 

=INFO REPORT==== 3-Feb-2016::08:50:19 ===
    ts_config_server:(6:<0.69.0>) Session 1 chosen

=INFO REPORT==== 3-Feb-2016::08:50:20 ===
    ts_config_server:(6:<0.69.0>) Session 1 chosen

=INFO REPORT==== 3-Feb-2016::08:50:21 ===
           ts_client:(6:<0.308.0>) Session ending 

=INFO REPORT==== 3-Feb-2016::08:50:21 ===
    ts_config_server:(6:<0.69.0>) Session 1 chosen

=INFO REPORT==== 3-Feb-2016::08:50:21 ===
    ts_config_server:(6:<0.69.0>) Session 1 chosen

=INFO REPORT==== 3-Feb-2016::08:50:21 ===
    ts_config_server:(6:<0.69.0>) Session 1 chosen

=INFO REPORT==== 3-Feb-2016::08:50:22 ===
    ts_config_server:(6:<0.69.0>) Session 1 chosen

=INFO REPORT==== 3-Feb-2016::08:50:22 ===
           ts_client:(6:<0.313.0>) Session ending 

=INFO REPORT==== 3-Feb-2016::08:50:22 ===
           ts_client:(6:<0.311.0>) Session ending 

=INFO REPORT==== 3-Feb-2016::08:50:22 ===
           ts_client:(6:<0.312.0>) Session ending 

=INFO REPORT==== 3-Feb-2016::08:50:22 ===
    ts_config_server:(6:<0.69.0>) Session 1 chosen

=INFO REPORT==== 3-Feb-2016::08:50:23 ===
    ts_config_server:(6:<0.69.0>) Session 1 chosen

=INFO REPORT==== 3-Feb-2016::08:50:23 ===
    ts_config_server:(6:<0.69.0>) Session 1 chosen

=INFO REPORT==== 3-Feb-2016::08:50:23 ===
           ts_client:(6:<0.314.0>) Session ending 

=INFO REPORT==== 3-Feb-2016::08:50:23 ===
           ts_client:(6:<0.309.0>) Session ending 

=INFO REPORT==== 3-Feb-2016::08:50:24 ===
           ts_client:(6:<0.315.0>) Session ending 

=INFO REPORT==== 3-Feb-2016::08:50:24 ===
    ts_config_server:(6:<0.69.0>) Session 1 chosen

=INFO REPORT==== 3-Feb-2016::08:50:24 ===
           ts_client:(6:<0.318.0>) Session ending 

=INFO REPORT==== 3-Feb-2016::08:50:25 ===
    ts_config_server:(6:<0.69.0>) Session 1 chosen

=INFO REPORT==== 3-Feb-2016::08:50:25 ===
         ts_launcher:(4:<0.127.0>) Need to wait 12.976 sec before changing phase, going to sleep

=INFO REPORT==== 3-Feb-2016::08:50:25 ===
           ts_client:(6:<0.316.0>) Session ending 

=WARNING REPORT==== 3-Feb-2016::08:50:25 ===
OS_MON (cpu_sup), util/1 unavailable for this OS

=INFO REPORT==== 3-Feb-2016::08:50:32 ===
           ts_client:(6:<0.319.0>) Session ending 

=INFO REPORT==== 3-Feb-2016::08:50:32 ===
           ts_client:(6:<0.310.0>) Session ending 

=WARNING REPORT==== 3-Feb-2016::08:50:35 ===
OS_MON (cpu_sup), util/1 unavailable for this OS

=INFO REPORT==== 3-Feb-2016::08:50:38 ===
         ts_launcher:(5:<0.127.0>) Waking up

=INFO REPORT==== 3-Feb-2016::08:50:38 ===
         ts_launcher:(5:<0.127.0>) Start a new arrival phase (100 users, 0.01); expected duration=120.0 sec

=INFO REPORT==== 3-Feb-2016::08:50:42 ===
    ts_config_server:(6:<0.69.0>) Session 1 chosen

=INFO REPORT==== 3-Feb-2016::08:50:42 ===
    ts_config_server:(6:<0.69.0>) Session 1 chosen

=INFO REPORT==== 3-Feb-2016::08:50:42 ===
    ts_config_server:(6:<0.69.0>) Session 1 chosen

=INFO REPORT==== 3-Feb-2016::08:50:42 ===
    ts_config_server:(6:<0.69.0>) Session 1 chosen

=INFO REPORT==== 3-Feb-2016::08:50:42 ===
           ts_client:(6:<0.330.0>) Session ending 

=INFO REPORT==== 3-Feb-2016::08:50:42 ===
           ts_client:(6:<0.331.0>) Session ending 

=INFO REPORT==== 3-Feb-2016::08:50:42 ===
    ts_config_server:(6:<0.69.0>) Session 1 chosen

=INFO REPORT==== 3-Feb-2016::08:50:42 ===
           ts_client:(6:<0.332.0>) Session ending 

=INFO REPORT==== 3-Feb-2016::08:50:42 ===
    ts_config_server:(6:<0.69.0>) Session 1 chosen

=INFO REPORT==== 3-Feb-2016::08:50:42 ===
    ts_config_server:(6:<0.69.0>) Session 1 chosen

=INFO REPORT==== 3-Feb-2016::08:50:42 ===
           ts_client:(6:<0.334.0>) Session ending 

=INFO REPORT==== 3-Feb-2016::08:50:42 ===
           ts_client:(6:<0.335.0>) Session ending 

=INFO REPORT==== 3-Feb-2016::08:50:42 ===
    ts_config_server:(6:<0.69.0>) Session 1 chosen

=INFO REPORT==== 3-Feb-2016::08:50:42 ===
    ts_config_server:(6:<0.69.0>) Session 1 chosen

=INFO REPORT==== 3-Feb-2016::08:50:43 ===
    ts_config_server:(6:<0.69.0>) Session 1 chosen

=INFO REPORT==== 3-Feb-2016::08:50:43 ===
           ts_client:(6:<0.336.0>) Session ending 

=INFO REPORT==== 3-Feb-2016::08:50:43 ===
           ts_client:(6:<0.337.0>) Session ending 

=INFO REPORT==== 3-Feb-2016::08:50:43 ===
    ts_config_server:(6:<0.69.0>) Session 1 chosen

=INFO REPORT==== 3-Feb-2016::08:50:43 ===
    ts_config_server:(6:<0.69.0>) Session 1 chosen

=INFO REPORT==== 3-Feb-2016::08:50:43 ===
           ts_client:(6:<0.340.0>) Session ending 

=INFO REPORT==== 3-Feb-2016::08:50:43 ===
           ts_client:(6:<0.333.0>) Session ending 

=INFO REPORT==== 3-Feb-2016::08:50:43 ===
    ts_config_server:(6:<0.69.0>) Session 1 chosen

=INFO REPORT==== 3-Feb-2016::08:50:43 ===
           ts_client:(6:<0.341.0>) Session ending 

=INFO REPORT==== 3-Feb-2016::08:50:44 ===
    ts_config_server:(6:<0.69.0>) Session 1 chosen

=INFO REPORT==== 3-Feb-2016::08:50:44 ===
    ts_config_server:(6:<0.69.0>) Session 1 chosen

=INFO REPORT==== 3-Feb-2016::08:50:44 ===
           ts_client:(6:<0.342.0>) Session ending 

=INFO REPORT==== 3-Feb-2016::08:50:44 ===
           ts_client:(6:<0.338.0>) Session ending 

=INFO REPORT==== 3-Feb-2016::08:50:44 ===
    ts_config_server:(6:<0.69.0>) Session 1 chosen

=INFO REPORT==== 3-Feb-2016::08:50:44 ===
    ts_config_server:(6:<0.69.0>) Session 1 chosen

=INFO REPORT==== 3-Feb-2016::08:50:44 ===
    ts_config_server:(6:<0.69.0>) Session 1 chosen

=INFO REPORT==== 3-Feb-2016::08:50:44 ===
    ts_config_server:(6:<0.69.0>) Session 1 chosen

=INFO REPORT==== 3-Feb-2016::08:50:44 ===
    ts_config_server:(6:<0.69.0>) Session 1 chosen

=INFO REPORT==== 3-Feb-2016::08:50:44 ===
           ts_client:(6:<0.349.0>) Session ending 

=INFO REPORT==== 3-Feb-2016::08:50:44 ===
    ts_config_server:(6:<0.69.0>) Session 1 chosen

=INFO REPORT==== 3-Feb-2016::08:50:44 ===
           ts_client:(6:<0.257.0>) Session ending 

=INFO REPORT==== 3-Feb-2016::08:50:45 ===
    ts_config_server:(6:<0.69.0>) Session 1 chosen

=INFO REPORT==== 3-Feb-2016::08:50:45 ===
    ts_config_server:(6:<0.69.0>) Session 1 chosen

=INFO REPORT==== 3-Feb-2016::08:50:45 ===
    ts_config_server:(6:<0.69.0>) Session 1 chosen

=WARNING REPORT==== 3-Feb-2016::08:50:45 ===
OS_MON (cpu_sup), util/1 unavailable for this OS

=INFO REPORT==== 3-Feb-2016::08:50:45 ===
    ts_config_server:(6:<0.69.0>) Session 1 chosen

=INFO REPORT==== 3-Feb-2016::08:50:45 ===
    ts_config_server:(6:<0.69.0>) Session 1 chosen

=INFO REPORT==== 3-Feb-2016::08:50:45 ===
    ts_config_server:(6:<0.69.0>) Session 1 chosen

=INFO REPORT==== 3-Feb-2016::08:50:45 ===
    ts_config_server:(6:<0.69.0>) Session 1 chosen

=INFO REPORT==== 3-Feb-2016::08:50:45 ===
    ts_config_server:(6:<0.69.0>) Session 1 chosen

=INFO REPORT==== 3-Feb-2016::08:50:45 ===
           ts_client:(6:<0.360.0>) Session ending 

=INFO REPORT==== 3-Feb-2016::08:50:45 ===
    ts_config_server:(6:<0.69.0>) Session 1 chosen

=INFO REPORT==== 3-Feb-2016::08:50:45 ===
    ts_config_server:(6:<0.69.0>) Session 1 chosen

=INFO REPORT==== 3-Feb-2016::08:50:46 ===
           ts_client:(6:<0.363.0>) Session ending 

=INFO REPORT==== 3-Feb-2016::08:50:46 ===
    ts_config_server:(6:<0.69.0>) Session 1 chosen

=INFO REPORT==== 3-Feb-2016::08:50:46 ===
    ts_config_server:(6:<0.69.0>) Session 1 chosen

=INFO REPORT==== 3-Feb-2016::08:50:46 ===
    ts_config_server:(6:<0.69.0>) Session 1 chosen

=INFO REPORT==== 3-Feb-2016::08:50:46 ===
    ts_config_server:(6:<0.69.0>) Session 1 chosen

=INFO REPORT==== 3-Feb-2016::08:50:46 ===
    ts_config_server:(6:<0.69.0>) Session 1 chosen

=INFO REPORT==== 3-Feb-2016::08:50:46 ===
           ts_client:(6:<0.366.0>) Session ending 

=INFO REPORT==== 3-Feb-2016::08:50:46 ===
           ts_client:(6:<0.339.0>) Session ending 

=INFO REPORT==== 3-Feb-2016::08:50:46 ===
           ts_client:(6:<0.354.0>) Session ending 

=INFO REPORT==== 3-Feb-2016::08:50:46 ===
    ts_config_server:(6:<0.69.0>) Session 1 chosen

=INFO REPORT==== 3-Feb-2016::08:50:46 ===
    ts_config_server:(6:<0.69.0>) Session 1 chosen

=INFO REPORT==== 3-Feb-2016::08:50:46 ===
    ts_config_server:(6:<0.69.0>) Session 1 chosen

=INFO REPORT==== 3-Feb-2016::08:50:46 ===
    ts_config_server:(6:<0.69.0>) Session 1 chosen

=INFO REPORT==== 3-Feb-2016::08:50:46 ===
           ts_client:(6:<0.361.0>) Session ending 

=INFO REPORT==== 3-Feb-2016::08:50:47 ===
           ts_client:(6:<0.350.0>) Session ending 

=INFO REPORT==== 3-Feb-2016::08:50:47 ===
    ts_config_server:(6:<0.69.0>) Session 1 chosen

=INFO REPORT==== 3-Feb-2016::08:50:47 ===
    ts_config_server:(6:<0.69.0>) Session 1 chosen

=INFO REPORT==== 3-Feb-2016::08:50:47 ===
    ts_config_server:(6:<0.69.0>) Session 1 chosen

=INFO REPORT==== 3-Feb-2016::08:50:47 ===
    ts_config_server:(6:<0.69.0>) Session 1 chosen

=INFO REPORT==== 3-Feb-2016::08:50:47 ===
           ts_client:(6:<0.374.0>) Session ending 

=INFO REPORT==== 3-Feb-2016::08:50:47 ===
    ts_config_server:(6:<0.69.0>) Session 1 chosen

=INFO REPORT==== 3-Feb-2016::08:50:47 ===
           ts_client:(6:<0.368.0>) Session ending 

=INFO REPORT==== 3-Feb-2016::08:50:47 ===
           ts_client:(6:<0.345.0>) Session ending 

=INFO REPORT==== 3-Feb-2016::08:50:47 ===
           ts_client:(6:<0.353.0>) Session ending 

=INFO REPORT==== 3-Feb-2016::08:50:47 ===
           ts_client:(6:<0.346.0>) Session ending 

=INFO REPORT==== 3-Feb-2016::08:50:47 ===
           ts_client:(6:<0.377.0>) Session ending 

=INFO REPORT==== 3-Feb-2016::08:50:47 ===
    ts_config_server:(6:<0.69.0>) Session 1 chosen

=INFO REPORT==== 3-Feb-2016::08:50:47 ===
    ts_config_server:(6:<0.69.0>) Session 1 chosen

=INFO REPORT==== 3-Feb-2016::08:50:47 ===
           ts_client:(6:<0.348.0>) Session ending 

=INFO REPORT==== 3-Feb-2016::08:50:47 ===
           ts_client:(6:<0.357.0>) Session ending 

=INFO REPORT==== 3-Feb-2016::08:50:47 ===
    ts_config_server:(6:<0.69.0>) Session 1 chosen

=INFO REPORT==== 3-Feb-2016::08:50:47 ===
           ts_client:(6:<0.378.0>) Session ending 

=INFO REPORT==== 3-Feb-2016::08:50:47 ===
           ts_client:(6:<0.369.0>) Session ending 

=INFO REPORT==== 3-Feb-2016::08:50:47 ===
    ts_config_server:(6:<0.69.0>) Session 1 chosen

=INFO REPORT==== 3-Feb-2016::08:50:47 ===
           ts_client:(6:<0.380.0>) Session ending 

=INFO REPORT==== 3-Feb-2016::08:50:47 ===
    ts_config_server:(6:<0.69.0>) Session 1 chosen

=INFO REPORT==== 3-Feb-2016::08:50:47 ===
    ts_config_server:(6:<0.69.0>) Session 1 chosen

=INFO REPORT==== 3-Feb-2016::08:50:47 ===
    ts_config_server:(6:<0.69.0>) Session 1 chosen

=INFO REPORT==== 3-Feb-2016::08:50:47 ===
    ts_config_server:(6:<0.69.0>) Session 1 chosen

=INFO REPORT==== 3-Feb-2016::08:50:47 ===
    ts_config_server:(6:<0.69.0>) Session 1 chosen

=INFO REPORT==== 3-Feb-2016::08:50:48 ===
    ts_config_server:(6:<0.69.0>) Session 1 chosen

=INFO REPORT==== 3-Feb-2016::08:50:48 ===
    ts_config_server:(6:<0.69.0>) Session 1 chosen

=INFO REPORT==== 3-Feb-2016::08:50:48 ===
    ts_config_server:(6:<0.69.0>) Session 1 chosen

=INFO REPORT==== 3-Feb-2016::08:50:48 ===
    ts_config_server:(6:<0.69.0>) Session 1 chosen

=INFO REPORT==== 3-Feb-2016::08:50:48 ===
           ts_client:(6:<0.388.0>) Session ending 

=INFO REPORT==== 3-Feb-2016::08:50:48 ===
    ts_config_server:(6:<0.69.0>) Session 1 chosen

=INFO REPORT==== 3-Feb-2016::08:50:48 ===
           ts_client:(6:<0.389.0>) Session ending 

=INFO REPORT==== 3-Feb-2016::08:50:48 ===
    ts_config_server:(6:<0.69.0>) Session 1 chosen

=INFO REPORT==== 3-Feb-2016::08:50:48 ===
           ts_client:(6:<0.365.0>) Session ending 

=INFO REPORT==== 3-Feb-2016::08:50:48 ===
    ts_config_server:(6:<0.69.0>) Session 1 chosen

=INFO REPORT==== 3-Feb-2016::08:50:48 ===
    ts_config_server:(6:<0.69.0>) Session 1 chosen

=INFO REPORT==== 3-Feb-2016::08:50:48 ===
    ts_config_server:(6:<0.69.0>) Session 1 chosen

=INFO REPORT==== 3-Feb-2016::08:50:48 ===
    ts_config_server:(6:<0.69.0>) Session 1 chosen

=INFO REPORT==== 3-Feb-2016::08:50:48 ===
           ts_client:(6:<0.396.0>) Session ending 

=INFO REPORT==== 3-Feb-2016::08:50:48 ===
    ts_config_server:(6:<0.69.0>) Session 1 chosen

=INFO REPORT==== 3-Feb-2016::08:50:48 ===
           ts_client:(6:<0.379.0>) Session ending 

=INFO REPORT==== 3-Feb-2016::08:50:48 ===
    ts_config_server:(6:<0.69.0>) Session 1 chosen

=INFO REPORT==== 3-Feb-2016::08:50:48 ===
           ts_client:(6:<0.397.0>) Session ending 

=INFO REPORT==== 3-Feb-2016::08:50:48 ===
           ts_client:(6:<0.370.0>) Session ending 

=INFO REPORT==== 3-Feb-2016::08:50:48 ===
           ts_client:(6:<0.381.0>) Session ending 

=INFO REPORT==== 3-Feb-2016::08:50:48 ===
    ts_config_server:(6:<0.69.0>) Session 1 chosen

=INFO REPORT==== 3-Feb-2016::08:50:49 ===
           ts_client:(6:<0.383.0>) Session ending 

=INFO REPORT==== 3-Feb-2016::08:50:49 ===
           ts_client:(6:<0.385.0>) Session ending 

=INFO REPORT==== 3-Feb-2016::08:50:49 ===
           ts_client:(6:<0.387.0>) Session ending 

=INFO REPORT==== 3-Feb-2016::08:50:49 ===
    ts_config_server:(6:<0.69.0>) Session 1 chosen

=INFO REPORT==== 3-Feb-2016::08:50:49 ===
           ts_client:(6:<0.376.0>) Session ending 

=INFO REPORT==== 3-Feb-2016::08:50:49 ===
    ts_config_server:(6:<0.69.0>) Session 1 chosen

=INFO REPORT==== 3-Feb-2016::08:50:49 ===
           ts_client:(6:<0.392.0>) Session ending 

=INFO REPORT==== 3-Feb-2016::08:50:49 ===
    ts_config_server:(6:<0.69.0>) Session 1 chosen

=INFO REPORT==== 3-Feb-2016::08:50:49 ===
    ts_config_server:(6:<0.69.0>) Session 1 chosen

=INFO REPORT==== 3-Feb-2016::08:50:49 ===
           ts_client:(6:<0.329.0>) Session ending 

=INFO REPORT==== 3-Feb-2016::08:50:49 ===
    ts_config_server:(6:<0.69.0>) Session 1 chosen

=INFO REPORT==== 3-Feb-2016::08:50:49 ===
    ts_config_server:(6:<0.69.0>) Session 1 chosen

=INFO REPORT==== 3-Feb-2016::08:50:49 ===
    ts_config_server:(6:<0.69.0>) Session 1 chosen

=INFO REPORT==== 3-Feb-2016::08:50:49 ===
           ts_client:(6:<0.404.0>) Session ending 

=INFO REPORT==== 3-Feb-2016::08:50:49 ===
    ts_config_server:(6:<0.69.0>) Session 1 chosen

=INFO REPORT==== 3-Feb-2016::08:50:49 ===
           ts_client:(6:<0.406.0>) Session ending 

=INFO REPORT==== 3-Feb-2016::08:50:49 ===
    ts_config_server:(6:<0.69.0>) Session 1 chosen

=INFO REPORT==== 3-Feb-2016::08:50:49 ===
    ts_config_server:(6:<0.69.0>) Session 1 chosen

=INFO REPORT==== 3-Feb-2016::08:50:49 ===
    ts_config_server:(6:<0.69.0>) Session 1 chosen

=INFO REPORT==== 3-Feb-2016::08:50:49 ===
    ts_config_server:(6:<0.69.0>) Session 1 chosen

=INFO REPORT==== 3-Feb-2016::08:50:50 ===
           ts_client:(6:<0.407.0>) Session ending 

=INFO REPORT==== 3-Feb-2016::08:50:50 ===
    ts_config_server:(6:<0.69.0>) Session 1 chosen

=INFO REPORT==== 3-Feb-2016::08:50:50 ===
    ts_config_server:(6:<0.69.0>) Session 1 chosen

=INFO REPORT==== 3-Feb-2016::08:50:50 ===
           ts_client:(6:<0.409.0>) Session ending 

=INFO REPORT==== 3-Feb-2016::08:50:50 ===
    ts_config_server:(6:<0.69.0>) Session 1 chosen

=INFO REPORT==== 3-Feb-2016::08:50:50 ===
           ts_client:(6:<0.412.0>) Session ending 

=INFO REPORT==== 3-Feb-2016::08:50:50 ===
    ts_config_server:(6:<0.69.0>) Session 1 chosen

=INFO REPORT==== 3-Feb-2016::08:50:50 ===
    ts_config_server:(6:<0.69.0>) Session 1 chosen

=INFO REPORT==== 3-Feb-2016::08:50:50 ===
    ts_config_server:(6:<0.69.0>) Session 1 chosen

=INFO REPORT==== 3-Feb-2016::08:50:50 ===
           ts_client:(6:<0.405.0>) Session ending 

=INFO REPORT==== 3-Feb-2016::08:50:50 ===
    ts_config_server:(6:<0.69.0>) Session 1 chosen

=INFO REPORT==== 3-Feb-2016::08:50:50 ===
           ts_client:(6:<0.398.0>) Session ending 

=INFO REPORT==== 3-Feb-2016::08:50:51 ===
    ts_config_server:(6:<0.69.0>) Session 1 chosen

=INFO REPORT==== 3-Feb-2016::08:50:51 ===
    ts_config_server:(6:<0.69.0>) Session 1 chosen

=INFO REPORT==== 3-Feb-2016::08:50:51 ===
    ts_config_server:(6:<0.69.0>) Session 1 chosen

=INFO REPORT==== 3-Feb-2016::08:50:51 ===
           ts_client:(6:<0.408.0>) Session ending 

=INFO REPORT==== 3-Feb-2016::08:50:51 ===
           ts_client:(6:<0.414.0>) Session ending 

=INFO REPORT==== 3-Feb-2016::08:50:51 ===
    ts_config_server:(6:<0.69.0>) Session 1 chosen

=INFO REPORT==== 3-Feb-2016::08:50:51 ===
           ts_client:(6:<0.422.0>) Session ending 

=INFO REPORT==== 3-Feb-2016::08:50:51 ===
    ts_config_server:(6:<0.69.0>) Session 1 chosen

=INFO REPORT==== 3-Feb-2016::08:50:52 ===
           ts_client:(6:<0.410.0>) Session ending 

=INFO REPORT==== 3-Feb-2016::08:50:52 ===
    ts_config_server:(6:<0.69.0>) Session 1 chosen

=INFO REPORT==== 3-Feb-2016::08:50:52 ===
    ts_config_server:(6:<0.69.0>) Session 1 chosen

=INFO REPORT==== 3-Feb-2016::08:50:52 ===
    ts_config_server:(6:<0.69.0>) Session 1 chosen

=INFO REPORT==== 3-Feb-2016::08:50:52 ===
           ts_client:(6:<0.413.0>) Session ending 

=INFO REPORT==== 3-Feb-2016::08:50:52 ===
           ts_client:(6:<0.391.0>) Session ending 

=INFO REPORT==== 3-Feb-2016::08:50:52 ===
           ts_client:(6:<0.415.0>) Session ending 

=INFO REPORT==== 3-Feb-2016::08:50:52 ===
    ts_config_server:(6:<0.69.0>) Session 1 chosen

=INFO REPORT==== 3-Feb-2016::08:50:52 ===
    ts_config_server:(6:<0.69.0>) Session 1 chosen

=INFO REPORT==== 3-Feb-2016::08:50:52 ===
           ts_client:(6:<0.401.0>) Session ending 

=INFO REPORT==== 3-Feb-2016::08:50:52 ===
           ts_client:(6:<0.393.0>) Session ending 

=INFO REPORT==== 3-Feb-2016::08:50:52 ===
           ts_client:(6:<0.402.0>) Session ending 

=INFO REPORT==== 3-Feb-2016::08:50:52 ===
           ts_client:(6:<0.403.0>) Session ending 

=INFO REPORT==== 3-Feb-2016::08:50:52 ===
           ts_client:(6:<0.395.0>) Session ending 

=INFO REPORT==== 3-Feb-2016::08:50:52 ===
    ts_config_server:(6:<0.69.0>) Session 1 chosen

=INFO REPORT==== 3-Feb-2016::08:50:52 ===
    ts_config_server:(6:<0.69.0>) Session 1 chosen

=INFO REPORT==== 3-Feb-2016::08:50:52 ===
           ts_client:(6:<0.359.0>) Session ending 

=INFO REPORT==== 3-Feb-2016::08:50:53 ===
    ts_config_server:(6:<0.69.0>) Session 1 chosen

=INFO REPORT==== 3-Feb-2016::08:50:53 ===
           ts_client:(6:<0.384.0>) Session ending 

=INFO REPORT==== 3-Feb-2016::08:50:53 ===
    ts_config_server:(6:<0.69.0>) Session 1 chosen

=INFO REPORT==== 3-Feb-2016::08:50:53 ===
         ts_launcher:(5:<0.127.0>) This was the last phase, wait for connected users to finish their session

=INFO REPORT==== 3-Feb-2016::08:50:53 ===
         ts_launcher:(6:<0.127.0>) launcher terminating for reason normal

=INFO REPORT==== 3-Feb-2016::08:50:53 ===
     ts_launcher_mgr:(6:<0.121.0>) All launchers are done on node 'tsung_controller_67@Wonko-the-Sane', wait for active clients to finish

=INFO REPORT==== 3-Feb-2016::08:50:53 ===
           ts_client:(6:<0.431.0>) Session ending 

=INFO REPORT==== 3-Feb-2016::08:50:53 ===
           ts_client:(6:<0.424.0>) Session ending 

=INFO REPORT==== 3-Feb-2016::08:50:54 ===
           ts_client:(6:<0.418.0>) Session ending 

=INFO REPORT==== 3-Feb-2016::08:50:54 ===
           ts_client:(6:<0.428.0>) Session ending 

=INFO REPORT==== 3-Feb-2016::08:50:54 ===
           ts_client:(6:<0.427.0>) Session ending 

=INFO REPORT==== 3-Feb-2016::08:50:55 ===
           ts_client:(6:<0.417.0>) Session ending 

=INFO REPORT==== 3-Feb-2016::08:50:55 ===
           ts_client:(6:<0.429.0>) Session ending 

=INFO REPORT==== 3-Feb-2016::08:50:55 ===
           ts_client:(6:<0.430.0>) Session ending 

=INFO REPORT==== 3-Feb-2016::08:50:55 ===
           ts_client:(6:<0.382.0>) Session ending 

=INFO REPORT==== 3-Feb-2016::08:50:55 ===
           ts_client:(6:<0.386.0>) Session ending 

=INFO REPORT==== 3-Feb-2016::08:50:55 ===
           ts_client:(6:<0.411.0>) Session ending 

=INFO REPORT==== 3-Feb-2016::08:50:55 ===
           ts_client:(6:<0.432.0>) Session ending 

=INFO REPORT==== 3-Feb-2016::08:50:55 ===
           ts_client:(6:<0.421.0>) Session ending 

=WARNING REPORT==== 3-Feb-2016::08:50:55 ===
OS_MON (cpu_sup), util/1 unavailable for this OS

=INFO REPORT==== 3-Feb-2016::08:50:55 ===
           ts_client:(6:<0.394.0>) Session ending 

=INFO REPORT==== 3-Feb-2016::08:50:55 ===
           ts_client:(6:<0.347.0>) Session ending 

=INFO REPORT==== 3-Feb-2016::08:50:56 ===
           ts_client:(6:<0.399.0>) Session ending 

=INFO REPORT==== 3-Feb-2016::08:50:56 ===
           ts_client:(6:<0.425.0>) Session ending 

=INFO REPORT==== 3-Feb-2016::08:50:56 ===
           ts_client:(6:<0.358.0>) Session ending 

=INFO REPORT==== 3-Feb-2016::08:50:57 ===
           ts_client:(6:<0.367.0>) Session ending 

=INFO REPORT==== 3-Feb-2016::08:50:58 ===
           ts_client:(6:<0.372.0>) Session ending 

=INFO REPORT==== 3-Feb-2016::08:50:58 ===
           ts_client:(6:<0.375.0>) Session ending 

=INFO REPORT==== 3-Feb-2016::08:50:59 ===
           ts_client:(6:<0.426.0>) Session ending 

=INFO REPORT==== 3-Feb-2016::08:51:02 ===
           ts_client:(6:<0.423.0>) Session ending 

=INFO REPORT==== 3-Feb-2016::08:51:05 ===
           ts_client:(6:<0.362.0>) Session ending 

=WARNING REPORT==== 3-Feb-2016::08:51:05 ===
OS_MON (cpu_sup), util/1 unavailable for this OS

=INFO REPORT==== 3-Feb-2016::08:51:06 ===
           ts_client:(6:<0.371.0>) Session ending 

=INFO REPORT==== 3-Feb-2016::08:51:08 ===
           ts_client:(6:<0.400.0>) Session ending 

=INFO REPORT==== 3-Feb-2016::08:51:10 ===
           ts_client:(6:<0.416.0>) Session ending 

=INFO REPORT==== 3-Feb-2016::08:51:10 ===
           ts_client:(6:<0.419.0>) Session ending 

=INFO REPORT==== 3-Feb-2016::08:51:10 ===
           ts_client:(6:<0.420.0>) Session ending 

=WARNING REPORT==== 3-Feb-2016::08:51:15 ===
OS_MON (cpu_sup), util/1 unavailable for this OS

=INFO REPORT==== 3-Feb-2016::08:51:17 ===
           ts_client:(6:<0.292.0>) Session ending 

=INFO REPORT==== 3-Feb-2016::08:51:20 ===
           ts_client:(6:<0.351.0>) Session ending 

=INFO REPORT==== 3-Feb-2016::08:51:24 ===
           ts_client:(6:<0.290.0>) Session ending 

=WARNING REPORT==== 3-Feb-2016::08:51:25 ===
OS_MON (cpu_sup), util/1 unavailable for this OS

=WARNING REPORT==== 3-Feb-2016::08:51:35 ===
OS_MON (cpu_sup), util/1 unavailable for this OS

=WARNING REPORT==== 3-Feb-2016::08:51:45 ===
OS_MON (cpu_sup), util/1 unavailable for this OS

=INFO REPORT==== 3-Feb-2016::08:51:54 ===
           ts_client:(6:<0.373.0>) Session ending 

=INFO REPORT==== 3-Feb-2016::08:51:55 ===
           ts_client:(6:<0.390.0>) Session ending 

=WARNING REPORT==== 3-Feb-2016::08:51:55 ===
OS_MON (cpu_sup), util/1 unavailable for this OS

=INFO REPORT==== 3-Feb-2016::08:52:02 ===
           ts_client:(6:<0.344.0>) Session ending 

=INFO REPORT==== 3-Feb-2016::08:52:02 ===
           ts_client:(6:<0.364.0>) Session ending 

=INFO REPORT==== 3-Feb-2016::08:52:03 ===
     ts_launcher_mgr:(5:<0.121.0>) No more active users 'tsung_controller_67@Wonko-the-Sane' "8173"

=INFO REPORT==== 3-Feb-2016::08:52:03 ===
              ts_mon:(6:<0.70.0>) Stop asked, no more users, last launcher stopped, OK to stop

=INFO REPORT==== 3-Feb-2016::08:52:03 ===
              ts_mon:(5:<0.70.0>) stopping monitor (normal)
