# stats: dump at 1454510864
stats: users 4 4
stats: {cpu,"tsung_controller_67@Wonko-the-Sane"} 1 0 0 0 0 0 0
stats: {load,"tsung_controller_67@Wonko-the-Sane"} 1 2.51171875 0 2.51171875 2.51171875 0 0
stats: {freemem,"tsung_controller_67@Wonko-the-Sane"} 1 76.890625 0 76.890625 76.890625 0 0
stats: users_count 4 4
stats: finish_users_count 0 0
# stats: dump at 1454510874
stats: users 8 8
stats: {cpu,"tsung_controller_67@Wonko-the-Sane"} 1 0.0 0.0 0 0 0.0 1
stats: {load,"tsung_controller_67@Wonko-the-Sane"} 1 2.59375 0.0 2.59375 2.51171875 2.51171875 1
stats: {freemem,"tsung_controller_67@Wonko-the-Sane"} 1 67.36328125 0.0 76.890625 67.36328125 76.890625 1
stats: users_count 4 8
stats: finish_users_count 0 0
stats: error_connect_nxdomain 5 5
# stats: dump at 1454510884
stats: users 13 13
stats: {cpu,"tsung_controller_67@Wonko-the-Sane"} 1 0.0 0.0 0 0 0.0 2
stats: {load,"tsung_controller_67@Wonko-the-Sane"} 1 2.58203125 0.0 2.59375 2.51171875 2.552734375 2
stats: {freemem,"tsung_controller_67@Wonko-the-Sane"} 1 47.7421875 0.0 76.890625 47.7421875 72.126953125 2
stats: users_count 5 13
stats: finish_users_count 0 0
stats: error_connect_nxdomain 10 15
# stats: dump at 1454510894
stats: users 0 13
stats: {cpu,"tsung_controller_67@Wonko-the-Sane"} 1 0.0 0.0 0 0 0.0 3
stats: {load,"tsung_controller_67@Wonko-the-Sane"} 1 2.3359375 0.0 2.59375 2.3359375 2.5625 3
stats: {freemem,"tsung_controller_67@Wonko-the-Sane"} 1 56.03515625 0.0 76.890625 47.7421875 63.998697916666664 3
stats: session 13 20045.751502403848 8239.66052242815 30115.302001953125 8239.5009765625 0 0
stats: users_count 0 13
stats: finish_users_count 13 13
stats: request 9 3185.1299099392363 8.567323032859461 3196.277099609375 3174.969970703125 0 0
stats: connect 9 3123.81103515625 7.6012426868617045 3132.8681640625 3115.239990234375 0 0
stats: page 9 3185.1299099392363 8.567323032859461 3196.277099609375 3174.969970703125 0 0
stats: error_connect_nxdomain 19 34
stats: 200 9 9
stats: size_rcv 72 72
stats: size_sent 1304 1304
stats: connected 0 0
stats: error_abort_max_conn_retries 4 4
# stats: dump at 1454510904
stats: users 0 13
stats: {cpu,"tsung_controller_67@Wonko-the-Sane"} 1 0.0 0.0 0 0 0.0 4
stats: {load,"tsung_controller_67@Wonko-the-Sane"} 1 2.37109375 0.0 2.59375 2.3359375 2.505859375 4
stats: {freemem,"tsung_controller_67@Wonko-the-Sane"} 1 65.6171875 0.0 76.890625 47.7421875 62.0078125 4
stats: session 2 2621.49853515625 1503.221435546875 30115.302001953125 1118.277099609375 20045.751502403848 13
stats: users_count 2 15
stats: finish_users_count 2 15
stats: request 2 2619.7410888671875 1503.3399658203125 4123.0810546875 1116.401123046875 3185.1299099392363 9
stats: connect 2 2561.60498046875 1502.639892578125 4064.244873046875 1058.965087890625 3123.81103515625 9
stats: page 2 2619.7410888671875 1503.3399658203125 4123.0810546875 1116.401123046875 3185.1299099392363 9
stats: error_connect_nxdomain 0 34
stats: 200 2 11
stats: size_rcv 16 88
stats: size_sent 296 1600
stats: connected 0 0
stats: error_abort_max_conn_retries 0 4
# stats: dump at 1454510914
stats: users 0 13
stats: {cpu,"tsung_controller_67@Wonko-the-Sane"} 1 0.0 0.0 0 0 0.0 5
stats: {load,"tsung_controller_67@Wonko-the-Sane"} 1 2.23828125 0.0 2.59375 2.23828125 2.47890625 5
stats: {freemem,"tsung_controller_67@Wonko-the-Sane"} 1 64.57421875 0.0 76.890625 47.7421875 62.7296875 5
stats: session 0 0 0 30115.302001953125 1118.277099609375 17722.5177734375 15
stats: users_count 0 15
stats: finish_users_count 0 15
stats: request 0 0 0 4123.0810546875 1116.401123046875 3082.331942471591 11
stats: connect 0 0 0 4064.244873046875 1058.965087890625 3021.5917524857955 11
stats: page 0 0 0 4123.0810546875 1116.401123046875 3082.331942471591 11
stats: error_connect_nxdomain 0 34
stats: 200 0 11
stats: size_rcv 0 88
stats: size_sent 0 1600
stats: connected 0 0
stats: error_abort_max_conn_retries 0 4
# stats: dump at 1454510924
stats: users 3 13
stats: {cpu,"tsung_controller_67@Wonko-the-Sane"} 1 0.0 0.0 0 0 0.0 6
stats: {load,"tsung_controller_67@Wonko-the-Sane"} 1 2.34765625 0.0 2.59375 2.23828125 2.4388020833333335 6
stats: {freemem,"tsung_controller_67@Wonko-the-Sane"} 1 69.1953125 0.0 76.890625 47.7421875 63.037109375 6
stats: session 6 286.7503255208333 377.29263687538275 30115.302001953125 117.7119140625 17722.5177734375 15
stats: users_count 9 24
stats: finish_users_count 6 21
stats: request 6 284.558349609375 377.15375856762495 4123.0810546875 115.162841796875 3082.331942471591 11
stats: connect 6 226.05485026041666 376.5438188471511 4064.244873046875 56.991943359375 3021.5917524857955 11
stats: page 6 284.558349609375 377.15375856762495 4123.0810546875 115.162841796875 3082.331942471591 11
stats: error_connect_nxdomain 0 34
stats: 200 6 17
stats: size_rcv 48 136
stats: newphase 1 1
stats: size_sent 880 2480
stats: connected 0 0
stats: error_abort_max_conn_retries 0 4
# stats: dump at 1454510934
stats: users 1 13
stats: {cpu,"tsung_controller_67@Wonko-the-Sane"} 1 0.0 0.0 0 0 0.0 7
stats: {load,"tsung_controller_67@Wonko-the-Sane"} 1 2.36328125 0.0 2.59375 2.23828125 2.42578125 7
stats: {freemem,"tsung_controller_67@Wonko-the-Sane"} 1 69.41015625 0.0 76.890625 47.7421875 63.91685267857143 7
stats: session 8 3013.1384887695313 3349.9484080345906 30115.302001953125 117.7119140625 12740.869931175595 21
stats: users_count 6 30
stats: finish_users_count 8 29
stats: request 8 3011.141632080078 3349.970989600986 11179.025146484375 115.162841796875 2094.882439108456 17
stats: connect 8 2948.9232788085938 3351.237146534567 11118.434814453125 56.991943359375 2034.9316693474266 17
stats: page 8 3011.141632080078 3349.970989600986 11179.025146484375 115.162841796875 2094.882439108456 17
stats: error_connect_nxdomain 0 34
stats: 200 8 25
stats: size_rcv 64 200
stats: newphase 0 1
stats: size_sent 1168 3648
stats: connected 0 0
stats: error_abort_max_conn_retries 0 4
# stats: dump at 1454510944
stats: users 3 13
stats: {cpu,"tsung_controller_67@Wonko-the-Sane"} 1 0.0 0.0 0 0 0.0 8
stats: {load,"tsung_controller_67@Wonko-the-Sane"} 1 2.30078125 0.0 2.59375 2.23828125 2.41796875 8
stats: {freemem,"tsung_controller_67@Wonko-the-Sane"} 1 73.3125 0.0 76.890625 47.7421875 64.603515625 8
stats: session 5 2331.42138671875 2650.598766853612 30115.302001953125 117.7119140625 10057.357809132543 29
stats: users_count 7 37
stats: finish_users_count 5 34
stats: request 5 2329.470751953125 2650.6990809062863 11179.025146484375 115.162841796875 2388.085380859375 25
stats: connect 6 2236.209187825521 2421.0423695172485 11118.434814453125 56.991943359375 2327.408984375 25
stats: page 5 2329.470751953125 2650.6990809062863 11179.025146484375 115.162841796875 2388.085380859375 25
stats: error_connect_nxdomain 0 34
stats: 200 5 30
stats: size_rcv 40 240
stats: newphase 0 1
stats: size_sent 864 4512
stats: connected 1 1
stats: error_abort_max_conn_retries 0 4
# stats: dump at 1454510954
stats: users 6 13
stats: {cpu,"tsung_controller_67@Wonko-the-Sane"} 1 0.0 0.0 0 0 0.0 9
stats: {load,"tsung_controller_67@Wonko-the-Sane"} 1 2.171875 0.0 2.59375 2.171875 2.4049479166666665 9
stats: {freemem,"tsung_controller_67@Wonko-the-Sane"} 1 68.84765625 0.0 76.890625 47.7421875 65.57118055555556 9
stats: session 7 1558.999755859375 1183.5277534552154 30115.302001953125 117.7119140625 8921.190688189337 34
stats: users_count 10 47
stats: finish_users_count 7 41
stats: request 6 1294.3431803385417 1072.3551268099804 11179.025146484375 115.162841796875 2378.3162760416667 30
stats: connect 6 1403.0259602864583 1253.5545823878133 11118.434814453125 56.991943359375 2309.7574108492945 31
stats: page 6 1294.3431803385417 1072.3551268099804 11179.025146484375 115.162841796875 2378.3162760416667 30
stats: error_connect_nxdomain 0 34
stats: 200 6 36
stats: size_rcv 48 288
stats: newphase 0 1
stats: size_sent 896 5408
stats: connected 0 1
stats: error_abort_max_conn_retries 0 4
# stats: dump at 1454510964
stats: users 2 13
stats: {cpu,"tsung_controller_67@Wonko-the-Sane"} 1 0.0 0.0 0 0 0.0 10
stats: {load,"tsung_controller_67@Wonko-the-Sane"} 1 2.3671875 0.0 2.59375 2.171875 2.381640625 10
stats: {freemem,"tsung_controller_67@Wonko-the-Sane"} 1 67.8125 0.0 76.890625 47.7421875 65.898828125 10
stats: session 8 3518.4610290527344 1585.0496419868953 30115.302001953125 117.7119140625 7664.2312607183685 41
stats: users_count 4 51
stats: finish_users_count 8 49
stats: request 9 3473.964898003472 1499.0350388827321 11179.025146484375 115.162841796875 2197.654093424479 36
stats: connect 8 3456.8430786132813 1585.6440235776618 11118.434814453125 56.991943359375 2162.7198783255913 37
stats: page 9 3473.964898003472 1499.0350388827321 11179.025146484375 115.162841796875 2197.654093424479 36
stats: error_connect_nxdomain 0 34
stats: 200 9 45
stats: size_rcv 72 360
stats: newphase 0 1
stats: size_sent 1152 6560
stats: connected -1 0
stats: error_abort_max_conn_retries 0 4
# stats: dump at 1454510974
stats: users 1 13
stats: {cpu,"tsung_controller_67@Wonko-the-Sane"} 1 0.0 0.0 0 0 0.0 11
stats: {load,"tsung_controller_67@Wonko-the-Sane"} 1 2.46484375 0.0 2.59375 2.171875 2.3803267045454546 11
stats: {freemem,"tsung_controller_67@Wonko-the-Sane"} 1 70.85546875 0.0 76.890625 47.7421875 66.07279829545455 11
stats: session 11 1400.5981001420455 1220.4780682030187 30115.302001953125 116.421875 6987.370814732143 49
stats: users_count 10 61
stats: finish_users_count 11 60
stats: request 11 1398.6742054332387 1220.5168165554187 11179.025146484375 114.683837890625 2452.9162543402776 45
stats: connect 11 1338.7573020241477 1220.1597084346981 11118.434814453125 56.409912109375 2392.7862250434027 45
stats: page 11 1398.6742054332387 1220.5168165554187 11179.025146484375 114.683837890625 2452.9162543402776 45
stats: error_connect_nxdomain 0 34
stats: 200 11 56
stats: size_rcv 88 448
stats: newphase 0 1
stats: size_sent 1600 8160
stats: connected 0 0
stats: error_abort_max_conn_retries 0 4
# stats: dump at 1454510984
stats: users 5 13
stats: {cpu,"tsung_controller_67@Wonko-the-Sane"} 1 0.0 0.0 0 0 0.0 12
stats: {load,"tsung_controller_67@Wonko-the-Sane"} 1 2.390625 0.0 2.59375 2.171875 2.3873697916666665 12
stats: {freemem,"tsung_controller_67@Wonko-the-Sane"} 1 69.69921875 0.0 76.890625 47.7421875 66.47135416666667 12
stats: session 13 1051.6101825420674 1281.765969235729 30115.302001953125 116.421875 5963.129150390625 60
stats: users_count 17 78
stats: finish_users_count 13 73
stats: request 13 1049.703350360577 1281.776041196621 11179.025146484375 114.349853515625 2245.832994733538 56
stats: connect 13 990.8928973858173 1281.7129066394018 11118.434814453125 56.409912109375 2185.7448294503347 56
stats: page 13 1049.703350360577 1281.776041196621 11179.025146484375 114.349853515625 2245.832994733538 56
stats: error_connect_nxdomain 0 34
stats: 200 13 69
stats: size_rcv 104 552
stats: newphase 0 1
stats: size_sent 1888 10048
stats: connected 0 0
stats: error_abort_max_conn_retries 0 4
# stats: dump at 1454510994
stats: users 4 13
stats: {cpu,"tsung_controller_67@Wonko-the-Sane"} 1 0.0 0.0 0 0 0.0 13
stats: {load,"tsung_controller_67@Wonko-the-Sane"} 1 2.32421875 0.0 2.59375 2.171875 2.3876201923076925 13
stats: {freemem,"tsung_controller_67@Wonko-the-Sane"} 1 63.86328125 0.0 76.890625 47.7421875 66.7196514423077 13
stats: session 5 2129.312548828125 899.9323728234057 30115.302001953125 116.421875 5088.475087623074 73
stats: users_count 4 82
stats: finish_users_count 5 78
stats: request 5 2127.21455078125 900.0880788478876 11179.025146484375 114.349853515625 2020.4752356487772 69
stats: connect 5 2068.131591796875 900.1885977325654 11118.434814453125 56.409912109375 1960.6277987715127 69
stats: page 5 2127.21455078125 900.0880788478876 11179.025146484375 114.349853515625 2020.4752356487772 69
stats: error_connect_nxdomain 0 34
stats: 200 5 74
stats: size_rcv 40 592
stats: newphase 0 1
stats: size_sent 728 10776
stats: connected 0 0
stats: error_abort_max_conn_retries 0 4
# stats: dump at 1454511004
stats: users 2 13
stats: {cpu,"tsung_controller_67@Wonko-the-Sane"} 1 0.0 0.0 0 0 0.0 14
stats: {load,"tsung_controller_67@Wonko-the-Sane"} 1 2.34765625 0.0 2.59375 2.171875 2.383091517857143 14
stats: {freemem,"tsung_controller_67@Wonko-the-Sane"} 1 66.37890625 0.0 76.890625 47.7421875 66.515625 14
stats: session 7 14475.149518694196 26395.43881315542 78517.87084960938 116.421875 4898.785181290064 78
stats: users_count 5 87
stats: finish_users_count 7 85
stats: request 6 16865.900065104168 27798.415010240784 78515.46411132813 114.349853515625 2027.6873515361065 74
stats: connect 7 14414.240199497768 26394.8502022571 78455.412109375 56.409912109375 1967.8915685705238 74
stats: page 6 16865.900065104168 27798.415010240784 78515.46411132813 114.349853515625 2027.6873515361065 74
stats: error_connect_nxdomain 0 34
stats: 200 6 80
stats: size_rcv 48 640
stats: newphase 0 1
stats: size_sent 1024 11800
stats: connected 1 1
stats: error_abort_max_conn_retries 0 4
# stats: dump at 1454511014
stats: users 3 13
stats: {cpu,"tsung_controller_67@Wonko-the-Sane"} 1 0.0 0.0 0 0 0.0 15
stats: {load,"tsung_controller_67@Wonko-the-Sane"} 1 2.37109375 0.0 2.59375 2.171875 2.380729166666667 15
stats: {freemem,"tsung_controller_67@Wonko-the-Sane"} 1 57.921875 0.0 76.890625 47.7421875 66.50651041666667 15
stats: session 11 2501.252752130682 2945.164952273049 78517.87084960938 116.421875 5687.426950252758 85
stats: users_count 12 99
stats: finish_users_count 11 96
stats: request 12 2300.6865234375 2895.704747608797 78515.46411132813 114.349853515625 3140.553305053711 80
stats: connect 11 2439.8983931107955 2944.9252526660744 78455.412109375 56.409912109375 3043.5019440827546 81
stats: page 12 2300.6865234375 2895.704747608797 78515.46411132813 114.349853515625 3140.553305053711 80
stats: error_connect_nxdomain 0 34
stats: 200 12 92
stats: size_rcv 96 736
stats: newphase 0 1
stats: size_sent 1608 13408
stats: connected -1 0
stats: error_abort_max_conn_retries 0 4
# stats: dump at 1454511024
stats: users 6 13
stats: {cpu,"tsung_controller_67@Wonko-the-Sane"} 1 0.0 0.0 0 0 0.0 16
stats: {load,"tsung_controller_67@Wonko-the-Sane"} 1 2.24609375 0.0 2.59375 2.171875 2.380126953125 16
stats: {freemem,"tsung_controller_67@Wonko-the-Sane"} 1 69.171875 0.0 76.890625 47.7421875 65.969970703125 16
stats: session 11 1217.8198908025568 999.9206698072103 78517.87084960938 116.421875 5322.34449005127 96
stats: users_count 14 113
stats: finish_users_count 11 107
stats: request 10 1023.4418212890625 832.4758437481833 78515.46411132813 114.349853515625 3031.0054639733357 92
stats: connect 10 963.748828125 832.5078454814408 78455.412109375 56.409912109375 2971.3319542926292 92
stats: page 10 1023.4418212890625 832.4758437481833 78515.46411132813 114.349853515625 3031.0054639733357 92
stats: error_connect_nxdomain 0 34
stats: 200 10 102
stats: size_rcv 80 816
stats: newphase 0 1
stats: size_sent 1448 14856
stats: connected 0 0
stats: error_abort_max_conn_retries 0 4
# stats: dump at 1454511034
stats: users 3 13
stats: {cpu,"tsung_controller_67@Wonko-the-Sane"} 1 0.0 0.0 0 0 0.0 17
stats: {load,"tsung_controller_67@Wonko-the-Sane"} 1 1.98046875 0.0 2.59375 1.98046875 2.3722426470588234 17
stats: {freemem,"tsung_controller_67@Wonko-the-Sane"} 1 55.33984375 0.0 76.890625 47.7421875 66.15831801470588 17
stats: session 5 4342.76962890625 4188.167933055042 78517.87084960938 116.421875 4900.384017231309 107
stats: users_count 2 115
stats: finish_users_count 5 112
stats: request 6 4140.3170166015625 3849.573282874584 78515.46411132813 114.349853515625 2834.1854990042893 102
stats: connect 6 4081.654296875 3849.9942535235305 78455.412109375 56.409912109375 2774.5100791781556 102
stats: page 6 4140.3170166015625 3849.573282874584 78515.46411132813 114.349853515625 2834.1854990042893 102
stats: error_connect_nxdomain 0 34
stats: 200 6 108
stats: size_rcv 48 864
stats: newphase 0 1
stats: size_sent 880 15736
stats: connected 0 0
stats: error_abort_max_conn_retries 0 4
# stats: dump at 1454511044
stats: users 7 13
stats: {cpu,"tsung_controller_67@Wonko-the-Sane"} 1 0.0 0.0 0 0 0.0 18
stats: {load,"tsung_controller_67@Wonko-the-Sane"} 1 2.12890625 0.0 2.59375 1.98046875 2.3504774305555554 18
stats: {freemem,"tsung_controller_67@Wonko-the-Sane"} 1 76.17578125 0.0 76.890625 47.7421875 65.55729166666667 18
stats: session 10 220.61923828125 304.5220934908678 78517.87084960938 116.421875 4875.4905177525125 112
stats: users_count 14 129
stats: finish_users_count 10 122
stats: request 10 218.7428955078125 304.53344457414846 78515.46411132813 114.349853515625 2906.7483610930267 108
stats: connect 10 159.739111328125 304.55749676444964 78455.412109375 56.409912109375 2847.129202383536 108
stats: page 10 218.7428955078125 304.53344457414846 78515.46411132813 114.349853515625 2906.7483610930267 108
stats: error_connect_nxdomain 0 34
stats: 200 10 118
stats: size_rcv 80 944
stats: newphase 1 2
stats: size_sent 1448 17184
stats: connected 0 0
stats: error_abort_max_conn_retries 0 4
# stats: dump at 1454511054
stats: users 34 40
stats: {cpu,"tsung_controller_67@Wonko-the-Sane"} 1 0.0 0.0 0 0 0.0 19
stats: {load,"tsung_controller_67@Wonko-the-Sane"} 1 2.1171875 0.0 2.59375 1.98046875 2.338815789473684 19
stats: {freemem,"tsung_controller_67@Wonko-the-Sane"} 1 73.82421875 0.0 76.890625 47.7421875 66.11615953947368 19
stats: session 59 2773.4956096067262 8660.69276234436 78517.87084960938 116.421875 4493.943691566343 122
stats: users_count 86 215
stats: finish_users_count 59 181
stats: request 59 2771.4435621358584 8660.627220844912 78515.46411132813 114.349853515625 2678.9512877383477 118
stats: connect 59 2712.3015881554556 8660.749785233225 78455.412109375 56.409912109375 2619.384279412738 118
stats: page 59 2771.4435621358584 8660.627220844912 78515.46411132813 114.349853515625 2678.9512877383477 118
stats: error_connect_nxdomain 0 34
stats: 200 59 177
stats: size_rcv 472 1416
stats: newphase 0 2
stats: size_sent 8592 25776
stats: connected 0 0
stats: error_abort_max_conn_retries 0 4
# stats: dump at 1454511064
stats: users 13 40
stats: {cpu,"tsung_controller_67@Wonko-the-Sane"} 1 0.0 0.0 0 0 0.0 20
stats: {load,"tsung_controller_67@Wonko-the-Sane"} 1 2.015625 0.0 2.59375 1.98046875 2.327734375 20
stats: {freemem,"tsung_controller_67@Wonko-the-Sane"} 1 60.8203125 0.0 76.890625 47.7421875 66.5015625 20
stats: session 21 6496.27312360491 3565.8100186199804 78517.87084960938 116.421875 3933.1346482756394 181
stats: users_count 0 215
stats: finish_users_count 21 202
stats: request 21 6494.338181268601 3565.769153509052 78515.46411132813 114.349853515625 2709.782045870851 177
stats: connect 21 6435.453810918899 3565.9627351717813 78455.412109375 56.409912109375 2650.356715660311 177
stats: page 21 6494.338181268601 3565.769153509052 78515.46411132813 114.349853515625 2709.782045870851 177
stats: error_connect_nxdomain 0 34
stats: 200 21 198
stats: size_rcv 168 1584
stats: newphase 0 2
stats: size_sent 3064 28840
stats: connected 0 0
stats: error_abort_max_conn_retries 0 4
# stats: dump at 1454511074
stats: users 7 40
stats: {cpu,"tsung_controller_67@Wonko-the-Sane"} 1 0.0 0.0 0 0 0.0 21
stats: {load,"tsung_controller_67@Wonko-the-Sane"} 1 2.09375 0.0 2.59375 1.98046875 2.3128720238095237 21
stats: {freemem,"tsung_controller_67@Wonko-the-Sane"} 1 53.00390625 0.0 76.890625 47.7421875 66.23102678571429 21
stats: session 6 19334.29170735677 51.359792293036094 78517.87084960938 116.421875 4199.5995392752175 202
stats: users_count 0 215
stats: finish_users_count 6 208
stats: request 6 19332.330159505207 51.456821229277956 78515.46411132813 114.349853515625 3111.1743632615216 198
stats: connect 6 19272.386800130207 51.382236394864535 78455.412109375 56.409912109375 3051.806407581676 198
stats: page 6 19332.330159505207 51.456821229277956 78515.46411132813 114.349853515625 3111.1743632615216 198
stats: error_connect_nxdomain 0 34
stats: 200 6 204
stats: size_rcv 48 1632
stats: newphase 0 2
stats: size_sent 880 29720
stats: connected 0 0
stats: error_abort_max_conn_retries 0 4
# stats: dump at 1454511084
stats: users 5 40
stats: {cpu,"tsung_controller_67@Wonko-the-Sane"} 1 0.0 0.0 0 0 0.0 22
stats: {load,"tsung_controller_67@Wonko-the-Sane"} 1 1.92578125 0.0 2.59375 1.92578125 2.3029119318181817 22
stats: {freemem,"tsung_controller_67@Wonko-the-Sane"} 1 45.17578125 0.0 76.890625 45.17578125 65.62979403409092 22
stats: session 2 51565.92687988281 16098.890991210938 78517.87084960938 116.421875 4636.177197969878 208
stats: users_count 0 215
stats: finish_users_count 2 210
stats: request 2 51564.04309082031 16098.619995117188 78515.46411132813 114.349853515625 3588.2671807981005 204
stats: connect 2 51504.948486328125 16099.572509765625 78455.412109375 56.409912109375 3528.8823014801624 204
stats: page 2 51564.04309082031 16098.619995117188 78515.46411132813 114.349853515625 3588.2671807981005 204
stats: error_connect_nxdomain 0 34
stats: 200 2 206
stats: size_rcv 16 1648
stats: newphase 0 2
stats: size_sent 288 30008
stats: connected 0 0
stats: error_abort_max_conn_retries 0 4
# stats: dump at 1454511094
stats: users 4 40
stats: {cpu,"tsung_controller_67@Wonko-the-Sane"} 1 0.0 0.0 0 0 0.0 23
stats: {load,"tsung_controller_67@Wonko-the-Sane"} 1 1.86328125 0.0 2.59375 1.86328125 2.286514945652174 23
stats: {freemem,"tsung_controller_67@Wonko-the-Sane"} 1 68.91015625 0.0 76.890625 45.17578125 64.7404891304348 23
stats: session 1 77692.955078125 0.0 78517.87084960938 116.421875 5083.127194940477 210
stats: users_count 0 215
stats: finish_users_count 1 211
stats: request 1 77691.31982421875 0.0 78515.46411132813 114.349853515625 4054.0514129342387 206
stats: connect 1 77632.44311523438 0.0 78455.412109375 56.409912109375 3994.669351818492 206
stats: page 1 77691.31982421875 0.0 78515.46411132813 114.349853515625 4054.0514129342387 206
stats: error_connect_nxdomain 0 34
stats: 200 1 207
stats: size_rcv 8 1656
stats: newphase 0 2
stats: size_sent 144 30152
stats: connected 0 0
stats: error_abort_max_conn_retries 0 4
# stats: dump at 1454511104
stats: users 4 40
stats: {cpu,"tsung_controller_67@Wonko-the-Sane"} 1 0.0 0.0 0 0 0.0 24
stats: {load,"tsung_controller_67@Wonko-the-Sane"} 1 1.73046875 0.0 2.59375 1.73046875 2.2688802083333335 24
stats: {freemem,"tsung_controller_67@Wonko-the-Sane"} 1 38.83984375 0.0 76.890625 38.83984375 64.91422526041667 24
stats: session 0 0 0 78517.87084960938 116.421875 5427.249601969788 211
stats: users_count 0 215
stats: finish_users_count 0 211
stats: request 0 0 0 78515.46411132813 114.349853515625 4409.787009124018 207
stats: connect 0 0 0 78455.412109375 56.409912109375 4350.407389322917 207
stats: page 0 0 0 78515.46411132813 114.349853515625 4409.787009124018 207
stats: error_connect_nxdomain 0 34
stats: 200 0 207
stats: size_rcv 0 1656
stats: newphase 0 2
stats: size_sent 0 30152
stats: connected 0 0
stats: error_abort_max_conn_retries 0 4
# stats: dump at 1454511114
stats: users 4 40
stats: {cpu,"tsung_controller_67@Wonko-the-Sane"} 1 0.0 0.0 0 0 0.0 25
stats: {load,"tsung_controller_67@Wonko-the-Sane"} 1 1.76953125 0.0 2.59375 1.73046875 2.24734375 25
stats: {freemem,"tsung_controller_67@Wonko-the-Sane"} 1 69.52734375 0.0 76.890625 38.83984375 63.87125 25
stats: session 0 0 0 78517.87084960938 116.421875 5427.249601969788 211
stats: users_count 0 215
stats: finish_users_count 0 211
stats: request 0 0 0 78515.46411132813 114.349853515625 4409.787009124018 207
stats: connect 0 0 0 78455.412109375 56.409912109375 4350.407389322917 207
stats: page 0 0 0 78515.46411132813 114.349853515625 4409.787009124018 207
stats: error_connect_nxdomain 0 34
stats: 200 0 207
stats: size_rcv 0 1656
stats: newphase 0 2
stats: size_sent 0 30152
stats: connected 0 0
stats: error_abort_max_conn_retries 0 4
# stats: dump at 1454511123
stats: users 0 40
stats: {cpu,"tsung_controller_67@Wonko-the-Sane"} 1 0.0 0.0 0 0 0.0 26
stats: {load,"tsung_controller_67@Wonko-the-Sane"} 1 1.7265625 0.0 2.59375 1.7265625 2.2289663461538463 26
stats: {freemem,"tsung_controller_67@Wonko-the-Sane"} 1 74.1875 0.0 76.890625 38.83984375 64.0887920673077 26
stats: session 4 72526.17572021484 5100.1587279071955 78587.48803710938 116.421875 5427.249601969788 211
stats: users_count 0 215
stats: finish_users_count 4 215
stats: request 4 72523.93298339844 5100.022214141605 78585.10205078125 114.349853515625 4409.787009124018 207
stats: connect 4 72459.53125 5094.234583939427 78514.501953125 56.409912109375 4350.407389322917 207
stats: page 4 72523.93298339844 5100.022214141605 78585.10205078125 114.349853515625 4409.787009124018 207
stats: error_connect_nxdomain 0 34
stats: 200 4 211
stats: size_rcv 32 1688
stats: newphase 0 2
stats: size_sent 584 30736
stats: connected 0 0
stats: error_abort_max_conn_retries 0 4
EndMonitor:{1454,511123,708579}
