# stats: dump at 1454347317
stats: users 0 1
stats: {freemem,"tsung_controller_36@Wonko-the-Sane"} 1 21.453125 0 21.453125 21.453125 0 0
stats: {cpu,"tsung_controller_36@Wonko-the-Sane"} 1 0 0 0 0 0 0
stats: {load,"tsung_controller_36@Wonko-the-Sane"} 1 1.1640625 0 1.1640625 1.1640625 0 0
stats: session 3 147.15999348958334 20.029647965755952 175.484130859375 132.701904296875 0 0
stats: users_count 3 3
stats: finish_users_count 3 3
stats: request 3 139.18375651041666 11.953070447765409 156.0830078125 130.380126953125 0 0
stats: connect 3 70.422607421875 13.874114018296686 89.89892578125 58.625 0 0
stats: page 3 139.18375651041666 11.953070447765409 156.0830078125 130.380126953125 0 0
stats: 200 3 3
stats: size_rcv 24 24
stats: size_sent 432 432
stats: connected 0 0
# stats: dump at 1454347327
stats: users 0 1
stats: {freemem,"tsung_controller_36@Wonko-the-Sane"} 1 23.125 0.0 23.125 21.453125 21.453125 1
stats: {cpu,"tsung_controller_36@Wonko-the-Sane"} 1 0.0 0.0 0 0 0.0 1
stats: {load,"tsung_controller_36@Wonko-the-Sane"} 1 1.28515625 0.0 1.28515625 1.1640625 1.1640625 1
stats: session 6 138.6956787109375 7.105089857692371 175.484130859375 130.05615234375 147.15999348958334 3
stats: users_count 6 9
stats: finish_users_count 6 9
stats: request 6 136.50252278645834 7.12561479317902 156.0830078125 127.592041015625 139.18375651041666 3
stats: connect 6 64.1976318359375 4.134728631701164 89.89892578125 58.625 70.422607421875 3
stats: page 6 136.50252278645834 7.12561479317902 156.0830078125 127.592041015625 139.18375651041666 3
stats: 200 6 9
stats: size_rcv 48 72
stats: size_sent 864 1296
stats: connected 0 0
# stats: dump at 1454347337
stats: users 0 1
stats: {freemem,"tsung_controller_36@Wonko-the-Sane"} 1 20.85546875 0.0 23.125 20.85546875 22.2890625 2
stats: {cpu,"tsung_controller_36@Wonko-the-Sane"} 1 0.0 0.0 0 0 0.0 2
stats: {load,"tsung_controller_36@Wonko-the-Sane"} 1 1.62890625 0.0 1.62890625 1.1640625 1.224609375 2
stats: session 2 133.9119873046875 0.7620849609375 175.484130859375 130.05615234375 141.51711697048611 9
stats: users_count 2 11
stats: finish_users_count 2 11
stats: request 2 131.860595703125 0.784423828125 156.0830078125 127.592041015625 137.39626736111111 9
stats: connect 2 60.319091796875 0.202880859375 89.89892578125 58.625 66.27262369791667 9
stats: page 2 131.860595703125 0.784423828125 156.0830078125 127.592041015625 137.39626736111111 9
stats: 200 2 11
stats: size_rcv 16 88
stats: size_sent 296 1592
stats: connected 0 0
# stats: dump at 1454347347
stats: users 0 1
stats: {freemem,"tsung_controller_36@Wonko-the-Sane"} 1 19.3828125 0.0 23.125 19.3828125 21.811197916666668 3
stats: {cpu,"tsung_controller_36@Wonko-the-Sane"} 1 0.0 0.0 0 0 0.0 3
stats: {load,"tsung_controller_36@Wonko-the-Sane"} 1 1.68359375 0.0 1.68359375 1.1640625 1.359375 3
stats: session 4 135.03302001953125 4.798043538559575 175.484130859375 130.05615234375 140.1343661221591 11
stats: users_count 4 15
stats: finish_users_count 4 15
stats: 200 4 15
stats: request 4 132.76202392578125 4.73664438784511 156.0830078125 127.592041015625 136.38978160511363 11
stats: connect 4 62.18310546875 3.4218530828392413 89.89892578125 57.6611328125 65.19016335227273 11
stats: page 4 132.76202392578125 4.73664438784511 156.0830078125 127.592041015625 136.38978160511363 11
stats: size_rcv 32 120
stats: size_sent 584 2176
stats: connected 0 0
# stats: dump at 1454347357
stats: users 0 1
stats: {freemem,"tsung_controller_36@Wonko-the-Sane"} 1 14.6328125 0.0 23.125 14.6328125 21.2041015625 4
stats: {cpu,"tsung_controller_36@Wonko-the-Sane"} 1 0.0 0.0 0 0 0.0 4
stats: {load,"tsung_controller_36@Wonko-the-Sane"} 1 1.73046875 0.0 1.73046875 1.1640625 1.4404296875 4
stats: session 0 0 0 175.484130859375 130.05615234375 138.77400716145834 15
stats: users_count 0 15
stats: finish_users_count 0 15
stats: 200 0 15
stats: request 0 0 0 156.0830078125 127.592041015625 135.42237955729166 15
stats: connect 0 0 0 89.89892578125 57.6611328125 64.38828125 15
stats: page 0 0 0 156.0830078125 127.592041015625 135.42237955729166 15
stats: size_rcv 0 120
stats: size_sent 0 2176
stats: connected 0 0
# stats: dump at 1454347367
stats: users 0 1
stats: {freemem,"tsung_controller_36@Wonko-the-Sane"} 1 20.5 0.0 23.125 14.6328125 19.88984375 5
stats: {cpu,"tsung_controller_36@Wonko-the-Sane"} 1 0.0 0.0 0 0 0.0 5
stats: {load,"tsung_controller_36@Wonko-the-Sane"} 1 2.09375 0.0 2.09375 1.1640625 1.4984375 5
stats: session 0 0 0 175.484130859375 130.05615234375 138.77400716145834 15
stats: users_count 0 15
stats: finish_users_count 0 15
stats: request 0 0 0 156.0830078125 127.592041015625 135.42237955729166 15
stats: 200 0 15
stats: connect 0 0 0 89.89892578125 57.6611328125 64.38828125 15
stats: page 0 0 0 156.0830078125 127.592041015625 135.42237955729166 15
stats: size_rcv 0 120
stats: size_sent 0 2176
stats: connected 0 0
# stats: dump at 1454347377
stats: users 0 1
stats: {freemem,"tsung_controller_36@Wonko-the-Sane"} 1 21.26953125 0.0 23.125 14.6328125 19.991536458333332 6
stats: {cpu,"tsung_controller_36@Wonko-the-Sane"} 1 0.0 0.0 0 0 0.0 6
stats: {load,"tsung_controller_36@Wonko-the-Sane"} 1 2.00390625 0.0 2.09375 1.1640625 1.59765625 6
stats: session 0 0 0 175.484130859375 130.05615234375 138.77400716145834 15
stats: users_count 0 15
stats: finish_users_count 0 15
stats: request 0 0 0 156.0830078125 127.592041015625 135.42237955729166 15
stats: connect 0 0 0 89.89892578125 57.6611328125 64.38828125 15
stats: page 0 0 0 156.0830078125 127.592041015625 135.42237955729166 15
stats: 200 0 15
stats: size_rcv 0 120
stats: newphase 1 1
stats: size_sent 0 2176
stats: connected 0 0
# stats: dump at 1454347387
stats: users 1 2
stats: {freemem,"tsung_controller_36@Wonko-the-Sane"} 1 23.078125 0.0 23.125 14.6328125 20.174107142857142 7
stats: {cpu,"tsung_controller_36@Wonko-the-Sane"} 1 0.0 0.0 0 0 0.0 7
stats: {load,"tsung_controller_36@Wonko-the-Sane"} 1 2.1484375 0.0 2.1484375 1.1640625 1.6556919642857142 7
stats: session 11 142.8040216619318 11.577141094880572 175.484130859375 128.27392578125 138.77400716145834 15
stats: users_count 12 27
stats: finish_users_count 11 26
stats: request 11 140.6297274502841 11.547652289510955 163.133056640625 126.037841796875 135.42237955729166 15
stats: connect 11 64.06139026988636 8.030966759038964 89.89892578125 57.482177734375 64.38828125 15
stats: page 11 140.6297274502841 11.547652289510955 163.133056640625 126.037841796875 135.42237955729166 15
stats: 200 11 26
stats: size_rcv 88 208
stats: newphase 0 1
stats: size_sent 1600 3776
stats: connected 0 0
# stats: dump at 1454347397
stats: users 0 2
stats: {freemem,"tsung_controller_36@Wonko-the-Sane"} 1 24.33203125 0.0 24.33203125 14.6328125 20.537109375 8
stats: {cpu,"tsung_controller_36@Wonko-the-Sane"} 1 0.0 0.0 0 0 0.0 8
stats: {load,"tsung_controller_36@Wonko-the-Sane"} 1 2.28125 0.0 2.28125 1.1640625 1.71728515625 8
stats: session 11 138.4161931818182 7.152382212477839 175.484130859375 127.450927734375 140.47901329627405 26
stats: users_count 10 37
stats: finish_users_count 11 37
stats: request 11 136.10835404829547 7.18050977607307 163.133056640625 125.31396484375 137.62548828125 26
stats: connect 11 61.21442205255682 3.148934672656863 89.89892578125 56.766845703125 64.24998121995192 26
stats: page 11 136.10835404829547 7.18050977607307 163.133056640625 125.31396484375 137.62548828125 26
stats: 200 11 37
stats: size_rcv 88 296
stats: newphase 0 1
stats: size_sent 1608 5384
stats: connected 0 0
# stats: dump at 1454347407
stats: users 0 3
stats: {freemem,"tsung_controller_36@Wonko-the-Sane"} 1 24.89453125 0.0 24.89453125 14.6328125 20.95876736111111 9
stats: {cpu,"tsung_controller_36@Wonko-the-Sane"} 1 0.0 0.0 0 0 0.0 9
stats: {load,"tsung_controller_36@Wonko-the-Sane"} 1 2.46484375 0.0 2.46484375 1.1640625 1.7799479166666667 9
stats: session 8 139.19134521484375 5.141108879618608 175.484130859375 127.450927734375 139.8657424514358 37
stats: users_count 8 45
stats: finish_users_count 8 45
stats: request 8 136.95065307617188 4.897907986589547 163.133056640625 125.31396484375 137.17444837415542 37
stats: connect 8 61.2249755859375 3.633724440687169 89.89892578125 56.766845703125 63.34751768369932 37
stats: page 8 136.95065307617188 4.897907986589547 163.133056640625 125.31396484375 137.17444837415542 37
stats: 200 8 45
stats: size_rcv 64 360
stats: newphase 0 1
stats: size_sent 1176 6560
stats: connected 0 0
# stats: dump at 1454347417
stats: users 0 3
stats: {freemem,"tsung_controller_36@Wonko-the-Sane"} 1 20.19140625 0.0 24.89453125 14.6328125 21.35234375 10
stats: {cpu,"tsung_controller_36@Wonko-the-Sane"} 1 0.0 0.0 0 0 0.0 10
stats: {load,"tsung_controller_36@Wonko-the-Sane"} 1 2.31640625 0.0 2.46484375 1.1640625 1.8484375 10
stats: session 18 137.52045355902777 5.50124382367741 175.484130859375 126.31298828125 139.745849609375 45
stats: users_count 18 63
stats: finish_users_count 18 63
stats: request 18 135.45604112413196 5.500481042917117 163.133056640625 124.3759765625 137.13466254340278 45
stats: connect 18 62.874593098958336 3.0051258941925933 89.89892578125 56.766845703125 62.97017686631944 45
stats: page 18 135.45604112413196 5.500481042917117 163.133056640625 124.3759765625 137.13466254340278 45
stats: 200 18 63
stats: size_rcv 144 504
stats: newphase 0 1
stats: size_sent 2616 9176
stats: connected 0 0
# stats: dump at 1454347427
stats: users 0 3
stats: {freemem,"tsung_controller_36@Wonko-the-Sane"} 1 31.09765625 0.0 31.09765625 14.6328125 21.246803977272727 11
stats: {cpu,"tsung_controller_36@Wonko-the-Sane"} 1 0.0 0.0 0 0 0.0 11
stats: {load,"tsung_controller_36@Wonko-the-Sane"} 1 2.11328125 0.0 2.46484375 1.1640625 1.8909801136363635 11
stats: session 14 136.49830845424108 4.978957039183762 175.484130859375 126.31298828125 139.11002216641864 63
stats: users_count 14 77
stats: finish_users_count 14 77
stats: request 14 134.32423618861608 5.0165994522337565 163.133056640625 124.3759765625 136.65505642361111 63
stats: 200 14 77
stats: connect 14 61.939697265625 2.434818268529638 89.89892578125 56.766845703125 62.94286721850198 63
stats: page 14 134.32423618861608 5.0165994522337565 163.133056640625 124.3759765625 136.65505642361111 63
stats: size_rcv 112 616
stats: newphase 0 1
stats: size_sent 2024 11200
stats: connected 0 0
# stats: dump at 1454347437
stats: users 0 3
stats: {freemem,"tsung_controller_36@Wonko-the-Sane"} 1 27.71484375 0.0 31.09765625 14.6328125 22.067708333333332 12
stats: {cpu,"tsung_controller_36@Wonko-the-Sane"} 1 0.0 0.0 0 0 0.0 12
stats: {load,"tsung_controller_36@Wonko-the-Sane"} 1 2.18359375 0.0 2.46484375 1.1640625 1.9095052083333333 12
stats: session 11 138.5042169744318 5.351720527984628 175.484130859375 126.31298828125 138.6351651278409 77
stats: users_count 11 88
stats: finish_users_count 11 88
stats: request 10 135.88759765625 5.408082475291149 163.133056640625 124.3759765625 136.23127092633928 77
stats: connect 11 63.54230291193182 2.156053921402343 89.89892578125 56.766845703125 62.76047268161526 77
stats: page 10 135.88759765625 5.408082475291149 163.133056640625 124.3759765625 136.23127092633928 77
stats: 200 10 87
stats: size_rcv 80 696
stats: newphase 0 1
stats: size_sent 1608 12808
stats: connected 1 1
# stats: dump at 1454347447
stats: users 0 3
stats: {freemem,"tsung_controller_36@Wonko-the-Sane"} 1 28.71875 0.0 31.09765625 14.6328125 22.502103365384617 13
stats: {cpu,"tsung_controller_36@Wonko-the-Sane"} 1 0.0 0.0 0 0 0.0 13
stats: {load,"tsung_controller_36@Wonko-the-Sane"} 1 2.078125 0.0 2.46484375 1.1640625 1.9305889423076923 13
stats: session 12 138.01432291666666 5.289470034584491 175.484130859375 126.31298828125 138.61879660866478 88
stats: users_count 12 100
stats: finish_users_count 12 100
stats: request 13 136.14699143629807 5.201943307579878 163.133056640625 124.3759765625 136.19176825161637 87
stats: connect 12 62.980305989583336 5.344330886527207 89.89892578125 56.766845703125 62.85820146040483 88
stats: page 13 136.14699143629807 5.201943307579878 163.133056640625 124.3759765625 136.19176825161637 87
stats: 200 13 100
stats: size_rcv 104 800
stats: newphase 0 1
stats: size_sent 1752 14560
stats: connected -1 0
# stats: dump at 1454347457
stats: users 0 3
stats: {freemem,"tsung_controller_36@Wonko-the-Sane"} 1 28.6640625 0.0 31.09765625 14.6328125 22.946149553571427 14
stats: {cpu,"tsung_controller_36@Wonko-the-Sane"} 1 0.0 0.0 0 0 0.0 14
stats: {load,"tsung_controller_36@Wonko-the-Sane"} 1 2.1484375 0.0 2.46484375 1.1640625 1.9411272321428572 14
stats: session 15 141.72234700520832 9.481315404802867 175.484130859375 126.31298828125 138.546259765625 100
stats: users_count 15 115
stats: finish_users_count 15 115
stats: request 15 139.63727213541668 9.50738550028884 163.133056640625 124.3759765625 136.18594726562497 100
stats: connect 15 63.4947265625 5.093867092541966 89.89892578125 56.766845703125 62.87285400390625 100
stats: page 15 139.63727213541668 9.50738550028884 163.133056640625 124.3759765625 136.18594726562497 100
stats: 200 15 115
stats: size_rcv 120 920
stats: newphase 0 1
stats: size_sent 2184 16744
stats: connected 0 0
# stats: dump at 1454347467
stats: users 0 3
stats: {freemem,"tsung_controller_36@Wonko-the-Sane"} 1 19.0546875 0.0 31.09765625 14.6328125 23.32734375 15
stats: {cpu,"tsung_controller_36@Wonko-the-Sane"} 1 0.0 0.0 0 0 0.0 15
stats: {load,"tsung_controller_36@Wonko-the-Sane"} 1 2.26953125 0.0 2.46484375 1.1640625 1.9549479166666666 15
stats: session 0 0 0 175.484130859375 126.31298828125 138.9605320142663 115
stats: users_count 0 115
stats: finish_users_count 0 115
stats: 200 0 115
stats: request 0 0 0 163.133056640625 124.3759765625 136.63612007472824 115
stats: connect 0 0 0 89.89892578125 56.766845703125 62.95396781589674 115
stats: page 0 0 0 163.133056640625 124.3759765625 136.63612007472824 115
stats: size_rcv 0 920
stats: newphase 0 1
stats: size_sent 0 16744
stats: connected 0 0
# stats: dump at 1454347477
stats: users 0 3
stats: {freemem,"tsung_controller_36@Wonko-the-Sane"} 1 40.4453125 0.0 40.4453125 14.6328125 23.060302734375 16
stats: {cpu,"tsung_controller_36@Wonko-the-Sane"} 1 0.0 0.0 0 0 0.0 16
stats: {load,"tsung_controller_36@Wonko-the-Sane"} 1 2.234375 0.0 2.46484375 1.1640625 1.974609375 16
stats: session 0 0 0 175.484130859375 126.31298828125 138.9605320142663 115
stats: users_count 0 115
stats: finish_users_count 0 115
stats: request 0 0 0 163.133056640625 124.3759765625 136.63612007472824 115
stats: 200 0 115
stats: connect 0 0 0 89.89892578125 56.766845703125 62.95396781589674 115
stats: page 0 0 0 163.133056640625 124.3759765625 136.63612007472824 115
stats: size_rcv 0 920
stats: newphase 0 1
stats: size_sent 0 16744
stats: connected 0 0
# stats: dump at 1454347487
stats: users 0 3
stats: {freemem,"tsung_controller_36@Wonko-the-Sane"} 1 52.5546875 0.0 52.5546875 14.6328125 24.082950367647058 17
stats: {cpu,"tsung_controller_36@Wonko-the-Sane"} 1 0.0 0.0 0 0 0.0 17
stats: {load,"tsung_controller_36@Wonko-the-Sane"} 1 2.2734375 0.0 2.46484375 1.1640625 1.989889705882353 17
stats: session 0 0 0 175.484130859375 126.31298828125 138.9605320142663 115
stats: users_count 0 115
stats: finish_users_count 0 115
stats: request 0 0 0 163.133056640625 124.3759765625 136.63612007472824 115
stats: 200 0 115
stats: connect 0 0 0 89.89892578125 56.766845703125 62.95396781589674 115
stats: page 0 0 0 163.133056640625 124.3759765625 136.63612007472824 115
stats: size_rcv 0 920
stats: newphase 0 1
stats: size_sent 0 16744
stats: connected 0 0
# stats: dump at 1454347497
stats: users 1 5
stats: {freemem,"tsung_controller_36@Wonko-the-Sane"} 1 50.28515625 0.0 52.5546875 14.6328125 25.664713541666668 18
stats: {cpu,"tsung_controller_36@Wonko-the-Sane"} 1 0.0 0.0 0 0 0.0 18
stats: {load,"tsung_controller_36@Wonko-the-Sane"} 1 2.07421875 0.0 2.46484375 1.1640625 2.005642361111111 18
stats: session 44 134.63809481534096 5.17511923273448 175.484130859375 126.05810546875 138.9605320142663 115
stats: users_count 45 160
stats: finish_users_count 44 159
stats: request 37 133.0505173141892 5.503966009693803 163.133056640625 123.823974609375 136.63612007472824 115
stats: page 37 133.0505173141892 5.503966009693803 163.133056640625 123.823974609375 136.63612007472824 115
stats: 200 37 152
stats: connect 39 61.1620843349359 3.161108802527758 89.89892578125 56.075927734375 62.95396781589674 115
stats: size_rcv 296 1216
stats: newphase 1 2
stats: size_sent 5680 22424
stats: connected 2 2
# stats: dump at 1454347507
stats: users 0 5
stats: {freemem,"tsung_controller_36@Wonko-the-Sane"} 1 38.90234375 0.0 52.5546875 14.6328125 26.960526315789473 19
stats: {cpu,"tsung_controller_36@Wonko-the-Sane"} 1 0.0 0.0 0 0 0.0 19
stats: {load,"tsung_controller_36@Wonko-the-Sane"} 1 1.98828125 0.0 2.46484375 1.1640625 2.009251644736842 19
stats: session 56 136.521724155971 7.514476048668564 175.484130859375 126.05810546875 137.76438587116746 159
stats: users_count 55 215
stats: finish_users_count 56 215
stats: request 63 133.96176292782738 7.242265920887215 171.5478515625 123.823974609375 135.76330887643914 152
stats: connect 61 61.34035604508197 3.229623553724665 89.89892578125 56.075927734375 62.50017914214691 154
stats: page 63 133.96176292782738 7.242265920887215 171.5478515625 123.823974609375 135.76330887643914 152
stats: 200 63 215
stats: size_rcv 504 1720
stats: newphase 0 2
stats: size_sent 8888 31312
stats: connected -2 0
# stats: dump at 1454347507
stats: users 0 5
stats: {freemem,"tsung_controller_36@Wonko-the-Sane"} 0 0 0 52.5546875 14.6328125 27.5576171875 20
stats: {cpu,"tsung_controller_36@Wonko-the-Sane"} 0 0 0 0 0 0.0 20
stats: {load,"tsung_controller_36@Wonko-the-Sane"} 0 0 0 2.46484375 1.1640625 2.008203125 20
stats: session 0 0 0 175.484130859375 126.05810546875 137.44071584302327 215
stats: users_count 0 215
stats: finish_users_count 0 215
stats: request 0 0 0 171.5478515625 123.823974609375 135.23541401707848 215
stats: page 0 0 0 171.5478515625 123.823974609375 135.23541401707848 215
stats: connect 0 0 0 89.89892578125 56.075927734375 62.171113054142445 215
stats: 200 0 215
stats: size_rcv 0 1720
stats: newphase 0 2
stats: size_sent 0 31312
stats: connected 0 0
EndMonitor:{1454,347507,779540}
