# stats: dump at 1454424962
stats: users 0 1
stats: {load,"tsung_controller_41@Wonko-the-Sane"} 1 2.19921875 0 2.19921875 2.19921875 0 0
stats: {freemem,"tsung_controller_41@Wonko-the-Sane"} 1 23.75390625 0 23.75390625 23.75390625 0 0
stats: {cpu,"tsung_controller_41@Wonko-the-Sane"} 1 0 0 0 0 0 0
stats: session 1 173.880859375 0 173.880859375 173.880859375 0 0
stats: users_count 1 1
stats: finish_users_count 1 1
stats: connect 1 96.156005859375 0.0 96.156005859375 96.156005859375 0 0
stats: request 1 162.94091796875 0.0 162.94091796875 162.94091796875 0 0
stats: page 1 162.94091796875 0.0 162.94091796875 162.94091796875 0 0
stats: 200 1 1
stats: size_rcv 8 8
stats: size_sent 144 144
stats: connected 0 0
# stats: dump at 1454424972
stats: users 0 1
stats: {load,"tsung_controller_41@Wonko-the-Sane"} 1 2.09375 0.0 2.19921875 2.09375 2.19921875 1
stats: {freemem,"tsung_controller_41@Wonko-the-Sane"} 1 39.21484375 0.0 39.21484375 23.75390625 23.75390625 1
stats: {cpu,"tsung_controller_41@Wonko-the-Sane"} 1 0.0 0.0 0 0 0.0 1
stats: session 2 135.010986328125 5.950927734375 173.880859375 129.06005859375 173.880859375 1
stats: users_count 2 3
stats: finish_users_count 2 3
stats: request 2 132.9744873046875 6.3013916015625 162.94091796875 126.673095703125 162.94091796875 1
stats: connect 2 62.406982421875 3.573974609375 96.156005859375 58.8330078125 96.156005859375 1
stats: page 2 132.9744873046875 6.3013916015625 162.94091796875 126.673095703125 162.94091796875 1
stats: 200 2 3
stats: size_rcv 16 24
stats: size_sent 288 432
stats: connected 0 0
# stats: dump at 1454424982
stats: users 0 2
stats: {load,"tsung_controller_41@Wonko-the-Sane"} 1 2.078125 0.0 2.19921875 2.078125 2.146484375 2
stats: {freemem,"tsung_controller_41@Wonko-the-Sane"} 1 45.28515625 0.0 45.28515625 23.75390625 31.484375 2
stats: {cpu,"tsung_controller_41@Wonko-the-Sane"} 1 0.0 0.0 0 0 0.0 2
stats: session 8 134.91024780273438 2.6743715678263977 173.880859375 129.06005859375 147.96761067708334 3
stats: users_count 8 11
stats: finish_users_count 8 11
stats: request 8 132.88421630859375 2.5448569972389783 162.94091796875 126.673095703125 142.96329752604166 3
stats: connect 8 64.72323608398438 1.9122106310517968 96.156005859375 58.8330078125 73.65665690104167 3
stats: page 8 132.88421630859375 2.5448569972389783 162.94091796875 126.673095703125 142.96329752604166 3
stats: 200 8 11
stats: size_rcv 64 88
stats: size_sent 1160 1592
stats: connected 0 0
# stats: dump at 1454424992
stats: users 0 2
stats: {load,"tsung_controller_41@Wonko-the-Sane"} 1 2.06640625 0.0 2.19921875 2.06640625 2.1236979166666665 3
stats: {freemem,"tsung_controller_41@Wonko-the-Sane"} 1 37.50390625 0.0 45.28515625 23.75390625 36.084635416666664 3
stats: {cpu,"tsung_controller_41@Wonko-the-Sane"} 1 0.0 0.0 0 0 0.0 3
stats: session 2 133.820556640625 0.445556640625 173.880859375 129.06005859375 138.4713467684659 11
stats: users_count 2 13
stats: finish_users_count 2 13
stats: request 2 131.962158203125 0.77294921875 162.94091796875 126.673095703125 135.633056640625 11
stats: connect 2 63.779052734375 0.279052734375 96.156005859375 58.8330078125 67.15962357954545 11
stats: page 2 131.962158203125 0.77294921875 162.94091796875 126.673095703125 135.633056640625 11
stats: 200 2 13
stats: size_rcv 16 104
stats: size_sent 288 1880
stats: connected 0 0
# stats: dump at 1454425002
stats: users 0 2
stats: {load,"tsung_controller_41@Wonko-the-Sane"} 1 1.98046875 0.0 2.19921875 1.98046875 2.109375 4
stats: {freemem,"tsung_controller_41@Wonko-the-Sane"} 1 41.19140625 0.0 45.28515625 23.75390625 36.439453125 4
stats: {cpu,"tsung_controller_41@Wonko-the-Sane"} 1 0.0 0.0 0 0 0.0 4
stats: session 2 134.1180419921875 1.8929443359375 173.880859375 129.06005859375 137.75584059495193 13
stats: users_count 2 15
stats: finish_users_count 2 15
stats: request 2 132.050048828125 1.85400390625 162.94091796875 126.673095703125 135.06830303485577 13
stats: connect 2 66.0335693359375 1.6695556640625 96.156005859375 58.8330078125 66.63953575721153 13
stats: page 2 132.050048828125 1.85400390625 162.94091796875 126.673095703125 135.06830303485577 13
stats: 200 2 15
stats: size_rcv 16 120
stats: size_sent 296 2176
stats: connected 0 0
# stats: dump at 1454425012
stats: users 0 2
stats: {load,"tsung_controller_41@Wonko-the-Sane"} 1 1.984375 0.0 2.19921875 1.98046875 2.08359375 5
stats: {freemem,"tsung_controller_41@Wonko-the-Sane"} 1 34.49609375 0.0 45.28515625 23.75390625 37.38984375 5
stats: {cpu,"tsung_controller_41@Wonko-the-Sane"} 1 0.0 0.0 0 0 0.0 5
stats: session 0 0 0 173.880859375 129.06005859375 137.27080078125 15
stats: users_count 0 15
stats: finish_users_count 0 15
stats: request 0 0 0 162.94091796875 126.673095703125 134.665869140625 15
stats: connect 0 0 0 96.156005859375 58.8330078125 66.558740234375 15
stats: page 0 0 0 162.94091796875 126.673095703125 134.665869140625 15
stats: 200 0 15
stats: size_rcv 0 120
stats: size_sent 0 2176
stats: connected 0 0
# stats: dump at 1454425022
stats: users 0 2
stats: {load,"tsung_controller_41@Wonko-the-Sane"} 1 1.984375 0.0 2.19921875 1.98046875 2.0670572916666665 6
stats: {freemem,"tsung_controller_41@Wonko-the-Sane"} 1 40.50390625 0.0 45.28515625 23.75390625 36.907552083333336 6
stats: {cpu,"tsung_controller_41@Wonko-the-Sane"} 1 0.0 0.0 0 0 0.0 6
stats: session 10 134.8054931640625 3.9308609669145818 173.880859375 128.9501953125 137.27080078125 15
stats: users_count 10 25
stats: finish_users_count 10 25
stats: request 10 132.6474853515625 4.004000815340128 162.94091796875 126.673095703125 134.665869140625 15
stats: connect 10 63.2288818359375 1.606381627823498 96.156005859375 58.8330078125 66.558740234375 15
stats: page 10 132.6474853515625 4.004000815340128 162.94091796875 126.673095703125 134.665869140625 15
stats: 200 10 25
stats: size_rcv 80 200
stats: newphase 1 1
stats: size_sent 1456 3632
stats: connected 0 0
# stats: dump at 1454425032
stats: users 0 2
stats: {load,"tsung_controller_41@Wonko-the-Sane"} 1 2.14453125 0.0 2.19921875 1.98046875 2.0552455357142856 7
stats: {freemem,"tsung_controller_41@Wonko-the-Sane"} 1 41.71484375 0.0 45.28515625 23.75390625 37.421316964285715 7
stats: {cpu,"tsung_controller_41@Wonko-the-Sane"} 1 0.0 0.0 0 0 0.0 7
stats: session 6 134.57002766927084 5.342371746917628 173.880859375 127.968017578125 136.284677734375 25
stats: users_count 6 31
stats: finish_users_count 6 31
stats: request 6 132.2979736328125 5.370524692329677 162.94091796875 125.77880859375 133.858515625 25
stats: connect 6 62.1375732421875 4.957592315926038 96.156005859375 57.287109375 65.226796875 25
stats: page 6 132.2979736328125 5.370524692329677 162.94091796875 125.77880859375 133.858515625 25
stats: 200 6 31
stats: size_rcv 48 248
stats: newphase 0 1
stats: size_sent 880 4512
stats: connected 0 0
# stats: dump at 1454425042
stats: users 0 2
stats: {load,"tsung_controller_41@Wonko-the-Sane"} 1 2.04296875 0.0 2.19921875 1.98046875 2.06640625 8
stats: {freemem,"tsung_controller_41@Wonko-the-Sane"} 1 34.9765625 0.0 45.28515625 23.75390625 37.9580078125 8
stats: {cpu,"tsung_controller_41@Wonko-the-Sane"} 1 0.0 0.0 0 0 0.0 8
stats: session 13 140.42891751802884 19.377619607394053 200.308837890625 126.28515625 135.95280997983872 31
stats: users_count 13 44
stats: finish_users_count 13 44
stats: connect 13 69.09027569110577 17.307644413449786 121.260986328125 57.287109375 64.62888262348791 31
stats: request 13 138.21052433894232 19.317476915773707 197.9990234375 124.1689453125 133.55647523941533 31
stats: page 13 138.21052433894232 19.317476915773707 197.9990234375 124.1689453125 133.55647523941533 31
stats: 200 13 44
stats: size_rcv 104 352
stats: newphase 0 1
stats: size_sent 1904 6416
stats: connected 0 0
# stats: dump at 1454425052
stats: users 0 2
stats: {load,"tsung_controller_41@Wonko-the-Sane"} 1 1.88671875 0.0 2.19921875 1.88671875 2.0638020833333335 9
stats: {freemem,"tsung_controller_41@Wonko-the-Sane"} 1 38.46875 0.0 45.28515625 23.75390625 37.626736111111114 9
stats: {cpu,"tsung_controller_41@Wonko-the-Sane"} 1 0.0 0.0 0 0 0.0 9
stats: session 12 136.5308837890625 5.033858153875608 200.308837890625 126.28515625 137.27529629794034 44
stats: users_count 12 56
stats: finish_users_count 12 56
stats: request 12 134.3436075846354 5.02024261981056 197.9990234375 124.1689453125 134.93153520063922 44
stats: 200 12 56
stats: connect 12 64.32838948567708 2.614498834507892 121.260986328125 57.287109375 65.947021484375 44
stats: page 12 134.3436075846354 5.02024261981056 197.9990234375 124.1689453125 134.93153520063922 44
stats: size_rcv 96 448
stats: newphase 0 1
stats: size_sent 1736 8152
stats: connected 0 0
# stats: dump at 1454425062
stats: users 0 2
stats: {load,"tsung_controller_41@Wonko-the-Sane"} 1 1.8984375 0.0 2.19921875 1.88671875 2.04609375 10
stats: {freemem,"tsung_controller_41@Wonko-the-Sane"} 1 34.33984375 0.0 45.28515625 23.75390625 37.7109375 10
stats: {cpu,"tsung_controller_41@Wonko-the-Sane"} 1 0.0 0.0 0 0 0.0 10
stats: session 15 131.41168619791668 3.9600467464977016 200.308837890625 123.008056640625 137.11577933175224 56
stats: users_count 15 71
stats: finish_users_count 15 71
stats: request 15 129.35043945312498 4.032692126202308 197.9990234375 120.93896484375 134.80555071149556 56
stats: connect 15 62.04295247395833 2.278753962626975 121.260986328125 57.287109375 65.6001717703683 56
stats: page 15 129.35043945312498 4.032692126202308 197.9990234375 120.93896484375 134.80555071149556 56
stats: 200 15 71
stats: size_rcv 120 568
stats: newphase 0 1
stats: size_sent 2184 10336
stats: connected 0 0
# stats: dump at 1454425072
stats: users 0 2
stats: {load,"tsung_controller_41@Wonko-the-Sane"} 1 1.9921875 0.0 2.19921875 1.88671875 2.0326704545454546 11
stats: {freemem,"tsung_controller_41@Wonko-the-Sane"} 1 36.01171875 0.0 45.28515625 23.75390625 37.40447443181818 11
stats: {cpu,"tsung_controller_41@Wonko-the-Sane"} 1 0.0 0.0 0 0 0.0 11
stats: session 7 135.62102399553572 5.136380895067149 200.308837890625 123.008056640625 135.91068923305457 71
stats: users_count 7 78
stats: finish_users_count 7 78
stats: request 7 133.38762555803572 5.107383172652986 197.9990234375 120.93896484375 133.6530624174736 71
stats: page 7 133.38762555803572 5.107383172652986 197.9990234375 120.93896484375 133.6530624174736 71
stats: 200 7 78
stats: connect 7 63.74473353794643 3.9437651406510805 121.260986328125 57.287109375 64.84864656690141 71
stats: size_rcv 56 624
stats: newphase 0 1
stats: size_sent 1008 11344
stats: connected 0 0
# stats: dump at 1454425082
stats: users 1 2
stats: {load,"tsung_controller_41@Wonko-the-Sane"} 1 2.0625 0.0 2.19921875 1.88671875 2.029296875 12
stats: {freemem,"tsung_controller_41@Wonko-the-Sane"} 1 23.8671875 0.0 45.28515625 23.75390625 37.288411458333336 12
stats: {cpu,"tsung_controller_41@Wonko-the-Sane"} 1 0.0 0.0 0 0 0.0 12
stats: session 15 137.25587565104166 8.18020907428388 200.308837890625 123.008056640625 135.8846936348157 78
stats: users_count 16 94
stats: finish_users_count 15 93
stats: request 15 135.13668619791665 8.056694513741546 197.9990234375 120.93896484375 133.62924116085736 78
stats: connect 15 65.55504557291665 7.2859005986302074 121.260986328125 57.287109375 64.74957744891827 78
stats: page 15 135.13668619791665 8.056694513741546 197.9990234375 120.93896484375 133.62924116085736 78
stats: 200 15 93
stats: size_rcv 120 744
stats: newphase 0 1
stats: size_sent 2192 13536
stats: connected 0 0
# stats: dump at 1454425092
stats: users 0 2
stats: {load,"tsung_controller_41@Wonko-the-Sane"} 1 1.9765625 0.0 2.19921875 1.88671875 2.0318509615384617 13
stats: {freemem,"tsung_controller_41@Wonko-the-Sane"} 1 28.12109375 0.0 45.28515625 23.75390625 36.25600961538461 13
stats: {cpu,"tsung_controller_41@Wonko-the-Sane"} 1 0.0 0.0 0 0 0.0 13
stats: session 10 137.1681884765625 6.292307634109086 200.308837890625 123.008056640625 136.10585202452958 93
stats: users_count 9 103
stats: finish_users_count 10 103
stats: request 10 134.7982421875 6.395552784133558 197.9990234375 120.93896484375 133.87237745715726 93
stats: 200 10 103
stats: connect 10 66.2224853515625 7.937452346215666 121.260986328125 57.287109375 64.87949166246639 93
stats: page 10 134.7982421875 6.395552784133558 197.9990234375 120.93896484375 133.87237745715726 93
stats: size_rcv 80 824
stats: newphase 0 1
stats: size_sent 1464 15000
stats: connected 0 0
# stats: dump at 1454425102
stats: users 0 2
stats: {load,"tsung_controller_41@Wonko-the-Sane"} 1 1.8984375 0.0 2.19921875 1.88671875 2.0279017857142856 14
stats: {freemem,"tsung_controller_41@Wonko-the-Sane"} 1 21.18359375 0.0 45.28515625 21.18359375 35.67494419642857 14
stats: {cpu,"tsung_controller_41@Wonko-the-Sane"} 1 0.0 0.0 0 0 0.0 14
stats: session 10 139.0967041015625 11.153285743199541 200.308837890625 123.008056640625 136.208991485892 103
stats: users_count 10 113
stats: finish_users_count 10 113
stats: request 10 136.7317626953125 11.278550318490629 197.9990234375 120.93896484375 133.96226723680218 103
stats: connect 10 66.8231689453125 10.156632125737673 121.260986328125 57.287109375 65.00987939927184 103
stats: page 10 136.7317626953125 11.278550318490629 197.9990234375 120.93896484375 133.96226723680218 103
stats: 200 10 113
stats: size_rcv 80 904
stats: newphase 0 1
stats: size_sent 1456 16456
stats: connected 0 0
# stats: dump at 1454425112
stats: users 0 2
stats: {load,"tsung_controller_41@Wonko-the-Sane"} 1 1.6796875 0.0 2.19921875 1.6796875 2.019270833333333 15
stats: {freemem,"tsung_controller_41@Wonko-the-Sane"} 1 22.9296875 0.0 45.28515625 21.18359375 34.70885416666667 15
stats: {cpu,"tsung_controller_41@Wonko-the-Sane"} 1 0.0 0.0 0 0 0.0 15
stats: session 2 133.2440185546875 1.4161376953125 200.308837890625 123.008056640625 136.4645412748894 113
stats: users_count 2 115
stats: finish_users_count 2 115
stats: page 2 131.16552734375 1.327392578125 197.9990234375 120.93896484375 134.20735533047565 113
stats: request 2 131.16552734375 1.327392578125 197.9990234375 120.93896484375 134.20735533047565 113
stats: 200 2 115
stats: connect 2 65.6380615234375 3.0340576171875 121.260986328125 57.287109375 65.17034750069136 113
stats: size_rcv 16 920
stats: newphase 0 1
stats: size_sent 288 16744
stats: connected 0 0
# stats: dump at 1454425122
stats: users 0 2
stats: {load,"tsung_controller_41@Wonko-the-Sane"} 1 1.65625 0.0 2.19921875 1.65625 1.9980468749999998 16
stats: {freemem,"tsung_controller_41@Wonko-the-Sane"} 1 18.8359375 0.0 45.28515625 18.8359375 33.97265625 16
stats: {cpu,"tsung_controller_41@Wonko-the-Sane"} 1 0.0 0.0 0 0 0.0 16
stats: session 0 0 0 200.308837890625 123.008056640625 136.40853218410328 115
stats: users_count 0 115
stats: finish_users_count 0 115
stats: request 0 0 0 197.9990234375 120.93896484375 134.15445397418478 115
stats: connect 0 0 0 121.260986328125 57.287109375 65.17848165760869 115
stats: page 0 0 0 197.9990234375 120.93896484375 134.15445397418478 115
stats: 200 0 115
stats: size_rcv 0 920
stats: newphase 0 1
stats: size_sent 0 16744
stats: connected 0 0
# stats: dump at 1454425132
stats: users 0 2
stats: {load,"tsung_controller_41@Wonko-the-Sane"} 1 1.70703125 0.0 2.19921875 1.65625 1.9779411764705883 17
stats: {freemem,"tsung_controller_41@Wonko-the-Sane"} 1 22.28125 0.0 45.28515625 18.8359375 33.08226102941177 17
stats: {cpu,"tsung_controller_41@Wonko-the-Sane"} 1 0.0 0.0 0 0 0.0 17
stats: session 0 0 0 200.308837890625 123.008056640625 136.40853218410328 115
stats: users_count 0 115
stats: finish_users_count 0 115
stats: page 0 0 0 197.9990234375 120.93896484375 134.15445397418478 115
stats: 200 0 115
stats: request 0 0 0 197.9990234375 120.93896484375 134.15445397418478 115
stats: connect 0 0 0 121.260986328125 57.287109375 65.17848165760869 115
stats: size_rcv 0 920
stats: newphase 0 1
stats: size_sent 0 16744
stats: connected 0 0
# stats: dump at 1454425142
stats: users 0 4
stats: {load,"tsung_controller_41@Wonko-the-Sane"} 1 1.59765625 0.0 2.19921875 1.59765625 1.962890625 18
stats: {freemem,"tsung_controller_41@Wonko-the-Sane"} 1 23.09765625 0.0 45.28515625 18.8359375 32.482204861111114 18
stats: {cpu,"tsung_controller_41@Wonko-the-Sane"} 1 0.0 0.0 0 0 0.0 18
stats: session 80 135.0083892822266 11.521377918797496 211.2958984375 121.201904296875 136.40853218410328 115
stats: users_count 80 195
stats: finish_users_count 80 195
stats: request 73 133.04139354130987 11.884201947388679 209.02490234375 119.427001953125 134.15445397418478 115
stats: 200 73 188
stats: connect 75 64.40398111979164 10.248419490997358 137.284912109375 57.0400390625 65.17848165760869 115
stats: page 73 133.04139354130987 11.884201947388679 209.02490234375 119.427001953125 134.15445397418478 115
stats: size_rcv 584 1504
stats: newphase 1 2
stats: size_sent 10928 27672
stats: connected 2 2
# stats: dump at 1454425149
stats: users 0 4
stats: {load,"tsung_controller_41@Wonko-the-Sane"} 1 1.5859375 0.0 2.19921875 1.5859375 1.9436677631578947 19
stats: {freemem,"tsung_controller_41@Wonko-the-Sane"} 1 25.56640625 0.0 45.28515625 18.8359375 31.98828125 19
stats: {cpu,"tsung_controller_41@Wonko-the-Sane"} 1 0.0 0.0 0 0 0.0 19
stats: session 20 133.82066650390624 4.579405470444481 211.2958984375 121.201904296875 135.83411458333336 195
stats: users_count 20 215
stats: finish_users_count 20 215
stats: request 27 131.8582537615741 4.981264001305219 209.02490234375 119.427001953125 133.72225497631314 188
stats: connect 25 63.359814453125 3.1926491842759734 137.284912109375 57.0400390625 64.87275776110195 190
stats: page 27 131.8582537615741 4.981264001305219 209.02490234375 119.427001953125 133.72225497631314 188
stats: 200 27 215
stats: size_rcv 216 1720
stats: newphase 0 2
stats: size_sent 3640 31312
stats: connected -2 0
EndMonitor:{1454,425149,828152}
