
=INFO REPORT==== 17-Feb-2016::10:53:00 ===
    ts_config_server:(5:<0.69.0>) Config server started, logdir is "/Library/WebServer/Documents/tsungui/templates/apirt.synapsys.us-weather/log/20160217-1053"
 
=INFO REPORT==== 17-Feb-2016::10:53:00 ===
              ts_mon:(5:<0.50.0>) starting monitor, global 

=INFO REPORT==== 17-Feb-2016::10:53:00 ===
           ts_config:(5:<0.69.0>) Reading config file: config.xml

=INFO REPORT==== 17-Feb-2016::10:53:00 ===
      ts_config_http:(4:<0.69.0>) Get user agent: 80 "Mozilla/5.0 (X11; U; Linux i686; en-US; rv:1.7.8) Gecko/20050513 Galeon/1.3.21" 

=INFO REPORT==== 17-Feb-2016::10:53:00 ===
      ts_config_http:(4:<0.69.0>) Get user agent: 20 "Mozilla/5.0 (Windows; U; Windows NT 5.2; fr-FR; rv:1.7.8) Gecko/20050511 Firefox/1.0.4" 

=INFO REPORT==== 17-Feb-2016::10:53:00 ===
           ts_config:(5:<0.69.0>) Session name for id 1 is "http-example"

=INFO REPORT==== 17-Feb-2016::10:53:00 ===
    ts_config_server:(4:<0.69.0>) SYSINFO:Tsung version: 1.6.0

=INFO REPORT==== 17-Feb-2016::10:53:00 ===
    ts_config_server:(4:<0.69.0>) SYSINFO:Erlang version: Erlang/OTP 18 [erts-7.2.1] [source] [64-bit] [smp:4:4] [async-threads:8] [hipe] [kernel-poll:true] [dtrace]


=INFO REPORT==== 17-Feb-2016::10:53:00 ===
    ts_config_server:(4:<0.69.0>) SYSINFO:System architecture x86_64-apple-darwin15.2.0

=INFO REPORT==== 17-Feb-2016::10:53:00 ===
    ts_config_server:(4:<0.69.0>) SYSINFO:Current path: /usr/local/Cellar/tsung/1.6.0/lib/erlang/lib/tsung-1.6.0/ebin/tsung.beam

=INFO REPORT==== 17-Feb-2016::10:53:00 ===
       ts_job_notify:(6:<0.81.0>) No listen port defined, can't open listening socket (don't worry: it's normal if you don't use job notifications) 

=INFO REPORT==== 17-Feb-2016::10:53:00 ===
    ts_os_mon_erlang:(6:<0.90.0>) Running os_mon on the same host as the controller, use the same beam

=INFO REPORT==== 17-Feb-2016::10:53:00 ===
              ts_mon:(5:<0.70.0>) Activate clients with text backend

=INFO REPORT==== 17-Feb-2016::10:53:00 ===
              ts_mon:(5:<0.70.0>) Starting tsung clients on hosts: [localhost]

=INFO REPORT==== 17-Feb-2016::10:53:00 ===
    ts_config_server:(5:<0.69.0>) Start a launcher on the controller beam localhost

=INFO REPORT==== 17-Feb-2016::10:53:00 ===
              ts_sup:(6:<0.118.0>) starting supervisor ...

=INFO REPORT==== 17-Feb-2016::10:53:00 ===
              ts_sup:(6:<0.119.0>) starting
=INFO REPORT==== 17-Feb-2016::10:53:00 ===
          ts_ip_scan:(6:<0.120.0>) Starting 

=INFO REPORT==== 17-Feb-2016::10:53:00 ===
     ts_launcher_mgr:(6:<0.121.0>) starting
=INFO REPORT==== 17-Feb-2016::10:53:00 ===
    ts_session_cache:(6:<0.119.0>) Starting

=INFO REPORT==== 17-Feb-2016::10:53:00 ===
        ts_mon_cache:(6:<0.119.0>) Starting

=INFO REPORT==== 17-Feb-2016::10:53:00 ===
        ts_local_mon:(6:<0.119.0>) Starting

=INFO REPORT==== 17-Feb-2016::10:53:00 ===
       ts_client_sup:(6:<0.125.0>) Starting 

=INFO REPORT==== 17-Feb-2016::10:53:00 ===
  ts_launcher_static:(6:<0.119.0>) starting 

=INFO REPORT==== 17-Feb-2016::10:53:00 ===
    alarm_handler: {set,{system_memory_high_watermark,[]}}

=INFO REPORT==== 17-Feb-2016::10:53:00 ===
         ts_launcher:(6:<0.119.0>) starting 

=INFO REPORT==== 17-Feb-2016::10:53:00 ===
    ts_config_server:(6:<0.69.0>) Application started, activate launcher, 

=INFO REPORT==== 17-Feb-2016::10:53:00 ===
  ts_launcher_static:(6:<0.69.0>) starting on node ['tsung_controller@Wonko-the-Sane']

=INFO REPORT==== 17-Feb-2016::10:53:00 ===
         ts_launcher:(6:<0.69.0>) starting on node ['tsung_controller@Wonko-the-Sane']

=INFO REPORT==== 17-Feb-2016::10:53:00 ===
         ts_launcher:(5:<0.127.0>) Launch msg receive ("localhost")

=INFO REPORT==== 17-Feb-2016::10:53:00 ===
  ts_launcher_static:(5:<0.126.0>) Launch msg receive ("localhost")

=INFO REPORT==== 17-Feb-2016::10:53:00 ===
     ts_launcher_mgr:(6:<0.121.0>) syncing already done, skip

=INFO REPORT==== 17-Feb-2016::10:53:00 ===
              ts_mon:(6:<0.70.0>) A launcher has started

=INFO REPORT==== 17-Feb-2016::10:53:00 ===
    ts_config_server:(5:<0.69.0>) All remote beams started, syncing 

=INFO REPORT==== 17-Feb-2016::10:53:00 ===
    ts_config_server:(5:<0.69.0>) Undefined ports_range config 

=INFO REPORT==== 17-Feb-2016::10:53:00 ===
    ts_config_server:(5:<0.69.0>) New arrival phase 1 for client "localhost" (last ? true): will start 15 users

=INFO REPORT==== 17-Feb-2016::10:53:00 ===
    ts_config_server:(5:<0.69.0>) New arrival phase 2 for client "localhost" (last ? true): will start 100 users

=INFO REPORT==== 17-Feb-2016::10:53:00 ===
    ts_config_server:(5:<0.69.0>) New arrival phase 3 for client "localhost" (last ? true): will start 100 users

=INFO REPORT==== 17-Feb-2016::10:53:00 ===
  ts_launcher_static:(6:<0.126.0>) No static users, stop
=INFO REPORT==== 17-Feb-2016::10:53:00 ===
  ts_launcher_static:(6:<0.126.0>) launcher terminating for reason normal

=INFO REPORT==== 17-Feb-2016::10:53:00 ===
         ts_launcher:(5:<0.127.0>) Expected duration of first phase: 60.0 sec (15 users) 

=WARNING REPORT==== 17-Feb-2016::10:53:00 ===
OS_MON (cpu_sup), util/1 unavailable for this OS

=INFO REPORT==== 17-Feb-2016::10:53:01 ===
         ts_launcher:(5:<0.127.0>) Can't get file descriptors limit from system, you should verify that 'maxusers' has a good value 
=INFO REPORT==== 17-Feb-2016::10:53:01 ===
         ts_launcher:(5:<0.127.0>) Activate launcher (15 users) in 5624 msec 

=INFO REPORT==== 17-Feb-2016::10:53:06 ===
    ts_config_server:(6:<0.69.0>) Session 1 chosen

=INFO REPORT==== 17-Feb-2016::10:53:08 ===
    ts_config_server:(6:<0.69.0>) Session 1 chosen

=INFO REPORT==== 17-Feb-2016::10:53:11 ===
    ts_config_server:(6:<0.69.0>) Session 1 chosen

=WARNING REPORT==== 17-Feb-2016::10:53:11 ===
OS_MON (cpu_sup), util/1 unavailable for this OS

=INFO REPORT==== 17-Feb-2016::10:53:11 ===
           ts_client:(6:<0.136.0>) Session ending 

=INFO REPORT==== 17-Feb-2016::10:53:11 ===
           ts_client:(6:<0.133.0>) Session ending 

=INFO REPORT==== 17-Feb-2016::10:53:11 ===
           ts_client:(6:<0.139.0>) Session ending 

=INFO REPORT==== 17-Feb-2016::10:53:15 ===
    ts_config_server:(6:<0.69.0>) Session 1 chosen

=INFO REPORT==== 17-Feb-2016::10:53:15 ===
           ts_client:(6:<0.142.0>) Session ending 

=INFO REPORT==== 17-Feb-2016::10:53:16 ===
    ts_config_server:(6:<0.69.0>) Session 1 chosen

=INFO REPORT==== 17-Feb-2016::10:53:16 ===
           ts_client:(6:<0.143.0>) Session ending 

=INFO REPORT==== 17-Feb-2016::10:53:19 ===
    ts_config_server:(6:<0.69.0>) Session 1 chosen

=INFO REPORT==== 17-Feb-2016::10:53:19 ===
           ts_client:(6:<0.144.0>) Session ending 

=WARNING REPORT==== 17-Feb-2016::10:53:21 ===
OS_MON (cpu_sup), util/1 unavailable for this OS

=INFO REPORT==== 17-Feb-2016::10:53:24 ===
    ts_config_server:(6:<0.69.0>) Session 1 chosen

=INFO REPORT==== 17-Feb-2016::10:53:24 ===
           ts_client:(6:<0.149.0>) Session ending 

=INFO REPORT==== 17-Feb-2016::10:53:30 ===
    ts_config_server:(6:<0.69.0>) Session 1 chosen

=INFO REPORT==== 17-Feb-2016::10:53:30 ===
           ts_client:(6:<0.150.0>) Session ending 

=WARNING REPORT==== 17-Feb-2016::10:53:31 ===
OS_MON (cpu_sup), util/1 unavailable for this OS

=INFO REPORT==== 17-Feb-2016::10:53:33 ===
    ts_config_server:(6:<0.69.0>) Session 1 chosen

=INFO REPORT==== 17-Feb-2016::10:53:34 ===
           ts_client:(6:<0.155.0>) Session ending 

=INFO REPORT==== 17-Feb-2016::10:53:35 ===
    ts_config_server:(6:<0.69.0>) Session 1 chosen

=INFO REPORT==== 17-Feb-2016::10:53:35 ===
           ts_client:(6:<0.156.0>) Session ending 

=INFO REPORT==== 17-Feb-2016::10:53:39 ===
    ts_config_server:(6:<0.69.0>) Session 1 chosen

=INFO REPORT==== 17-Feb-2016::10:53:39 ===
           ts_client:(6:<0.157.0>) Session ending 

=WARNING REPORT==== 17-Feb-2016::10:53:41 ===
OS_MON (cpu_sup), util/1 unavailable for this OS

=INFO REPORT==== 17-Feb-2016::10:53:45 ===
    ts_config_server:(6:<0.69.0>) Session 1 chosen

=INFO REPORT==== 17-Feb-2016::10:53:45 ===
           ts_client:(6:<0.162.0>) Session ending 

=INFO REPORT==== 17-Feb-2016::10:53:50 ===
    ts_config_server:(6:<0.69.0>) Session 1 chosen

=INFO REPORT==== 17-Feb-2016::10:53:50 ===
           ts_client:(6:<0.163.0>) Session ending 

=INFO REPORT==== 17-Feb-2016::10:53:51 ===
    ts_config_server:(6:<0.69.0>) Session 1 chosen

=INFO REPORT==== 17-Feb-2016::10:53:51 ===
           ts_client:(6:<0.165.0>) Session ending 

=WARNING REPORT==== 17-Feb-2016::10:53:52 ===
OS_MON (cpu_sup), util/1 unavailable for this OS

=INFO REPORT==== 17-Feb-2016::10:53:58 ===
    ts_config_server:(6:<0.69.0>) Session 1 chosen

=INFO REPORT==== 17-Feb-2016::10:53:58 ===
         ts_launcher:(4:<0.127.0>) Need to wait 7.966 sec before changing phase, going to sleep

=INFO REPORT==== 17-Feb-2016::10:53:58 ===
           ts_client:(6:<0.169.0>) Session ending 

=WARNING REPORT==== 17-Feb-2016::10:54:02 ===
OS_MON (cpu_sup), util/1 unavailable for this OS

=INFO REPORT==== 17-Feb-2016::10:54:06 ===
         ts_launcher:(5:<0.127.0>) Waking up

=INFO REPORT==== 17-Feb-2016::10:54:06 ===
         ts_launcher:(5:<0.127.0>) Start a new arrival phase (100 users, 0.001); expected duration=120.0 sec

=WARNING REPORT==== 17-Feb-2016::10:54:12 ===
OS_MON (cpu_sup), util/1 unavailable for this OS

=INFO REPORT==== 17-Feb-2016::10:54:13 ===
    ts_config_server:(6:<0.69.0>) Session 1 chosen

=INFO REPORT==== 17-Feb-2016::10:54:13 ===
           ts_client:(6:<0.180.0>) Session ending 

=INFO REPORT==== 17-Feb-2016::10:54:14 ===
    ts_config_server:(6:<0.69.0>) Session 1 chosen

=INFO REPORT==== 17-Feb-2016::10:54:14 ===
           ts_client:(6:<0.181.0>) Session ending 

=INFO REPORT==== 17-Feb-2016::10:54:18 ===
    ts_config_server:(6:<0.69.0>) Session 1 chosen

=INFO REPORT==== 17-Feb-2016::10:54:18 ===
    ts_config_server:(6:<0.69.0>) Session 1 chosen

=INFO REPORT==== 17-Feb-2016::10:54:18 ===
           ts_client:(6:<0.183.0>) Session ending 

=INFO REPORT==== 17-Feb-2016::10:54:18 ===
           ts_client:(6:<0.182.0>) Session ending 

=INFO REPORT==== 17-Feb-2016::10:54:18 ===
    ts_config_server:(6:<0.69.0>) Session 1 chosen

=INFO REPORT==== 17-Feb-2016::10:54:18 ===
           ts_client:(6:<0.184.0>) Session ending 

=INFO REPORT==== 17-Feb-2016::10:54:19 ===
    ts_config_server:(6:<0.69.0>) Session 1 chosen

=INFO REPORT==== 17-Feb-2016::10:54:19 ===
           ts_client:(6:<0.185.0>) Session ending 

=INFO REPORT==== 17-Feb-2016::10:54:19 ===
    ts_config_server:(6:<0.69.0>) Session 1 chosen

=INFO REPORT==== 17-Feb-2016::10:54:19 ===
           ts_client:(6:<0.186.0>) Session ending 

=INFO REPORT==== 17-Feb-2016::10:54:20 ===
    ts_config_server:(6:<0.69.0>) Session 1 chosen

=INFO REPORT==== 17-Feb-2016::10:54:20 ===
    ts_config_server:(6:<0.69.0>) Session 1 chosen

=INFO REPORT==== 17-Feb-2016::10:54:20 ===
           ts_client:(6:<0.187.0>) Session ending 

=INFO REPORT==== 17-Feb-2016::10:54:20 ===
           ts_client:(6:<0.188.0>) Session ending 

=INFO REPORT==== 17-Feb-2016::10:54:21 ===
    ts_config_server:(6:<0.69.0>) Session 1 chosen

=INFO REPORT==== 17-Feb-2016::10:54:21 ===
           ts_client:(6:<0.190.0>) Session ending 

=INFO REPORT==== 17-Feb-2016::10:54:21 ===
    ts_config_server:(6:<0.69.0>) Session 1 chosen

=INFO REPORT==== 17-Feb-2016::10:54:21 ===
           ts_client:(6:<0.191.0>) Session ending 

=INFO REPORT==== 17-Feb-2016::10:54:21 ===
    ts_config_server:(6:<0.69.0>) Session 1 chosen

=INFO REPORT==== 17-Feb-2016::10:54:21 ===
    ts_config_server:(6:<0.69.0>) Session 1 chosen

=INFO REPORT==== 17-Feb-2016::10:54:21 ===
           ts_client:(6:<0.192.0>) Session ending 

=INFO REPORT==== 17-Feb-2016::10:54:22 ===
           ts_client:(6:<0.193.0>) Session ending 

=WARNING REPORT==== 17-Feb-2016::10:54:22 ===
OS_MON (cpu_sup), util/1 unavailable for this OS

=INFO REPORT==== 17-Feb-2016::10:54:26 ===
    ts_config_server:(6:<0.69.0>) Session 1 chosen

=INFO REPORT==== 17-Feb-2016::10:54:26 ===
           ts_client:(6:<0.197.0>) Session ending 

=INFO REPORT==== 17-Feb-2016::10:54:26 ===
    ts_config_server:(6:<0.69.0>) Session 1 chosen

=INFO REPORT==== 17-Feb-2016::10:54:26 ===
           ts_client:(6:<0.198.0>) Session ending 

=INFO REPORT==== 17-Feb-2016::10:54:26 ===
    ts_config_server:(6:<0.69.0>) Session 1 chosen

=INFO REPORT==== 17-Feb-2016::10:54:26 ===
           ts_client:(6:<0.199.0>) Session ending 

=INFO REPORT==== 17-Feb-2016::10:54:28 ===
    ts_config_server:(6:<0.69.0>) Session 1 chosen

=INFO REPORT==== 17-Feb-2016::10:54:28 ===
           ts_client:(6:<0.200.0>) Session ending 

=INFO REPORT==== 17-Feb-2016::10:54:28 ===
    ts_config_server:(6:<0.69.0>) Session 1 chosen

=INFO REPORT==== 17-Feb-2016::10:54:28 ===
    ts_config_server:(6:<0.69.0>) Session 1 chosen

=INFO REPORT==== 17-Feb-2016::10:54:28 ===
           ts_client:(6:<0.201.0>) Session ending 

=INFO REPORT==== 17-Feb-2016::10:54:28 ===
           ts_client:(6:<0.202.0>) Session ending 

=INFO REPORT==== 17-Feb-2016::10:54:30 ===
    ts_config_server:(6:<0.69.0>) Session 1 chosen

=INFO REPORT==== 17-Feb-2016::10:54:30 ===
           ts_client:(6:<0.203.0>) Session ending 

=INFO REPORT==== 17-Feb-2016::10:54:31 ===
    ts_config_server:(6:<0.69.0>) Session 1 chosen

=INFO REPORT==== 17-Feb-2016::10:54:31 ===
           ts_client:(6:<0.205.0>) Session ending 

=WARNING REPORT==== 17-Feb-2016::10:54:32 ===
OS_MON (cpu_sup), util/1 unavailable for this OS

=INFO REPORT==== 17-Feb-2016::10:54:32 ===
    ts_config_server:(6:<0.69.0>) Session 1 chosen

=INFO REPORT==== 17-Feb-2016::10:54:32 ===
           ts_client:(6:<0.209.0>) Session ending 

=INFO REPORT==== 17-Feb-2016::10:54:34 ===
    ts_config_server:(6:<0.69.0>) Session 1 chosen

=INFO REPORT==== 17-Feb-2016::10:54:34 ===
           ts_client:(6:<0.210.0>) Session ending 

=INFO REPORT==== 17-Feb-2016::10:54:35 ===
    ts_config_server:(6:<0.69.0>) Session 1 chosen

=INFO REPORT==== 17-Feb-2016::10:54:35 ===
           ts_client:(6:<0.211.0>) Session ending 

=INFO REPORT==== 17-Feb-2016::10:54:41 ===
    ts_config_server:(6:<0.69.0>) Session 1 chosen

=INFO REPORT==== 17-Feb-2016::10:54:41 ===
           ts_client:(6:<0.213.0>) Session ending 

=INFO REPORT==== 17-Feb-2016::10:54:41 ===
    ts_config_server:(6:<0.69.0>) Session 1 chosen

=INFO REPORT==== 17-Feb-2016::10:54:41 ===
           ts_client:(6:<0.214.0>) Session ending 

=WARNING REPORT==== 17-Feb-2016::10:54:42 ===
OS_MON (cpu_sup), util/1 unavailable for this OS

=INFO REPORT==== 17-Feb-2016::10:54:42 ===
    ts_config_server:(6:<0.69.0>) Session 1 chosen

=INFO REPORT==== 17-Feb-2016::10:54:42 ===
           ts_client:(6:<0.218.0>) Session ending 

=INFO REPORT==== 17-Feb-2016::10:54:43 ===
    ts_config_server:(6:<0.69.0>) Session 1 chosen

=INFO REPORT==== 17-Feb-2016::10:54:43 ===
           ts_client:(6:<0.219.0>) Session ending 

=INFO REPORT==== 17-Feb-2016::10:54:43 ===
    ts_config_server:(6:<0.69.0>) Session 1 chosen

=INFO REPORT==== 17-Feb-2016::10:54:44 ===
           ts_client:(6:<0.220.0>) Session ending 

=INFO REPORT==== 17-Feb-2016::10:54:44 ===
    ts_config_server:(6:<0.69.0>) Session 1 chosen

=INFO REPORT==== 17-Feb-2016::10:54:44 ===
           ts_client:(6:<0.221.0>) Session ending 

=INFO REPORT==== 17-Feb-2016::10:54:47 ===
    ts_config_server:(6:<0.69.0>) Session 1 chosen

=INFO REPORT==== 17-Feb-2016::10:54:47 ===
           ts_client:(6:<0.222.0>) Session ending 

=INFO REPORT==== 17-Feb-2016::10:54:47 ===
    ts_config_server:(6:<0.69.0>) Session 1 chosen

=INFO REPORT==== 17-Feb-2016::10:54:47 ===
           ts_client:(6:<0.223.0>) Session ending 

=INFO REPORT==== 17-Feb-2016::10:54:48 ===
    ts_config_server:(6:<0.69.0>) Session 1 chosen

=INFO REPORT==== 17-Feb-2016::10:54:48 ===
           ts_client:(6:<0.224.0>) Session ending 

=INFO REPORT==== 17-Feb-2016::10:54:48 ===
    ts_config_server:(6:<0.69.0>) Session 1 chosen

=INFO REPORT==== 17-Feb-2016::10:54:48 ===
           ts_client:(6:<0.225.0>) Session ending 

=INFO REPORT==== 17-Feb-2016::10:54:50 ===
    ts_config_server:(6:<0.69.0>) Session 1 chosen

=INFO REPORT==== 17-Feb-2016::10:54:50 ===
           ts_client:(6:<0.226.0>) Session ending 

=INFO REPORT==== 17-Feb-2016::10:54:50 ===
    ts_config_server:(6:<0.69.0>) Session 1 chosen

=INFO REPORT==== 17-Feb-2016::10:54:51 ===
           ts_client:(6:<0.228.0>) Session ending 

=INFO REPORT==== 17-Feb-2016::10:54:51 ===
    ts_config_server:(6:<0.69.0>) Session 1 chosen

=INFO REPORT==== 17-Feb-2016::10:54:51 ===
    ts_config_server:(6:<0.69.0>) Session 1 chosen

=INFO REPORT==== 17-Feb-2016::10:54:51 ===
           ts_client:(6:<0.229.0>) Session ending 

=INFO REPORT==== 17-Feb-2016::10:54:51 ===
           ts_client:(6:<0.230.0>) Session ending 

=WARNING REPORT==== 17-Feb-2016::10:54:52 ===
OS_MON (cpu_sup), util/1 unavailable for this OS

=INFO REPORT==== 17-Feb-2016::10:54:53 ===
    ts_config_server:(6:<0.69.0>) Session 1 chosen

=INFO REPORT==== 17-Feb-2016::10:54:53 ===
           ts_client:(6:<0.234.0>) Session ending 

=INFO REPORT==== 17-Feb-2016::10:54:54 ===
    ts_config_server:(6:<0.69.0>) Session 1 chosen

=INFO REPORT==== 17-Feb-2016::10:54:54 ===
           ts_client:(6:<0.235.0>) Session ending 

=INFO REPORT==== 17-Feb-2016::10:54:56 ===
    ts_config_server:(6:<0.69.0>) Session 1 chosen

=INFO REPORT==== 17-Feb-2016::10:54:56 ===
           ts_client:(6:<0.236.0>) Session ending 

=INFO REPORT==== 17-Feb-2016::10:54:57 ===
    ts_config_server:(6:<0.69.0>) Session 1 chosen

=INFO REPORT==== 17-Feb-2016::10:54:57 ===
           ts_client:(6:<0.237.0>) Session ending 

=INFO REPORT==== 17-Feb-2016::10:54:58 ===
    ts_config_server:(6:<0.69.0>) Session 1 chosen

=INFO REPORT==== 17-Feb-2016::10:54:58 ===
           ts_client:(6:<0.238.0>) Session ending 

=INFO REPORT==== 17-Feb-2016::10:54:58 ===
    ts_config_server:(6:<0.69.0>) Session 1 chosen

=INFO REPORT==== 17-Feb-2016::10:54:58 ===
           ts_client:(6:<0.239.0>) Session ending 

=INFO REPORT==== 17-Feb-2016::10:54:58 ===
    ts_config_server:(6:<0.69.0>) Session 1 chosen

=INFO REPORT==== 17-Feb-2016::10:54:59 ===
           ts_client:(6:<0.240.0>) Session ending 

=INFO REPORT==== 17-Feb-2016::10:55:00 ===
    ts_config_server:(6:<0.69.0>) Session 1 chosen

=INFO REPORT==== 17-Feb-2016::10:55:00 ===
           ts_client:(6:<0.241.0>) Session ending 

=INFO REPORT==== 17-Feb-2016::10:55:02 ===
    ts_config_server:(6:<0.69.0>) Session 1 chosen

=INFO REPORT==== 17-Feb-2016::10:55:02 ===
    ts_config_server:(6:<0.69.0>) Session 1 chosen

=INFO REPORT==== 17-Feb-2016::10:55:02 ===
           ts_client:(6:<0.246.0>) Session ending 

=INFO REPORT==== 17-Feb-2016::10:55:02 ===
           ts_client:(6:<0.247.0>) Session ending 

=WARNING REPORT==== 17-Feb-2016::10:55:02 ===
OS_MON (cpu_sup), util/1 unavailable for this OS

=INFO REPORT==== 17-Feb-2016::10:55:02 ===
    ts_config_server:(6:<0.69.0>) Session 1 chosen

=INFO REPORT==== 17-Feb-2016::10:55:02 ===
           ts_client:(6:<0.251.0>) Session ending 

=INFO REPORT==== 17-Feb-2016::10:55:04 ===
    ts_config_server:(6:<0.69.0>) Session 1 chosen

=INFO REPORT==== 17-Feb-2016::10:55:04 ===
           ts_client:(6:<0.252.0>) Session ending 

=INFO REPORT==== 17-Feb-2016::10:55:04 ===
    ts_config_server:(6:<0.69.0>) Session 1 chosen

=INFO REPORT==== 17-Feb-2016::10:55:04 ===
           ts_client:(6:<0.253.0>) Session ending 

=INFO REPORT==== 17-Feb-2016::10:55:05 ===
    ts_config_server:(6:<0.69.0>) Session 1 chosen

=INFO REPORT==== 17-Feb-2016::10:55:05 ===
           ts_client:(6:<0.254.0>) Session ending 

=INFO REPORT==== 17-Feb-2016::10:55:05 ===
    ts_config_server:(6:<0.69.0>) Session 1 chosen

=INFO REPORT==== 17-Feb-2016::10:55:05 ===
           ts_client:(6:<0.255.0>) Session ending 

=INFO REPORT==== 17-Feb-2016::10:55:07 ===
    ts_config_server:(6:<0.69.0>) Session 1 chosen

=INFO REPORT==== 17-Feb-2016::10:55:07 ===
           ts_client:(6:<0.256.0>) Session ending 

=INFO REPORT==== 17-Feb-2016::10:55:07 ===
    ts_config_server:(6:<0.69.0>) Session 1 chosen

=INFO REPORT==== 17-Feb-2016::10:55:07 ===
           ts_client:(6:<0.257.0>) Session ending 

=INFO REPORT==== 17-Feb-2016::10:55:08 ===
    ts_config_server:(6:<0.69.0>) Session 1 chosen

=INFO REPORT==== 17-Feb-2016::10:55:08 ===
           ts_client:(6:<0.258.0>) Session ending 

=INFO REPORT==== 17-Feb-2016::10:55:08 ===
    ts_config_server:(6:<0.69.0>) Session 1 chosen

=INFO REPORT==== 17-Feb-2016::10:55:08 ===
           ts_client:(6:<0.259.0>) Session ending 

=INFO REPORT==== 17-Feb-2016::10:55:09 ===
    ts_config_server:(6:<0.69.0>) Session 1 chosen

=INFO REPORT==== 17-Feb-2016::10:55:09 ===
           ts_client:(6:<0.260.0>) Session ending 

=INFO REPORT==== 17-Feb-2016::10:55:10 ===
    ts_config_server:(6:<0.69.0>) Session 1 chosen

=INFO REPORT==== 17-Feb-2016::10:55:10 ===
           ts_client:(6:<0.261.0>) Session ending 

=INFO REPORT==== 17-Feb-2016::10:55:11 ===
    ts_config_server:(6:<0.69.0>) Session 1 chosen

=INFO REPORT==== 17-Feb-2016::10:55:11 ===
           ts_client:(6:<0.269.0>) Session ending 

=WARNING REPORT==== 17-Feb-2016::10:55:12 ===
OS_MON (cpu_sup), util/1 unavailable for this OS

=INFO REPORT==== 17-Feb-2016::10:55:13 ===
    ts_config_server:(6:<0.69.0>) Session 1 chosen

=INFO REPORT==== 17-Feb-2016::10:55:13 ===
           ts_client:(6:<0.273.0>) Session ending 

=INFO REPORT==== 17-Feb-2016::10:55:14 ===
    ts_config_server:(6:<0.69.0>) Session 1 chosen

=INFO REPORT==== 17-Feb-2016::10:55:14 ===
           ts_client:(6:<0.274.0>) Session ending 

=INFO REPORT==== 17-Feb-2016::10:55:15 ===
    ts_config_server:(6:<0.69.0>) Session 1 chosen

=INFO REPORT==== 17-Feb-2016::10:55:15 ===
           ts_client:(6:<0.275.0>) Session ending 

=INFO REPORT==== 17-Feb-2016::10:55:15 ===
    ts_config_server:(6:<0.69.0>) Session 1 chosen

=INFO REPORT==== 17-Feb-2016::10:55:15 ===
           ts_client:(6:<0.276.0>) Session ending 

=INFO REPORT==== 17-Feb-2016::10:55:16 ===
    ts_config_server:(6:<0.69.0>) Session 1 chosen

=INFO REPORT==== 17-Feb-2016::10:55:16 ===
           ts_client:(6:<0.277.0>) Session ending 

=INFO REPORT==== 17-Feb-2016::10:55:17 ===
    ts_config_server:(6:<0.69.0>) Session 1 chosen

=INFO REPORT==== 17-Feb-2016::10:55:17 ===
           ts_client:(6:<0.278.0>) Session ending 

=INFO REPORT==== 17-Feb-2016::10:55:18 ===
    ts_config_server:(6:<0.69.0>) Session 1 chosen

=INFO REPORT==== 17-Feb-2016::10:55:18 ===
           ts_client:(6:<0.279.0>) Session ending 

=INFO REPORT==== 17-Feb-2016::10:55:19 ===
    ts_config_server:(6:<0.69.0>) Session 1 chosen

=INFO REPORT==== 17-Feb-2016::10:55:19 ===
    ts_config_server:(6:<0.69.0>) Session 1 chosen

=INFO REPORT==== 17-Feb-2016::10:55:19 ===
           ts_client:(6:<0.280.0>) Session ending 

=INFO REPORT==== 17-Feb-2016::10:55:19 ===
           ts_client:(6:<0.281.0>) Session ending 

=INFO REPORT==== 17-Feb-2016::10:55:19 ===
    ts_config_server:(6:<0.69.0>) Session 1 chosen

=INFO REPORT==== 17-Feb-2016::10:55:19 ===
           ts_client:(6:<0.282.0>) Session ending 

=INFO REPORT==== 17-Feb-2016::10:55:20 ===
    ts_config_server:(6:<0.69.0>) Session 1 chosen

=INFO REPORT==== 17-Feb-2016::10:55:20 ===
           ts_client:(6:<0.283.0>) Session ending 

=INFO REPORT==== 17-Feb-2016::10:55:20 ===
    ts_config_server:(6:<0.69.0>) Session 1 chosen

=INFO REPORT==== 17-Feb-2016::10:55:20 ===
           ts_client:(6:<0.284.0>) Session ending 

=INFO REPORT==== 17-Feb-2016::10:55:20 ===
    ts_config_server:(6:<0.69.0>) Session 1 chosen

=INFO REPORT==== 17-Feb-2016::10:55:20 ===
    ts_config_server:(6:<0.69.0>) Session 1 chosen

=INFO REPORT==== 17-Feb-2016::10:55:21 ===
           ts_client:(6:<0.286.0>) Session ending 

=INFO REPORT==== 17-Feb-2016::10:55:21 ===
           ts_client:(6:<0.287.0>) Session ending 

=INFO REPORT==== 17-Feb-2016::10:55:21 ===
    ts_config_server:(6:<0.69.0>) Session 1 chosen

=INFO REPORT==== 17-Feb-2016::10:55:21 ===
           ts_client:(6:<0.288.0>) Session ending 

=WARNING REPORT==== 17-Feb-2016::10:55:22 ===
OS_MON (cpu_sup), util/1 unavailable for this OS

=INFO REPORT==== 17-Feb-2016::10:55:22 ===
    ts_config_server:(6:<0.69.0>) Session 1 chosen

=INFO REPORT==== 17-Feb-2016::10:55:22 ===
           ts_client:(6:<0.292.0>) Session ending 

=INFO REPORT==== 17-Feb-2016::10:55:23 ===
    ts_config_server:(6:<0.69.0>) Session 1 chosen

=INFO REPORT==== 17-Feb-2016::10:55:23 ===
           ts_client:(6:<0.293.0>) Session ending 

=INFO REPORT==== 17-Feb-2016::10:55:23 ===
    ts_config_server:(6:<0.69.0>) Session 1 chosen

=INFO REPORT==== 17-Feb-2016::10:55:23 ===
           ts_client:(6:<0.294.0>) Session ending 

=INFO REPORT==== 17-Feb-2016::10:55:28 ===
    ts_config_server:(6:<0.69.0>) Session 1 chosen

=INFO REPORT==== 17-Feb-2016::10:55:28 ===
           ts_client:(6:<0.295.0>) Session ending 

=INFO REPORT==== 17-Feb-2016::10:55:30 ===
    ts_config_server:(6:<0.69.0>) Session 1 chosen

=INFO REPORT==== 17-Feb-2016::10:55:30 ===
           ts_client:(6:<0.298.0>) Session ending 

=INFO REPORT==== 17-Feb-2016::10:55:31 ===
    ts_config_server:(6:<0.69.0>) Session 1 chosen

=INFO REPORT==== 17-Feb-2016::10:55:31 ===
           ts_client:(6:<0.301.0>) Session ending 

=INFO REPORT==== 17-Feb-2016::10:55:31 ===
    ts_config_server:(6:<0.69.0>) Session 1 chosen

=INFO REPORT==== 17-Feb-2016::10:55:31 ===
           ts_client:(6:<0.302.0>) Session ending 

=INFO REPORT==== 17-Feb-2016::10:55:31 ===
    ts_config_server:(6:<0.69.0>) Session 1 chosen

=INFO REPORT==== 17-Feb-2016::10:55:32 ===
           ts_client:(6:<0.303.0>) Session ending 

=INFO REPORT==== 17-Feb-2016::10:55:32 ===
    ts_config_server:(6:<0.69.0>) Session 1 chosen

=INFO REPORT==== 17-Feb-2016::10:55:32 ===
           ts_client:(6:<0.304.0>) Session ending 

=INFO REPORT==== 17-Feb-2016::10:55:32 ===
    ts_config_server:(6:<0.69.0>) Session 1 chosen

=WARNING REPORT==== 17-Feb-2016::10:55:32 ===
OS_MON (cpu_sup), util/1 unavailable for this OS

=INFO REPORT==== 17-Feb-2016::10:55:32 ===
           ts_client:(6:<0.305.0>) Session ending 

=INFO REPORT==== 17-Feb-2016::10:55:32 ===
    ts_config_server:(6:<0.69.0>) Session 1 chosen

=INFO REPORT==== 17-Feb-2016::10:55:33 ===
           ts_client:(6:<0.309.0>) Session ending 

=INFO REPORT==== 17-Feb-2016::10:55:33 ===
    ts_config_server:(6:<0.69.0>) Session 1 chosen

=INFO REPORT==== 17-Feb-2016::10:55:33 ===
           ts_client:(6:<0.310.0>) Session ending 

=INFO REPORT==== 17-Feb-2016::10:55:37 ===
    ts_config_server:(6:<0.69.0>) Session 1 chosen

=INFO REPORT==== 17-Feb-2016::10:55:37 ===
           ts_client:(6:<0.313.0>) Session ending 

=INFO REPORT==== 17-Feb-2016::10:55:38 ===
    ts_config_server:(6:<0.69.0>) Session 1 chosen

=INFO REPORT==== 17-Feb-2016::10:55:38 ===
           ts_client:(6:<0.314.0>) Session ending 

=INFO REPORT==== 17-Feb-2016::10:55:38 ===
    ts_config_server:(6:<0.69.0>) Session 1 chosen

=INFO REPORT==== 17-Feb-2016::10:55:38 ===
           ts_client:(6:<0.315.0>) Session ending 

=INFO REPORT==== 17-Feb-2016::10:55:39 ===
    ts_config_server:(6:<0.69.0>) Session 1 chosen

=INFO REPORT==== 17-Feb-2016::10:55:39 ===
           ts_client:(6:<0.316.0>) Session ending 

=INFO REPORT==== 17-Feb-2016::10:55:39 ===
    ts_config_server:(6:<0.69.0>) Session 1 chosen

=INFO REPORT==== 17-Feb-2016::10:55:39 ===
           ts_client:(6:<0.319.0>) Session ending 

=INFO REPORT==== 17-Feb-2016::10:55:39 ===
    ts_config_server:(6:<0.69.0>) Session 1 chosen

=INFO REPORT==== 17-Feb-2016::10:55:39 ===
    ts_config_server:(6:<0.69.0>) Session 1 chosen

=INFO REPORT==== 17-Feb-2016::10:55:40 ===
           ts_client:(6:<0.323.0>) Session ending 

=INFO REPORT==== 17-Feb-2016::10:55:40 ===
           ts_client:(6:<0.324.0>) Session ending 

=INFO REPORT==== 17-Feb-2016::10:55:40 ===
    ts_config_server:(6:<0.69.0>) Session 1 chosen

=INFO REPORT==== 17-Feb-2016::10:55:40 ===
    ts_config_server:(6:<0.69.0>) Session 1 chosen

=INFO REPORT==== 17-Feb-2016::10:55:40 ===
           ts_client:(6:<0.327.0>) Session ending 

=INFO REPORT==== 17-Feb-2016::10:55:40 ===
           ts_client:(6:<0.328.0>) Session ending 

=INFO REPORT==== 17-Feb-2016::10:55:41 ===
    ts_config_server:(6:<0.69.0>) Session 1 chosen

=INFO REPORT==== 17-Feb-2016::10:55:42 ===
           ts_client:(6:<0.330.0>) Session ending 

=WARNING REPORT==== 17-Feb-2016::10:55:42 ===
OS_MON (cpu_sup), util/1 unavailable for this OS

=INFO REPORT==== 17-Feb-2016::10:55:43 ===
    ts_config_server:(6:<0.69.0>) Session 1 chosen

=INFO REPORT==== 17-Feb-2016::10:55:43 ===
    ts_config_server:(6:<0.69.0>) Session 1 chosen

=INFO REPORT==== 17-Feb-2016::10:55:43 ===
           ts_client:(6:<0.334.0>) Session ending 

=INFO REPORT==== 17-Feb-2016::10:55:43 ===
           ts_client:(6:<0.335.0>) Session ending 

=INFO REPORT==== 17-Feb-2016::10:55:45 ===
    ts_config_server:(6:<0.69.0>) Session 1 chosen

=INFO REPORT==== 17-Feb-2016::10:55:45 ===
         ts_launcher:(4:<0.127.0>) Need to wait 20.947 sec before changing phase, going to sleep

=INFO REPORT==== 17-Feb-2016::10:55:45 ===
           ts_client:(6:<0.337.0>) Session ending 

=WARNING REPORT==== 17-Feb-2016::10:55:52 ===
OS_MON (cpu_sup), util/1 unavailable for this OS

=WARNING REPORT==== 17-Feb-2016::10:56:02 ===
OS_MON (cpu_sup), util/1 unavailable for this OS

=INFO REPORT==== 17-Feb-2016::10:56:06 ===
         ts_launcher:(5:<0.127.0>) Waking up

=INFO REPORT==== 17-Feb-2016::10:56:06 ===
         ts_launcher:(5:<0.127.0>) Start a new arrival phase (100 users, 0.01); expected duration=120.0 sec

=INFO REPORT==== 17-Feb-2016::10:56:07 ===
    ts_config_server:(6:<0.69.0>) Session 1 chosen

=INFO REPORT==== 17-Feb-2016::10:56:07 ===
    ts_config_server:(6:<0.69.0>) Session 1 chosen

=INFO REPORT==== 17-Feb-2016::10:56:07 ===
           ts_client:(6:<0.354.0>) Session ending 

=INFO REPORT==== 17-Feb-2016::10:56:07 ===
    ts_config_server:(6:<0.69.0>) Session 1 chosen

=INFO REPORT==== 17-Feb-2016::10:56:07 ===
    ts_config_server:(6:<0.69.0>) Session 1 chosen

=INFO REPORT==== 17-Feb-2016::10:56:07 ===
           ts_client:(6:<0.355.0>) Session ending 

=INFO REPORT==== 17-Feb-2016::10:56:07 ===
    ts_config_server:(6:<0.69.0>) Session 1 chosen

=INFO REPORT==== 17-Feb-2016::10:56:07 ===
    ts_config_server:(6:<0.69.0>) Session 1 chosen

=INFO REPORT==== 17-Feb-2016::10:56:07 ===
    ts_config_server:(6:<0.69.0>) Session 1 chosen

=INFO REPORT==== 17-Feb-2016::10:56:07 ===
           ts_client:(6:<0.356.0>) Session ending 

=INFO REPORT==== 17-Feb-2016::10:56:07 ===
           ts_client:(6:<0.357.0>) Session ending 

=INFO REPORT==== 17-Feb-2016::10:56:07 ===
    ts_config_server:(6:<0.69.0>) Session 1 chosen

=INFO REPORT==== 17-Feb-2016::10:56:07 ===
           ts_client:(6:<0.358.0>) Session ending 

=INFO REPORT==== 17-Feb-2016::10:56:07 ===
           ts_client:(6:<0.359.0>) Session ending 

=INFO REPORT==== 17-Feb-2016::10:56:07 ===
           ts_client:(6:<0.360.0>) Session ending 

=INFO REPORT==== 17-Feb-2016::10:56:07 ===
    ts_config_server:(6:<0.69.0>) Session 1 chosen

=INFO REPORT==== 17-Feb-2016::10:56:07 ===
           ts_client:(6:<0.361.0>) Session ending 

=INFO REPORT==== 17-Feb-2016::10:56:07 ===
           ts_client:(6:<0.362.0>) Session ending 

=INFO REPORT==== 17-Feb-2016::10:56:07 ===
    ts_config_server:(6:<0.69.0>) Session 1 chosen

=INFO REPORT==== 17-Feb-2016::10:56:07 ===
    ts_config_server:(6:<0.69.0>) Session 1 chosen

=INFO REPORT==== 17-Feb-2016::10:56:07 ===
           ts_client:(6:<0.363.0>) Session ending 

=INFO REPORT==== 17-Feb-2016::10:56:08 ===
           ts_client:(6:<0.364.0>) Session ending 

=INFO REPORT==== 17-Feb-2016::10:56:08 ===
    ts_config_server:(6:<0.69.0>) Session 1 chosen

=INFO REPORT==== 17-Feb-2016::10:56:08 ===
           ts_client:(6:<0.365.0>) Session ending 

=INFO REPORT==== 17-Feb-2016::10:56:08 ===
    ts_config_server:(6:<0.69.0>) Session 1 chosen

=INFO REPORT==== 17-Feb-2016::10:56:08 ===
    ts_config_server:(6:<0.69.0>) Session 1 chosen

=INFO REPORT==== 17-Feb-2016::10:56:08 ===
    ts_config_server:(6:<0.69.0>) Session 1 chosen

=INFO REPORT==== 17-Feb-2016::10:56:08 ===
           ts_client:(6:<0.366.0>) Session ending 

=INFO REPORT==== 17-Feb-2016::10:56:08 ===
           ts_client:(6:<0.367.0>) Session ending 

=INFO REPORT==== 17-Feb-2016::10:56:08 ===
           ts_client:(6:<0.368.0>) Session ending 

=INFO REPORT==== 17-Feb-2016::10:56:09 ===
    ts_config_server:(6:<0.69.0>) Session 1 chosen

=INFO REPORT==== 17-Feb-2016::10:56:09 ===
           ts_client:(6:<0.369.0>) Session ending 

=INFO REPORT==== 17-Feb-2016::10:56:09 ===
    ts_config_server:(6:<0.69.0>) Session 1 chosen

=INFO REPORT==== 17-Feb-2016::10:56:09 ===
    ts_config_server:(6:<0.69.0>) Session 1 chosen

=INFO REPORT==== 17-Feb-2016::10:56:09 ===
           ts_client:(6:<0.370.0>) Session ending 

=INFO REPORT==== 17-Feb-2016::10:56:09 ===
    ts_config_server:(6:<0.69.0>) Session 1 chosen

=INFO REPORT==== 17-Feb-2016::10:56:09 ===
    ts_config_server:(6:<0.69.0>) Session 1 chosen

=INFO REPORT==== 17-Feb-2016::10:56:09 ===
           ts_client:(6:<0.371.0>) Session ending 

=INFO REPORT==== 17-Feb-2016::10:56:09 ===
           ts_client:(6:<0.372.0>) Session ending 

=INFO REPORT==== 17-Feb-2016::10:56:09 ===
           ts_client:(6:<0.373.0>) Session ending 

=INFO REPORT==== 17-Feb-2016::10:56:09 ===
    ts_config_server:(6:<0.69.0>) Session 1 chosen

=INFO REPORT==== 17-Feb-2016::10:56:09 ===
    ts_config_server:(6:<0.69.0>) Session 1 chosen

=INFO REPORT==== 17-Feb-2016::10:56:09 ===
           ts_client:(6:<0.374.0>) Session ending 

=INFO REPORT==== 17-Feb-2016::10:56:09 ===
           ts_client:(6:<0.375.0>) Session ending 

=INFO REPORT==== 17-Feb-2016::10:56:09 ===
    ts_config_server:(6:<0.69.0>) Session 1 chosen

=INFO REPORT==== 17-Feb-2016::10:56:10 ===
           ts_client:(6:<0.376.0>) Session ending 

=INFO REPORT==== 17-Feb-2016::10:56:10 ===
    ts_config_server:(6:<0.69.0>) Session 1 chosen

=INFO REPORT==== 17-Feb-2016::10:56:10 ===
    ts_config_server:(6:<0.69.0>) Session 1 chosen

=INFO REPORT==== 17-Feb-2016::10:56:10 ===
    ts_config_server:(6:<0.69.0>) Session 1 chosen

=INFO REPORT==== 17-Feb-2016::10:56:10 ===
           ts_client:(6:<0.377.0>) Session ending 

=INFO REPORT==== 17-Feb-2016::10:56:10 ===
           ts_client:(6:<0.378.0>) Session ending 

=INFO REPORT==== 17-Feb-2016::10:56:10 ===
           ts_client:(6:<0.379.0>) Session ending 

=INFO REPORT==== 17-Feb-2016::10:56:10 ===
    ts_config_server:(6:<0.69.0>) Session 1 chosen

=INFO REPORT==== 17-Feb-2016::10:56:10 ===
    ts_config_server:(6:<0.69.0>) Session 1 chosen

=INFO REPORT==== 17-Feb-2016::10:56:10 ===
    ts_config_server:(6:<0.69.0>) Session 1 chosen

=INFO REPORT==== 17-Feb-2016::10:56:10 ===
           ts_client:(6:<0.380.0>) Session ending 

=INFO REPORT==== 17-Feb-2016::10:56:10 ===
           ts_client:(6:<0.381.0>) Session ending 

=INFO REPORT==== 17-Feb-2016::10:56:10 ===
    ts_config_server:(6:<0.69.0>) Session 1 chosen

=INFO REPORT==== 17-Feb-2016::10:56:10 ===
           ts_client:(6:<0.382.0>) Session ending 

=INFO REPORT==== 17-Feb-2016::10:56:10 ===
           ts_client:(6:<0.383.0>) Session ending 

=INFO REPORT==== 17-Feb-2016::10:56:11 ===
    ts_config_server:(6:<0.69.0>) Session 1 chosen

=INFO REPORT==== 17-Feb-2016::10:56:11 ===
    ts_config_server:(6:<0.69.0>) Session 1 chosen

=INFO REPORT==== 17-Feb-2016::10:56:11 ===
           ts_client:(6:<0.385.0>) Session ending 

=INFO REPORT==== 17-Feb-2016::10:56:11 ===
           ts_client:(6:<0.386.0>) Session ending 

=INFO REPORT==== 17-Feb-2016::10:56:11 ===
    ts_config_server:(6:<0.69.0>) Session 1 chosen

=INFO REPORT==== 17-Feb-2016::10:56:11 ===
    ts_config_server:(6:<0.69.0>) Session 1 chosen

=INFO REPORT==== 17-Feb-2016::10:56:11 ===
           ts_client:(6:<0.387.0>) Session ending 

=INFO REPORT==== 17-Feb-2016::10:56:11 ===
           ts_client:(6:<0.388.0>) Session ending 

=INFO REPORT==== 17-Feb-2016::10:56:11 ===
    ts_config_server:(6:<0.69.0>) Session 1 chosen

=INFO REPORT==== 17-Feb-2016::10:56:11 ===
           ts_client:(6:<0.389.0>) Session ending 

=INFO REPORT==== 17-Feb-2016::10:56:11 ===
    ts_config_server:(6:<0.69.0>) Session 1 chosen

=INFO REPORT==== 17-Feb-2016::10:56:11 ===
    ts_config_server:(6:<0.69.0>) Session 1 chosen

=INFO REPORT==== 17-Feb-2016::10:56:11 ===
    ts_config_server:(6:<0.69.0>) Session 1 chosen

=INFO REPORT==== 17-Feb-2016::10:56:12 ===
           ts_client:(6:<0.390.0>) Session ending 

=INFO REPORT==== 17-Feb-2016::10:56:12 ===
           ts_client:(6:<0.392.0>) Session ending 

=INFO REPORT==== 17-Feb-2016::10:56:12 ===
           ts_client:(6:<0.393.0>) Session ending 

=INFO REPORT==== 17-Feb-2016::10:56:12 ===
    ts_config_server:(6:<0.69.0>) Session 1 chosen

=INFO REPORT==== 17-Feb-2016::10:56:12 ===
           ts_client:(6:<0.394.0>) Session ending 

=INFO REPORT==== 17-Feb-2016::10:56:12 ===
    ts_config_server:(6:<0.69.0>) Session 1 chosen

=INFO REPORT==== 17-Feb-2016::10:56:12 ===
    ts_config_server:(6:<0.69.0>) Session 1 chosen

=INFO REPORT==== 17-Feb-2016::10:56:12 ===
    ts_config_server:(6:<0.69.0>) Session 1 chosen

=INFO REPORT==== 17-Feb-2016::10:56:12 ===
           ts_client:(6:<0.395.0>) Session ending 

=INFO REPORT==== 17-Feb-2016::10:56:12 ===
    ts_config_server:(6:<0.69.0>) Session 1 chosen

=INFO REPORT==== 17-Feb-2016::10:56:12 ===
           ts_client:(6:<0.396.0>) Session ending 

=INFO REPORT==== 17-Feb-2016::10:56:12 ===
           ts_client:(6:<0.397.0>) Session ending 

=INFO REPORT==== 17-Feb-2016::10:56:12 ===
    ts_config_server:(6:<0.69.0>) Session 1 chosen

=INFO REPORT==== 17-Feb-2016::10:56:12 ===
    ts_config_server:(6:<0.69.0>) Session 1 chosen

=INFO REPORT==== 17-Feb-2016::10:56:12 ===
           ts_client:(6:<0.398.0>) Session ending 

=INFO REPORT==== 17-Feb-2016::10:56:12 ===
           ts_client:(6:<0.399.0>) Session ending 

=INFO REPORT==== 17-Feb-2016::10:56:12 ===
           ts_client:(6:<0.400.0>) Session ending 

=INFO REPORT==== 17-Feb-2016::10:56:12 ===
    ts_config_server:(6:<0.69.0>) Session 1 chosen

=INFO REPORT==== 17-Feb-2016::10:56:12 ===
    ts_config_server:(6:<0.69.0>) Session 1 chosen

=WARNING REPORT==== 17-Feb-2016::10:56:12 ===
OS_MON (cpu_sup), util/1 unavailable for this OS

=INFO REPORT==== 17-Feb-2016::10:56:13 ===
    ts_config_server:(6:<0.69.0>) Session 1 chosen

=INFO REPORT==== 17-Feb-2016::10:56:13 ===
           ts_client:(6:<0.402.0>) Session ending 

=INFO REPORT==== 17-Feb-2016::10:56:13 ===
           ts_client:(6:<0.403.0>) Session ending 

=INFO REPORT==== 17-Feb-2016::10:56:13 ===
    ts_config_server:(6:<0.69.0>) Session 1 chosen

=INFO REPORT==== 17-Feb-2016::10:56:13 ===
    ts_config_server:(6:<0.69.0>) Session 1 chosen

=INFO REPORT==== 17-Feb-2016::10:56:13 ===
           ts_client:(6:<0.406.0>) Session ending 

=INFO REPORT==== 17-Feb-2016::10:56:13 ===
    ts_config_server:(6:<0.69.0>) Session 1 chosen

=INFO REPORT==== 17-Feb-2016::10:56:13 ===
           ts_client:(6:<0.407.0>) Session ending 

=INFO REPORT==== 17-Feb-2016::10:56:13 ===
           ts_client:(6:<0.408.0>) Session ending 

=INFO REPORT==== 17-Feb-2016::10:56:13 ===
           ts_client:(6:<0.409.0>) Session ending 

=INFO REPORT==== 17-Feb-2016::10:56:13 ===
    ts_config_server:(6:<0.69.0>) Session 1 chosen

=INFO REPORT==== 17-Feb-2016::10:56:13 ===
    ts_config_server:(6:<0.69.0>) Session 1 chosen

=INFO REPORT==== 17-Feb-2016::10:56:13 ===
           ts_client:(6:<0.410.0>) Session ending 

=INFO REPORT==== 17-Feb-2016::10:56:13 ===
    ts_config_server:(6:<0.69.0>) Session 1 chosen

=INFO REPORT==== 17-Feb-2016::10:56:13 ===
           ts_client:(6:<0.411.0>) Session ending 

=INFO REPORT==== 17-Feb-2016::10:56:13 ===
           ts_client:(6:<0.412.0>) Session ending 

=INFO REPORT==== 17-Feb-2016::10:56:13 ===
    ts_config_server:(6:<0.69.0>) Session 1 chosen

=INFO REPORT==== 17-Feb-2016::10:56:13 ===
    ts_config_server:(6:<0.69.0>) Session 1 chosen

=INFO REPORT==== 17-Feb-2016::10:56:13 ===
    ts_config_server:(6:<0.69.0>) Session 1 chosen

=INFO REPORT==== 17-Feb-2016::10:56:14 ===
    ts_config_server:(6:<0.69.0>) Session 1 chosen

=INFO REPORT==== 17-Feb-2016::10:56:14 ===
           ts_client:(6:<0.415.0>) Session ending 

=INFO REPORT==== 17-Feb-2016::10:56:14 ===
           ts_client:(6:<0.416.0>) Session ending 

=INFO REPORT==== 17-Feb-2016::10:56:14 ===
           ts_client:(6:<0.417.0>) Session ending 

=INFO REPORT==== 17-Feb-2016::10:56:14 ===
    ts_config_server:(6:<0.69.0>) Session 1 chosen

=INFO REPORT==== 17-Feb-2016::10:56:14 ===
           ts_client:(6:<0.418.0>) Session ending 

=INFO REPORT==== 17-Feb-2016::10:56:14 ===
    ts_config_server:(6:<0.69.0>) Session 1 chosen

=INFO REPORT==== 17-Feb-2016::10:56:14 ===
    ts_config_server:(6:<0.69.0>) Session 1 chosen

=INFO REPORT==== 17-Feb-2016::10:56:14 ===
           ts_client:(6:<0.419.0>) Session ending 

=INFO REPORT==== 17-Feb-2016::10:56:14 ===
           ts_client:(6:<0.422.0>) Session ending 

=INFO REPORT==== 17-Feb-2016::10:56:14 ===
           ts_client:(6:<0.423.0>) Session ending 

=INFO REPORT==== 17-Feb-2016::10:56:14 ===
    ts_config_server:(6:<0.69.0>) Session 1 chosen

=INFO REPORT==== 17-Feb-2016::10:56:14 ===
    ts_config_server:(6:<0.69.0>) Session 1 chosen

=INFO REPORT==== 17-Feb-2016::10:56:14 ===
    ts_config_server:(6:<0.69.0>) Session 1 chosen

=INFO REPORT==== 17-Feb-2016::10:56:14 ===
           ts_client:(6:<0.424.0>) Session ending 

=INFO REPORT==== 17-Feb-2016::10:56:14 ===
    ts_config_server:(6:<0.69.0>) Session 1 chosen

=INFO REPORT==== 17-Feb-2016::10:56:14 ===
           ts_client:(6:<0.425.0>) Session ending 

=INFO REPORT==== 17-Feb-2016::10:56:14 ===
           ts_client:(6:<0.426.0>) Session ending 

=INFO REPORT==== 17-Feb-2016::10:56:14 ===
           ts_client:(6:<0.427.0>) Session ending 

=INFO REPORT==== 17-Feb-2016::10:56:14 ===
    ts_config_server:(6:<0.69.0>) Session 1 chosen

=INFO REPORT==== 17-Feb-2016::10:56:14 ===
    ts_config_server:(6:<0.69.0>) Session 1 chosen

=INFO REPORT==== 17-Feb-2016::10:56:14 ===
    ts_config_server:(6:<0.69.0>) Session 1 chosen

=INFO REPORT==== 17-Feb-2016::10:56:14 ===
           ts_client:(6:<0.428.0>) Session ending 

=INFO REPORT==== 17-Feb-2016::10:56:14 ===
    ts_config_server:(6:<0.69.0>) Session 1 chosen

=INFO REPORT==== 17-Feb-2016::10:56:14 ===
           ts_client:(6:<0.429.0>) Session ending 

=INFO REPORT==== 17-Feb-2016::10:56:15 ===
           ts_client:(6:<0.430.0>) Session ending 

=INFO REPORT==== 17-Feb-2016::10:56:15 ===
    ts_config_server:(6:<0.69.0>) Session 1 chosen

=INFO REPORT==== 17-Feb-2016::10:56:15 ===
    ts_config_server:(6:<0.69.0>) Session 1 chosen

=INFO REPORT==== 17-Feb-2016::10:56:15 ===
           ts_client:(6:<0.431.0>) Session ending 

=INFO REPORT==== 17-Feb-2016::10:56:15 ===
    ts_config_server:(6:<0.69.0>) Session 1 chosen

=INFO REPORT==== 17-Feb-2016::10:56:15 ===
           ts_client:(6:<0.432.0>) Session ending 

=INFO REPORT==== 17-Feb-2016::10:56:15 ===
    ts_config_server:(6:<0.69.0>) Session 1 chosen

=INFO REPORT==== 17-Feb-2016::10:56:15 ===
           ts_client:(6:<0.433.0>) Session ending 

=INFO REPORT==== 17-Feb-2016::10:56:15 ===
    ts_config_server:(6:<0.69.0>) Session 1 chosen

=INFO REPORT==== 17-Feb-2016::10:56:15 ===
           ts_client:(6:<0.434.0>) Session ending 

=INFO REPORT==== 17-Feb-2016::10:56:15 ===
           ts_client:(6:<0.435.0>) Session ending 

=INFO REPORT==== 17-Feb-2016::10:56:15 ===
    ts_config_server:(6:<0.69.0>) Session 1 chosen

=INFO REPORT==== 17-Feb-2016::10:56:15 ===
    ts_config_server:(6:<0.69.0>) Session 1 chosen

=INFO REPORT==== 17-Feb-2016::10:56:15 ===
           ts_client:(6:<0.436.0>) Session ending 

=INFO REPORT==== 17-Feb-2016::10:56:15 ===
           ts_client:(6:<0.437.0>) Session ending 

=INFO REPORT==== 17-Feb-2016::10:56:15 ===
    ts_config_server:(6:<0.69.0>) Session 1 chosen

=INFO REPORT==== 17-Feb-2016::10:56:15 ===
           ts_client:(6:<0.438.0>) Session ending 

=INFO REPORT==== 17-Feb-2016::10:56:15 ===
           ts_client:(6:<0.439.0>) Session ending 

=INFO REPORT==== 17-Feb-2016::10:56:15 ===
    ts_config_server:(6:<0.69.0>) Session 1 chosen

=INFO REPORT==== 17-Feb-2016::10:56:15 ===
    ts_config_server:(6:<0.69.0>) Session 1 chosen

=INFO REPORT==== 17-Feb-2016::10:56:15 ===
    ts_config_server:(6:<0.69.0>) Session 1 chosen

=INFO REPORT==== 17-Feb-2016::10:56:15 ===
           ts_client:(6:<0.440.0>) Session ending 

=INFO REPORT==== 17-Feb-2016::10:56:15 ===
    ts_config_server:(6:<0.69.0>) Session 1 chosen

=INFO REPORT==== 17-Feb-2016::10:56:15 ===
    ts_config_server:(6:<0.69.0>) Session 1 chosen

=INFO REPORT==== 17-Feb-2016::10:56:15 ===
           ts_client:(6:<0.441.0>) Session ending 

=INFO REPORT==== 17-Feb-2016::10:56:15 ===
           ts_client:(6:<0.442.0>) Session ending 

=INFO REPORT==== 17-Feb-2016::10:56:16 ===
    ts_config_server:(6:<0.69.0>) Session 1 chosen

=INFO REPORT==== 17-Feb-2016::10:56:16 ===
           ts_client:(6:<0.443.0>) Session ending 

=INFO REPORT==== 17-Feb-2016::10:56:16 ===
    ts_config_server:(6:<0.69.0>) Session 1 chosen

=INFO REPORT==== 17-Feb-2016::10:56:16 ===
           ts_client:(6:<0.444.0>) Session ending 

=INFO REPORT==== 17-Feb-2016::10:56:16 ===
    ts_config_server:(6:<0.69.0>) Session 1 chosen

=INFO REPORT==== 17-Feb-2016::10:56:16 ===
    ts_config_server:(6:<0.69.0>) Session 1 chosen

=INFO REPORT==== 17-Feb-2016::10:56:16 ===
           ts_client:(6:<0.445.0>) Session ending 

=INFO REPORT==== 17-Feb-2016::10:56:16 ===
           ts_client:(6:<0.446.0>) Session ending 

=INFO REPORT==== 17-Feb-2016::10:56:16 ===
    ts_config_server:(6:<0.69.0>) Session 1 chosen

=INFO REPORT==== 17-Feb-2016::10:56:16 ===
           ts_client:(6:<0.451.0>) Session ending 

=INFO REPORT==== 17-Feb-2016::10:56:16 ===
    ts_config_server:(6:<0.69.0>) Session 1 chosen

=INFO REPORT==== 17-Feb-2016::10:56:16 ===
    ts_config_server:(6:<0.69.0>) Session 1 chosen

=INFO REPORT==== 17-Feb-2016::10:56:16 ===
    ts_config_server:(6:<0.69.0>) Session 1 chosen

=INFO REPORT==== 17-Feb-2016::10:56:16 ===
           ts_client:(6:<0.453.0>) Session ending 

=INFO REPORT==== 17-Feb-2016::10:56:16 ===
           ts_client:(6:<0.454.0>) Session ending 

=INFO REPORT==== 17-Feb-2016::10:56:16 ===
           ts_client:(6:<0.455.0>) Session ending 

=INFO REPORT==== 17-Feb-2016::10:56:16 ===
    ts_config_server:(6:<0.69.0>) Session 1 chosen

=INFO REPORT==== 17-Feb-2016::10:56:16 ===
    ts_config_server:(6:<0.69.0>) Session 1 chosen

=INFO REPORT==== 17-Feb-2016::10:56:16 ===
           ts_client:(6:<0.456.0>) Session ending 

=INFO REPORT==== 17-Feb-2016::10:56:16 ===
    ts_config_server:(6:<0.69.0>) Session 1 chosen

=INFO REPORT==== 17-Feb-2016::10:56:16 ===
    ts_config_server:(6:<0.69.0>) Session 1 chosen

=INFO REPORT==== 17-Feb-2016::10:56:16 ===
           ts_client:(6:<0.457.0>) Session ending 

=INFO REPORT==== 17-Feb-2016::10:56:17 ===
           ts_client:(6:<0.458.0>) Session ending 

=INFO REPORT==== 17-Feb-2016::10:56:17 ===
           ts_client:(6:<0.459.0>) Session ending 

=INFO REPORT==== 17-Feb-2016::10:56:17 ===
    ts_config_server:(6:<0.69.0>) Session 1 chosen

=INFO REPORT==== 17-Feb-2016::10:56:17 ===
    ts_config_server:(6:<0.69.0>) Session 1 chosen

=INFO REPORT==== 17-Feb-2016::10:56:17 ===
    ts_config_server:(6:<0.69.0>) Session 1 chosen

=INFO REPORT==== 17-Feb-2016::10:56:17 ===
    ts_config_server:(6:<0.69.0>) Session 1 chosen

=INFO REPORT==== 17-Feb-2016::10:56:17 ===
    ts_config_server:(6:<0.69.0>) Session 1 chosen

=INFO REPORT==== 17-Feb-2016::10:56:17 ===
           ts_client:(6:<0.460.0>) Session ending 

=INFO REPORT==== 17-Feb-2016::10:56:17 ===
           ts_client:(6:<0.448.0>) Session ending 

=INFO REPORT==== 17-Feb-2016::10:56:17 ===
           ts_client:(6:<0.447.0>) Session ending 

=INFO REPORT==== 17-Feb-2016::10:56:17 ===
           ts_client:(6:<0.461.0>) Session ending 

=INFO REPORT==== 17-Feb-2016::10:56:17 ===
           ts_client:(6:<0.462.0>) Session ending 

=INFO REPORT==== 17-Feb-2016::10:56:17 ===
           ts_client:(6:<0.463.0>) Session ending 

=INFO REPORT==== 17-Feb-2016::10:56:17 ===
    ts_config_server:(6:<0.69.0>) Session 1 chosen

=INFO REPORT==== 17-Feb-2016::10:56:17 ===
         ts_launcher:(5:<0.127.0>) This was the last phase, wait for connected users to finish their session

=INFO REPORT==== 17-Feb-2016::10:56:17 ===
         ts_launcher:(6:<0.127.0>) launcher terminating for reason normal

=INFO REPORT==== 17-Feb-2016::10:56:17 ===
     ts_launcher_mgr:(6:<0.121.0>) All launchers are done on node 'tsung_controller@Wonko-the-Sane', wait for active clients to finish

=INFO REPORT==== 17-Feb-2016::10:56:17 ===
           ts_client:(6:<0.464.0>) Session ending 

=INFO REPORT==== 17-Feb-2016::10:56:17 ===
           ts_client:(6:<0.465.0>) Session ending 

=INFO REPORT==== 17-Feb-2016::10:56:22 ===
     ts_launcher_mgr:(5:<0.121.0>) No more active users 'tsung_controller@Wonko-the-Sane' "9586"

=INFO REPORT==== 17-Feb-2016::10:56:22 ===
              ts_mon:(6:<0.70.0>) Stop asked, no more users, last launcher stopped, OK to stop

=INFO REPORT==== 17-Feb-2016::10:56:22 ===
              ts_mon:(5:<0.70.0>) stopping monitor (normal)
