# stats: dump at 1455727991
stats: users 3 3
stats: {cpu,"tsung_controller@Wonko-the-Sane"} 1 0 0 0 0 0 0
stats: {freemem,"tsung_controller@Wonko-the-Sane"} 1 21.09765625 0 21.09765625 21.09765625 0 0
stats: {load,"tsung_controller@Wonko-the-Sane"} 1 1.6015625 0 1.6015625 1.6015625 0 0
stats: users_count 3 3
stats: finish_users_count 0 0
# stats: dump at 1455728000
stats: users 0 3
stats: {cpu,"tsung_controller@Wonko-the-Sane"} 1 0.0 0.0 0 0 0.0 1
stats: {freemem,"tsung_controller@Wonko-the-Sane"} 1 21.27734375 0.0 21.27734375 21.09765625 21.09765625 1
stats: {load,"tsung_controller@Wonko-the-Sane"} 1 1.54296875 0.0 1.6015625 1.54296875 1.6015625 1
stats: session 6 1471.1201985677083 1985.9842890335108 5202.18212890625 130.23193359375 0 0
stats: users_count 3 6
stats: finish_users_count 6 6
stats: request 6 1464.5050048828125 1979.9565931985694 5185.825927734375 127.452880859375 0 0
stats: connect 6 1394.6420084635417 1979.8060642670682 5114.405029296875 60.461181640625 0 0
stats: page 6 1464.5050048828125 1979.9565931985694 5185.825927734375 127.452880859375 0 0
stats: 200 6 6
stats: size_rcv 6 6
stats: size_sent 864 864
stats: connected 0 0
# stats: dump at 1455728010
stats: users 0 3
stats: {cpu,"tsung_controller@Wonko-the-Sane"} 1 0.0 0.0 0 0 0.0 2
stats: {freemem,"tsung_controller@Wonko-the-Sane"} 1 23.7890625 0.0 23.7890625 21.09765625 21.1875 2
stats: {load,"tsung_controller@Wonko-the-Sane"} 1 1.61328125 0.0 1.61328125 1.54296875 1.572265625 2
stats: session 2 164.64697265625 5.419921875 5202.18212890625 130.23193359375 1471.1201985677083 6
stats: users_count 2 8
stats: finish_users_count 2 8
stats: request 2 162.325439453125 5.5166015625 5185.825927734375 127.452880859375 1464.5050048828125 6
stats: connect 2 73.301513671875 8.571533203125 5114.405029296875 60.461181640625 1394.6420084635417 6
stats: page 2 162.325439453125 5.5166015625 5185.825927734375 127.452880859375 1464.5050048828125 6
stats: 200 2 8
stats: size_rcv 2 8
stats: size_sent 288 1152
stats: connected 0 0
# stats: dump at 1455728020
stats: users 0 3
stats: {cpu,"tsung_controller@Wonko-the-Sane"} 1 0.0 0.0 0 0 0.0 3
stats: {freemem,"tsung_controller@Wonko-the-Sane"} 1 23.359375 0.0 23.7890625 21.09765625 22.0546875 3
stats: {load,"tsung_controller@Wonko-the-Sane"} 1 1.59765625 0.0 1.61328125 1.54296875 1.5859375 3
stats: session 3 135.95499674479166 5.254434288493749 5202.18212890625 130.23193359375 1144.5018920898438 8
stats: users_count 3 11
stats: finish_users_count 3 11
stats: request 3 133.73567708333334 5.33926352109862 5185.825927734375 127.452880859375 1138.9601135253906 8
stats: connect 3 69.343017578125 3.996608234895199 5114.405029296875 60.461181640625 1064.306884765625 8
stats: page 3 133.73567708333334 5.33926352109862 5185.825927734375 127.452880859375 1138.9601135253906 8
stats: 200 3 11
stats: size_rcv 3 11
stats: size_sent 440 1592
stats: connected 0 0
# stats: dump at 1455728030
stats: users 0 3
stats: {cpu,"tsung_controller@Wonko-the-Sane"} 1 0.0 0.0 0 0 0.0 4
stats: {freemem,"tsung_controller@Wonko-the-Sane"} 1 22.984375 0.0 23.7890625 21.09765625 22.380859375 4
stats: {load,"tsung_controller@Wonko-the-Sane"} 1 1.50390625 0.0 1.61328125 1.50390625 1.5888671875 4
stats: session 2 141.3419189453125 8.2259521484375 5202.18212890625 130.23193359375 869.4436479048295 11
stats: users_count 2 13
stats: finish_users_count 2 13
stats: request 1 146.778076171875 0.0 5185.825927734375 127.452880859375 864.8079944957386 11
stats: connect 1 71.5458984375 0.0 5114.405029296875 60.461181640625 792.9531028053977 11
stats: page 1 146.778076171875 0.0 5185.825927734375 127.452880859375 864.8079944957386 11
stats: 200 1 12
stats: size_rcv 1 12
stats: size_sent 144 1736
stats: connected 0 0
# stats: dump at 1455728040
stats: users 0 3
stats: {cpu,"tsung_controller@Wonko-the-Sane"} 1 0.0 0.0 0 0 0.0 5
stats: {freemem,"tsung_controller@Wonko-the-Sane"} 1 23.98046875 0.0 23.98046875 21.09765625 22.5015625 5
stats: {load,"tsung_controller@Wonko-the-Sane"} 1 1.46484375 0.0 1.61328125 1.46484375 1.571875 5
stats: session 2 159.4639892578125 17.6920166015625 5202.18212890625 130.23193359375 757.4279972956731 13
stats: users_count 2 15
stats: finish_users_count 2 15
stats: request 3 148.53556315104166 19.103790028851922 5185.825927734375 127.452880859375 804.97216796875 12
stats: connect 3 78.09334309895833 14.841349416776596 5114.405029296875 60.461181640625 732.8358357747396 12
stats: page 3 148.53556315104166 19.103790028851922 5185.825927734375 127.452880859375 804.97216796875 12
stats: 200 3 15
stats: size_rcv 3 15
stats: size_sent 440 2176
stats: connected 0 0
# stats: dump at 1455728050
stats: users 0 3
stats: {cpu,"tsung_controller@Wonko-the-Sane"} 1 0.0 0.0 0 0 0.0 6
stats: {freemem,"tsung_controller@Wonko-the-Sane"} 1 23.2421875 0.0 23.98046875 21.09765625 22.748046875 6
stats: {load,"tsung_controller@Wonko-the-Sane"} 1 1.46484375 0.0 1.61328125 1.46484375 1.5540364583333333 6
stats: session 0 0 0 5202.18212890625 130.23193359375 677.699462890625 15
stats: users_count 0 15
stats: finish_users_count 0 15
stats: request 0 0 0 5185.825927734375 127.452880859375 673.6848470052083 15
stats: connect 0 0 0 5114.405029296875 60.461181640625 601.8873372395833 15
stats: page 0 0 0 5185.825927734375 127.452880859375 673.6848470052083 15
stats: 200 0 15
stats: size_rcv 0 15
stats: newphase 1 1
stats: size_sent 0 2176
stats: connected 0 0
# stats: dump at 1455728060
stats: users 0 3
stats: {cpu,"tsung_controller@Wonko-the-Sane"} 1 0.0 0.0 0 0 0.0 7
stats: {freemem,"tsung_controller@Wonko-the-Sane"} 1 22.921875 0.0 23.98046875 21.09765625 22.818638392857142 7
stats: {load,"tsung_controller@Wonko-the-Sane"} 1 1.47265625 0.0 1.61328125 1.46484375 1.5412946428571428 7
stats: session 9 134.30116102430554 6.207753918330906 5202.18212890625 124.14306640625 677.699462890625 15
stats: users_count 9 24
stats: finish_users_count 9 24
stats: request 9 132.2109375 6.129298913783671 5185.825927734375 121.88916015625 673.6848470052083 15
stats: connect 9 62.850016276041664 3.4244885907448404 5114.405029296875 57.2099609375 601.8873372395833 15
stats: page 9 132.2109375 6.129298913783671 5185.825927734375 121.88916015625 673.6848470052083 15
stats: 200 9 24
stats: size_rcv 9 24
stats: newphase 0 1
stats: size_sent 1312 3488
stats: connected 0 0
# stats: dump at 1455728070
stats: users 0 3
stats: {cpu,"tsung_controller@Wonko-the-Sane"} 1 0.0 0.0 0 0 0.0 8
stats: {freemem,"tsung_controller@Wonko-the-Sane"} 1 22.65625 0.0 23.98046875 21.09765625 22.83154296875 8
stats: {load,"tsung_controller@Wonko-the-Sane"} 1 1.40625 0.0 1.61328125 1.40625 1.53271484375 8
stats: session 11 133.37193714488637 2.6866916149683506 5202.18212890625 124.14306640625 473.9250996907552 24
stats: users_count 11 35
stats: finish_users_count 11 35
stats: request 11 131.35045276988637 2.524973893317405 5185.825927734375 121.88916015625 470.6321309407552 24
stats: connect 11 63.64865944602273 2.405896489534097 5114.405029296875 57.2099609375 399.7483418782552 24
stats: page 11 131.35045276988637 2.524973893317405 5185.825927734375 121.88916015625 470.6321309407552 24
stats: 200 11 35
stats: size_rcv 11 35
stats: newphase 0 1
stats: size_sent 1600 5088
stats: connected 0 0
# stats: dump at 1455728080
stats: users 0 3
stats: {cpu,"tsung_controller@Wonko-the-Sane"} 1 0.0 0.0 0 0 0.0 9
stats: {freemem,"tsung_controller@Wonko-the-Sane"} 1 23.015625 0.0 23.98046875 21.09765625 22.81206597222222 9
stats: {load,"tsung_controller@Wonko-the-Sane"} 1 1.34375 0.0 1.61328125 1.34375 1.5186631944444444 9
stats: session 4 135.95672607421875 2.24933959206353 5202.18212890625 124.14306640625 366.89410574776787 35
stats: users_count 4 39
stats: finish_users_count 4 39
stats: request 4 133.73272705078125 2.178273815006618 5185.825927734375 121.88916015625 364.0007463727679 35
stats: connect 4 64.33746337890625 2.821931460835922 5114.405029296875 57.2099609375 294.1170131138393 35
stats: page 4 133.73272705078125 2.178273815006618 5185.825927734375 121.88916015625 364.0007463727679 35
stats: 200 4 39
stats: size_rcv 4 39
stats: newphase 0 1
stats: size_sent 600 5688
stats: connected 0 0
# stats: dump at 1455728090
stats: users 0 3
stats: {cpu,"tsung_controller@Wonko-the-Sane"} 1 0.0 0.0 0 0 0.0 10
stats: {freemem,"tsung_controller@Wonko-the-Sane"} 1 23.8984375 0.0 23.98046875 21.09765625 22.832421875 10
stats: {load,"tsung_controller@Wonko-the-Sane"} 1 1.36328125 0.0 1.61328125 1.34375 1.501171875 10
stats: session 11 135.988525390625 3.76043801664659 5202.18212890625 124.14306640625 343.20822065304486 39
stats: users_count 11 50
stats: finish_users_count 11 50
stats: request 11 133.77736594460228 3.6751143555883723 5185.825927734375 121.88916015625 340.38351362179486 39
stats: connect 11 64.85429243607955 2.951235764243903 5114.405029296875 57.2099609375 270.5498798076923 39
stats: page 11 133.77736594460228 3.6751143555883723 5185.825927734375 121.88916015625 340.38351362179486 39
stats: 200 11 50
stats: size_rcv 11 50
stats: newphase 0 1
stats: size_sent 1592 7280
stats: connected 0 0
# stats: dump at 1455728100
stats: users 0 3
stats: {cpu,"tsung_controller@Wonko-the-Sane"} 1 0.0 0.0 0 0 0.0 11
stats: {freemem,"tsung_controller@Wonko-the-Sane"} 1 19.86328125 0.0 23.98046875 19.86328125 22.929332386363637 11
stats: {load,"tsung_controller@Wonko-the-Sane"} 1 1.3046875 0.0 1.61328125 1.3046875 1.4886363636363635 11
stats: session 11 135.52281605113637 7.997952101158674 5202.18212890625 124.14306640625 297.6198876953125 50
stats: users_count 11 61
stats: finish_users_count 11 61
stats: request 10 133.6078857421875 8.278683655912323 5185.825927734375 121.88916015625 294.9301611328125 50
stats: connect 11 63.78289240056818 5.661052579124677 5114.405029296875 57.2099609375 225.2968505859375 50
stats: page 10 133.6078857421875 8.278683655912323 5185.825927734375 121.88916015625 294.9301611328125 50
stats: 200 10 60
stats: size_rcv 10 60
stats: newphase 0 1
stats: size_sent 1600 8880
stats: connected 1 1
# stats: dump at 1455728110
stats: users 0 3
stats: {cpu,"tsung_controller@Wonko-the-Sane"} 1 0.0 0.0 0 0 0.0 12
stats: {freemem,"tsung_controller@Wonko-the-Sane"} 1 34.02734375 0.0 34.02734375 19.86328125 22.673828125 12
stats: {load,"tsung_controller@Wonko-the-Sane"} 1 1.18359375 0.0 1.61328125 1.18359375 1.4733072916666667 12
stats: session 13 140.62839918870193 6.980594977200464 5202.18212890625 124.14306640625 268.38926821849384 61
stats: users_count 13 74
stats: finish_users_count 13 74
stats: request 14 138.35060337611608 6.876708552520066 5185.825927734375 121.88916015625 268.043115234375 60
stats: connect 13 65.80926983173077 4.877503119396744 5114.405029296875 57.2099609375 196.17138271644467 61
stats: page 14 138.35060337611608 6.876708552520066 5185.825927734375 121.88916015625 268.043115234375 60
stats: 200 14 74
stats: size_rcv 14 74
stats: newphase 0 1
stats: size_sent 1888 10768
stats: connected -1 0
# stats: dump at 1455728120
stats: users 0 3
stats: {cpu,"tsung_controller@Wonko-the-Sane"} 1 0.0 0.0 0 0 0.0 13
stats: {freemem,"tsung_controller@Wonko-the-Sane"} 1 80.33984375 0.0 80.33984375 19.86328125 23.54717548076923 13
stats: {load,"tsung_controller@Wonko-the-Sane"} 1 1.23046875 0.0 1.61328125 1.18359375 1.4510216346153846 13
stats: session 13 137.02251727764423 6.885262273530687 5202.18212890625 124.14306640625 245.94479122677365 74
stats: users_count 13 87
stats: finish_users_count 13 87
stats: 200 13 87
stats: request 13 134.94523737980768 6.826911650180034 5185.825927734375 121.88916015625 243.50669407200175 74
stats: connect 13 64.22620567908653 4.03450085697062 5114.405029296875 57.2099609375 173.26993045291385 74
stats: page 13 134.94523737980768 6.826911650180034 5185.825927734375 121.88916015625 243.50669407200175 74
stats: size_rcv 13 87
stats: newphase 0 1
stats: size_sent 1896 12664
stats: connected 0 0
# stats: dump at 1455728130
stats: users 0 3
stats: {cpu,"tsung_controller@Wonko-the-Sane"} 1 0.0 0.0 0 0 0.0 14
stats: {freemem,"tsung_controller@Wonko-the-Sane"} 1 81.25 0.0 81.25 19.86328125 27.603794642857142 14
stats: {load,"tsung_controller@Wonko-the-Sane"} 1 1.19921875 0.0 1.61328125 1.18359375 1.4352678571428572 14
stats: session 8 139.5111083984375 6.7046859053123375 5202.18212890625 124.14306640625 229.669049142421 87
stats: users_count 8 95
stats: finish_users_count 8 95
stats: request 8 137.55029296875 6.521099338549667 5185.825927734375 121.88916015625 227.28486720994977 87
stats: page 8 137.55029296875 6.521099338549667 5185.825927734375 121.88916015625 227.28486720994977 87
stats: connect 8 62.91998291015625 5.189754514301735 5114.405029296875 57.2099609375 156.97604054418105 87
stats: 200 8 95
stats: size_rcv 8 95
stats: newphase 0 1
stats: size_sent 1160 13824
stats: connected 0 0
# stats: dump at 1455728140
stats: users 0 3
stats: {cpu,"tsung_controller@Wonko-the-Sane"} 1 0.0 0.0 0 0 0.0 15
stats: {freemem,"tsung_controller@Wonko-the-Sane"} 1 46.78125 0.0 81.25 19.86328125 31.180208333333333 15
stats: {load,"tsung_controller@Wonko-the-Sane"} 1 1.3203125 0.0 1.61328125 1.18359375 1.41953125 15
stats: session 16 150.60458374023438 18.744571814362782 5202.18212890625 124.14306640625 222.07680150082237 95
stats: users_count 16 111
stats: finish_users_count 16 111
stats: request 15 146.44189453125 17.1691226719275 5185.825927734375 121.88916015625 219.72827148437503 95
stats: connect 16 68.7510986328125 8.74221769068587 5114.405029296875 57.2099609375 149.0555304276316 95
stats: page 15 146.44189453125 17.1691226719275 5185.825927734375 121.88916015625 219.72827148437503 95
stats: 200 15 110
stats: size_rcv 15 110
stats: newphase 0 1
stats: size_sent 2328 16152
stats: connected 1 1
# stats: dump at 1455728150
stats: users 0 3
stats: {cpu,"tsung_controller@Wonko-the-Sane"} 1 0.0 0.0 0 0 0.0 16
stats: {freemem,"tsung_controller@Wonko-the-Sane"} 1 33.8125 0.0 81.25 19.86328125 32.1552734375 16
stats: {load,"tsung_controller@Wonko-the-Sane"} 1 1.34375 0.0 1.61328125 1.18359375 1.413330078125 16
stats: session 4 176.95404052734375 11.101614245771309 5202.18212890625 124.14306640625 211.77449984163852 111
stats: users_count 4 115
stats: finish_users_count 4 115
stats: request 5 176.19921875 10.51638769300181 5185.825927734375 121.88916015625 209.73467462713072 110
stats: connect 4 84.3980712890625 5.917487284145464 5114.405029296875 57.2099609375 137.4801168355856 111
stats: page 5 176.19921875 10.51638769300181 5185.825927734375 121.88916015625 209.73467462713072 110
stats: 200 5 115
stats: size_rcv 5 115
stats: newphase 0 1
stats: size_sent 592 16744
stats: connected -1 0
# stats: dump at 1455728160
stats: users 0 3
stats: {cpu,"tsung_controller@Wonko-the-Sane"} 1 0.0 0.0 0 0 0.0 17
stats: {freemem,"tsung_controller@Wonko-the-Sane"} 1 81.76953125 0.0 81.76953125 19.86328125 32.252757352941174 17
stats: {load,"tsung_controller@Wonko-the-Sane"} 1 1.29296875 0.0 1.61328125 1.18359375 1.4092371323529411 17
stats: session 0 0 0 5202.18212890625 124.14306640625 210.5633534307065 115
stats: users_count 0 115
stats: finish_users_count 0 115
stats: request 0 0 0 5185.825927734375 121.88916015625 208.27661132812503 115
stats: connect 0 0 0 5114.405029296875 57.2099609375 135.63378481657608 115
stats: 200 0 115
stats: page 0 0 0 5185.825927734375 121.88916015625 208.27661132812503 115
stats: size_rcv 0 115
stats: newphase 0 1
stats: size_sent 0 16744
stats: connected 0 0
# stats: dump at 1455728170
stats: users 1 5
stats: {cpu,"tsung_controller@Wonko-the-Sane"} 1 0.0 0.0 0 0 0.0 18
stats: {freemem,"tsung_controller@Wonko-the-Sane"} 1 73.25390625 0.0 81.76953125 19.86328125 35.003689236111114 18
stats: {load,"tsung_controller@Wonko-the-Sane"} 1 1.24609375 0.0 1.61328125 1.18359375 1.4027777777777777 18
stats: session 29 135.55865268049567 10.368317043978575 5202.18212890625 124.14306640625 210.5633534307065 115
stats: users_count 30 145
stats: finish_users_count 29 144
stats: request 23 133.91171662703803 11.29427702565207 5185.825927734375 121.64013671875 208.27661132812503 115
stats: connect 25 61.606923828125 3.192933815119339 5114.405029296875 57.2099609375 135.63378481657608 115
stats: page 23 133.91171662703803 11.29427702565207 5185.825927734375 121.64013671875 208.27661132812503 115
stats: 200 23 138
stats: size_rcv 23 138
stats: newphase 1 2
stats: size_sent 3616 20360
stats: connected 2 2
# stats: dump at 1455728180
stats: users 0 7
stats: {cpu,"tsung_controller@Wonko-the-Sane"} 1 0.0 0.0 0 0 0.0 19
stats: {freemem,"tsung_controller@Wonko-the-Sane"} 1 62.88671875 0.0 81.76953125 19.86328125 37.01685855263158 19
stats: {load,"tsung_controller@Wonko-the-Sane"} 1 1.3671875 0.0 1.61328125 1.18359375 1.39453125 19
stats: session 71 175.86130749339793 172.993897790372 5202.18212890625 124.14306640625 195.45824008517795 144
stats: users_count 70 215
stats: finish_users_count 71 215
stats: request 77 170.55937690239438 166.46368967138008 5185.825927734375 121.64013671875 195.8824622112772 138
stats: connect 75 92.3783203125 166.69277646839348 5114.405029296875 57.2099609375 122.41470249720982 140
stats: page 77 170.55937690239438 166.46368967138008 5185.825927734375 121.64013671875 195.8824622112772 138
stats: 200 77 215
stats: size_rcv 77 215
stats: newphase 0 2
stats: size_sent 10952 31312
stats: connected -2 0
# stats: dump at 1455728182
stats: users 0 7
stats: {cpu,"tsung_controller@Wonko-the-Sane"} 0 0 0 0 0 0.0 20
stats: {freemem,"tsung_controller@Wonko-the-Sane"} 0 0 0 81.76953125 19.86328125 38.3103515625 20
stats: {load,"tsung_controller@Wonko-the-Sane"} 0 0 0 1.61328125 1.18359375 1.3931640625 20
stats: session 0 0 0 5202.18212890625 124.14306640625 188.9866949037064 215
stats: users_count 0 215
stats: finish_users_count 0 215
stats: page 0 0 0 5185.825927734375 121.64013671875 186.8132642169331 215
stats: request 0 0 0 5185.825927734375 121.64013671875 186.8132642169331 215
stats: connect 0 0 0 5114.405029296875 57.2099609375 111.93689475835755 215
stats: 200 0 215
stats: size_rcv 0 215
stats: newphase 0 2
stats: size_sent 0 31312
stats: connected 0 0
EndMonitor:{1455,728182,819719}
