# stats: dump at 1454691503
stats: users 0 1
stats: {load,"tsung_controller_73@Wonko-the-Sane"} 1 1.5 0 1.5 1.5 0 0
stats: {freemem,"tsung_controller_73@Wonko-the-Sane"} 1 24.02734375 0 24.02734375 24.02734375 0 0
stats: {cpu,"tsung_controller_73@Wonko-the-Sane"} 1 0 0 0 0 0 0
stats: session 2 794.9229736328125 45.1080322265625 840.031005859375 749.81494140625 0 0
stats: users_count 2 2
stats: finish_users_count 2 2
stats: request 2 788.3944091796875 40.1165771484375 828.510986328125 748.27783203125 0 0
stats: connect 2 103.455078125 36.384033203125 139.839111328125 67.071044921875 0 0
stats: page 2 788.3944091796875 40.1165771484375 828.510986328125 748.27783203125 0 0
stats: 200 2 2
stats: size_rcv 2 2
stats: size_sent 288 288
stats: connected 0 0
# stats: dump at 1454691513
stats: users 1 1
stats: {load,"tsung_controller_73@Wonko-the-Sane"} 1 1.5703125 0.0 1.5703125 1.5 1.5 1
stats: {freemem,"tsung_controller_73@Wonko-the-Sane"} 1 34.0546875 0.0 34.0546875 24.02734375 24.02734375 1
stats: {cpu,"tsung_controller_73@Wonko-the-Sane"} 1 0.0 0.0 0 0 0.0 1
stats: session 0 0 0 840.031005859375 749.81494140625 794.9229736328125 2
stats: users_count 1 3
stats: finish_users_count 0 2
stats: request 0 0 0 828.510986328125 748.27783203125 788.3944091796875 2
stats: connect 1 63.219970703125 0.0 139.839111328125 63.219970703125 103.455078125 2
stats: page 0 0 0 828.510986328125 748.27783203125 788.3944091796875 2
stats: 200 0 2
stats: size_rcv 0 2
stats: size_sent 144 432
stats: connected 1 1
# stats: dump at 1454691523
stats: users 0 3
stats: {load,"tsung_controller_73@Wonko-the-Sane"} 1 1.63671875 0.0 1.63671875 1.5 1.53515625 2
stats: {freemem,"tsung_controller_73@Wonko-the-Sane"} 1 20.45703125 0.0 34.0546875 20.45703125 29.041015625 2
stats: {cpu,"tsung_controller_73@Wonko-the-Sane"} 1 0.0 0.0 0 0 0.0 2
stats: session 5 979.264990234375 90.92325396053081 1105.053955078125 749.81494140625 794.9229736328125 2
stats: users_count 4 7
stats: finish_users_count 5 7
stats: request 5 977.260693359375 91.01345509225887 1102.951171875 748.27783203125 788.3944091796875 2
stats: connect 4 73.85076904296875 15.626445118237534 139.839111328125 61.239013671875 90.04337565104167 3
stats: page 5 977.260693359375 91.01345509225887 1102.951171875 748.27783203125 788.3944091796875 2
stats: 200 5 7
stats: size_rcv 5 7
stats: size_sent 576 1008
stats: connected -1 0
# stats: dump at 1454691533
stats: users 0 3
stats: {load,"tsung_controller_73@Wonko-the-Sane"} 1 1.69140625 0.0 1.69140625 1.5 1.5690104166666667 3
stats: {freemem,"tsung_controller_73@Wonko-the-Sane"} 1 21.7890625 0.0 34.0546875 20.45703125 26.1796875 3
stats: {cpu,"tsung_controller_73@Wonko-the-Sane"} 1 0.0 0.0 0 0 0.0 3
stats: session 4 681.24609375 131.404550765909 1105.053955078125 455.37109375 926.5958426339286 7
stats: users_count 4 11
stats: finish_users_count 4 11
stats: request 4 679.1284790039063 131.35372760650893 1102.951171875 453.29296875 923.2988978794643 7
stats: connect 4 59.81866455078125 2.869855867542947 139.839111328125 57.93994140625 80.79045758928571 7
stats: 200 4 11
stats: page 4 679.1284790039063 131.35372760650893 1102.951171875 453.29296875 923.2988978794643 7
stats: size_rcv 4 11
stats: size_sent 584 1592
stats: connected 0 0
# stats: dump at 1454691543
stats: users 0 3
stats: {load,"tsung_controller_73@Wonko-the-Sane"} 1 1.65625 0.0 1.69140625 1.5 1.599609375 4
stats: {freemem,"tsung_controller_73@Wonko-the-Sane"} 1 24.62890625 0.0 34.0546875 20.45703125 25.08203125 4
stats: {cpu,"tsung_controller_73@Wonko-the-Sane"} 1 0.0 0.0 0 0 0.0 4
stats: session 2 613.7415771484375 27.3343505859375 1105.053955078125 455.37109375 837.3777521306819 11
stats: users_count 2 13
stats: finish_users_count 2 13
stats: request 2 611.7650146484375 27.6329345703125 1102.951171875 453.29296875 834.5096546519886 11
stats: page 2 611.7650146484375 27.6329345703125 1102.951171875 453.29296875 834.5096546519886 11
stats: 200 2 13
stats: connect 2 60.3370361328125 1.1400146484375 139.839111328125 57.93994140625 73.16435102982955 11
stats: size_rcv 2 13
stats: size_sent 288 1880
stats: connected 0 0
# stats: dump at 1454691553
stats: users 0 3
stats: {load,"tsung_controller_73@Wonko-the-Sane"} 1 1.62890625 0.0 1.69140625 1.5 1.6109375 5
stats: {freemem,"tsung_controller_73@Wonko-the-Sane"} 1 27.3359375 0.0 34.0546875 20.45703125 24.99140625 5
stats: {cpu,"tsung_controller_73@Wonko-the-Sane"} 1 0.0 0.0 0 0 0.0 5
stats: session 2 733.908935546875 60.2119140625 1105.053955078125 455.37109375 802.9721867487981 13
stats: users_count 2 15
stats: finish_users_count 2 15
stats: request 2 731.3389892578125 59.9788818359375 1102.951171875 453.29296875 800.2412484975962 13
stats: connect 2 64.175048828125 2.948974609375 139.839111328125 57.93994140625 71.19091796875 13
stats: page 2 731.3389892578125 59.9788818359375 1102.951171875 453.29296875 800.2412484975962 13
stats: 200 2 15
stats: size_rcv 2 15
stats: size_sent 296 2176
stats: connected 0 0
# stats: dump at 1454691563
stats: users 0 3
stats: {load,"tsung_controller_73@Wonko-the-Sane"} 1 1.61328125 0.0 1.69140625 1.5 1.6139322916666667 6
stats: {freemem,"tsung_controller_73@Wonko-the-Sane"} 1 23.390625 0.0 34.0546875 20.45703125 25.382161458333332 6
stats: {cpu,"tsung_controller_73@Wonko-the-Sane"} 1 0.0 0.0 0 0 0.0 6
stats: session 4 709.746337890625 74.04340914728866 1105.053955078125 455.37109375 793.7637532552084 15
stats: users_count 4 19
stats: finish_users_count 4 19
stats: request 4 707.676025390625 74.18459423704809 1102.951171875 453.29296875 791.0542805989584 15
stats: page 4 707.676025390625 74.18459423704809 1102.951171875 453.29296875 791.0542805989584 15
stats: connect 4 61.977294921875 3.217453978082661 139.839111328125 57.93994140625 70.25546875 15
stats: 200 4 19
stats: size_rcv 4 19
stats: newphase 1 1
stats: size_sent 584 2760
stats: connected 0 0
# stats: dump at 1454691573
stats: users 0 3
stats: {load,"tsung_controller_73@Wonko-the-Sane"} 1 1.59765625 0.0 1.69140625 1.5 1.6138392857142858 7
stats: {freemem,"tsung_controller_73@Wonko-the-Sane"} 1 17.3359375 0.0 34.0546875 17.3359375 25.09765625 7
stats: {cpu,"tsung_controller_73@Wonko-the-Sane"} 1 0.0 0.0 0 0 0.0 7
stats: session 11 697.633544921875 63.26758916568828 1105.053955078125 455.37109375 776.0758763363486 19
stats: users_count 11 30
stats: finish_users_count 11 30
stats: request 10 710.5115234375 43.74524191960953 1102.951171875 453.29296875 773.5009637129934 19
stats: connect 11 64.860107421875 4.237950969687041 139.839111328125 57.93994140625 68.5126953125 19
stats: 200 10 29
stats: page 10 710.5115234375 43.74524191960953 1102.951171875 453.29296875 773.5009637129934 19
stats: size_rcv 10 29
stats: newphase 0 1
stats: size_sent 1608 4368
stats: connected 1 1
# stats: dump at 1454691583
stats: users 2 3
stats: {load,"tsung_controller_73@Wonko-the-Sane"} 1 1.6640625 0.0 1.69140625 1.5 1.61181640625 8
stats: {freemem,"tsung_controller_73@Wonko-the-Sane"} 1 32.359375 0.0 34.0546875 17.3359375 24.12744140625 8
stats: {cpu,"tsung_controller_73@Wonko-the-Sane"} 1 0.0 0.0 0 0 0.0 8
stats: session 12 370.38755289713544 98.91086735669249 1105.053955078125 274.85205078125 747.3136881510417 30
stats: users_count 14 44
stats: finish_users_count 12 42
stats: request 13 381.81742037259613 105.97448716261523 1102.951171875 272.633056640625 751.7804670662715 29
stats: connect 12 61.04791259765625 2.4937756143595347 139.839111328125 57.93994140625 67.1734130859375 30
stats: page 13 381.81742037259613 105.97448716261523 1102.951171875 272.633056640625 751.7804670662715 29
stats: 200 13 42
stats: size_rcv 13 42
stats: newphase 0 1
stats: size_sent 1760 6128
stats: connected -1 0
# stats: dump at 1454691593
stats: users 0 3
stats: {load,"tsung_controller_73@Wonko-the-Sane"} 1 1.71484375 0.0 1.71484375 1.5 1.6176215277777777 9
stats: {freemem,"tsung_controller_73@Wonko-the-Sane"} 1 27.09765625 0.0 34.0546875 17.3359375 25.042100694444443 9
stats: {cpu,"tsung_controller_73@Wonko-the-Sane"} 1 0.0 0.0 0 0 0.0 9
stats: session 15 737.1065592447917 113.42457981053742 1105.053955078125 274.85205078125 639.6205066499256 42
stats: users_count 13 57
stats: finish_users_count 15 57
stats: request 15 735.1672526041667 113.43355386361144 1102.951171875 272.633056640625 637.2680954706101 42
stats: connect 15 62.62268880208333 3.181268398512337 139.839111328125 57.93994140625 65.42327008928571 42
stats: page 15 735.1672526041667 113.43355386361144 1102.951171875 272.633056640625 637.2680954706101 42
stats: 200 15 57
stats: size_rcv 15 57
stats: newphase 0 1
stats: size_sent 2168 8296
stats: connected 0 0
# stats: dump at 1454691603
stats: users 2 3
stats: {load,"tsung_controller_73@Wonko-the-Sane"} 1 1.6796875 0.0 1.71484375 1.5 1.62734375 10
stats: {freemem,"tsung_controller_73@Wonko-the-Sane"} 1 22.45703125 0.0 34.0546875 17.3359375 25.24765625 10
stats: {cpu,"tsung_controller_73@Wonko-the-Sane"} 1 0.0 0.0 0 0 0.0 10
stats: session 8 1062.598876953125 256.3119409994459 1391.921875 274.85205078125 665.2747310169956 57
stats: users_count 10 67
stats: finish_users_count 8 65
stats: request 8 1060.6068420410156 256.1433453328138 1389.791015625 272.633056640625 663.0310315583881 57
stats: connect 10 66.6042724609375 15.61748722487239 139.839111328125 56.10595703125 64.68627501370614 57
stats: page 8 1060.6068420410156 256.1433453328138 1389.791015625 272.633056640625 663.0310315583881 57
stats: 200 8 65
stats: size_rcv 8 65
stats: newphase 0 1
stats: size_sent 1456 9752
stats: connected 2 2
# stats: dump at 1454691613
stats: users 0 3
stats: {load,"tsung_controller_73@Wonko-the-Sane"} 1 1.65234375 0.0 1.71484375 1.5 1.6321022727272727 11
stats: {freemem,"tsung_controller_73@Wonko-the-Sane"} 1 24.43359375 0.0 34.0546875 17.3359375 24.993963068181817 11
stats: {cpu,"tsung_controller_73@Wonko-the-Sane"} 1 0.0 0.0 0 0 0.0 11
stats: session 11 838.012451171875 305.17847477255935 1391.921875 182.68115234375 714.1761643629808 65
stats: users_count 9 76
stats: finish_users_count 11 76
stats: request 11 835.8580655184659 305.1651236725204 1389.791015625 180.678955078125 711.9634390024039 65
stats: connect 9 70.00925021701389 14.026763515661415 139.839111328125 56.10595703125 64.97254328941231 67
stats: page 11 835.8580655184659 305.1651236725204 1389.791015625 180.678955078125 711.9634390024039 65
stats: 200 11 76
stats: size_rcv 11 76
stats: newphase 0 1
stats: size_sent 1304 11056
stats: connected -2 0
# stats: dump at 1454691623
stats: users 1 3
stats: {load,"tsung_controller_73@Wonko-the-Sane"} 1 1.6328125 0.0 1.71484375 1.5 1.6337890625 12
stats: {freemem,"tsung_controller_73@Wonko-the-Sane"} 1 20.45703125 0.0 34.0546875 17.3359375 24.947265625 12
stats: {cpu,"tsung_controller_73@Wonko-the-Sane"} 1 0.0 0.0 0 0 0.0 12
stats: session 11 258.27512428977275 160.98229091703388 1391.921875 131.9609375 732.0998374537418 76
stats: users_count 12 88
stats: finish_users_count 11 87
stats: request 11 256.1950017755682 160.9471436133258 1389.791015625 129.91796875 729.8955559981497 76
stats: connect 12 65.69661458333333 10.06029923845059 139.839111328125 56.10595703125 65.56899542557566 76
stats: page 11 256.1950017755682 160.9471436133258 1389.791015625 129.91796875 729.8955559981497 76
stats: 200 11 87
stats: size_rcv 11 87
stats: newphase 0 1
stats: size_sent 1752 12808
stats: connected 1 1
# stats: dump at 1454691633
stats: users 0 3
stats: {load,"tsung_controller_73@Wonko-the-Sane"} 1 1.453125 0.0 1.71484375 1.453125 1.6337139423076923 13
stats: {freemem,"tsung_controller_73@Wonko-the-Sane"} 1 19.34375 0.0 34.0546875 17.3359375 24.60186298076923 13
stats: {cpu,"tsung_controller_73@Wonko-the-Sane"} 1 0.0 0.0 0 0 0.0 13
stats: session 12 254.27984619140625 87.34302606596115 1391.921875 131.9609375 672.1909656743894 87
stats: users_count 11 99
stats: finish_users_count 12 99
stats: request 11 258.9569202769886 88.2697222883912 1389.791015625 129.91796875 670.0023824757543 87
stats: connect 10 62.978369140625 2.5700913080738395 139.839111328125 56.10595703125 65.58639803799717 88
stats: page 11 258.9569202769886 88.2697222883912 1389.791015625 129.91796875 670.0023824757543 87
stats: 200 11 98
stats: size_rcv 11 98
stats: newphase 0 1
stats: size_sent 1456 14264
stats: connected -1 0
# stats: dump at 1454691643
stats: users 0 3
stats: {load,"tsung_controller_73@Wonko-the-Sane"} 1 1.30859375 0.0 1.71484375 1.30859375 1.6208147321428572 14
stats: {freemem,"tsung_controller_73@Wonko-the-Sane"} 1 16.1484375 0.0 34.0546875 16.1484375 24.226283482142858 14
stats: {cpu,"tsung_controller_73@Wonko-the-Sane"} 1 0.0 0.0 0 0 0.0 14
stats: session 13 381.67273888221155 129.88927506409544 1391.921875 128.566162109375 621.5350724037248 99
stats: users_count 13 112
stats: finish_users_count 13 112
stats: request 13 383.47787710336536 122.66430736296041 1389.791015625 129.91796875 623.8646265146683 98
stats: connect 13 64.18994140625 11.108905528498726 139.839111328125 56.10595703125 65.32027264030613 98
stats: page 13 383.47787710336536 122.66430736296041 1389.791015625 129.91796875 623.8646265146683 98
stats: 200 13 111
stats: size_rcv 13 111
stats: newphase 0 1
stats: size_sent 1888 16152
stats: connected 0 0
# stats: dump at 1454691653
stats: users 0 3
stats: {load,"tsung_controller_73@Wonko-the-Sane"} 1 1.3359375 0.0 1.71484375 1.30859375 1.6 15
stats: {freemem,"tsung_controller_73@Wonko-the-Sane"} 1 18.93359375 0.0 34.0546875 16.1484375 23.687760416666666 15
stats: {cpu,"tsung_controller_73@Wonko-the-Sane"} 1 0.0 0.0 0 0 0.0 15
stats: session 3 163.43929036458334 30.799688262887663 1391.921875 127.758056640625 593.6939086914063 112
stats: users_count 3 115
stats: finish_users_count 3 115
stats: request 4 152.5885009765625 30.626732266587442 1389.791015625 126.176025390625 595.7112234304617 111
stats: connect 4 61.68048095703125 3.2906201829675767 139.839111328125 56.10595703125 65.18789150478604 111
stats: page 4 152.5885009765625 30.626732266587442 1389.791015625 126.176025390625 595.7112234304617 111
stats: 200 4 115
stats: size_rcv 4 115
stats: newphase 0 1
stats: size_sent 592 16744
stats: connected 0 0
# stats: dump at 1454691663
stats: users 0 3
stats: {load,"tsung_controller_73@Wonko-the-Sane"} 1 1.28125 0.0 1.71484375 1.28125 1.58349609375 16
stats: {freemem,"tsung_controller_73@Wonko-the-Sane"} 1 20.51171875 0.0 34.0546875 16.1484375 23.390625 16
stats: {cpu,"tsung_controller_73@Wonko-the-Sane"} 1 0.0 0.0 0 0 0.0 16
stats: session 0 0 0 1391.921875 127.758056640625 582.469875169837 115
stats: users_count 0 115
stats: finish_users_count 0 115
stats: request 0 0 0 1389.791015625 126.176025390625 580.2982591711957 115
stats: connect 0 0 0 139.839111328125 56.10595703125 65.06589461616848 115
stats: page 0 0 0 1389.791015625 126.176025390625 580.2982591711957 115
stats: 200 0 115
stats: size_rcv 0 115
stats: newphase 0 1
stats: size_sent 0 16744
stats: connected 0 0
# stats: dump at 1454691673
stats: users 0 3
stats: {load,"tsung_controller_73@Wonko-the-Sane"} 1 1.38671875 0.0 1.71484375 1.28125 1.5657169117647058 17
stats: {freemem,"tsung_controller_73@Wonko-the-Sane"} 1 23.46484375 0.0 34.0546875 16.1484375 23.221277573529413 17
stats: {cpu,"tsung_controller_73@Wonko-the-Sane"} 1 0.0 0.0 0 0 0.0 17
stats: session 0 0 0 1391.921875 127.758056640625 582.469875169837 115
stats: users_count 0 115
stats: finish_users_count 0 115
stats: request 0 0 0 1389.791015625 126.176025390625 580.2982591711957 115
stats: connect 0 0 0 139.839111328125 56.10595703125 65.06589461616848 115
stats: page 0 0 0 1389.791015625 126.176025390625 580.2982591711957 115
stats: 200 0 115
stats: size_rcv 0 115
stats: newphase 0 1
stats: size_sent 0 16744
stats: connected 0 0
# stats: dump at 1454691683
stats: users 4 6
stats: {load,"tsung_controller_73@Wonko-the-Sane"} 1 1.47265625 0.0 1.71484375 1.28125 1.5557725694444444 18
stats: {freemem,"tsung_controller_73@Wonko-the-Sane"} 1 31.640625 0.0 34.0546875 16.1484375 23.23480902777778 18
stats: {cpu,"tsung_controller_73@Wonko-the-Sane"} 1 0.0 0.0 0 0 0.0 18
stats: session 82 190.3287829887576 75.04801506339908 1391.921875 122.7890625 582.469875169837 115
stats: users_count 86 201
stats: finish_users_count 82 197
stats: request 81 188.36444468557104 75.53377775100626 1389.791015625 120.237060546875 580.2982591711957 115
stats: connect 82 61.593979254001525 3.4520338122489376 139.839111328125 56.10595703125 65.06589461616848 115
stats: page 81 188.36444468557104 75.53377775100626 1389.791015625 120.237060546875 580.2982591711957 115
stats: 200 81 196
stats: size_rcv 81 196
stats: newphase 1 2
stats: size_sent 11952 28696
stats: connected 1 1
# stats: dump at 1454691690
stats: users 0 6
stats: {load,"tsung_controller_73@Wonko-the-Sane"} 1 1.47265625 0.0 1.71484375 1.28125 1.5513980263157894 19
stats: {freemem,"tsung_controller_73@Wonko-the-Sane"} 1 27.4296875 0.0 34.0546875 16.1484375 23.677220394736842 19
stats: {cpu,"tsung_controller_73@Wonko-the-Sane"} 1 0.0 0.0 0 0 0.0 19
stats: session 18 158.51593695746527 20.718911191717876 1391.921875 122.7890625 419.2436337543623 197
stats: users_count 14 215
stats: finish_users_count 18 215
stats: request 19 157.55756578947367 20.582308753602028 1389.791015625 120.237060546875 418.32561134805485 196
stats: connect 18 61.8629150390625 3.0800360899369483 139.839111328125 56.10595703125 63.6207318765863 197
stats: page 19 157.55756578947367 20.582308753602028 1389.791015625 120.237060546875 418.32561134805485 196
stats: 200 19 215
stats: size_rcv 19 215
stats: newphase 0 2
stats: size_sent 2616 31312
stats: connected -1 0
EndMonitor:{1454,691690,132703}
