
=INFO REPORT==== 10-Feb-2016::15:43:51 ===
    ts_config_server:(5:<0.69.0>) Config server started, logdir is "/Library/WebServer/Documents/tsungui/templates/google_it/log/20160210-1543"
 
=INFO REPORT==== 10-Feb-2016::15:43:51 ===
              ts_mon:(5:<0.50.0>) starting monitor, global 

=INFO REPORT==== 10-Feb-2016::15:43:51 ===
           ts_config:(5:<0.69.0>) Reading config file: config.xml

=INFO REPORT==== 10-Feb-2016::15:43:51 ===
      ts_config_http:(4:<0.69.0>) Get user agent: 30 "Mozilla/5.0 (X11; U; Linux i686; en-US; rv:1.7.8) Gecko/20050513 Galeon/1.3.21" 

=INFO REPORT==== 10-Feb-2016::15:43:51 ===
      ts_config_http:(4:<0.69.0>) Get user agent: 30 "Mozilla/5.0 (Windows; U; Windows NT 5.2; fr-FR; rv:1.7.8) Gecko/20050511 Firefox/1.0.4" 

=INFO REPORT==== 10-Feb-2016::15:43:51 ===
      ts_config_http:(4:<0.69.0>) Get user agent: 40 "Mozilla/5.0 (Macintosh; Intel Mac OS X 10_11_3) AppleWebKit/537.36 (KHTML, like Gecko) Chrome/48.0.2564.103 Safari/537.36" 

=INFO REPORT==== 10-Feb-2016::15:43:51 ===
           ts_config:(5:<0.69.0>) Session name for id 1 is "http-example"

=INFO REPORT==== 10-Feb-2016::15:43:51 ===
    ts_config_server:(4:<0.69.0>) SYSINFO:Tsung version: 1.6.0

=INFO REPORT==== 10-Feb-2016::15:43:51 ===
    ts_config_server:(4:<0.69.0>) SYSINFO:Erlang version: Erlang/OTP 18 [erts-7.1] [source] [64-bit] [smp:4:4] [async-threads:8] [hipe] [kernel-poll:true] [dtrace]


=INFO REPORT==== 10-Feb-2016::15:43:51 ===
    ts_config_server:(4:<0.69.0>) SYSINFO:System architecture x86_64-apple-darwin15.0.0

=INFO REPORT==== 10-Feb-2016::15:43:51 ===
    ts_config_server:(4:<0.69.0>) SYSINFO:Current path: /usr/local/Cellar/tsung/1.6.0/lib/erlang/lib/tsung-1.6.0/ebin/tsung.beam

=INFO REPORT==== 10-Feb-2016::15:43:51 ===
              ts_mon:(5:<0.70.0>) Activate clients with text backend

=INFO REPORT==== 10-Feb-2016::15:43:51 ===
              ts_mon:(5:<0.70.0>) Starting tsung clients on hosts: [localhost]

=INFO REPORT==== 10-Feb-2016::15:43:51 ===
    ts_config_server:(5:<0.69.0>) Start a launcher on the controller beam localhost

=INFO REPORT==== 10-Feb-2016::15:43:51 ===
    alarm_handler: {set,{system_memory_high_watermark,[]}}

=INFO REPORT==== 10-Feb-2016::15:43:51 ===
  ts_launcher_static:(5:<0.126.0>) Launch msg receive ("localhost")

=INFO REPORT==== 10-Feb-2016::15:43:51 ===
         ts_launcher:(5:<0.127.0>) Launch msg receive ("localhost")

=INFO REPORT==== 10-Feb-2016::15:43:51 ===
    ts_config_server:(5:<0.69.0>) All remote beams started, syncing 

=INFO REPORT==== 10-Feb-2016::15:43:51 ===
    ts_config_server:(5:<0.69.0>) Undefined ports_range config 

=INFO REPORT==== 10-Feb-2016::15:43:51 ===
    ts_config_server:(5:<0.69.0>) New arrival phase 1 for client "localhost" (last ? true): will start 15 users

=INFO REPORT==== 10-Feb-2016::15:43:51 ===
    ts_config_server:(5:<0.69.0>) New arrival phase 2 for client "localhost" (last ? true): will start 100 users

=INFO REPORT==== 10-Feb-2016::15:43:51 ===
    ts_config_server:(5:<0.69.0>) New arrival phase 3 for client "localhost" (last ? true): will start 100 users

=INFO REPORT==== 10-Feb-2016::15:43:51 ===
    ts_config_server:(5:<0.69.0>) New arrival phase 4 for client "localhost" (last ? true): will start 15 users

=INFO REPORT==== 10-Feb-2016::15:43:51 ===
    ts_config_server:(5:<0.69.0>) New arrival phase 5 for client "localhost" (last ? true): will start 100 users

=INFO REPORT==== 10-Feb-2016::15:43:51 ===
    ts_config_server:(5:<0.69.0>) New arrival phase 6 for client "localhost" (last ? true): will start 100 users

=INFO REPORT==== 10-Feb-2016::15:43:51 ===
    ts_config_server:(5:<0.69.0>) New arrival phase 7 for client "localhost" (last ? true): will start 15 users

=INFO REPORT==== 10-Feb-2016::15:43:51 ===
    ts_config_server:(5:<0.69.0>) New arrival phase 8 for client "localhost" (last ? true): will start 100 users

=INFO REPORT==== 10-Feb-2016::15:43:51 ===
    ts_config_server:(5:<0.69.0>) New arrival phase 9 for client "localhost" (last ? true): will start 100 users

=INFO REPORT==== 10-Feb-2016::15:43:51 ===
         ts_launcher:(5:<0.127.0>) Expected duration of first phase: 60.0 sec (15 users) 

=WARNING REPORT==== 10-Feb-2016::15:43:51 ===
OS_MON (cpu_sup), util/1 unavailable for this OS

=INFO REPORT==== 10-Feb-2016::15:43:51 ===
         ts_launcher:(5:<0.127.0>) Can't get file descriptors limit from system, you should verify that 'maxusers' has a good value 
=INFO REPORT==== 10-Feb-2016::15:43:51 ===
         ts_launcher:(5:<0.127.0>) Activate launcher (15 users) in 1532 msec 

=WARNING REPORT==== 10-Feb-2016::15:44:01 ===
OS_MON (cpu_sup), util/1 unavailable for this OS

=WARNING REPORT==== 10-Feb-2016::15:44:11 ===
OS_MON (cpu_sup), util/1 unavailable for this OS

=WARNING REPORT==== 10-Feb-2016::15:44:22 ===
OS_MON (cpu_sup), util/1 unavailable for this OS

=WARNING REPORT==== 10-Feb-2016::15:44:32 ===
OS_MON (cpu_sup), util/1 unavailable for this OS

=WARNING REPORT==== 10-Feb-2016::15:44:42 ===
OS_MON (cpu_sup), util/1 unavailable for this OS

=WARNING REPORT==== 10-Feb-2016::15:44:52 ===
OS_MON (cpu_sup), util/1 unavailable for this OS

=INFO REPORT==== 10-Feb-2016::15:44:54 ===
         ts_launcher:(5:<0.127.0>) Phase duration exceeded, but not all users were launched (2 users, 13.3% of phase)

=INFO REPORT==== 10-Feb-2016::15:44:54 ===
         ts_launcher:(5:<0.127.0>) Start a new arrival phase (100 users, 0.001); expected duration=120.0 sec

=WARNING REPORT==== 10-Feb-2016::15:45:02 ===
OS_MON (cpu_sup), util/1 unavailable for this OS

=WARNING REPORT==== 10-Feb-2016::15:45:12 ===
OS_MON (cpu_sup), util/1 unavailable for this OS

=WARNING REPORT==== 10-Feb-2016::15:45:22 ===
OS_MON (cpu_sup), util/1 unavailable for this OS

=WARNING REPORT==== 10-Feb-2016::15:45:32 ===
OS_MON (cpu_sup), util/1 unavailable for this OS

=WARNING REPORT==== 10-Feb-2016::15:45:42 ===
OS_MON (cpu_sup), util/1 unavailable for this OS

=WARNING REPORT==== 10-Feb-2016::15:45:52 ===
OS_MON (cpu_sup), util/1 unavailable for this OS

=WARNING REPORT==== 10-Feb-2016::15:46:02 ===
OS_MON (cpu_sup), util/1 unavailable for this OS

=WARNING REPORT==== 10-Feb-2016::15:46:12 ===
OS_MON (cpu_sup), util/1 unavailable for this OS

=WARNING REPORT==== 10-Feb-2016::15:46:22 ===
OS_MON (cpu_sup), util/1 unavailable for this OS

=INFO REPORT==== 10-Feb-2016::15:46:23 ===
         ts_launcher:(4:<0.127.0>) Need to wait 30.73 sec before changing phase, going to sleep

=WARNING REPORT==== 10-Feb-2016::15:46:32 ===
OS_MON (cpu_sup), util/1 unavailable for this OS

=WARNING REPORT==== 10-Feb-2016::15:46:42 ===
OS_MON (cpu_sup), util/1 unavailable for this OS

=WARNING REPORT==== 10-Feb-2016::15:46:53 ===
OS_MON (cpu_sup), util/1 unavailable for this OS

=INFO REPORT==== 10-Feb-2016::15:46:54 ===
         ts_launcher:(5:<0.127.0>) Waking up

=INFO REPORT==== 10-Feb-2016::15:46:54 ===
         ts_launcher:(5:<0.127.0>) Start a new arrival phase (100 users, 0.01); expected duration=120.0 sec

=WARNING REPORT==== 10-Feb-2016::15:47:03 ===
OS_MON (cpu_sup), util/1 unavailable for this OS

=INFO REPORT==== 10-Feb-2016::15:47:04 ===
         ts_launcher:(4:<0.127.0>) Need to wait 109.509 sec before changing phase, going to sleep

=WARNING REPORT==== 10-Feb-2016::15:47:13 ===
OS_MON (cpu_sup), util/1 unavailable for this OS

=WARNING REPORT==== 10-Feb-2016::15:47:23 ===
OS_MON (cpu_sup), util/1 unavailable for this OS

=WARNING REPORT==== 10-Feb-2016::15:47:33 ===
OS_MON (cpu_sup), util/1 unavailable for this OS

=WARNING REPORT==== 10-Feb-2016::15:47:43 ===
OS_MON (cpu_sup), util/1 unavailable for this OS

=WARNING REPORT==== 10-Feb-2016::15:47:53 ===
OS_MON (cpu_sup), util/1 unavailable for this OS

=WARNING REPORT==== 10-Feb-2016::15:48:03 ===
OS_MON (cpu_sup), util/1 unavailable for this OS

=WARNING REPORT==== 10-Feb-2016::15:48:13 ===
OS_MON (cpu_sup), util/1 unavailable for this OS

=WARNING REPORT==== 10-Feb-2016::15:48:23 ===
OS_MON (cpu_sup), util/1 unavailable for this OS

=WARNING REPORT==== 10-Feb-2016::15:48:33 ===
OS_MON (cpu_sup), util/1 unavailable for this OS

=WARNING REPORT==== 10-Feb-2016::15:48:43 ===
OS_MON (cpu_sup), util/1 unavailable for this OS

=WARNING REPORT==== 10-Feb-2016::15:48:53 ===
OS_MON (cpu_sup), util/1 unavailable for this OS

=INFO REPORT==== 10-Feb-2016::15:48:54 ===
         ts_launcher:(5:<0.127.0>) Waking up

=INFO REPORT==== 10-Feb-2016::15:48:54 ===
         ts_launcher:(5:<0.127.0>) Start a new arrival phase (15 users, 2.5e-4); expected duration=60.0 sec

=WARNING REPORT==== 10-Feb-2016::15:49:03 ===
OS_MON (cpu_sup), util/1 unavailable for this OS

=WARNING REPORT==== 10-Feb-2016::15:49:13 ===
OS_MON (cpu_sup), util/1 unavailable for this OS

=WARNING REPORT==== 10-Feb-2016::15:49:23 ===
OS_MON (cpu_sup), util/1 unavailable for this OS

=WARNING REPORT==== 10-Feb-2016::15:49:33 ===
OS_MON (cpu_sup), util/1 unavailable for this OS

=WARNING REPORT==== 10-Feb-2016::15:49:44 ===
OS_MON (cpu_sup), util/1 unavailable for this OS

=WARNING REPORT==== 10-Feb-2016::15:49:54 ===
OS_MON (cpu_sup), util/1 unavailable for this OS

=INFO REPORT==== 10-Feb-2016::15:49:56 ===
         ts_launcher:(5:<0.127.0>) Phase duration exceeded, but not all users were launched (1 users, 6.7% of phase)

=INFO REPORT==== 10-Feb-2016::15:49:56 ===
         ts_launcher:(5:<0.127.0>) Start a new arrival phase (100 users, 0.001); expected duration=120.0 sec

=WARNING REPORT==== 10-Feb-2016::15:50:04 ===
OS_MON (cpu_sup), util/1 unavailable for this OS

=WARNING REPORT==== 10-Feb-2016::15:50:14 ===
OS_MON (cpu_sup), util/1 unavailable for this OS

=WARNING REPORT==== 10-Feb-2016::15:50:24 ===
OS_MON (cpu_sup), util/1 unavailable for this OS

=WARNING REPORT==== 10-Feb-2016::15:50:34 ===
OS_MON (cpu_sup), util/1 unavailable for this OS

=WARNING REPORT==== 10-Feb-2016::15:50:44 ===
OS_MON (cpu_sup), util/1 unavailable for this OS

=WARNING REPORT==== 10-Feb-2016::15:50:54 ===
OS_MON (cpu_sup), util/1 unavailable for this OS

=WARNING REPORT==== 10-Feb-2016::15:51:04 ===
OS_MON (cpu_sup), util/1 unavailable for this OS

=WARNING REPORT==== 10-Feb-2016::15:51:14 ===
OS_MON (cpu_sup), util/1 unavailable for this OS

=WARNING REPORT==== 10-Feb-2016::15:51:24 ===
OS_MON (cpu_sup), util/1 unavailable for this OS

=WARNING REPORT==== 10-Feb-2016::15:51:34 ===
OS_MON (cpu_sup), util/1 unavailable for this OS

=WARNING REPORT==== 10-Feb-2016::15:51:44 ===
OS_MON (cpu_sup), util/1 unavailable for this OS

=INFO REPORT==== 10-Feb-2016::15:51:50 ===
         ts_launcher:(4:<0.127.0>) Need to wait 6.497 sec before changing phase, going to sleep

=WARNING REPORT==== 10-Feb-2016::15:51:54 ===
OS_MON (cpu_sup), util/1 unavailable for this OS

=INFO REPORT==== 10-Feb-2016::15:51:56 ===
         ts_launcher:(5:<0.127.0>) Waking up

=INFO REPORT==== 10-Feb-2016::15:51:56 ===
         ts_launcher:(5:<0.127.0>) Start a new arrival phase (100 users, 0.01); expected duration=120.0 sec

=WARNING REPORT==== 10-Feb-2016::15:52:04 ===
OS_MON (cpu_sup), util/1 unavailable for this OS

=INFO REPORT==== 10-Feb-2016::15:52:09 ===
         ts_launcher:(4:<0.127.0>) Need to wait 107.314 sec before changing phase, going to sleep

=WARNING REPORT==== 10-Feb-2016::15:52:15 ===
OS_MON (cpu_sup), util/1 unavailable for this OS

=WARNING REPORT==== 10-Feb-2016::15:52:25 ===
OS_MON (cpu_sup), util/1 unavailable for this OS

=WARNING REPORT==== 10-Feb-2016::15:52:35 ===
OS_MON (cpu_sup), util/1 unavailable for this OS

=WARNING REPORT==== 10-Feb-2016::15:52:45 ===
OS_MON (cpu_sup), util/1 unavailable for this OS

=WARNING REPORT==== 10-Feb-2016::15:52:55 ===
OS_MON (cpu_sup), util/1 unavailable for this OS

=WARNING REPORT==== 10-Feb-2016::15:53:05 ===
OS_MON (cpu_sup), util/1 unavailable for this OS

=WARNING REPORT==== 10-Feb-2016::15:53:15 ===
OS_MON (cpu_sup), util/1 unavailable for this OS

=WARNING REPORT==== 10-Feb-2016::15:53:25 ===
OS_MON (cpu_sup), util/1 unavailable for this OS

=WARNING REPORT==== 10-Feb-2016::15:53:35 ===
OS_MON (cpu_sup), util/1 unavailable for this OS

=WARNING REPORT==== 10-Feb-2016::15:53:45 ===
OS_MON (cpu_sup), util/1 unavailable for this OS

=WARNING REPORT==== 10-Feb-2016::15:53:55 ===
OS_MON (cpu_sup), util/1 unavailable for this OS

=INFO REPORT==== 10-Feb-2016::15:53:56 ===
         ts_launcher:(5:<0.127.0>) Waking up

=INFO REPORT==== 10-Feb-2016::15:53:56 ===
         ts_launcher:(5:<0.127.0>) Start a new arrival phase (15 users, 2.5e-4); expected duration=60.0 sec

=WARNING REPORT==== 10-Feb-2016::15:54:05 ===
OS_MON (cpu_sup), util/1 unavailable for this OS

=WARNING REPORT==== 10-Feb-2016::15:54:15 ===
OS_MON (cpu_sup), util/1 unavailable for this OS

=WARNING REPORT==== 10-Feb-2016::15:54:25 ===
OS_MON (cpu_sup), util/1 unavailable for this OS

=INFO REPORT==== 10-Feb-2016::15:54:30 ===
         ts_launcher:(4:<0.127.0>) Need to wait 26.732 sec before changing phase, going to sleep

=WARNING REPORT==== 10-Feb-2016::15:54:35 ===
OS_MON (cpu_sup), util/1 unavailable for this OS

=WARNING REPORT==== 10-Feb-2016::15:54:45 ===
OS_MON (cpu_sup), util/1 unavailable for this OS

=WARNING REPORT==== 10-Feb-2016::15:54:56 ===
OS_MON (cpu_sup), util/1 unavailable for this OS

=INFO REPORT==== 10-Feb-2016::15:54:56 ===
         ts_launcher:(5:<0.127.0>) Waking up

=INFO REPORT==== 10-Feb-2016::15:54:56 ===
         ts_launcher:(5:<0.127.0>) Start a new arrival phase (100 users, 0.001); expected duration=120.0 sec

=WARNING REPORT==== 10-Feb-2016::15:55:06 ===
OS_MON (cpu_sup), util/1 unavailable for this OS

=WARNING REPORT==== 10-Feb-2016::15:55:16 ===
OS_MON (cpu_sup), util/1 unavailable for this OS

=WARNING REPORT==== 10-Feb-2016::15:55:26 ===
OS_MON (cpu_sup), util/1 unavailable for this OS

=WARNING REPORT==== 10-Feb-2016::15:55:36 ===
OS_MON (cpu_sup), util/1 unavailable for this OS

=WARNING REPORT==== 10-Feb-2016::15:55:46 ===
OS_MON (cpu_sup), util/1 unavailable for this OS

=WARNING REPORT==== 10-Feb-2016::15:55:56 ===
OS_MON (cpu_sup), util/1 unavailable for this OS

=WARNING REPORT==== 10-Feb-2016::15:56:06 ===
OS_MON (cpu_sup), util/1 unavailable for this OS

=WARNING REPORT==== 10-Feb-2016::15:56:16 ===
OS_MON (cpu_sup), util/1 unavailable for this OS

=WARNING REPORT==== 10-Feb-2016::15:56:26 ===
OS_MON (cpu_sup), util/1 unavailable for this OS

=INFO REPORT==== 10-Feb-2016::15:56:27 ===
         ts_launcher:(4:<0.127.0>) Need to wait 29.85 sec before changing phase, going to sleep

=WARNING REPORT==== 10-Feb-2016::15:56:36 ===
OS_MON (cpu_sup), util/1 unavailable for this OS

=WARNING REPORT==== 10-Feb-2016::15:56:46 ===
OS_MON (cpu_sup), util/1 unavailable for this OS

=WARNING REPORT==== 10-Feb-2016::15:56:56 ===
OS_MON (cpu_sup), util/1 unavailable for this OS

=INFO REPORT==== 10-Feb-2016::15:56:56 ===
         ts_launcher:(5:<0.127.0>) Waking up

=INFO REPORT==== 10-Feb-2016::15:56:56 ===
         ts_launcher:(5:<0.127.0>) Start a new arrival phase (100 users, 0.01); expected duration=120.0 sec

=WARNING REPORT==== 10-Feb-2016::15:57:06 ===
OS_MON (cpu_sup), util/1 unavailable for this OS

=INFO REPORT==== 10-Feb-2016::15:57:08 ===
         ts_launcher:(5:<0.127.0>) This was the last phase, wait for connected users to finish their session

=INFO REPORT==== 10-Feb-2016::15:57:13 ===
     ts_launcher_mgr:(5:<0.121.0>) No more active users 'tsung_controller_96@Wonko-the-Sane' "86364"

=INFO REPORT==== 10-Feb-2016::15:57:14 ===
              ts_mon:(5:<0.70.0>) stopping monitor (normal)
