# stats: dump at 1455140641
stats: users 0 1
stats: {load,"tsung_controller_96@Wonko-the-Sane"} 1 1.75390625 0 1.75390625 1.75390625 0 0
stats: {freemem,"tsung_controller_96@Wonko-the-Sane"} 1 25.3671875 0 25.3671875 25.3671875 0 0
stats: {cpu,"tsung_controller_96@Wonko-the-Sane"} 1 0 0 0 0 0 0
stats: session 2 158.00146484375 45.944580078125 203.946044921875 112.056884765625 0 0
stats: users_count 2 2
stats: finish_users_count 2 2
stats: request 2 147.7034912109375 37.8494873046875 185.552978515625 109.85400390625 0 0
stats: connect 2 91.4814453125 35.20654296875 126.68798828125 56.27490234375 0 0
stats: page 2 147.7034912109375 37.8494873046875 185.552978515625 109.85400390625 0 0
stats: size_rcv 370 370
stats: size_sent 258 258
stats: connected 0 0
stats: 301 2 2
# stats: dump at 1455140651
stats: users 0 1
stats: {load,"tsung_controller_96@Wonko-the-Sane"} 1 1.71875 0.0 1.75390625 1.71875 1.75390625 1
stats: {freemem,"tsung_controller_96@Wonko-the-Sane"} 1 21.296875 0.0 25.3671875 21.296875 25.3671875 1
stats: {cpu,"tsung_controller_96@Wonko-the-Sane"} 1 0.0 0.0 0 0 0.0 1
stats: session 3 111.95157877604167 2.1455752671251243 203.946044921875 109.1318359375 158.00146484375 2
stats: users_count 3 5
stats: finish_users_count 3 5
stats: request 3 109.937744140625 2.4204828588604657 185.552978515625 106.6171875 147.7034912109375 2
stats: connect 3 52.9697265625 4.67807468564776 126.68798828125 47.916015625 91.4814453125 2
stats: page 3 109.937744140625 2.4204828588604657 185.552978515625 106.6171875 147.7034912109375 2
stats: size_rcv 555 925
stats: size_sent 426 684
stats: connected 0 0
stats: 301 3 5
# stats: dump at 1455140661
stats: users 0 1
stats: {load,"tsung_controller_96@Wonko-the-Sane"} 1 1.60546875 0.0 1.75390625 1.60546875 1.736328125 2
stats: {freemem,"tsung_controller_96@Wonko-the-Sane"} 1 17.203125 0.0 25.3671875 17.203125 23.33203125 2
stats: {cpu,"tsung_controller_96@Wonko-the-Sane"} 1 0.0 0.0 0 0 0.0 2
stats: session 1 107.130859375 0.0 203.946044921875 107.130859375 130.371533203125 5
stats: users_count 1 6
stats: finish_users_count 1 6
stats: request 1 104.278076171875 0.0 185.552978515625 104.278076171875 125.04404296875 5
stats: connect 1 51.5361328125 0.0 126.68798828125 47.916015625 68.3744140625 5
stats: page 1 104.278076171875 0.0 185.552978515625 104.278076171875 125.04404296875 5
stats: size_rcv 185 1110
stats: size_sent 133 817
stats: connected 0 0
stats: 301 1 6
# stats: dump at 1455140671
stats: users 0 1
stats: {load,"tsung_controller_96@Wonko-the-Sane"} 1 1.66796875 0.0 1.75390625 1.60546875 1.6927083333333333 3
stats: {freemem,"tsung_controller_96@Wonko-the-Sane"} 1 29.0859375 0.0 29.0859375 17.203125 21.2890625 3
stats: {cpu,"tsung_controller_96@Wonko-the-Sane"} 1 0.0 0.0 0 0 0.0 3
stats: session 0 0 0 203.946044921875 107.130859375 126.49808756510417 6
stats: users_count 0 6
stats: finish_users_count 0 6
stats: request 0 0 0 185.552978515625 104.278076171875 121.58304850260417 6
stats: connect 0 0 0 126.68798828125 47.916015625 65.56803385416667 6
stats: page 0 0 0 185.552978515625 104.278076171875 121.58304850260417 6
stats: size_rcv 0 1110
stats: size_sent 0 817
stats: connected 0 0
stats: 301 0 6
# stats: dump at 1455140681
stats: users 0 1
stats: {load,"tsung_controller_96@Wonko-the-Sane"} 1 1.5625 0.0 1.75390625 1.5625 1.6865234375 4
stats: {freemem,"tsung_controller_96@Wonko-the-Sane"} 1 32.72265625 0.0 32.72265625 17.203125 23.23828125 4
stats: {cpu,"tsung_controller_96@Wonko-the-Sane"} 1 0.0 0.0 0 0 0.0 4
stats: session 3 129.605712890625 18.406900398710334 203.946044921875 106.0 126.49808756510417 6
stats: users_count 3 9
stats: finish_users_count 3 9
stats: request 3 127.24129231770833 18.33559491014872 185.552978515625 103.69189453125 121.58304850260417 6
stats: connect 3 72.37996419270833 18.004856983450043 126.68798828125 47.916015625 65.56803385416667 6
stats: page 3 127.24129231770833 18.33559491014872 185.552978515625 103.69189453125 121.58304850260417 6
stats: size_rcv 555 1665
stats: size_sent 391 1208
stats: connected 0 0
stats: 301 3 9
# stats: dump at 1455140691
stats: users 0 1
stats: {load,"tsung_controller_96@Wonko-the-Sane"} 1 1.625 0.0 1.75390625 1.5625 1.66171875 5
stats: {freemem,"tsung_controller_96@Wonko-the-Sane"} 1 31.66015625 0.0 32.72265625 17.203125 25.13515625 5
stats: {cpu,"tsung_controller_96@Wonko-the-Sane"} 1 0.0 0.0 0 0 0.0 5
stats: session 3 121.15193684895833 11.446035325997098 203.946044921875 106.0 127.53396267361111 9
stats: users_count 3 12
stats: finish_users_count 3 12
stats: request 3 119.167724609375 11.219434579135665 185.552978515625 103.69189453125 123.46912977430556 9
stats: connect 3 60.39892578125 11.835779181870443 126.68798828125 47.916015625 67.83867730034723 9
stats: page 3 119.167724609375 11.219434579135665 185.552978515625 103.69189453125 123.46912977430556 9
stats: size_rcv 555 2220
stats: size_sent 469 1677
stats: connected 0 0
stats: 301 3 12
# stats: dump at 1455140701
stats: users 2 2
stats: {load,"tsung_controller_96@Wonko-the-Sane"} 1 1.67578125 0.0 1.75390625 1.5625 1.6555989583333333 6
stats: {freemem,"tsung_controller_96@Wonko-the-Sane"} 1 27.390625 0.0 32.72265625 17.203125 26.22265625 6
stats: {cpu,"tsung_controller_96@Wonko-the-Sane"} 1 0.0 0.0 0 0 0.0 6
stats: session 6 125.63151041666667 15.37508968690664 203.946044921875 106.0 125.93845621744792 12
stats: users_count 8 20
stats: finish_users_count 6 18
stats: request 6 123.51627604166667 15.334098958124628 185.552978515625 103.69189453125 122.39377848307292 12
stats: connect 6 63.343709309895836 12.46089460185502 126.68798828125 47.916015625 65.97873942057292 12
stats: page 6 123.51627604166667 15.334098958124628 185.552978515625 103.69189453125 122.39377848307292 12
stats: size_rcv 1110 3330
stats: newphase 1 1
stats: size_sent 868 2545
stats: connected 0 0
stats: 301 6 18
# stats: dump at 1455140711
stats: users 0 2
stats: {load,"tsung_controller_96@Wonko-the-Sane"} 1 1.6484375 0.0 1.75390625 1.5625 1.6584821428571428 7
stats: {freemem,"tsung_controller_96@Wonko-the-Sane"} 1 17.26953125 0.0 32.72265625 17.203125 26.389508928571427 7
stats: {cpu,"tsung_controller_96@Wonko-the-Sane"} 1 0.0 0.0 0 0 0.0 7
stats: session 10 111.5800537109375 7.91775887559801 203.946044921875 102.26220703125 125.83614095052083 18
stats: users_count 8 28
stats: finish_users_count 10 28
stats: request 10 109.51162109375 7.84391635110456 185.552978515625 99.696044921875 122.7679443359375 18
stats: connect 10 51.626123046875 3.5519008859593613 126.68798828125 47.602783203125 65.10039605034723 18
stats: page 10 109.51162109375 7.84391635110456 185.552978515625 99.696044921875 122.7679443359375 18
stats: size_rcv 1850 5180
stats: newphase 0 1
stats: size_sent 1497 4042
stats: connected 0 0
stats: 301 10 28
# stats: dump at 1455140721
stats: users 0 3
stats: {load,"tsung_controller_96@Wonko-the-Sane"} 1 1.703125 0.0 1.75390625 1.5625 1.6572265625 8
stats: {freemem,"tsung_controller_96@Wonko-the-Sane"} 1 16.22265625 0.0 32.72265625 16.22265625 25.24951171875 8
stats: {cpu,"tsung_controller_96@Wonko-the-Sane"} 1 0.0 0.0 0 0 0.0 8
stats: session 13 116.58257587139423 16.432563751316394 203.946044921875 101.5361328125 120.74468122209821 28
stats: users_count 13 41
stats: finish_users_count 13 41
stats: request 12 114.93440755208333 16.882885637918776 185.552978515625 99.4580078125 118.03354317801339 28
stats: connect 12 52.723246256510414 3.4259809343148837 126.68798828125 46.089111328125 60.288155691964285 28
stats: page 12 114.93440755208333 16.882885637918776 185.552978515625 99.4580078125 118.03354317801339 28
stats: size_rcv 2220 7400
stats: newphase 0 1
stats: size_sent 1844 5886
stats: connected 0 0
stats: 301 12 40
# stats: dump at 1455140731
stats: users 0 3
stats: {load,"tsung_controller_96@Wonko-the-Sane"} 1 1.66796875 0.0 1.75390625 1.5625 1.6623263888888888 9
stats: {freemem,"tsung_controller_96@Wonko-the-Sane"} 1 27.25 0.0 32.72265625 16.22265625 24.24652777777778 9
stats: {cpu,"tsung_controller_96@Wonko-the-Sane"} 1 0.0 0.0 0 0 0.0 9
stats: session 5 108.95537109375 4.539004530413396 203.946044921875 101.5361328125 119.4249892816311 41
stats: users_count 5 46
stats: finish_users_count 5 46
stats: request 6 107.03047688802083 4.43068917517519 185.552978515625 99.4580078125 117.10380249023437 40
stats: connect 6 50.492350260416664 2.196139932758503 126.68798828125 46.089111328125 58.018682861328124 40
stats: page 6 107.03047688802083 4.43068917517519 185.552978515625 99.4580078125 117.10380249023437 40
stats: size_rcv 1110 8510
stats: newphase 0 1
stats: size_sent 817 6703
stats: connected 0 0
stats: 301 6 46
# stats: dump at 1455140741
stats: users 0 3
stats: {load,"tsung_controller_96@Wonko-the-Sane"} 1 1.64453125 0.0 1.75390625 1.5625 1.662890625 10
stats: {freemem,"tsung_controller_96@Wonko-the-Sane"} 1 30.3515625 0.0 32.72265625 16.22265625 24.546875 10
stats: {cpu,"tsung_controller_96@Wonko-the-Sane"} 1 0.0 0.0 0 0 0.0 10
stats: session 15 112.9419921875 5.946330640437297 203.946044921875 101.5361328125 118.2869873046875 46
stats: users_count 15 61
stats: finish_users_count 15 61
stats: request 15 110.60999348958333 5.979818020342475 185.552978515625 99.4580078125 115.78989045516305 46
stats: connect 15 54.01826171875 3.512600361079203 126.68798828125 46.089111328125 57.0369873046875 46
stats: page 15 110.60999348958333 5.979818020342475 185.552978515625 99.4580078125 115.78989045516305 46
stats: size_rcv 2775 11285
stats: newphase 0 1
stats: size_sent 2138 8841
stats: connected 0 0
stats: 301 15 61
# stats: dump at 1455140751
stats: users 0 3
stats: {load,"tsung_controller_96@Wonko-the-Sane"} 1 1.7734375 0.0 1.7734375 1.5625 1.6612215909090908 11
stats: {freemem,"tsung_controller_96@Wonko-the-Sane"} 1 26.1796875 0.0 32.72265625 16.22265625 25.074573863636363 11
stats: {cpu,"tsung_controller_96@Wonko-the-Sane"} 1 0.0 0.0 0 0 0.0 11
stats: session 12 195.8247273763021 278.48313037173216 1119.177978515625 101.5361328125 116.97264424308402 61
stats: users_count 12 73
stats: finish_users_count 12 73
stats: request 12 193.69694010416666 278.32134374438334 1116.513916015625 99.4580078125 114.51614529969262 61
stats: connect 12 137.0193074544271 276.80164012677005 1054.98291015625 46.089111328125 56.294677734375 61
stats: page 12 193.69694010416666 278.32134374438334 1116.513916015625 99.4580078125 114.51614529969262 61
stats: size_rcv 2220 13505
stats: newphase 0 1
stats: size_sent 1661 10502
stats: connected 0 0
stats: 301 12 73
# stats: dump at 1455140761
stats: users 0 3
stats: {load,"tsung_controller_96@Wonko-the-Sane"} 1 1.734375 0.0 1.7734375 1.5625 1.6705729166666667 12
stats: {freemem,"tsung_controller_96@Wonko-the-Sane"} 1 23.0625 0.0 32.72265625 16.22265625 25.166666666666668 12
stats: {cpu,"tsung_controller_96@Wonko-the-Sane"} 1 0.0 0.0 0 0 0.0 12
stats: session 11 108.90656072443181 5.304809446426719 1119.177978515625 101.5361328125 129.93463051155823 73
stats: users_count 11 84
stats: finish_users_count 11 84
stats: request 11 106.77605646306819 5.41091624665871 1116.513916015625 99.4580078125 127.53216636344177 73
stats: connect 11 52.41399591619318 3.205821336687114 1054.98291015625 46.089111328125 69.56447988013699 73
stats: page 11 106.77605646306819 5.41091624665871 1116.513916015625 99.4580078125 127.53216636344177 73
stats: size_rcv 2035 15540
stats: newphase 0 1
stats: size_sent 1684 12186
stats: connected 0 0
stats: 301 11 84
# stats: dump at 1455140771
stats: users 0 3
stats: {load,"tsung_controller_96@Wonko-the-Sane"} 1 1.765625 0.0 1.7734375 1.5625 1.6754807692307692 13
stats: {freemem,"tsung_controller_96@Wonko-the-Sane"} 1 31.53125 0.0 32.72265625 16.22265625 25.004807692307693 13
stats: {cpu,"tsung_controller_96@Wonko-the-Sane"} 1 0.0 0.0 0 0 0.0 13
stats: session 15 109.90079752604167 5.464157452350832 1119.177978515625 101.5361328125 127.18095470610119 84
stats: users_count 15 99
stats: finish_users_count 15 99
stats: request 15 107.92516276041667 5.569891900722526 1116.513916015625 99.4580078125 124.81410435267857 84
stats: connect 15 52.65888671875 3.2391912395178886 1054.98291015625 46.089111328125 67.31858317057292 84
stats: page 15 107.92516276041667 5.569891900722526 1116.513916015625 99.4580078125 124.81410435267857 84
stats: size_rcv 2775 18315
stats: newphase 0 1
stats: size_sent 2208 14394
stats: connected 0 0
stats: 301 15 99
# stats: dump at 1455140781
stats: users 1 3
stats: {load,"tsung_controller_96@Wonko-the-Sane"} 1 1.80078125 0.0 1.80078125 1.5625 1.6819196428571428 14
stats: {freemem,"tsung_controller_96@Wonko-the-Sane"} 1 17.3515625 0.0 32.72265625 16.22265625 25.470982142857142 14
stats: {cpu,"tsung_controller_96@Wonko-the-Sane"} 1 0.0 0.0 0 0 0.0 14
stats: session 10 108.4938720703125 5.535663085055781 1119.177978515625 101.5361328125 124.56274907275883 99
stats: users_count 11 110
stats: finish_users_count 10 109
stats: request 9 106.27487521701389 5.718641194910054 1116.513916015625 99.4580078125 122.25517380839646 99
stats: connect 9 51.522705078125 3.1547430173697526 1054.98291015625 46.089111328125 65.09741704150883 99
stats: page 9 106.27487521701389 5.718641194910054 1116.513916015625 99.4580078125 122.25517380839646 99
stats: size_rcv 1665 19980
stats: newphase 0 1
stats: size_sent 1243 15637
stats: connected 0 0
stats: 301 9 108
# stats: dump at 1455140791
stats: users 0 3
stats: {load,"tsung_controller_96@Wonko-the-Sane"} 1 1.83203125 0.0 1.83203125 1.5625 1.68984375 15
stats: {freemem,"tsung_controller_96@Wonko-the-Sane"} 1 18.04296875 0.0 32.72265625 16.22265625 24.9296875 15
stats: {cpu,"tsung_controller_96@Wonko-the-Sane"} 1 0.0 0.0 0 0 0.0 15
stats: session 4 107.781005859375 2.777966516692217 1119.177978515625 101.5361328125 123.08854017345183 109
stats: users_count 3 113
stats: finish_users_count 4 113
stats: request 5 106.37607421875 2.727448544528257 1116.513916015625 99.4580078125 120.92348225911458 108
stats: connect 5 51.996533203125 2.945036701271625 1054.98291015625 46.089111328125 63.96619104456018 108
stats: page 5 106.37607421875 2.727448544528257 1116.513916015625 99.4580078125 120.92348225911458 108
stats: size_rcv 925 20905
stats: newphase 0 1
stats: size_sent 711 16348
stats: connected 0 0
stats: 301 5 113
# stats: dump at 1455140801
stats: users 0 3
stats: {load,"tsung_controller_96@Wonko-the-Sane"} 1 1.62890625 0.0 1.83203125 1.5625 1.69873046875 16
stats: {freemem,"tsung_controller_96@Wonko-the-Sane"} 1 21.0078125 0.0 32.72265625 16.22265625 24.499267578125 16
stats: {cpu,"tsung_controller_96@Wonko-the-Sane"} 1 0.0 0.0 0 0 0.0 16
stats: session 0 0 0 1119.177978515625 101.5361328125 122.5466805517146 113
stats: users_count 0 113
stats: finish_users_count 0 113
stats: request 0 0 0 1116.513916015625 99.4580078125 120.27979163785952 113
stats: connect 0 0 0 1054.98291015625 46.089111328125 63.43656016662057 113
stats: page 0 0 0 1116.513916015625 99.4580078125 120.27979163785952 113
stats: size_rcv 0 20905
stats: newphase 0 1
stats: size_sent 0 16348
stats: connected 0 0
stats: 301 0 113
# stats: dump at 1455140811
stats: users 0 3
stats: {load,"tsung_controller_96@Wonko-the-Sane"} 1 1.60546875 0.0 1.83203125 1.5625 1.6946231617647058 17
stats: {freemem,"tsung_controller_96@Wonko-the-Sane"} 1 27.203125 0.0 32.72265625 16.22265625 24.293887867647058 17
stats: {cpu,"tsung_controller_96@Wonko-the-Sane"} 1 0.0 0.0 0 0 0.0 17
stats: session 0 0 0 1119.177978515625 101.5361328125 122.5466805517146 113
stats: users_count 0 113
stats: finish_users_count 0 113
stats: request 0 0 0 1116.513916015625 99.4580078125 120.27979163785952 113
stats: connect 0 0 0 1054.98291015625 46.089111328125 63.43656016662057 113
stats: page 0 0 0 1116.513916015625 99.4580078125 120.27979163785952 113
stats: size_rcv 0 20905
stats: newphase 0 1
stats: size_sent 0 16348
stats: connected 0 0
stats: 301 0 113
# stats: dump at 1455140821
stats: users 0 4
stats: {load,"tsung_controller_96@Wonko-the-Sane"} 1 1.5859375 0.0 1.83203125 1.5625 1.6896701388888888 18
stats: {freemem,"tsung_controller_96@Wonko-the-Sane"} 1 23.24609375 0.0 32.72265625 16.22265625 24.45551215277778 18
stats: {cpu,"tsung_controller_96@Wonko-the-Sane"} 1 0.0 0.0 0 0 0.0 18
stats: session 72 115.40817599826389 10.311946947551984 1119.177978515625 98.259765625 122.5466805517146 113
stats: users_count 72 185
stats: finish_users_count 72 185
stats: request 70 113.50320521763393 10.331837805471467 1116.513916015625 95.700927734375 120.27979163785952 113
stats: connect 70 53.9343505859375 5.357284559579453 1054.98291015625 44.9619140625 63.43656016662057 113
stats: page 70 113.50320521763393 10.331837805471467 1116.513916015625 95.700927734375 120.27979163785952 113
stats: size_rcv 12950 33855
stats: newphase 1 2
stats: size_sent 10278 26626
stats: connected 0 0
stats: 301 70 183
# stats: dump at 1455140831
stats: users 0 4
stats: {load,"tsung_controller_96@Wonko-the-Sane"} 1 1.80078125 0.0 1.83203125 1.5625 1.6842105263157894 19
stats: {freemem,"tsung_controller_96@Wonko-the-Sane"} 1 22.296875 0.0 32.72265625 16.22265625 24.39185855263158 19
stats: {cpu,"tsung_controller_96@Wonko-the-Sane"} 1 0.0 0.0 0 0 0.0 19
stats: session 28 114.6942138671875 6.976513472790467 1119.177978515625 98.259765625 119.76845175253378 185
stats: users_count 28 213
stats: finish_users_count 28 213
stats: request 30 111.97493489583333 7.2179725058547755 1116.513916015625 95.700927734375 117.68765475580601 183
stats: connect 30 55.03917643229167 4.004082074894341 1054.98291015625 44.9619140625 59.801835190403004 183
stats: page 30 111.97493489583333 7.2179725058547755 1116.513916015625 95.700927734375 117.68765475580601 183
stats: size_rcv 5550 39405
stats: newphase 0 2
stats: size_sent 4338 30964
stats: connected 0 0
stats: 301 30 213
# stats: dump at 1455140841
stats: users 0 4
stats: {load,"tsung_controller_96@Wonko-the-Sane"} 1 1.765625 0.0 1.83203125 1.5625 1.6900390625 20
stats: {freemem,"tsung_controller_96@Wonko-the-Sane"} 1 17.73828125 0.0 32.72265625 16.22265625 24.287109375 20
stats: {cpu,"tsung_controller_96@Wonko-the-Sane"} 1 0.0 0.0 0 0 0.0 20
stats: session 0 0 0 1119.177978515625 98.259765625 119.10141578638498 213
stats: users_count 0 213
stats: finish_users_count 0 213
stats: request 0 0 0 1116.513916015625 95.700927734375 116.88304632482394 213
stats: connect 0 0 0 1054.98291015625 44.9619140625 59.13103818221831 213
stats: page 0 0 0 1116.513916015625 95.700927734375 116.88304632482394 213
stats: size_rcv 0 39405
stats: newphase 0 2
stats: size_sent 0 30964
stats: connected 0 0
stats: 301 0 213
# stats: dump at 1455140851
stats: users 0 4
stats: {load,"tsung_controller_96@Wonko-the-Sane"} 1 1.64453125 0.0 1.83203125 1.5625 1.6936383928571428 21
stats: {freemem,"tsung_controller_96@Wonko-the-Sane"} 1 29.359375 0.0 32.72265625 16.22265625 23.975260416666668 21
stats: {cpu,"tsung_controller_96@Wonko-the-Sane"} 1 0.0 0.0 0 0 0.0 21
stats: session 0 0 0 1119.177978515625 98.259765625 119.10141578638498 213
stats: users_count 0 213
stats: finish_users_count 0 213
stats: request 0 0 0 1116.513916015625 95.700927734375 116.88304632482394 213
stats: connect 0 0 0 1054.98291015625 44.9619140625 59.13103818221831 213
stats: page 0 0 0 1116.513916015625 95.700927734375 116.88304632482394 213
stats: size_rcv 0 39405
stats: newphase 0 2
stats: size_sent 0 30964
stats: connected 0 0
stats: 301 0 213
# stats: dump at 1455140861
stats: users 0 4
stats: {load,"tsung_controller_96@Wonko-the-Sane"} 1 1.546875 0.0 1.83203125 1.546875 1.69140625 22
stats: {freemem,"tsung_controller_96@Wonko-the-Sane"} 1 28.5078125 0.0 32.72265625 16.22265625 24.219992897727273 22
stats: {cpu,"tsung_controller_96@Wonko-the-Sane"} 1 0.0 0.0 0 0 0.0 22
stats: session 0 0 0 1119.177978515625 98.259765625 119.10141578638498 213
stats: users_count 0 213
stats: finish_users_count 0 213
stats: request 0 0 0 1116.513916015625 95.700927734375 116.88304632482394 213
stats: connect 0 0 0 1054.98291015625 44.9619140625 59.13103818221831 213
stats: page 0 0 0 1116.513916015625 95.700927734375 116.88304632482394 213
stats: size_rcv 0 39405
stats: newphase 0 2
stats: size_sent 0 30964
stats: connected 0 0
stats: 301 0 213
# stats: dump at 1455140871
stats: users 0 4
stats: {load,"tsung_controller_96@Wonko-the-Sane"} 1 1.53515625 0.0 1.83203125 1.53515625 1.6851222826086956 23
stats: {freemem,"tsung_controller_96@Wonko-the-Sane"} 1 33.18359375 0.0 33.18359375 16.22265625 24.406419836956523 23
stats: {cpu,"tsung_controller_96@Wonko-the-Sane"} 1 0.0 0.0 0 0 0.0 23
stats: session 0 0 0 1119.177978515625 98.259765625 119.10141578638498 213
stats: users_count 0 213
stats: finish_users_count 0 213
stats: request 0 0 0 1116.513916015625 95.700927734375 116.88304632482394 213
stats: connect 0 0 0 1054.98291015625 44.9619140625 59.13103818221831 213
stats: page 0 0 0 1116.513916015625 95.700927734375 116.88304632482394 213
stats: size_rcv 0 39405
stats: newphase 0 2
stats: size_sent 0 30964
stats: connected 0 0
stats: 301 0 213
# stats: dump at 1455140881
stats: users 0 4
stats: {load,"tsung_controller_96@Wonko-the-Sane"} 1 1.53125 0.0 1.83203125 1.53125 1.6788736979166667 24
stats: {freemem,"tsung_controller_96@Wonko-the-Sane"} 1 29.16015625 0.0 33.18359375 16.22265625 24.772135416666668 24
stats: {cpu,"tsung_controller_96@Wonko-the-Sane"} 1 0.0 0.0 0 0 0.0 24
stats: session 0 0 0 1119.177978515625 98.259765625 119.10141578638498 213
stats: users_count 0 213
stats: finish_users_count 0 213
stats: request 0 0 0 1116.513916015625 95.700927734375 116.88304632482394 213
stats: connect 0 0 0 1054.98291015625 44.9619140625 59.13103818221831 213
stats: page 0 0 0 1116.513916015625 95.700927734375 116.88304632482394 213
stats: size_rcv 0 39405
stats: newphase 0 2
stats: size_sent 0 30964
stats: connected 0 0
stats: 301 0 213
# stats: dump at 1455140891
stats: users 0 4
stats: {load,"tsung_controller_96@Wonko-the-Sane"} 1 1.5234375 0.0 1.83203125 1.5234375 1.67296875 25
stats: {freemem,"tsung_controller_96@Wonko-the-Sane"} 1 27.6640625 0.0 33.18359375 16.22265625 24.94765625 25
stats: {cpu,"tsung_controller_96@Wonko-the-Sane"} 1 0.0 0.0 0 0 0.0 25
stats: session 0 0 0 1119.177978515625 98.259765625 119.10141578638498 213
stats: users_count 0 213
stats: finish_users_count 0 213
stats: request 0 0 0 1116.513916015625 95.700927734375 116.88304632482394 213
stats: connect 0 0 0 1054.98291015625 44.9619140625 59.13103818221831 213
stats: page 0 0 0 1116.513916015625 95.700927734375 116.88304632482394 213
stats: size_rcv 0 39405
stats: newphase 0 2
stats: size_sent 0 30964
stats: connected 0 0
stats: 301 0 213
# stats: dump at 1455140901
stats: users 0 4
stats: {load,"tsung_controller_96@Wonko-the-Sane"} 1 1.44140625 0.0 1.83203125 1.44140625 1.6672175480769231 26
stats: {freemem,"tsung_controller_96@Wonko-the-Sane"} 1 24.30078125 0.0 33.18359375 16.22265625 25.05213341346154 26
stats: {cpu,"tsung_controller_96@Wonko-the-Sane"} 1 0.0 0.0 0 0 0.0 26
stats: session 0 0 0 1119.177978515625 98.259765625 119.10141578638498 213
stats: users_count 0 213
stats: finish_users_count 0 213
stats: request 0 0 0 1116.513916015625 95.700927734375 116.88304632482394 213
stats: connect 0 0 0 1054.98291015625 44.9619140625 59.13103818221831 213
stats: page 0 0 0 1116.513916015625 95.700927734375 116.88304632482394 213
stats: size_rcv 0 39405
stats: newphase 0 2
stats: size_sent 0 30964
stats: connected 0 0
stats: 301 0 213
# stats: dump at 1455140911
stats: users 0 4
stats: {load,"tsung_controller_96@Wonko-the-Sane"} 1 1.453125 0.0 1.83203125 1.44140625 1.6588541666666667 27
stats: {freemem,"tsung_controller_96@Wonko-the-Sane"} 1 36.92578125 0.0 36.92578125 16.22265625 25.024305555555557 27
stats: {cpu,"tsung_controller_96@Wonko-the-Sane"} 1 0.0 0.0 0 0 0.0 27
stats: session 0 0 0 1119.177978515625 98.259765625 119.10141578638498 213
stats: users_count 0 213
stats: finish_users_count 0 213
stats: request 0 0 0 1116.513916015625 95.700927734375 116.88304632482394 213
stats: connect 0 0 0 1054.98291015625 44.9619140625 59.13103818221831 213
stats: page 0 0 0 1116.513916015625 95.700927734375 116.88304632482394 213
stats: size_rcv 0 39405
stats: newphase 0 2
stats: size_sent 0 30964
stats: connected 0 0
stats: 301 0 213
# stats: dump at 1455140921
stats: users 0 4
stats: {load,"tsung_controller_96@Wonko-the-Sane"} 1 1.5390625 0.0 1.83203125 1.44140625 1.6515066964285714 28
stats: {freemem,"tsung_controller_96@Wonko-the-Sane"} 1 39.578125 0.0 39.578125 16.22265625 25.449358258928573 28
stats: {cpu,"tsung_controller_96@Wonko-the-Sane"} 1 0.0 0.0 0 0 0.0 28
stats: session 0 0 0 1119.177978515625 98.259765625 119.10141578638498 213
stats: users_count 0 213
stats: finish_users_count 0 213
stats: request 0 0 0 1116.513916015625 95.700927734375 116.88304632482394 213
stats: connect 0 0 0 1054.98291015625 44.9619140625 59.13103818221831 213
stats: page 0 0 0 1116.513916015625 95.700927734375 116.88304632482394 213
stats: size_rcv 0 39405
stats: newphase 0 2
stats: size_sent 0 30964
stats: connected 0 0
stats: 301 0 213
# stats: dump at 1455140931
stats: users 0 4
stats: {load,"tsung_controller_96@Wonko-the-Sane"} 1 1.52734375 0.0 1.83203125 1.44140625 1.6476293103448276 29
stats: {freemem,"tsung_controller_96@Wonko-the-Sane"} 1 34.46484375 0.0 39.578125 16.22265625 25.936557112068964 29
stats: {cpu,"tsung_controller_96@Wonko-the-Sane"} 1 0.0 0.0 0 0 0.0 29
stats: session 0 0 0 1119.177978515625 98.259765625 119.10141578638498 213
stats: users_count 0 213
stats: finish_users_count 0 213
stats: request 0 0 0 1116.513916015625 95.700927734375 116.88304632482394 213
stats: connect 0 0 0 1054.98291015625 44.9619140625 59.13103818221831 213
stats: page 0 0 0 1116.513916015625 95.700927734375 116.88304632482394 213
stats: size_rcv 0 39405
stats: newphase 0 2
stats: size_sent 0 30964
stats: connected 0 0
stats: 301 0 213
# stats: dump at 1455140941
stats: users 0 4
stats: {load,"tsung_controller_96@Wonko-the-Sane"} 1 1.671875 0.0 1.83203125 1.44140625 1.6436197916666666 30
stats: {freemem,"tsung_controller_96@Wonko-the-Sane"} 1 33.98046875 0.0 39.578125 16.22265625 26.220833333333335 30
stats: {cpu,"tsung_controller_96@Wonko-the-Sane"} 1 0.0 0.0 0 0 0.0 30
stats: session 4 119.04345703125 17.083778792675428 1119.177978515625 98.259765625 119.10141578638498 213
stats: users_count 4 217
stats: finish_users_count 4 217
stats: request 4 116.7574462890625 17.075720637429832 1116.513916015625 95.700927734375 116.88304632482394 213
stats: connect 4 62.5885009765625 13.900909348221738 1054.98291015625 44.9619140625 59.13103818221831 213
stats: page 4 116.7574462890625 17.075720637429832 1116.513916015625 95.700927734375 116.88304632482394 213
stats: size_rcv 740 40145
stats: newphase 1 3
stats: size_sent 559 31523
stats: connected 0 0
stats: 301 4 217
# stats: dump at 1455140951
stats: users 0 4
stats: {load,"tsung_controller_96@Wonko-the-Sane"} 1 1.64453125 0.0 1.83203125 1.44140625 1.64453125 31
stats: {freemem,"tsung_controller_96@Wonko-the-Sane"} 1 31.83984375 0.0 39.578125 16.22265625 26.471144153225808 31
stats: {cpu,"tsung_controller_96@Wonko-the-Sane"} 1 0.0 0.0 0 0 0.0 31
stats: session 4 112.4000244140625 2.442895941385873 1119.177978515625 98.259765625 119.10034742223502 217
stats: users_count 4 221
stats: finish_users_count 4 221
stats: request 4 110.20050048828125 2.5422559015899258 1116.513916015625 95.700927734375 116.88073111679148 217
stats: connect 4 54.189697265625 1.0915554236863334 1054.98291015625 44.9619140625 59.19477021529378 217
stats: page 4 110.20050048828125 2.5422559015899258 1116.513916015625 95.700927734375 116.88073111679148 217
stats: size_rcv 740 40885
stats: newphase 0 3
stats: size_sent 559 32082
stats: connected 0 0
stats: 301 4 221
# stats: dump at 1455140961
stats: users 0 4
stats: {load,"tsung_controller_96@Wonko-the-Sane"} 1 1.46484375 0.0 1.83203125 1.44140625 1.64453125 32
stats: {freemem,"tsung_controller_96@Wonko-the-Sane"} 1 17.8828125 0.0 39.578125 16.22265625 26.638916015625 32
stats: {cpu,"tsung_controller_96@Wonko-the-Sane"} 1 0.0 0.0 0 0 0.0 32
stats: session 1 104.414794921875 0.0 1119.177978515625 98.259765625 118.97907460760747 221
stats: users_count 1 222
stats: finish_users_count 1 222
stats: request 1 102.551025390625 0.0 1116.513916015625 95.700927734375 116.75982196514423 221
stats: connect 1 51.610107421875 0.0 1054.98291015625 44.9619140625 59.10418065964367 221
stats: page 1 102.551025390625 0.0 1116.513916015625 95.700927734375 116.75982196514423 221
stats: size_rcv 185 41070
stats: newphase 0 3
stats: size_sent 133 32215
stats: connected 0 0
stats: 301 1 222
# stats: dump at 1455140971
stats: users 0 4
stats: {load,"tsung_controller_96@Wonko-the-Sane"} 1 1.625 0.0 1.83203125 1.44140625 1.6390861742424243 33
stats: {freemem,"tsung_controller_96@Wonko-the-Sane"} 1 28.21484375 0.0 39.578125 16.22265625 26.373579545454547 33
stats: {cpu,"tsung_controller_96@Wonko-the-Sane"} 1 0.0 0.0 0 0 0.0 33
stats: session 1 110.6240234375 0.0 1119.177978515625 98.259765625 118.91346974415822 222
stats: users_count 1 223
stats: finish_users_count 1 223
stats: request 1 108.31396484375 0.0 1116.513916015625 95.700927734375 116.69581837697072 222
stats: connect 1 52.89306640625 0.0 1054.98291015625 44.9619140625 59.070423572987046 222
stats: page 1 108.31396484375 0.0 1116.513916015625 95.700927734375 116.69581837697072 222
stats: size_rcv 185 41255
stats: newphase 0 3
stats: size_sent 168 32383
stats: connected 0 0
stats: 301 1 223
# stats: dump at 1455140981
stats: users 0 4
stats: {load,"tsung_controller_96@Wonko-the-Sane"} 1 1.68359375 0.0 1.83203125 1.44140625 1.638671875 34
stats: {freemem,"tsung_controller_96@Wonko-the-Sane"} 1 25.26953125 0.0 39.578125 16.22265625 26.427734375 34
stats: {cpu,"tsung_controller_96@Wonko-the-Sane"} 1 0.0 0.0 0 0 0.0 34
stats: session 2 111.0504150390625 6.1514892578125 1119.177978515625 98.259765625 118.87629733919563 223
stats: users_count 2 225
stats: finish_users_count 2 225
stats: request 2 109.179931640625 6.014892578125 1116.513916015625 95.700927734375 116.65823158982623 223
stats: connect 2 54.6500244140625 1.8560791015625 1054.98291015625 44.9619140625 59.04272241977298 223
stats: page 2 109.179931640625 6.014892578125 1116.513916015625 95.700927734375 116.65823158982623 223
stats: size_rcv 370 41625
stats: newphase 0 3
stats: size_sent 293 32676
stats: connected 0 0
stats: 301 2 225
# stats: dump at 1455140991
stats: users 0 4
stats: {load,"tsung_controller_96@Wonko-the-Sane"} 1 1.58203125 0.0 1.83203125 1.44140625 1.6399553571428571 35
stats: {freemem,"tsung_controller_96@Wonko-the-Sane"} 1 23.5234375 0.0 39.578125 16.22265625 26.394642857142856 35
stats: {cpu,"tsung_controller_96@Wonko-the-Sane"} 1 0.0 0.0 0 0 0.0 35
stats: session 1 141.570068359375 0.0 1119.177978515625 98.259765625 118.80673394097222 225
stats: users_count 1 226
stats: finish_users_count 1 226
stats: request 1 139.501953125 0.0 1116.513916015625 95.700927734375 116.5917578125 225
stats: connect 1 84.885986328125 0.0 1054.98291015625 44.9619140625 59.00367621527778 225
stats: page 1 139.501953125 0.0 1116.513916015625 95.700927734375 116.5917578125 225
stats: size_rcv 185 41810
stats: newphase 0 3
stats: size_sent 168 32844
stats: connected 0 0
stats: 301 1 226
# stats: dump at 1455141001
stats: users 0 4
stats: {load,"tsung_controller_96@Wonko-the-Sane"} 1 1.56640625 0.0 1.83203125 1.44140625 1.6383463541666667 36
stats: {freemem,"tsung_controller_96@Wonko-the-Sane"} 1 21.59765625 0.0 39.578125 16.22265625 26.31488715277778 36
stats: {cpu,"tsung_controller_96@Wonko-the-Sane"} 1 0.0 0.0 0 0 0.0 36
stats: session 1 106.580810546875 0.0 1119.177978515625 98.259765625 118.90745665963772 226
stats: users_count 1 227
stats: finish_users_count 1 227
stats: request 1 104.31103515625 0.0 1116.513916015625 95.700927734375 116.69313035813053 226
stats: connect 1 51.635986328125 0.0 1054.98291015625 44.9619140625 59.118199711352325 226
stats: page 1 104.31103515625 0.0 1116.513916015625 95.700927734375 116.69313035813053 226
stats: size_rcv 185 41995
stats: newphase 1 4
stats: size_sent 133 32977
stats: connected 0 0
stats: 301 1 227
# stats: dump at 1455141011
stats: users 0 4
stats: {load,"tsung_controller_96@Wonko-the-Sane"} 1 1.6328125 0.0 1.83203125 1.44140625 1.636402027027027 37
stats: {freemem,"tsung_controller_96@Wonko-the-Sane"} 1 25.3359375 0.0 39.578125 16.22265625 26.187394425675677 37
stats: {cpu,"tsung_controller_96@Wonko-the-Sane"} 1 0.0 0.0 0 0 0.0 37
stats: session 7 120.89697265625 35.00821284816396 1119.177978515625 98.2490234375 118.85315425385463 227
stats: users_count 7 234
stats: finish_users_count 7 234
stats: request 7 118.81047712053571 34.86324801030017 1116.513916015625 95.700927734375 116.63858368323238 227
stats: connect 7 63.008544921875 35.36339896455591 1054.98291015625 44.9619140625 59.085238418915196 227
stats: page 7 118.81047712053571 34.86324801030017 1116.513916015625 95.700927734375 116.63858368323238 227
stats: size_rcv 1295 43290
stats: newphase 0 4
stats: size_sent 926 33903
stats: connected 0 0
stats: 301 7 234
# stats: dump at 1455141021
stats: users 0 4
stats: {load,"tsung_controller_96@Wonko-the-Sane"} 1 1.984375 0.0 1.984375 1.44140625 1.6363075657894737 38
stats: {freemem,"tsung_controller_96@Wonko-the-Sane"} 1 21.37890625 0.0 39.578125 16.22265625 26.164987664473685 38
stats: {cpu,"tsung_controller_96@Wonko-the-Sane"} 1 0.0 0.0 0 0 0.0 38
stats: session 7 107.899169921875 3.7485165795461297 1119.177978515625 98.2490234375 118.91429412059294 234
stats: users_count 7 241
stats: finish_users_count 7 241
stats: request 7 105.623291015625 3.8050936960178134 1116.513916015625 95.700927734375 116.70355485443376 234
stats: connect 7 52.83339146205357 3.691217268824881 1054.98291015625 44.9619140625 59.20260228866186 234
stats: page 7 105.623291015625 3.8050936960178134 1116.513916015625 95.700927734375 116.70355485443376 234
stats: size_rcv 1295 44585
stats: newphase 0 4
stats: size_sent 1012 34915
stats: connected 0 0
stats: 301 7 241
# stats: dump at 1455141031
stats: users 1 4
stats: {load,"tsung_controller_96@Wonko-the-Sane"} 1 1.984375 0.0 1.984375 1.44140625 1.6452323717948718 39
stats: {freemem,"tsung_controller_96@Wonko-the-Sane"} 1 27.64453125 0.0 39.578125 16.22265625 26.042267628205128 39
stats: {cpu,"tsung_controller_96@Wonko-the-Sane"} 1 0.0 0.0 0 0 0.0 39
stats: session 9 108.05929904513889 2.6737247541971794 1119.177978515625 98.2490234375 118.5943527538252 241
stats: users_count 10 251
stats: finish_users_count 9 250
stats: request 8 106.2265625 2.6241875651472175 1116.513916015625 95.700927734375 116.3817214649248 241
stats: connect 8 52.7264404296875 1.8071546617150125 1054.98291015625 44.9619140625 59.017604463822614 241
stats: page 8 106.2265625 2.6241875651472175 1116.513916015625 95.700927734375 116.3817214649248 241
stats: size_rcv 1480 46065
stats: newphase 0 4
stats: size_sent 1161 36076
stats: connected 0 0
stats: 301 8 249
# stats: dump at 1455141041
stats: users 0 4
stats: {load,"tsung_controller_96@Wonko-the-Sane"} 1 1.83203125 0.0 1.984375 1.44140625 1.6537109375 40
stats: {freemem,"tsung_controller_96@Wonko-the-Sane"} 1 21.04296875 0.0 39.578125 16.22265625 26.08232421875 40
stats: {cpu,"tsung_controller_96@Wonko-the-Sane"} 1 0.0 0.0 0 0 0.0 40
stats: session 13 113.41207181490384 8.328681347964153 1119.177978515625 98.2490234375 118.2150908203125 250
stats: users_count 12 263
stats: finish_users_count 13 263
stats: request 14 110.78463309151786 8.347647996773631 1116.513916015625 95.700927734375 116.055451297377 249
stats: connect 14 53.63108607700893 7.3584964086964115 1054.98291015625 44.9619140625 58.81547871172189 249
stats: page 14 110.78463309151786 8.347647996773631 1116.513916015625 95.700927734375 116.055451297377 249
stats: size_rcv 2590 48655
stats: newphase 0 4
stats: size_sent 1865 37941
stats: connected 0 0
stats: 301 14 263
# stats: dump at 1455141051
stats: users 1 4
stats: {load,"tsung_controller_96@Wonko-the-Sane"} 1 1.9375 0.0 1.984375 1.44140625 1.658060213414634 41
stats: {freemem,"tsung_controller_96@Wonko-the-Sane"} 1 29.78125 0.0 39.578125 16.22265625 25.9594131097561 41
stats: {cpu,"tsung_controller_96@Wonko-the-Sane"} 1 0.0 0.0 0 0 0.0 41
stats: session 10 106.8683349609375 4.656008727011928 1119.177978515625 98.2490234375 117.97767923449382 263
stats: users_count 11 274
stats: finish_users_count 10 273
stats: request 10 104.6858154296875 4.80983144720824 1116.513916015625 95.700927734375 115.77487542330086 263
stats: connect 10 49.980029296875 2.2540855503001094 1054.98291015625 44.9619140625 58.53950343839116 263
stats: page 10 104.6858154296875 4.80983144720824 1116.513916015625 95.700927734375 115.77487542330086 263
stats: size_rcv 1850 50505
stats: newphase 0 4
stats: size_sent 1532 39473
stats: connected 0 0
stats: 301 10 273
# stats: dump at 1455141061
stats: users 0 4
stats: {load,"tsung_controller_96@Wonko-the-Sane"} 1 1.9453125 0.0 1.984375 1.44140625 1.6647135416666667 42
stats: {freemem,"tsung_controller_96@Wonko-the-Sane"} 1 23.64453125 0.0 39.578125 16.22265625 26.050409226190474 42
stats: {cpu,"tsung_controller_96@Wonko-the-Sane"} 1 0.0 0.0 0 0 0.0 42
stats: session 11 112.2517977627841 7.046426632526826 1119.177978515625 98.2490234375 117.57074354681777 273
stats: users_count 10 284
stats: finish_users_count 11 284
stats: request 11 110.22083629261364 6.853309719662334 1116.513916015625 95.700927734375 115.36868274954213 273
stats: connect 11 53.89186789772727 4.415962929014387 1054.98291015625 44.9619140625 58.22596958705357 273
stats: page 11 110.22083629261364 6.853309719662334 1116.513916015625 95.700927734375 115.36868274954213 273
stats: size_rcv 2035 52540
stats: newphase 0 4
stats: size_sent 1633 41106
stats: connected 0 0
stats: 301 11 284
# stats: dump at 1455141071
stats: users 0 4
stats: {load,"tsung_controller_96@Wonko-the-Sane"} 1 1.875 0.0 1.984375 1.44140625 1.6712390988372092 43
stats: {freemem,"tsung_controller_96@Wonko-the-Sane"} 1 27.921875 0.0 39.578125 16.22265625 25.994458575581394 43
stats: {cpu,"tsung_controller_96@Wonko-the-Sane"} 1 0.0 0.0 0 0 0.0 43
stats: session 11 113.9729891690341 4.812660525675446 1119.177978515625 98.2490234375 117.36472804109815 284
stats: users_count 11 295
stats: finish_users_count 11 295
stats: request 11 111.67697975852273 4.769255010832777 1116.513916015625 95.700927734375 115.16929433043573 284
stats: connect 11 53.89410955255682 2.6169106513604374 1054.98291015625 44.9619140625 58.05809945119938 284
stats: page 11 111.67697975852273 4.769255010832777 1116.513916015625 95.700927734375 115.16929433043573 284
stats: size_rcv 2035 54575
stats: newphase 0 4
stats: size_sent 1571 42677
stats: connected 0 0
stats: 301 11 295
# stats: dump at 1455141081
stats: users 0 4
stats: {load,"tsung_controller_96@Wonko-the-Sane"} 1 1.88671875 0.0 1.984375 1.44140625 1.6758700284090908 44
stats: {freemem,"tsung_controller_96@Wonko-the-Sane"} 1 22.51953125 0.0 39.578125 16.22265625 26.038263494318183 44
stats: {cpu,"tsung_controller_96@Wonko-the-Sane"} 1 0.0 0.0 0 0 0.0 44
stats: session 5 120.451611328125 18.244745725123217 1119.177978515625 98.2490234375 117.23825642213983 295
stats: users_count 5 300
stats: finish_users_count 5 300
stats: request 5 118.399365234375 18.26491050491003 1116.513916015625 95.700927734375 115.03907243114406 295
stats: connect 5 66.228076171875 20.349162383145536 1054.98291015625 44.9619140625 57.90283203125 295
stats: page 5 118.399365234375 18.26491050491003 1116.513916015625 95.700927734375 115.03907243114406 295
stats: size_rcv 925 55500
stats: newphase 0 4
stats: size_sent 676 43353
stats: connected 0 0
stats: 301 5 300
# stats: dump at 1455141091
stats: users 1 4
stats: {load,"tsung_controller_96@Wonko-the-Sane"} 1 1.828125 0.0 1.984375 1.44140625 1.6805555555555556 45
stats: {freemem,"tsung_controller_96@Wonko-the-Sane"} 1 23.68359375 0.0 39.578125 16.22265625 25.960069444444443 45
stats: {cpu,"tsung_controller_96@Wonko-the-Sane"} 1 0.0 0.0 0 0 0.0 45
stats: session 5 110.430322265625 5.857213901186938 1119.177978515625 98.2490234375 117.29181233723958 300
stats: users_count 6 306
stats: finish_users_count 5 305
stats: request 5 108.33876953125 5.695604290388239 1116.513916015625 95.700927734375 115.09507731119791 300
stats: connect 5 53.09814453125 2.203155327987245 1054.98291015625 44.9619140625 58.04158610026042 300
stats: page 5 108.33876953125 5.695604290388239 1116.513916015625 95.700927734375 115.09507731119791 300
stats: size_rcv 925 56425
stats: newphase 0 4
stats: size_sent 727 44080
stats: connected 0 0
stats: 301 5 305
# stats: dump at 1455141101
stats: users 0 4
stats: {load,"tsung_controller_96@Wonko-the-Sane"} 1 1.85546875 0.0 1.984375 1.44140625 1.6837635869565217 46
stats: {freemem,"tsung_controller_96@Wonko-the-Sane"} 1 30.39453125 0.0 39.578125 16.22265625 25.910580842391305 46
stats: {cpu,"tsung_controller_96@Wonko-the-Sane"} 1 0.0 0.0 0 0 0.0 46
stats: session 17 111.32722024356617 10.84010670022549 1119.177978515625 98.2490234375 117.17932889344263 305
stats: users_count 16 322
stats: finish_users_count 17 322
stats: request 17 109.2603400735294 10.797272638234318 1116.513916015625 95.700927734375 114.98431816726435 305
stats: connect 17 55.40057732077206 11.138460269065199 1054.98291015625 44.9619140625 57.96054607453893 305
stats: page 17 109.2603400735294 10.797272638234318 1116.513916015625 95.700927734375 114.98431816726435 305
stats: size_rcv 3145 59570
stats: newphase 0 4
stats: size_sent 2369 46449
stats: connected 0 0
stats: 301 17 322
# stats: dump at 1455141111
stats: users 0 4
stats: {load,"tsung_controller_96@Wonko-the-Sane"} 1 1.875 0.0 1.984375 1.44140625 1.6874168882978724 47
stats: {freemem,"tsung_controller_96@Wonko-the-Sane"} 1 33.53125 0.0 39.578125 16.22265625 26.00598404255319 47
stats: {cpu,"tsung_controller_96@Wonko-the-Sane"} 1 0.0 0.0 0 0 0.0 47
stats: session 5 112.5908203125 9.108929080419875 1119.177978515625 98.2490234375 116.87036663552989 322
stats: users_count 5 327
stats: finish_users_count 5 327
stats: request 5 110.5326171875 8.989936572870585 1116.513916015625 95.700927734375 114.68212056604231 322
stats: connect 5 53.18818359375 3.788596016080847 1054.98291015625 44.9619140625 57.825392444681675 322
stats: page 5 110.5326171875 8.989936572870585 1116.513916015625 95.700927734375 114.68212056604231 322
stats: size_rcv 925 60495
stats: newphase 0 4
stats: size_sent 805 47254
stats: connected 0 0
stats: 301 5 327
# stats: dump at 1455141121
stats: users 1 4
stats: {load,"tsung_controller_96@Wonko-the-Sane"} 1 1.81640625 0.0 1.984375 1.44140625 1.6913248697916667 48
stats: {freemem,"tsung_controller_96@Wonko-the-Sane"} 1 32.15625 0.0 39.578125 16.22265625 26.162760416666668 48
stats: {cpu,"tsung_controller_96@Wonko-the-Sane"} 1 0.0 0.0 0 0 0.0 48
stats: session 32 109.04295349121094 6.19280204350593 1119.177978515625 98.2490234375 116.80493014741016 327
stats: users_count 33 360
stats: finish_users_count 32 359
stats: request 29 107.2274969692888 6.384669090291985 1116.513916015625 95.700927734375 114.61867250215023 327
stats: connect 30 51.58859049479167 3.886493182633137 1054.98291015625 44.9619140625 57.75448711056957 327
stats: page 29 107.2274969692888 6.384669090291985 1116.513916015625 95.700927734375 114.61867250215023 327
stats: size_rcv 5365 65860
stats: newphase 1 5
stats: size_sent 4220 51474
stats: connected 1 1
stats: 301 29 356
# stats: dump at 1455141131
stats: users 0 4
stats: {load,"tsung_controller_96@Wonko-the-Sane"} 1 1.98828125 0.0 1.98828125 1.44140625 1.6938775510204083 49
stats: {freemem,"tsung_controller_96@Wonko-the-Sane"} 1 29.69921875 0.0 39.578125 16.22265625 26.285076530612244 49
stats: {cpu,"tsung_controller_96@Wonko-the-Sane"} 1 0.0 0.0 0 0 0.0 49
stats: session 68 109.01755299287684 6.4710686141842535 1119.177978515625 96.126953125 116.11305479086873 359
stats: users_count 67 427
stats: finish_users_count 68 427
stats: request 71 106.85879387654049 6.350741898076876 1116.513916015625 93.8310546875 114.01658236042837 356
stats: connect 70 52.06093052455357 4.50955918764986 1054.98291015625 44.9619140625 57.23634453781513 357
stats: page 71 106.85879387654049 6.350741898076876 1116.513916015625 93.8310546875 114.01658236042837 356
stats: size_rcv 13135 78995
stats: newphase 0 5
stats: size_sent 10528 62002
stats: connected -1 0
stats: 301 71 427
# stats: dump at 1455141141
stats: users 0 4
stats: {load,"tsung_controller_96@Wonko-the-Sane"} 1 1.91796875 0.0 1.98828125 1.44140625 1.699765625 50
stats: {freemem,"tsung_controller_96@Wonko-the-Sane"} 1 31.7421875 0.0 39.578125 16.22265625 26.353359375 50
stats: {cpu,"tsung_controller_96@Wonko-the-Sane"} 1 0.0 0.0 0 0 0.0 50
stats: session 0 0 0 1119.177978515625 96.126953125 114.98309197526346 427
stats: users_count 0 427
stats: finish_users_count 0 427
stats: request 0 0 0 1116.513916015625 93.8310546875 112.82641144156177 427
stats: connect 0 0 0 1054.98291015625 44.9619140625 56.38791601105094 427
stats: page 0 0 0 1116.513916015625 93.8310546875 112.82641144156177 427
stats: size_rcv 0 78995
stats: newphase 0 5
stats: size_sent 0 62002
stats: connected 0 0
stats: 301 0 427
# stats: dump at 1455141151
stats: users 0 4
stats: {load,"tsung_controller_96@Wonko-the-Sane"} 1 1.84765625 0.0 1.98828125 1.44140625 1.7040441176470589 51
stats: {freemem,"tsung_controller_96@Wonko-the-Sane"} 1 28.54296875 0.0 39.578125 16.22265625 26.45902267156863 51
stats: {cpu,"tsung_controller_96@Wonko-the-Sane"} 1 0.0 0.0 0 0 0.0 51
stats: session 0 0 0 1119.177978515625 96.126953125 114.98309197526346 427
stats: users_count 0 427
stats: finish_users_count 0 427
stats: request 0 0 0 1116.513916015625 93.8310546875 112.82641144156177 427
stats: connect 0 0 0 1054.98291015625 44.9619140625 56.38791601105094 427
stats: page 0 0 0 1116.513916015625 93.8310546875 112.82641144156177 427
stats: size_rcv 0 78995
stats: newphase 0 5
stats: size_sent 0 62002
stats: connected 0 0
stats: 301 0 427
# stats: dump at 1455141161
stats: users 0 4
stats: {load,"tsung_controller_96@Wonko-the-Sane"} 1 1.7109375 0.0 1.98828125 1.44140625 1.7068058894230769 52
stats: {freemem,"tsung_controller_96@Wonko-the-Sane"} 1 25.87890625 0.0 39.578125 16.22265625 26.499098557692307 52
stats: {cpu,"tsung_controller_96@Wonko-the-Sane"} 1 0.0 0.0 0 0 0.0 52
stats: session 0 0 0 1119.177978515625 96.126953125 114.98309197526346 427
stats: users_count 0 427
stats: finish_users_count 0 427
stats: request 0 0 0 1116.513916015625 93.8310546875 112.82641144156177 427
stats: connect 0 0 0 1054.98291015625 44.9619140625 56.38791601105094 427
stats: page 0 0 0 1116.513916015625 93.8310546875 112.82641144156177 427
stats: size_rcv 0 78995
stats: newphase 0 5
stats: size_sent 0 62002
stats: connected 0 0
stats: 301 0 427
# stats: dump at 1455141171
stats: users 0 4
stats: {load,"tsung_controller_96@Wonko-the-Sane"} 1 1.75390625 0.0 1.98828125 1.44140625 1.7068838443396226 53
stats: {freemem,"tsung_controller_96@Wonko-the-Sane"} 1 24.23046875 0.0 39.578125 16.22265625 26.487396816037737 53
stats: {cpu,"tsung_controller_96@Wonko-the-Sane"} 1 0.0 0.0 0 0 0.0 53
stats: session 0 0 0 1119.177978515625 96.126953125 114.98309197526346 427
stats: users_count 0 427
stats: finish_users_count 0 427
stats: request 0 0 0 1116.513916015625 93.8310546875 112.82641144156177 427
stats: connect 0 0 0 1054.98291015625 44.9619140625 56.38791601105094 427
stats: page 0 0 0 1116.513916015625 93.8310546875 112.82641144156177 427
stats: size_rcv 0 78995
stats: newphase 0 5
stats: size_sent 0 62002
stats: connected 0 0
stats: 301 0 427
# stats: dump at 1455141181
stats: users 0 4
stats: {load,"tsung_controller_96@Wonko-the-Sane"} 1 1.63671875 0.0 1.98828125 1.44140625 1.7077546296296295 54
stats: {freemem,"tsung_controller_96@Wonko-the-Sane"} 1 15.375 0.0 39.578125 15.375 26.44560185185185 54
stats: {cpu,"tsung_controller_96@Wonko-the-Sane"} 1 0.0 0.0 0 0 0.0 54
stats: session 0 0 0 1119.177978515625 96.126953125 114.98309197526346 427
stats: users_count 0 427
stats: finish_users_count 0 427
stats: request 0 0 0 1116.513916015625 93.8310546875 112.82641144156177 427
stats: connect 0 0 0 1054.98291015625 44.9619140625 56.38791601105094 427
stats: page 0 0 0 1116.513916015625 93.8310546875 112.82641144156177 427
stats: size_rcv 0 78995
stats: newphase 0 5
stats: size_sent 0 62002
stats: connected 0 0
stats: 301 0 427
# stats: dump at 1455141191
stats: users 0 4
stats: {load,"tsung_controller_96@Wonko-the-Sane"} 1 1.6953125 0.0 1.98828125 1.44140625 1.7064630681818183 55
stats: {freemem,"tsung_controller_96@Wonko-the-Sane"} 1 26.0078125 0.0 39.578125 15.375 26.244318181818183 55
stats: {cpu,"tsung_controller_96@Wonko-the-Sane"} 1 0.0 0.0 0 0 0.0 55
stats: session 0 0 0 1119.177978515625 96.126953125 114.98309197526346 427
stats: users_count 0 427
stats: finish_users_count 0 427
stats: request 0 0 0 1116.513916015625 93.8310546875 112.82641144156177 427
stats: connect 0 0 0 1054.98291015625 44.9619140625 56.38791601105094 427
stats: page 0 0 0 1116.513916015625 93.8310546875 112.82641144156177 427
stats: size_rcv 0 78995
stats: newphase 0 5
stats: size_sent 0 62002
stats: connected 0 0
stats: 301 0 427
# stats: dump at 1455141201
stats: users 0 4
stats: {load,"tsung_controller_96@Wonko-the-Sane"} 1 1.73828125 0.0 1.98828125 1.44140625 1.7062639508928572 56
stats: {freemem,"tsung_controller_96@Wonko-the-Sane"} 1 28.10546875 0.0 39.578125 15.375 26.240094866071427 56
stats: {cpu,"tsung_controller_96@Wonko-the-Sane"} 1 0.0 0.0 0 0 0.0 56
stats: session 0 0 0 1119.177978515625 96.126953125 114.98309197526346 427
stats: users_count 0 427
stats: finish_users_count 0 427
stats: request 0 0 0 1116.513916015625 93.8310546875 112.82641144156177 427
stats: connect 0 0 0 1054.98291015625 44.9619140625 56.38791601105094 427
stats: page 0 0 0 1116.513916015625 93.8310546875 112.82641144156177 427
stats: size_rcv 0 78995
stats: newphase 0 5
stats: size_sent 0 62002
stats: connected 0 0
stats: 301 0 427
# stats: dump at 1455141211
stats: users 0 4
stats: {load,"tsung_controller_96@Wonko-the-Sane"} 1 1.859375 0.0 1.98828125 1.44140625 1.706825657894737 57
stats: {freemem,"tsung_controller_96@Wonko-the-Sane"} 1 33.9375 0.0 39.578125 15.375 26.27282072368421 57
stats: {cpu,"tsung_controller_96@Wonko-the-Sane"} 1 0.0 0.0 0 0 0.0 57
stats: session 0 0 0 1119.177978515625 96.126953125 114.98309197526346 427
stats: users_count 0 427
stats: finish_users_count 0 427
stats: request 0 0 0 1116.513916015625 93.8310546875 112.82641144156177 427
stats: connect 0 0 0 1054.98291015625 44.9619140625 56.38791601105094 427
stats: page 0 0 0 1116.513916015625 93.8310546875 112.82641144156177 427
stats: size_rcv 0 78995
stats: newphase 0 5
stats: size_sent 0 62002
stats: connected 0 0
stats: 301 0 427
# stats: dump at 1455141221
stats: users 0 4
stats: {load,"tsung_controller_96@Wonko-the-Sane"} 1 1.87890625 0.0 1.98828125 1.44140625 1.7094558189655173 58
stats: {freemem,"tsung_controller_96@Wonko-the-Sane"} 1 44.76171875 0.0 44.76171875 15.375 26.40497036637931 58
stats: {cpu,"tsung_controller_96@Wonko-the-Sane"} 1 0.0 0.0 0 0 0.0 58
stats: session 0 0 0 1119.177978515625 96.126953125 114.98309197526346 427
stats: users_count 0 427
stats: finish_users_count 0 427
stats: request 0 0 0 1116.513916015625 93.8310546875 112.82641144156177 427
stats: connect 0 0 0 1054.98291015625 44.9619140625 56.38791601105094 427
stats: page 0 0 0 1116.513916015625 93.8310546875 112.82641144156177 427
stats: size_rcv 0 78995
stats: newphase 0 5
stats: size_sent 0 62002
stats: connected 0 0
stats: 301 0 427
# stats: dump at 1455141231
stats: users 0 4
stats: {load,"tsung_controller_96@Wonko-the-Sane"} 1 1.82421875 0.0 1.98828125 1.44140625 1.7123278601694916 59
stats: {freemem,"tsung_controller_96@Wonko-the-Sane"} 1 44.55859375 0.0 44.76171875 15.375 26.716101694915253 59
stats: {cpu,"tsung_controller_96@Wonko-the-Sane"} 1 0.0 0.0 0 0 0.0 59
stats: session 0 0 0 1119.177978515625 96.126953125 114.98309197526346 427
stats: users_count 0 427
stats: finish_users_count 0 427
stats: request 0 0 0 1116.513916015625 93.8310546875 112.82641144156177 427
stats: connect 0 0 0 1054.98291015625 44.9619140625 56.38791601105094 427
stats: page 0 0 0 1116.513916015625 93.8310546875 112.82641144156177 427
stats: size_rcv 0 78995
stats: newphase 0 5
stats: size_sent 0 62002
stats: connected 0 0
stats: 301 0 427
# stats: dump at 1455141241
stats: users 0 4
stats: {load,"tsung_controller_96@Wonko-the-Sane"} 1 1.6953125 0.0 1.98828125 1.44140625 1.7141927083333333 60
stats: {freemem,"tsung_controller_96@Wonko-the-Sane"} 1 41.89453125 0.0 44.76171875 15.375 27.0134765625 60
stats: {cpu,"tsung_controller_96@Wonko-the-Sane"} 1 0.0 0.0 0 0 0.0 60
stats: session 2 121.549560546875 15.85546875 1119.177978515625 96.126953125 114.98309197526346 427
stats: users_count 2 429
stats: finish_users_count 2 429
stats: request 2 119.0859375 16.030029296875 1116.513916015625 93.8310546875 112.82641144156177 427
stats: connect 2 68.072021484375 16.47998046875 1054.98291015625 44.9619140625 56.38791601105094 427
stats: page 2 119.0859375 16.030029296875 1116.513916015625 93.8310546875 112.82641144156177 427
stats: size_rcv 370 79365
stats: newphase 1 6
stats: size_sent 301 62303
stats: connected 0 0
stats: 301 2 429
# stats: dump at 1455141251
stats: users 0 4
stats: {load,"tsung_controller_96@Wonko-the-Sane"} 1 1.7421875 0.0 1.98828125 1.44140625 1.7138831967213115 61
stats: {freemem,"tsung_controller_96@Wonko-the-Sane"} 1 37.953125 0.0 44.76171875 15.375 27.257428278688526 61
stats: {cpu,"tsung_controller_96@Wonko-the-Sane"} 1 0.0 0.0 0 0 0.0 61
stats: session 3 109.82511393229167 1.3846255890571215 1119.177978515625 96.126953125 115.01370488235723 429
stats: users_count 3 432
stats: finish_users_count 3 432
stats: request 3 107.5166015625 1.728765862521539 1116.513916015625 93.8310546875 112.85559338122815 429
stats: connect 3 54.017985026041664 1.9991734339769265 1054.98291015625 44.9619140625 56.44238736523893 429
stats: page 3 107.5166015625 1.728765862521539 1116.513916015625 93.8310546875 112.85559338122815 429
stats: size_rcv 555 79920
stats: newphase 0 6
stats: size_sent 469 62772
stats: connected 0 0
stats: 301 3 432
# stats: dump at 1455141261
stats: users 0 4
stats: {load,"tsung_controller_96@Wonko-the-Sane"} 1 1.859375 0.0 1.98828125 1.44140625 1.7143397177419355 62
stats: {freemem,"tsung_controller_96@Wonko-the-Sane"} 1 35.453125 0.0 44.76171875 15.375 27.429939516129032 62
stats: {cpu,"tsung_controller_96@Wonko-the-Sane"} 1 0.0 0.0 0 0 0.0 62
stats: session 5 107.201513671875 1.9141909971117748 1119.177978515625 96.126953125 114.97767300075955 432
stats: users_count 5 437
stats: finish_users_count 5 437
stats: request 5 104.9990234375 1.8669704742078876 1116.513916015625 93.8310546875 112.81851704915364 432
stats: connect 5 50.214208984375 3.023809679569173 1054.98291015625 44.9619140625 56.42555123788339 432
stats: page 5 104.9990234375 1.8669704742078876 1116.513916015625 93.8310546875 112.81851704915364 432
stats: size_rcv 925 80845
stats: newphase 0 6
stats: size_sent 719 63491
stats: connected 0 0
stats: 301 5 437
# stats: dump at 1455141271
stats: users 0 4
stats: {load,"tsung_controller_96@Wonko-the-Sane"} 1 1.88671875 0.0 1.98828125 1.44140625 1.7166418650793651 63
stats: {freemem,"tsung_controller_96@Wonko-the-Sane"} 1 36.3671875 0.0 44.76171875 15.375 27.557291666666668 63
stats: {cpu,"tsung_controller_96@Wonko-the-Sane"} 1 0.0 0.0 0 0 0.0 63
stats: session 5 110.125390625 3.553125030866503 1119.177978515625 96.126953125 114.88870092605835 437
stats: users_count 5 442
stats: finish_users_count 5 442
stats: request 5 107.827978515625 3.6330776277003487 1116.513916015625 93.8310546875 112.72904915886012 437
stats: connect 5 52.17158203125 4.7132682978425064 1054.98291015625 44.9619140625 56.35448324871282 437
stats: page 5 107.827978515625 3.6330776277003487 1116.513916015625 93.8310546875 112.72904915886012 437
stats: size_rcv 925 81770
stats: newphase 0 6
stats: size_sent 719 64210
stats: connected 0 0
stats: 301 5 442
# stats: dump at 1455141281
stats: users 0 4
stats: {load,"tsung_controller_96@Wonko-the-Sane"} 1 1.83203125 0.0 1.98828125 1.44140625 1.71929931640625 64
stats: {freemem,"tsung_controller_96@Wonko-the-Sane"} 1 33.6640625 0.0 44.76171875 15.375 27.6949462890625 64
stats: {cpu,"tsung_controller_96@Wonko-the-Sane"} 1 0.0 0.0 0 0 0.0 64
stats: session 0 0 0 1119.177978515625 96.126953125 114.83481732536765 442
stats: users_count 0 442
stats: finish_users_count 0 442
stats: request 0 0 0 1116.513916015625 93.8310546875 112.67360718325791 442
stats: connect 0 0 0 1054.98291015625 44.9619140625 56.307165361637445 442
stats: page 0 0 0 1116.513916015625 93.8310546875 112.67360718325791 442
stats: size_rcv 0 81770
stats: newphase 0 6
stats: size_sent 0 64210
stats: connected 0 0
stats: 301 0 442
# stats: dump at 1455141291
stats: users 0 4
stats: {load,"tsung_controller_96@Wonko-the-Sane"} 1 1.85546875 0.0 1.98828125 1.44140625 1.721033653846154 65
stats: {freemem,"tsung_controller_96@Wonko-the-Sane"} 1 29.66015625 0.0 44.76171875 15.375 27.786778846153847 65
stats: {cpu,"tsung_controller_96@Wonko-the-Sane"} 1 0.0 0.0 0 0 0.0 65
stats: session 0 0 0 1119.177978515625 96.126953125 114.83481732536765 442
stats: users_count 0 442
stats: finish_users_count 0 442
stats: request 0 0 0 1116.513916015625 93.8310546875 112.67360718325791 442
stats: connect 0 0 0 1054.98291015625 44.9619140625 56.307165361637445 442
stats: page 0 0 0 1116.513916015625 93.8310546875 112.67360718325791 442
stats: size_rcv 0 81770
stats: newphase 0 6
stats: size_sent 0 64210
stats: connected 0 0
stats: 301 0 442
# stats: dump at 1455141301
stats: users 0 4
stats: {load,"tsung_controller_96@Wonko-the-Sane"} 1 1.64453125 0.0 1.98828125 1.44140625 1.7230705492424243 66
stats: {freemem,"tsung_controller_96@Wonko-the-Sane"} 1 28.02734375 0.0 44.76171875 15.375 27.815163352272727 66
stats: {cpu,"tsung_controller_96@Wonko-the-Sane"} 1 0.0 0.0 0 0 0.0 66
stats: session 7 111.540283203125 4.978961447647743 1119.177978515625 96.126953125 114.83481732536765 442
stats: users_count 7 449
stats: finish_users_count 7 449
stats: request 7 109.47471400669643 4.9921970104792015 1116.513916015625 93.8310546875 112.67360718325791 442
stats: connect 7 52.55430385044643 3.533009708817982 1054.98291015625 44.9619140625 56.307165361637445 442
stats: page 7 109.47471400669643 4.9921970104792015 1116.513916015625 93.8310546875 112.67360718325791 442
stats: size_rcv 1295 83065
stats: newphase 1 7
stats: size_sent 1098 65308
stats: connected 0 0
stats: 301 7 449
# stats: dump at 1455141311
stats: users 0 4
stats: {load,"tsung_controller_96@Wonko-the-Sane"} 1 1.46875 0.0 1.98828125 1.44140625 1.7218983208955223 67
stats: {freemem,"tsung_controller_96@Wonko-the-Sane"} 1 32.1796875 0.0 44.76171875 15.375 27.818330223880597 67
stats: {cpu,"tsung_controller_96@Wonko-the-Sane"} 1 0.0 0.0 0 0 0.0 67
stats: session 14 109.49644252232143 7.160084833679428 1119.177978515625 96.126953125 114.78345487802756 449
stats: users_count 14 463
stats: finish_users_count 14 463
stats: request 14 107.45028250558036 7.144142806308861 1116.513916015625 93.8310546875 112.62373579743179 449
stats: connect 14 53.02113560267857 6.651578411152704 1054.98291015625 44.9619140625 56.24865749843402 449
stats: page 14 107.45028250558036 7.144142806308861 1116.513916015625 93.8310546875 112.62373579743179 449
stats: size_rcv 2590 85655
stats: newphase 0 7
stats: size_sent 2021 67329
stats: connected 0 0
stats: 301 14 463
# stats: dump at 1455141321
stats: users 0 4
stats: {load,"tsung_controller_96@Wonko-the-Sane"} 1 1.55078125 0.0 1.98828125 1.44140625 1.7181755514705883 68
stats: {freemem,"tsung_controller_96@Wonko-the-Sane"} 1 32.69140625 0.0 44.76171875 15.375 27.88246783088235 68
stats: {cpu,"tsung_controller_96@Wonko-the-Sane"} 1 0.0 0.0 0 0 0.0 68
stats: session 10 112.3601318359375 5.849272882734068 1119.177978515625 96.126953125 114.62358841370815 463
stats: users_count 10 473
stats: finish_users_count 10 473
stats: request 9 111.38894314236111 5.190311621624601 1116.513916015625 93.8310546875 112.46730308450324 463
stats: connect 9 53.27197265625 2.2561996548273155 1054.98291015625 44.9619140625 56.15106504370275 463
stats: page 9 111.38894314236111 5.190311621624601 1116.513916015625 93.8310546875 112.46730308450324 463
stats: size_rcv 1665 87320
stats: newphase 0 7
stats: size_sent 1227 68556
stats: connected 0 0
stats: 301 9 472
# stats: dump at 1455141331
stats: users 0 4
stats: {load,"tsung_controller_96@Wonko-the-Sane"} 1 1.62109375 0.0 1.98828125 1.44140625 1.7157495471014492 69
stats: {freemem,"tsung_controller_96@Wonko-the-Sane"} 1 27.1328125 0.0 44.76171875 15.375 27.95216259057971 69
stats: {cpu,"tsung_controller_96@Wonko-the-Sane"} 1 0.0 0.0 0 0 0.0 69
stats: session 13 110.27991661658653 3.980026556457657 1119.177978515625 96.126953125 114.57573520910412 473
stats: users_count 13 486
stats: finish_users_count 13 486
stats: request 13 107.75167142427884 4.575115222857094 1116.513916015625 93.8310546875 112.44674113645392 472
stats: connect 14 52.61403111049107 4.40437497829635 1054.98291015625 44.9619140625 56.096167095636915 472
stats: page 13 107.75167142427884 4.575115222857094 1116.513916015625 93.8310546875 112.44674113645392 472
stats: size_rcv 2405 89725
stats: newphase 0 7
stats: size_sent 1946 70502
stats: connected 1 1
stats: 301 13 485
# stats: dump at 1455141341
stats: users 0 4
stats: {load,"tsung_controller_96@Wonko-the-Sane"} 1 1.60546875 0.0 1.98828125 1.44140625 1.7143973214285715 70
stats: {freemem,"tsung_controller_96@Wonko-the-Sane"} 1 26.9140625 0.0 44.76171875 15.375 27.940457589285714 70
stats: {cpu,"tsung_controller_96@Wonko-the-Sane"} 1 0.0 0.0 0 0 0.0 70
stats: session 10 108.513037109375 5.931671805904306 1119.177978515625 96.126953125 114.46082648132074 486
stats: users_count 10 496
stats: finish_users_count 10 496
stats: request 11 106.65946821732955 5.585176252638157 1116.513916015625 93.8310546875 112.3208939070554 485
stats: connect 10 51.84404296875 3.1299606790601646 1054.98291015625 44.9619140625 55.995858651620374 486
stats: page 11 106.65946821732955 5.585176252638157 1116.513916015625 93.8310546875 112.3208939070554 485
stats: size_rcv 2035 91760
stats: newphase 0 7
stats: size_sent 1516 72018
stats: connected -1 0
stats: 301 11 496
# stats: dump at 1455141351
stats: users 0 4
stats: {load,"tsung_controller_96@Wonko-the-Sane"} 1 1.75 0.0 1.98828125 1.44140625 1.712863116197183 71
stats: {freemem,"tsung_controller_96@Wonko-the-Sane"} 1 28.765625 0.0 44.76171875 15.375 27.926001320422536 71
stats: {cpu,"tsung_controller_96@Wonko-the-Sane"} 1 0.0 0.0 0 0 0.0 71
stats: session 12 114.92177327473958 8.118998359165033 1119.177978515625 96.126953125 114.34091137301537 496
stats: users_count 12 508
stats: finish_users_count 12 508
stats: request 12 113.01582845052083 8.061291673608293 1116.513916015625 93.8310546875 112.19533809538811 496
stats: connect 12 56.934956868489586 8.25478671175034 1054.98291015625 44.9619140625 55.91215269027218 496
stats: page 12 113.01582845052083 8.061291673608293 1116.513916015625 93.8310546875 112.19533809538811 496
stats: size_rcv 2220 93980
stats: newphase 0 7
stats: size_sent 1720 73738
stats: connected 0 0
stats: 301 12 508
# stats: dump at 1455141361
stats: users 0 4
stats: {load,"tsung_controller_96@Wonko-the-Sane"} 1 1.76953125 0.0 1.98828125 1.44140625 1.71337890625 72
stats: {freemem,"tsung_controller_96@Wonko-the-Sane"} 1 26.5 0.0 44.76171875 15.375 27.937662760416668 72
stats: {cpu,"tsung_controller_96@Wonko-the-Sane"} 1 0.0 0.0 0 0 0.0 72
stats: session 11 110.48197798295455 5.714714808618691 1119.177978515625 96.126953125 114.3546325203002 508
stats: users_count 11 519
stats: finish_users_count 11 519
stats: request 10 107.8694091796875 5.872405749062388 1116.513916015625 93.8310546875 112.21471975732037 508
stats: connect 10 53.3107177734375 4.177868588910172 1054.98291015625 44.9619140625 55.93631341889149 508
stats: page 10 107.8694091796875 5.872405749062388 1116.513916015625 93.8310546875 112.21471975732037 508
stats: size_rcv 1850 95830
stats: newphase 0 7
stats: size_sent 1551 75289
stats: connected 0 0
stats: 301 10 518
# stats: dump at 1455141371
stats: users 0 4
stats: {load,"tsung_controller_96@Wonko-the-Sane"} 1 1.796875 0.0 1.98828125 1.44140625 1.714148116438356 73
stats: {freemem,"tsung_controller_96@Wonko-the-Sane"} 1 48.69921875 0.0 48.69921875 15.375 27.91796875 73
stats: {cpu,"tsung_controller_96@Wonko-the-Sane"} 1 0.0 0.0 0 0 0.0 73
stats: session 9 107.57099066840277 4.1170933962669904 1119.177978515625 96.126953125 114.2725531370424 519
stats: users_count 9 528
stats: finish_users_count 9 528
stats: request 10 106.4327880859375 4.662456864893811 1116.513916015625 93.8310546875 112.13083345273287 518
stats: connect 10 51.1480224609375 2.5081361723374624 1054.98291015625 44.9619140625 55.88562624426882 518
stats: page 10 106.4327880859375 4.662456864893811 1116.513916015625 93.8310546875 112.13083345273287 518
stats: size_rcv 1850 97680
stats: newphase 0 7
stats: size_sent 1446 76735
stats: connected 0 0
stats: 301 10 528
# stats: dump at 1455141381
stats: users 0 4
stats: {load,"tsung_controller_96@Wonko-the-Sane"} 1 1.67578125 0.0 1.98828125 1.44140625 1.7152660472972974 74
stats: {freemem,"tsung_controller_96@Wonko-the-Sane"} 1 17.75 0.0 48.69921875 15.375 28.1987964527027 74
stats: {cpu,"tsung_controller_96@Wonko-the-Sane"} 1 0.0 0.0 0 0 0.0 74
stats: session 9 112.64599609375 13.02730883444791 1119.177978515625 96.126953125 114.15832195859967 528
stats: users_count 9 537
stats: finish_users_count 9 537
stats: request 9 110.66153971354167 13.084376319387331 1116.513916015625 93.8310546875 112.0229159268466 528
stats: connect 9 55.194091796875 11.860749720240271 1054.98291015625 44.9619140625 55.79589889988755 528
stats: page 9 110.66153971354167 13.084376319387331 1116.513916015625 93.8310546875 112.0229159268466 528
stats: size_rcv 1665 99345
stats: newphase 0 7
stats: size_sent 1321 78056
stats: connected 0 0
stats: 301 9 537
# stats: dump at 1455141391
stats: users 0 4
stats: {load,"tsung_controller_96@Wonko-the-Sane"} 1 1.6484375 0.0 1.98828125 1.44140625 1.7147395833333334 75
stats: {freemem,"tsung_controller_96@Wonko-the-Sane"} 1 36.60546875 0.0 48.69921875 15.375 28.059479166666666 75
stats: {cpu,"tsung_controller_96@Wonko-the-Sane"} 1 0.0 0.0 0 0 0.0 75
stats: session 5 119.91240234375 13.181853903026969 1119.177978515625 96.126953125 114.1329757150547 537
stats: users_count 5 542
stats: finish_users_count 5 542
stats: request 5 118.1650390625 13.133326199189941 1116.513916015625 93.8310546875 112.00009956572976 537
stats: connect 5 52.79599609375 1.5014833872076467 1054.98291015625 44.9619140625 55.78581274732309 537
stats: page 5 118.1650390625 13.133326199189941 1116.513916015625 93.8310546875 112.00009956572976 537
stats: size_rcv 925 100270
stats: newphase 0 7
stats: size_sent 762 78818
stats: connected 0 0
stats: 301 5 542
# stats: dump at 1455141401
stats: users 0 4
stats: {load,"tsung_controller_96@Wonko-the-Sane"} 1 1.85546875 0.0 1.98828125 1.44140625 1.7138671875 76
stats: {freemem,"tsung_controller_96@Wonko-the-Sane"} 1 26.08984375 0.0 48.69921875 15.375 28.171926398026315 76
stats: {cpu,"tsung_controller_96@Wonko-the-Sane"} 1 0.0 0.0 0 0 0.0 76
stats: session 0 0 0 1119.177978515625 96.126953125 114.18629145886186 542
stats: users_count 0 542
stats: finish_users_count 0 542
stats: request 0 0 0 1116.513916015625 93.8310546875 112.05697170130881 542
stats: connect 0 0 0 1054.98291015625 44.9619140625 55.758231412880534 542
stats: page 0 0 0 1116.513916015625 93.8310546875 112.05697170130881 542
stats: size_rcv 0 100270
stats: newphase 0 7
stats: size_sent 0 78818
stats: connected 0 0
stats: 301 0 542
# stats: dump at 1455141411
stats: users 0 4
stats: {load,"tsung_controller_96@Wonko-the-Sane"} 1 1.796875 0.0 1.98828125 1.44140625 1.7157061688311688 77
stats: {freemem,"tsung_controller_96@Wonko-the-Sane"} 1 23.8515625 0.0 48.69921875 15.375 28.144886363636363 77
stats: {cpu,"tsung_controller_96@Wonko-the-Sane"} 1 0.0 0.0 0 0 0.0 77
stats: session 0 0 0 1119.177978515625 96.126953125 114.18629145886186 542
stats: users_count 0 542
stats: finish_users_count 0 542
stats: request 0 0 0 1116.513916015625 93.8310546875 112.05697170130881 542
stats: connect 0 0 0 1054.98291015625 44.9619140625 55.758231412880534 542
stats: page 0 0 0 1116.513916015625 93.8310546875 112.05697170130881 542
stats: size_rcv 0 100270
stats: newphase 0 7
stats: size_sent 0 78818
stats: connected 0 0
stats: 301 0 542
# stats: dump at 1455141421
stats: users 1 4
stats: {load,"tsung_controller_96@Wonko-the-Sane"} 1 2.30859375 0.0 2.30859375 1.44140625 1.716746794871795 78
stats: {freemem,"tsung_controller_96@Wonko-the-Sane"} 1 20.76953125 0.0 48.69921875 15.375 28.08984375 78
stats: {cpu,"tsung_controller_96@Wonko-the-Sane"} 1 0.0 0.0 0 0 0.0 78
stats: session 36 108.11796061197917 4.135436957819601 1119.177978515625 96.126953125 114.18629145886186 542
stats: users_count 37 579
stats: finish_users_count 36 578
stats: request 30 106.4826904296875 3.9808098106778673 1116.513916015625 93.8310546875 112.05697170130881 542
stats: connect 31 51.081637474798384 2.2998858787323417 1054.98291015625 44.9619140625 55.758231412880534 542
stats: page 30 106.4826904296875 3.9808098106778673 1116.513916015625 93.8310546875 112.05697170130881 542
stats: size_rcv 5550 105820
stats: newphase 1 8
stats: size_sent 4584 83402
stats: connected 1 1
stats: 301 30 572
# stats: dump at 1455141431
stats: users 0 9
stats: {load,"tsung_controller_96@Wonko-the-Sane"} 1 2.1796875 0.0 2.30859375 1.44140625 1.7242385284810127 79
stats: {freemem,"tsung_controller_96@Wonko-the-Sane"} 1 17.1640625 0.0 48.69921875 15.375 27.997181566455698 79
stats: {cpu,"tsung_controller_96@Wonko-the-Sane"} 1 0.0 0.0 0 0 0.0 79
stats: session 64 145.44406890869138 104.73684850647697 1119.177978515625 96.126953125 113.80833313621864 578
stats: users_count 63 642
stats: finish_users_count 64 642
stats: request 70 139.91395786830358 100.78985753499734 1116.513916015625 93.8310546875 111.76461429195804 572
stats: connect 69 73.33361285665761 74.9705176841176 1054.98291015625 44.9619140625 55.50522196771379 573
stats: page 70 139.91395786830358 100.78985753499734 1116.513916015625 93.8310546875 111.76461429195804 572
stats: size_rcv 12950 118770
stats: newphase 0 8
stats: size_sent 10306 93708
stats: connected -1 0
stats: 301 70 642
# stats: dump at 1455141434
stats: users 0 9
stats: {load,"tsung_controller_96@Wonko-the-Sane"} 0 0 0 2.30859375 1.44140625 1.729931640625 80
stats: {freemem,"tsung_controller_96@Wonko-the-Sane"} 0 0 0 48.69921875 15.375 27.861767578125 80
stats: {cpu,"tsung_controller_96@Wonko-the-Sane"} 0 0 0 0 0 0.0 80
stats: session 0 0 0 1119.177978515625 96.126953125 116.9620513440664 642
stats: users_count 0 642
stats: finish_users_count 0 642
stats: request 0 0 0 1116.513916015625 93.8310546875 114.83385736102998 642
stats: connect 0 0 0 1054.98291015625 44.9619140625 57.42135743708626 642
stats: page 0 0 0 1116.513916015625 93.8310546875 114.83385736102998 642
stats: size_rcv 0 118770
stats: newphase 0 8
stats: size_sent 0 93708
stats: connected 0 0
stats: 301 0 642
EndMonitor:{1455,141434,33211}
