# stats: dump at 1454516406
stats: users 0 2
stats: {cpu,"tsung_controller_69@Wonko-the-Sane"} 1 0 0 0 0 0 0
stats: {load,"tsung_controller_69@Wonko-the-Sane"} 1 1.45703125 0 1.45703125 1.45703125 0 0
stats: {freemem,"tsung_controller_69@Wonko-the-Sane"} 1 25.34765625 0 25.34765625 25.34765625 0 0
stats: session 5 714.6427734375 514.3620852878225 1574.408935546875 236.044921875 0 0
stats: users_count 5 5
stats: finish_users_count 5 5
stats: request 5 709.03818359375 514.3510204184128 1565.868896484375 233.80908203125 0 0
stats: connect 5 413.48564453125 494.8722612489814 1395.697998046875 103.361083984375 0 0
stats: page 5 709.03818359375 514.3510204184128 1565.868896484375 233.80908203125 0 0
stats: 200 5 5
stats: size_rcv 40 40
stats: size_sent 720 720
stats: connected 0 0
# stats: dump at 1454516416
stats: users 0 2
stats: {cpu,"tsung_controller_69@Wonko-the-Sane"} 1 0.0 0.0 0 0 0.0 1
stats: {load,"tsung_controller_69@Wonko-the-Sane"} 1 1.38671875 0.0 1.45703125 1.38671875 1.45703125 1
stats: {freemem,"tsung_controller_69@Wonko-the-Sane"} 1 31.1640625 0.0 31.1640625 25.34765625 25.34765625 1
stats: session 1 221.007080078125 0.0 1574.408935546875 221.007080078125 714.6427734375 5
stats: users_count 1 6
stats: finish_users_count 1 6
stats: request 0 0 0 1565.868896484375 233.80908203125 709.03818359375 5
stats: connect 1 148.383056640625 0.0 1395.697998046875 103.361083984375 413.48564453125 5
stats: page 0 0 0 1565.868896484375 233.80908203125 709.03818359375 5
stats: 200 0 5
stats: size_rcv 0 40
stats: size_sent 144 864
stats: connected 1 1
# stats: dump at 1454516426
stats: users 0 2
stats: {cpu,"tsung_controller_69@Wonko-the-Sane"} 1 0.0 0.0 0 0 0.0 2
stats: {load,"tsung_controller_69@Wonko-the-Sane"} 1 1.56640625 0.0 1.56640625 1.38671875 1.421875 2
stats: {freemem,"tsung_controller_69@Wonko-the-Sane"} 1 25.56640625 0.0 31.1640625 25.34765625 28.255859375 2
stats: session 2 593.0799560546875 74.3250732421875 1574.408935546875 221.007080078125 632.3701578776041 6
stats: users_count 2 8
stats: finish_users_count 2 8
stats: request 3 466.8646647135417 185.93083318970025 1565.868896484375 218.27099609375 709.03818359375 5
stats: connect 2 263.2919921875 150.276123046875 1395.697998046875 103.361083984375 369.3018798828125 6
stats: page 3 466.8646647135417 185.93083318970025 1565.868896484375 218.27099609375 709.03818359375 5
stats: 200 3 8
stats: size_rcv 24 64
stats: size_sent 288 1152
stats: connected -1 0
# stats: dump at 1454516436
stats: users 0 2
stats: {cpu,"tsung_controller_69@Wonko-the-Sane"} 1 0.0 0.0 0 0 0.0 3
stats: {load,"tsung_controller_69@Wonko-the-Sane"} 1 1.55078125 0.0 1.56640625 1.38671875 1.4700520833333333 3
stats: {freemem,"tsung_controller_69@Wonko-the-Sane"} 1 65.6171875 0.0 65.6171875 25.34765625 27.359375 3
stats: session 1 476.241943359375 0.0 1574.408935546875 221.007080078125 622.547607421875 8
stats: users_count 1 9
stats: finish_users_count 1 9
stats: request 1 474.283935546875 0.0 1565.868896484375 218.27099609375 618.2231140136719 8
stats: connect 1 168.902099609375 0.0 1395.697998046875 103.361083984375 342.7994079589844 8
stats: page 1 474.283935546875 0.0 1565.868896484375 218.27099609375 618.2231140136719 8
stats: 200 1 9
stats: size_rcv 8 72
stats: size_sent 144 1296
stats: connected 0 0
# stats: dump at 1454516446
stats: users 1 2
stats: {cpu,"tsung_controller_69@Wonko-the-Sane"} 1 0.0 0.0 0 0 0.0 4
stats: {load,"tsung_controller_69@Wonko-the-Sane"} 1 1.46484375 0.0 1.56640625 1.38671875 1.490234375 4
stats: {freemem,"tsung_controller_69@Wonko-the-Sane"} 1 59.3359375 0.0 65.6171875 25.34765625 36.923828125 4
stats: session 3 363.794677734375 33.96618651853862 1574.408935546875 221.007080078125 606.2914225260416 9
stats: users_count 4 13
stats: finish_users_count 3 12
stats: request 3 361.7354329427083 33.98670789893749 1565.868896484375 218.27099609375 602.2298719618055 9
stats: connect 3 138.2900390625 46.4532297152252 1395.697998046875 95.10107421875 323.47748480902777 9
stats: page 3 361.7354329427083 33.98670789893749 1565.868896484375 218.27099609375 602.2298719618055 9
stats: 200 3 12
stats: size_rcv 24 96
stats: size_sent 440 1736
stats: connected 0 0
# stats: dump at 1454516456
stats: users 1 2
stats: {cpu,"tsung_controller_69@Wonko-the-Sane"} 1 0.0 0.0 0 0 0.0 5
stats: {load,"tsung_controller_69@Wonko-the-Sane"} 1 1.546875 0.0 1.56640625 1.38671875 1.48515625 5
stats: {freemem,"tsung_controller_69@Wonko-the-Sane"} 1 54.96875 0.0 65.6171875 25.34765625 41.40625 5
stats: session 2 1010.407958984375 248.028076171875 1574.408935546875 221.007080078125 545.667236328125 12
stats: users_count 2 15
stats: finish_users_count 2 14
stats: request 2 1008.29248046875 247.79443359375 1565.868896484375 218.27099609375 542.1062622070313 12
stats: connect 3 337.2797037760417 102.16729983476615 1395.697998046875 95.10107421875 277.1806233723958 12
stats: page 2 1008.29248046875 247.79443359375 1565.868896484375 218.27099609375 542.1062622070313 12
stats: 200 2 14
stats: size_rcv 16 112
stats: size_sent 440 2176
stats: connected 1 1
# stats: dump at 1454516466
stats: users 0 2
stats: {cpu,"tsung_controller_69@Wonko-the-Sane"} 1 0.0 0.0 0 0 0.0 6
stats: {load,"tsung_controller_69@Wonko-the-Sane"} 1 1.54296875 0.0 1.56640625 1.38671875 1.4954427083333333 6
stats: {freemem,"tsung_controller_69@Wonko-the-Sane"} 1 50.4375 0.0 65.6171875 25.34765625 43.666666666666664 6
stats: session 1 745.714111328125 0.0 1574.408935546875 221.007080078125 612.0587681361607 14
stats: users_count 0 15
stats: finish_users_count 1 15
stats: request 1 743.402099609375 0.0 1565.868896484375 218.27099609375 608.7042933872768 14
stats: connect 0 0 0 1395.697998046875 95.10107421875 289.200439453125 15
stats: page 1 743.402099609375 0.0 1565.868896484375 218.27099609375 608.7042933872768 14
stats: 200 1 15
stats: size_rcv 8 120
stats: newphase 1 1
stats: size_sent 0 2176
stats: connected -1 0
# stats: dump at 1454516476
stats: users 2 2
stats: {cpu,"tsung_controller_69@Wonko-the-Sane"} 1 0.0 0.0 0 0 0.0 7
stats: {load,"tsung_controller_69@Wonko-the-Sane"} 1 1.60546875 0.0 1.60546875 1.38671875 1.5022321428571428 7
stats: {freemem,"tsung_controller_69@Wonko-the-Sane"} 1 23.71484375 0.0 65.6171875 23.71484375 44.63392857142857 7
stats: session 2 675.8934326171875 425.4224853515625 1574.408935546875 221.007080078125 620.9691243489583 15
stats: users_count 4 19
stats: finish_users_count 2 17
stats: request 2 674.0289306640625 425.0740966796875 1565.868896484375 218.27099609375 617.6841471354167 15
stats: connect 2 175.5634765625 70.4423828125 1395.697998046875 95.10107421875 289.200439453125 15
stats: page 2 674.0289306640625 425.0740966796875 1565.868896484375 218.27099609375 617.6841471354167 15
stats: 200 2 17
stats: size_rcv 16 136
stats: newphase 0 1
stats: size_sent 288 2464
stats: connected 0 0
# stats: dump at 1454516486
stats: users 0 4
stats: {cpu,"tsung_controller_69@Wonko-the-Sane"} 1 0.0 0.0 0 0 0.0 8
stats: {load,"tsung_controller_69@Wonko-the-Sane"} 1 2.03515625 0.0 2.03515625 1.38671875 1.51513671875 8
stats: {freemem,"tsung_controller_69@Wonko-the-Sane"} 1 16.62109375 0.0 65.6171875 16.62109375 42.01904296875 8
stats: session 13 711.4095177283654 348.43318235079005 1574.408935546875 221.007080078125 627.4308076746323 17
stats: users_count 11 30
stats: finish_users_count 13 30
stats: request 13 709.2943960336538 348.2677736062248 1565.868896484375 218.27099609375 624.3129451976102 17
stats: connect 13 338.593017578125 243.78569072164115 1395.697998046875 95.10107421875 275.8313849954044 17
stats: page 13 709.2943960336538 348.2677736062248 1565.868896484375 218.27099609375 624.3129451976102 17
stats: 200 13 30
stats: size_rcv 104 240
stats: newphase 0 1
stats: size_sent 1904 4368
stats: connected 0 0
# stats: dump at 1454516496
stats: users 3 4
stats: {cpu,"tsung_controller_69@Wonko-the-Sane"} 1 0.0 0.0 0 0 0.0 9
stats: {load,"tsung_controller_69@Wonko-the-Sane"} 1 1.94921875 0.0 2.03515625 1.38671875 1.5729166666666667 9
stats: {freemem,"tsung_controller_69@Wonko-the-Sane"} 1 16.7890625 0.0 65.6171875 16.62109375 39.197048611111114 9
stats: session 12 962.7722574869791 553.7504838206005 2345.763916015625 221.007080078125 663.82158203125 30
stats: users_count 15 45
stats: finish_users_count 12 42
stats: request 12 960.7913004557291 553.8916491012394 2344.319091796875 218.27099609375 661.1382405598958 30
stats: connect 13 595.0089956430288 513.5180576993748 1925.583984375 95.10107421875 303.02809244791666 30
stats: page 12 960.7913004557291 553.8916491012394 2344.319091796875 218.27099609375 661.1382405598958 30
stats: 200 12 42
stats: size_rcv 96 336
stats: newphase 0 1
stats: size_sent 1904 6272
stats: connected 1 1
# stats: dump at 1454516506
stats: users 4 4
stats: {cpu,"tsung_controller_69@Wonko-the-Sane"} 1 0.0 0.0 0 0 0.0 10
stats: {load,"tsung_controller_69@Wonko-the-Sane"} 1 2.0234375 0.0 2.03515625 1.38671875 1.610546875 10
stats: {freemem,"tsung_controller_69@Wonko-the-Sane"} 1 19.96484375 0.0 65.6171875 16.62109375 36.95625 10
stats: session 9 2426.7468532986113 1501.323816841311 6131.880859375 221.007080078125 749.2360607328869 42
stats: users_count 10 55
stats: finish_users_count 9 51
stats: request 9 2424.6431749131943 1501.5082478436066 6130.140869140625 218.27099609375 746.753400530134 42
stats: connect 9 975.4044325086805 458.39170005166676 1925.583984375 95.10107421875 391.30138876271803 43
stats: page 9 2424.6431749131943 1501.5082478436066 6130.140869140625 218.27099609375 746.753400530134 42
stats: 200 9 51
stats: size_rcv 72 408
stats: newphase 0 1
stats: size_sent 1296 7568
stats: connected 0 1
# stats: dump at 1454516516
stats: users 1 5
stats: {cpu,"tsung_controller_69@Wonko-the-Sane"} 1 0.0 0.0 0 0 0.0 11
stats: {load,"tsung_controller_69@Wonko-the-Sane"} 1 1.859375 0.0 2.03515625 1.38671875 1.6480823863636365 11
stats: {freemem,"tsung_controller_69@Wonko-the-Sane"} 1 25.00390625 0.0 65.6171875 16.62109375 35.41157670454545 11
stats: session 15 1843.9578450520833 1754.0663673396614 7659.22900390625 221.007080078125 1045.2673770680146 51
stats: users_count 12 67
stats: finish_users_count 15 66
stats: request 15 1841.7194661458334 1754.0767198876677 7657.02392578125 218.27099609375 1042.8515960094976 51
stats: connect 15 721.07041015625 629.1284085983668 2138.909912109375 95.10107421875 492.39614633413464 52
stats: page 15 1841.7194661458334 1754.0767198876677 7657.02392578125 218.27099609375 1042.8515960094976 51
stats: 200 15 66
stats: size_rcv 120 528
stats: newphase 0 1
stats: size_sent 2184 9752
stats: connected 0 1
# stats: dump at 1454516526
stats: users 0 5
stats: {cpu,"tsung_controller_69@Wonko-the-Sane"} 1 0.0 0.0 0 0 0.0 12
stats: {load,"tsung_controller_69@Wonko-the-Sane"} 1 1.87890625 0.0 2.03515625 1.38671875 1.6656901041666667 12
stats: {freemem,"tsung_controller_69@Wonko-the-Sane"} 1 16.58203125 0.0 65.6171875 16.58203125 34.544270833333336 12
stats: session 9 1631.6065809461807 1226.930842083376 7659.22900390625 158.177001953125 1226.7879379734848 66
stats: users_count 8 75
stats: finish_users_count 9 75
stats: request 9 1629.4831000434028 1226.8630270402707 7657.02392578125 156.284912109375 1224.4124755859375 66
stats: connect 8 584.197021484375 393.9212637343863 2138.909912109375 72.89892578125 543.5918770405783 67
stats: page 9 1629.4831000434028 1226.8630270402707 7657.02392578125 156.284912109375 1224.4124755859375 66
stats: 200 9 75
stats: size_rcv 72 600
stats: newphase 0 1
stats: size_sent 1160 10912
stats: connected -1 0
# stats: dump at 1454516536
stats: users 6 6
stats: {cpu,"tsung_controller_69@Wonko-the-Sane"} 1 0.0 0.0 0 0 0.0 13
stats: {load,"tsung_controller_69@Wonko-the-Sane"} 1 1.82421875 0.0 2.03515625 1.38671875 1.6820913461538463 13
stats: {freemem,"tsung_controller_69@Wonko-the-Sane"} 1 25.875 0.0 65.6171875 16.58203125 33.16256009615385 13
stats: session 5 1391.343603515625 636.6272768190499 7659.22900390625 158.177001953125 1275.3661751302084 75
stats: users_count 11 86
stats: finish_users_count 5 80
stats: request 5 1389.32861328125 636.6046874313025 7657.02392578125 156.284912109375 1273.0209505208334 75
stats: connect 6 967.7188313802084 878.9070462938521 2785.717041015625 72.89892578125 547.9230924479167 75
stats: page 5 1389.32861328125 636.6046874313025 7657.02392578125 156.284912109375 1273.0209505208334 75
stats: 200 5 80
stats: size_rcv 40 640
stats: newphase 0 1
stats: size_sent 880 11792
stats: connected 1 1
# stats: dump at 1454516546
stats: users 17 18
stats: {cpu,"tsung_controller_69@Wonko-the-Sane"} 1 0.0 0.0 0 0 0.0 14
stats: {load,"tsung_controller_69@Wonko-the-Sane"} 1 1.8515625 0.0 2.03515625 1.38671875 1.6922433035714286 14
stats: {freemem,"tsung_controller_69@Wonko-the-Sane"} 1 16.390625 0.0 65.6171875 16.390625 32.642020089285715 14
stats: session 4 10723.398254394531 1779.100231178803 12922.256103515625 158.177001953125 1282.614764404297 80
stats: users_count 15 101
stats: finish_users_count 4 84
stats: request 3 9988.097819010416 1439.3149392652363 11103.442138671875 156.284912109375 1280.2901794433594 80
stats: connect 9 6344.844563802083 1693.1665411449517 8873.611083984375 72.89892578125 579.0190731095679 81
stats: page 3 9988.097819010416 1439.3149392652363 11103.442138671875 156.284912109375 1280.2901794433594 80
stats: 200 3 83
stats: size_rcv 24 664
stats: newphase 0 1
stats: size_sent 1312 13104
stats: connected 6 7
# stats: dump at 1454516556
stats: users 11 19
stats: {cpu,"tsung_controller_69@Wonko-the-Sane"} 1 0.0 0.0 0 0 0.0 15
stats: {load,"tsung_controller_69@Wonko-the-Sane"} 1 1.87109375 0.0 2.03515625 1.38671875 1.7028645833333333 15
stats: {freemem,"tsung_controller_69@Wonko-the-Sane"} 1 19.86328125 0.0 65.6171875 16.390625 31.55859375 15
stats: session 16 10990.942092895508 2067.817993616198 16201.80908203125 158.177001953125 1732.1758829752605 84
stats: users_count 10 111
stats: finish_users_count 16 100
stats: request 17 11102.43586282169 2056.867251839679 16199.403076171875 156.284912109375 1595.0302146084337 83
stats: connect 14 5451.883980887277 1679.3955235253313 8873.611083984375 72.89892578125 1155.6016221788195 90
stats: page 17 11102.43586282169 2056.867251839679 16199.403076171875 156.284912109375 1595.0302146084337 83
stats: 200 17 100
stats: size_rcv 136 800
stats: newphase 0 1
stats: size_sent 2040 15144
stats: connected -3 4
# stats: dump at 1454516566
stats: users 10 19
stats: {cpu,"tsung_controller_69@Wonko-the-Sane"} 1 0.0 0.0 0 0 0.0 16
stats: {load,"tsung_controller_69@Wonko-the-Sane"} 1 1.81640625 0.0 2.03515625 1.38671875 1.71337890625 16
stats: {freemem,"tsung_controller_69@Wonko-the-Sane"} 1 32.32421875 0.0 65.6171875 16.390625 30.82763671875 16
stats: session 5 14004.220068359375 2310.787854601201 17017.14794921875 158.177001953125 3213.5784765625 100
stats: users_count 4 115
stats: finish_users_count 5 105
stats: request 5 14002.176416015625 2310.90148967416 17015.514892578125 156.284912109375 3211.2891748046877 100
stats: connect 11 8798.007612748579 625.5555606523451 9434.8291015625 72.89892578125 1733.9473243126502 104
stats: page 5 14002.176416015625 2310.90148967416 17015.514892578125 156.284912109375 3211.2891748046877 100
stats: 200 5 105
stats: size_rcv 40 840
stats: newphase 0 1
stats: size_sent 1600 16744
stats: connected 6 10
# stats: dump at 1454516576
stats: users 0 19
stats: {cpu,"tsung_controller_69@Wonko-the-Sane"} 1 0.0 0.0 0 0 0.0 17
stats: {load,"tsung_controller_69@Wonko-the-Sane"} 1 2.0 0.0 2.03515625 1.38671875 1.7194393382352942 17
stats: {freemem,"tsung_controller_69@Wonko-the-Sane"} 1 25.9609375 0.0 65.6171875 16.390625 30.91567095588235 17
stats: session 10 12825.1359375 2083.3299359659236 17017.14794921875 158.177001953125 3727.418552362351 105
stats: users_count 0 115
stats: finish_users_count 10 115
stats: request 10 12823.215087890625 2083.3832186237382 17015.514892578125 156.284912109375 3725.1409481956844 105
stats: connect 0 0 0 9434.8291015625 72.89892578125 2409.640047554348 115
stats: page 10 12823.215087890625 2083.3832186237382 17015.514892578125 156.284912109375 3725.1409481956844 105
stats: 200 10 115
stats: size_rcv 80 920
stats: newphase 0 1
stats: size_sent 0 16744
stats: connected -10 0
# stats: dump at 1454516586
stats: users 26 26
stats: {cpu,"tsung_controller_69@Wonko-the-Sane"} 1 0.0 0.0 0 0 0.0 18
stats: {load,"tsung_controller_69@Wonko-the-Sane"} 1 1.91796875 0.0 2.03515625 1.38671875 1.7350260416666667 18
stats: {freemem,"tsung_controller_69@Wonko-the-Sane"} 1 19.94921875 0.0 65.6171875 16.390625 30.64040798611111 18
stats: session 32 2149.4913330078125 458.7674478089382 17017.14794921875 158.177001953125 4518.524411939538 115
stats: users_count 58 173
stats: finish_users_count 32 147
stats: request 32 2147.3706588745117 458.7675623614612 17015.514892578125 156.284912109375 4516.277829908288 115
stats: connect 43 1091.935302734375 441.3437972693812 9434.8291015625 72.89892578125 2409.640047554348 115
stats: page 32 2147.3706588745117 458.7675623614612 17015.514892578125 156.284912109375 4516.277829908288 115
stats: 200 32 147
stats: size_rcv 256 1176
stats: newphase 1 2
stats: size_sent 6256 23000
stats: connected 11 11
# stats: dump at 1454516595
stats: users 0 38
stats: {cpu,"tsung_controller_69@Wonko-the-Sane"} 1 0.0 0.0 0 0 0.0 19
stats: {load,"tsung_controller_69@Wonko-the-Sane"} 1 1.85546875 0.0 2.03515625 1.38671875 1.744654605263158 19
stats: {freemem,"tsung_controller_69@Wonko-the-Sane"} 1 22.171875 0.0 65.6171875 16.390625 30.077713815789473 19
stats: session 68 2983.9118760052847 631.0038105639924 17017.14794921875 158.177001953125 4002.8165308115435 147
stats: users_count 42 215
stats: finish_users_count 68 215
stats: request 68 2981.826067756204 631.0139335884991 17015.514892578125 156.284912109375 4000.597357302296 147
stats: page 68 2981.826067756204 631.0139335884991 17015.514892578125 156.284912109375 4000.597357302296 147
stats: connect 57 1493.4714184141997 483.3347238131942 9434.8291015625 72.89892578125 2051.0241992805577 158
stats: 200 68 215
stats: size_rcv 544 1720
stats: newphase 0 2
stats: size_sent 8312 31312
stats: connected -11 0
EndMonitor:{1454,516595,696019}
